2024-01-29T18:17:44.647481686Z container prune  (reclaimed=0)
2024-01-29T18:18:14.592903555Z image tag sha256:ca5fa1deae93591be22dafa0525dc72c8a62a15dfd86bbcc40bc9bfde967b94d (name=aws_beanstalk/staging-app)
2024-01-29T18:18:17.921210669Z container create eb858debfb6ad7fbba431ca7ad177a67c09ba67f597c5b07fa57d0bdc9de0e8e (image=ca5fa1deae93, name=nostalgic_keller)
2024-01-29T18:18:17.995070645Z network connect 5d7b00752d674e7941187cf9dc0c301234e8f07c1258f68c176ac0ec76afd831 (container=eb858debfb6ad7fbba431ca7ad177a67c09ba67f597c5b07fa57d0bdc9de0e8e, name=bridge, type=bridge)
2024-01-29T18:18:18.758719897Z container start eb858debfb6ad7fbba431ca7ad177a67c09ba67f597c5b07fa57d0bdc9de0e8e (image=ca5fa1deae93, name=nostalgic_keller)
2024-01-29T18:18:24.927493563Z image tag sha256:ca5fa1deae93591be22dafa0525dc72c8a62a15dfd86bbcc40bc9bfde967b94d (name=aws_beanstalk/current-app:latest)
2024-01-29T18:18:24.949952413Z image untag sha256:ca5fa1deae93591be22dafa0525dc72c8a62a15dfd86bbcc40bc9bfde967b94d (name=sha256:ca5fa1deae93591be22dafa0525dc72c8a62a15dfd86bbcc40bc9bfde967b94d)
2024-01-29T18:19:45.392096506Z container prune  (reclaimed=0)
2024-01-29T18:19:46.644106912Z image tag sha256:ca5fa1deae93591be22dafa0525dc72c8a62a15dfd86bbcc40bc9bfde967b94d (name=aws_beanstalk/staging-app)
2024-01-29T18:19:51.460272012Z container kill eb858debfb6ad7fbba431ca7ad177a67c09ba67f597c5b07fa57d0bdc9de0e8e (image=ca5fa1deae93, name=nostalgic_keller, signal=15)
2024-01-29T18:20:01.483132109Z container kill eb858debfb6ad7fbba431ca7ad177a67c09ba67f597c5b07fa57d0bdc9de0e8e (image=ca5fa1deae93, name=nostalgic_keller, signal=9)
2024-01-29T18:20:01.824826977Z network disconnect 5d7b00752d674e7941187cf9dc0c301234e8f07c1258f68c176ac0ec76afd831 (container=eb858debfb6ad7fbba431ca7ad177a67c09ba67f597c5b07fa57d0bdc9de0e8e, name=bridge, type=bridge)
2024-01-29T18:20:01.839192871Z container stop eb858debfb6ad7fbba431ca7ad177a67c09ba67f597c5b07fa57d0bdc9de0e8e (image=ca5fa1deae93, name=nostalgic_keller)
2024-01-29T18:20:01.849951679Z container die eb858debfb6ad7fbba431ca7ad177a67c09ba67f597c5b07fa57d0bdc9de0e8e (execDuration=102, exitCode=137, image=ca5fa1deae93, name=nostalgic_keller)
2024-01-29T18:20:03.622001705Z container destroy eb858debfb6ad7fbba431ca7ad177a67c09ba67f597c5b07fa57d0bdc9de0e8e (image=ca5fa1deae93, name=nostalgic_keller)
2024-01-29T18:20:03.622062622Z container prune  (reclaimed=1449337)
2024-01-29T18:20:03.703294406Z image untag sha256:ca5fa1deae93591be22dafa0525dc72c8a62a15dfd86bbcc40bc9bfde967b94d (name=sha256:ca5fa1deae93591be22dafa0525dc72c8a62a15dfd86bbcc40bc9bfde967b94d)
2024-01-29T18:20:03.766567331Z container create f94f9426cbb689afec0f5842981764b7f05bd467bdfbef4a5890d40d450ae5fa (image=ca5fa1deae93, name=thirsty_mendel)
2024-01-29T18:20:03.809176852Z network connect 5d7b00752d674e7941187cf9dc0c301234e8f07c1258f68c176ac0ec76afd831 (container=f94f9426cbb689afec0f5842981764b7f05bd467bdfbef4a5890d40d450ae5fa, name=bridge, type=bridge)
2024-01-29T18:20:04.236047147Z container start f94f9426cbb689afec0f5842981764b7f05bd467bdfbef4a5890d40d450ae5fa (image=ca5fa1deae93, name=thirsty_mendel)
2024-01-29T18:20:10.286154122Z image tag sha256:ca5fa1deae93591be22dafa0525dc72c8a62a15dfd86bbcc40bc9bfde967b94d (name=aws_beanstalk/current-app:latest)
2024-01-29T18:20:10.311866966Z image untag sha256:ca5fa1deae93591be22dafa0525dc72c8a62a15dfd86bbcc40bc9bfde967b94d (name=sha256:ca5fa1deae93591be22dafa0525dc72c8a62a15dfd86bbcc40bc9bfde967b94d)
2024-01-29T18:21:38.543540174Z container prune  (reclaimed=0)
2024-01-29T18:22:02.881935077Z image pull 471947097906.dkr.ecr.eu-west-1.amazonaws.com/hisab-backend/hisab-backend:0f54a29e1a1bda2f34f2d88168096a93f4c5e0cf (name=471947097906.dkr.ecr.eu-west-1.amazonaws.com/hisab-backend/hisab-backend)
2024-01-29T18:22:03.747410938Z image tag sha256:940deb31ba2b03be74f5f1f06af83da22dca2fdbfa5cd695269f335a909a1698 (name=aws_beanstalk/staging-app)
2024-01-29T18:22:09.439218799Z container kill f94f9426cbb689afec0f5842981764b7f05bd467bdfbef4a5890d40d450ae5fa (image=ca5fa1deae93, name=thirsty_mendel, signal=15)
2024-01-29T18:22:19.456099630Z container kill f94f9426cbb689afec0f5842981764b7f05bd467bdfbef4a5890d40d450ae5fa (image=ca5fa1deae93, name=thirsty_mendel, signal=9)
2024-01-29T18:22:19.746053810Z network disconnect 5d7b00752d674e7941187cf9dc0c301234e8f07c1258f68c176ac0ec76afd831 (container=f94f9426cbb689afec0f5842981764b7f05bd467bdfbef4a5890d40d450ae5fa, name=bridge, type=bridge)
2024-01-29T18:22:19.759064727Z container stop f94f9426cbb689afec0f5842981764b7f05bd467bdfbef4a5890d40d450ae5fa (image=ca5fa1deae93, name=thirsty_mendel)
2024-01-29T18:22:19.765145010Z container die f94f9426cbb689afec0f5842981764b7f05bd467bdfbef4a5890d40d450ae5fa (execDuration=135, exitCode=137, image=ca5fa1deae93, name=thirsty_mendel)
2024-01-29T18:22:21.208054368Z container destroy f94f9426cbb689afec0f5842981764b7f05bd467bdfbef4a5890d40d450ae5fa (image=ca5fa1deae93, name=thirsty_mendel)
2024-01-29T18:22:21.208121020Z container prune  (reclaimed=1449337)
2024-01-29T18:22:21.256087520Z image untag sha256:ca5fa1deae93591be22dafa0525dc72c8a62a15dfd86bbcc40bc9bfde967b94d (name=sha256:ca5fa1deae93591be22dafa0525dc72c8a62a15dfd86bbcc40bc9bfde967b94d)
2024-01-29T18:22:21.257215220Z image delete sha256:ca5fa1deae93591be22dafa0525dc72c8a62a15dfd86bbcc40bc9bfde967b94d (name=sha256:ca5fa1deae93591be22dafa0525dc72c8a62a15dfd86bbcc40bc9bfde967b94d)
2024-01-29T18:22:21.293342185Z container create 5c117c828ccfbdee493ff579ec209b431827dffd9dc7513adec1dc0ec02937f9 (image=940deb31ba2b, name=sweet_haibt)
2024-01-29T18:22:21.330659207Z network connect 5d7b00752d674e7941187cf9dc0c301234e8f07c1258f68c176ac0ec76afd831 (container=5c117c828ccfbdee493ff579ec209b431827dffd9dc7513adec1dc0ec02937f9, name=bridge, type=bridge)
2024-01-29T18:22:22.074561116Z network disconnect 5d7b00752d674e7941187cf9dc0c301234e8f07c1258f68c176ac0ec76afd831 (container=5c117c828ccfbdee493ff579ec209b431827dffd9dc7513adec1dc0ec02937f9, name=bridge, type=bridge)
