2024-01-27 13:31:44,923 [DEBUG] CloudFormation client initialized with endpoint https://cloudformation.eu-west-1.amazonaws.com
2024-01-27 13:31:44,924 [DEBUG] SQS client initialized with endpoint https://sqs.eu-west-1.amazonaws.com
2024-01-27 13:31:44,924 [DEBUG] CloudFormation client initialized with endpoint https://cloudformation.eu-west-1.amazonaws.com
2024-01-27 13:31:44,924 [DEBUG] Enabled single threading mode.
2024-01-27 13:31:44,924 [DEBUG] Creating /var/lib/cfn-hup/data
2024-01-27 13:31:44,938 [INFO] No umask value specified in config file. Using the default one: 0o22
2024-01-27 13:31:45,486 [INFO] Refreshing listener credentials
2024-01-27 13:31:45,670 [INFO] Scheduling next credential refresh in 1799.0 seconds
2024-01-27 13:32:12,333 [INFO] Received command ElasticBeanstalkCommand-AWSEBAutoScalingGroup (invocation id: 7bf527c0-e618-42e4-9303-c7ff8c500384)
2024-01-27 13:32:12,333 [INFO] Running action for aws-eb-command-handler
2024-01-27 13:32:50,563 [INFO] Action for aws-eb-command-handler succeeded, returning SUCCESS
2024-01-27 13:36:51,391 [INFO] command processing is alive.
2024-01-27 13:41:52,231 [INFO] command processing is alive.
2024-01-27 13:46:52,996 [INFO] command processing is alive.
2024-01-27 13:51:53,822 [INFO] command processing is alive.
2024-01-27 13:56:54,694 [INFO] command processing is alive.
2024-01-27 14:01:44,671 [INFO] Refreshing listener credentials
2024-01-27 14:01:44,795 [INFO] Scheduling next credential refresh in 1799.0 seconds
2024-01-27 14:01:55,454 [INFO] command processing is alive.
2024-01-27 14:06:56,331 [INFO] command processing is alive.
2024-01-27 14:11:57,088 [INFO] command processing is alive.
2024-01-27 14:16:57,924 [INFO] command processing is alive.
2024-01-27 14:21:58,698 [INFO] command processing is alive.
2024-01-27 14:26:59,529 [INFO] command processing is alive.
2024-01-27 14:31:43,795 [INFO] Refreshing listener credentials
2024-01-27 14:31:43,880 [INFO] Scheduling next credential refresh in 1799.0 seconds
2024-01-27 14:32:00,457 [INFO] command processing is alive.
2024-01-27 14:37:01,353 [INFO] command processing is alive.
2024-01-27 14:42:02,215 [INFO] command processing is alive.
2024-01-27 14:47:03,062 [INFO] command processing is alive.
2024-01-27 14:52:03,884 [INFO] command processing is alive.
2024-01-27 14:57:04,679 [INFO] command processing is alive.
2024-01-27 15:01:42,880 [INFO] Refreshing listener credentials
2024-01-27 15:01:42,981 [INFO] Scheduling next credential refresh in 1799.0 seconds
2024-01-27 15:02:05,501 [INFO] command processing is alive.
2024-01-27 15:07:06,330 [INFO] command processing is alive.
2024-01-27 15:12:07,139 [INFO] command processing is alive.
2024-01-27 15:17:07,940 [INFO] command processing is alive.
2024-01-27 15:22:08,774 [INFO] command processing is alive.
2024-01-27 15:27:09,638 [INFO] command processing is alive.
2024-01-27 15:31:41,981 [INFO] Refreshing listener credentials
2024-01-27 15:31:42,077 [INFO] Scheduling next credential refresh in 1799.0 seconds
2024-01-27 15:32:10,461 [INFO] command processing is alive.
2024-01-27 15:37:11,222 [INFO] command processing is alive.
2024-01-27 15:42:12,117 [INFO] command processing is alive.
2024-01-27 15:47:12,906 [INFO] command processing is alive.
2024-01-27 15:52:13,676 [INFO] command processing is alive.
2024-01-27 15:57:14,453 [INFO] command processing is alive.
2024-01-27 16:01:41,077 [INFO] Refreshing listener credentials
2024-01-27 16:01:41,169 [INFO] Scheduling next credential refresh in 1799.0 seconds
2024-01-27 16:02:15,267 [INFO] command processing is alive.
2024-01-27 16:07:16,152 [INFO] command processing is alive.
2024-01-27 16:12:16,944 [INFO] command processing is alive.
2024-01-27 16:17:17,773 [INFO] command processing is alive.
2024-01-27 16:22:18,568 [INFO] command processing is alive.
2024-01-27 16:27:19,368 [INFO] command processing is alive.
2024-01-27 16:31:40,170 [INFO] Refreshing listener credentials
2024-01-27 16:31:40,265 [INFO] Scheduling next credential refresh in 1799.0 seconds
2024-01-27 16:32:20,185 [INFO] command processing is alive.
2024-01-27 16:37:21,007 [INFO] command processing is alive.
2024-01-27 16:42:21,959 [INFO] command processing is alive.
2024-01-27 16:47:22,822 [INFO] command processing is alive.
2024-01-27 16:52:23,641 [INFO] command processing is alive.
2024-01-27 16:57:24,446 [INFO] command processing is alive.
2024-01-27 17:01:39,265 [INFO] Refreshing listener credentials
2024-01-27 17:01:39,353 [INFO] Scheduling next credential refresh in 1799.0 seconds
2024-01-27 17:02:25,288 [INFO] command processing is alive.
2024-01-27 17:07:26,126 [INFO] command processing is alive.
2024-01-27 17:12:26,945 [INFO] command processing is alive.
2024-01-27 17:17:27,710 [INFO] command processing is alive.
2024-01-27 17:22:28,498 [INFO] command processing is alive.
2024-01-27 17:27:29,273 [INFO] command processing is alive.
2024-01-27 17:31:38,354 [INFO] Refreshing listener credentials
2024-01-27 17:31:38,451 [INFO] Scheduling next credential refresh in 1799.0 seconds
2024-01-27 17:32:30,042 [INFO] command processing is alive.
2024-01-27 17:37:30,887 [INFO] command processing is alive.
2024-01-27 17:42:31,704 [INFO] command processing is alive.
2024-01-27 17:47:32,565 [INFO] command processing is alive.
2024-01-27 17:52:33,392 [INFO] command processing is alive.
2024-01-27 17:57:34,160 [INFO] command processing is alive.
2024-01-27 18:01:37,452 [INFO] Refreshing listener credentials
2024-01-27 18:01:37,553 [INFO] Scheduling next credential refresh in 1799.0 seconds
2024-01-27 18:02:34,983 [INFO] command processing is alive.
2024-01-27 18:07:35,770 [INFO] command processing is alive.
2024-01-27 18:12:36,634 [INFO] command processing is alive.
2024-01-27 18:17:37,524 [INFO] command processing is alive.
2024-01-27 18:22:38,282 [INFO] command processing is alive.
2024-01-27 18:27:39,067 [INFO] command processing is alive.
2024-01-27 18:31:36,556 [INFO] Refreshing listener credentials
2024-01-27 18:31:36,649 [INFO] Scheduling next credential refresh in 1799.0 seconds
2024-01-27 18:32:39,899 [INFO] command processing is alive.
2024-01-27 18:37:40,852 [INFO] command processing is alive.
2024-01-27 18:42:41,757 [INFO] command processing is alive.
2024-01-27 18:47:42,580 [INFO] command processing is alive.
2024-01-27 18:52:43,398 [INFO] command processing is alive.
2024-01-27 18:57:44,236 [INFO] command processing is alive.
2024-01-27 19:01:35,649 [INFO] Refreshing listener credentials
2024-01-27 19:01:35,748 [INFO] Scheduling next credential refresh in 1799.0 seconds
2024-01-27 19:02:45,165 [INFO] command processing is alive.
2024-01-27 19:07:45,985 [INFO] command processing is alive.
2024-01-27 19:12:46,808 [INFO] command processing is alive.
2024-01-27 19:17:47,675 [INFO] command processing is alive.
2024-01-27 19:22:48,487 [INFO] command processing is alive.
2024-01-27 19:27:49,386 [INFO] command processing is alive.
2024-01-27 19:31:34,748 [INFO] Refreshing listener credentials
2024-01-27 19:31:34,841 [INFO] Scheduling next credential refresh in 1799.0 seconds
2024-01-27 19:32:50,171 [INFO] command processing is alive.
2024-01-27 19:37:50,979 [INFO] command processing is alive.
2024-01-27 19:42:51,887 [INFO] command processing is alive.
2024-01-27 19:47:52,688 [INFO] command processing is alive.
2024-01-27 19:52:53,476 [INFO] command processing is alive.
2024-01-27 19:57:54,284 [INFO] command processing is alive.
2024-01-27 20:01:33,842 [INFO] Refreshing listener credentials
2024-01-27 20:01:33,940 [INFO] Scheduling next credential refresh in 1799.0 seconds
2024-01-27 20:02:55,082 [INFO] command processing is alive.
2024-01-27 20:07:55,905 [INFO] command processing is alive.
2024-01-27 20:12:56,702 [INFO] command processing is alive.
2024-01-27 20:17:57,558 [INFO] command processing is alive.
2024-01-27 20:22:58,408 [INFO] command processing is alive.
2024-01-27 20:27:59,184 [INFO] command processing is alive.
2024-01-27 20:31:32,940 [INFO] Refreshing listener credentials
2024-01-27 20:31:33,063 [INFO] Scheduling next credential refresh in 1799.0 seconds
2024-01-27 20:32:59,950 [INFO] command processing is alive.
2024-01-27 20:38:00,759 [INFO] command processing is alive.
2024-01-27 20:43:01,644 [INFO] command processing is alive.
2024-01-27 20:48:02,618 [INFO] command processing is alive.
2024-01-27 20:53:03,467 [INFO] command processing is alive.
2024-01-27 20:58:04,352 [INFO] command processing is alive.
2024-01-27 21:01:32,064 [INFO] Refreshing listener credentials
2024-01-27 21:01:32,176 [INFO] Scheduling next credential refresh in 1799.0 seconds
2024-01-27 21:03:05,187 [INFO] command processing is alive.
2024-01-27 21:08:06,009 [INFO] command processing is alive.
2024-01-27 21:13:06,849 [INFO] command processing is alive.
2024-01-27 21:18:07,746 [INFO] command processing is alive.
2024-01-27 21:23:08,524 [INFO] command processing is alive.
2024-01-27 21:28:09,321 [INFO] command processing is alive.
2024-01-27 21:31:31,176 [INFO] Refreshing listener credentials
2024-01-27 21:31:31,268 [INFO] Scheduling next credential refresh in 1799.0 seconds
2024-01-27 21:33:10,123 [INFO] command processing is alive.
2024-01-27 21:38:10,993 [INFO] command processing is alive.
2024-01-27 21:43:11,849 [INFO] command processing is alive.
2024-01-27 21:48:12,676 [INFO] command processing is alive.
2024-01-27 21:53:13,535 [INFO] command processing is alive.
2024-01-27 21:58:14,330 [INFO] command processing is alive.
2024-01-27 22:01:30,269 [INFO] Refreshing listener credentials
2024-01-27 22:01:30,354 [INFO] Scheduling next credential refresh in 1799.0 seconds
2024-01-27 22:03:15,223 [INFO] command processing is alive.
2024-01-27 22:08:16,080 [INFO] command processing is alive.
2024-01-27 22:13:16,854 [INFO] command processing is alive.
2024-01-27 22:18:17,646 [INFO] command processing is alive.
2024-01-27 22:23:18,497 [INFO] command processing is alive.
2024-01-27 22:28:19,276 [INFO] command processing is alive.
2024-01-27 22:31:29,355 [INFO] Refreshing listener credentials
2024-01-27 22:31:29,445 [INFO] Scheduling next credential refresh in 1799.0 seconds
2024-01-27 22:33:20,125 [INFO] command processing is alive.
2024-01-27 22:38:20,971 [INFO] command processing is alive.
2024-01-27 22:43:21,860 [INFO] command processing is alive.
2024-01-27 22:48:22,736 [INFO] command processing is alive.
2024-01-27 22:53:23,539 [INFO] command processing is alive.
2024-01-27 22:58:24,360 [INFO] command processing is alive.
2024-01-27 23:01:28,446 [INFO] Refreshing listener credentials
2024-01-27 23:01:28,565 [INFO] Scheduling next credential refresh in 1799.0 seconds
2024-01-27 23:03:25,242 [INFO] command processing is alive.
2024-01-27 23:08:26,075 [INFO] command processing is alive.
2024-01-27 23:13:26,938 [INFO] command processing is alive.
2024-01-27 23:18:27,781 [INFO] command processing is alive.
2024-01-27 23:23:28,568 [INFO] command processing is alive.
2024-01-27 23:28:29,376 [INFO] command processing is alive.
2024-01-27 23:31:27,565 [INFO] Refreshing listener credentials
2024-01-27 23:31:27,657 [INFO] Scheduling next credential refresh in 1799.0 seconds
2024-01-27 23:33:30,207 [INFO] command processing is alive.
2024-01-27 23:38:31,053 [INFO] command processing is alive.
2024-01-27 23:43:31,837 [INFO] command processing is alive.
2024-01-27 23:48:32,636 [INFO] command processing is alive.
2024-01-27 23:53:33,403 [INFO] command processing is alive.
2024-01-27 23:58:34,181 [INFO] command processing is alive.
2024-01-28 00:01:26,657 [INFO] Refreshing listener credentials
2024-01-28 00:01:26,758 [INFO] Scheduling next credential refresh in 1799.0 seconds
2024-01-28 00:03:35,062 [INFO] command processing is alive.
2024-01-28 00:08:35,881 [INFO] command processing is alive.
2024-01-28 00:13:36,683 [INFO] command processing is alive.
2024-01-28 00:18:37,503 [INFO] command processing is alive.
2024-01-28 00:23:38,284 [INFO] command processing is alive.
2024-01-28 00:28:39,092 [INFO] command processing is alive.
2024-01-28 00:31:25,759 [INFO] Refreshing listener credentials
2024-01-28 00:31:25,864 [INFO] Scheduling next credential refresh in 1799.0 seconds
2024-01-28 00:33:39,861 [INFO] command processing is alive.
2024-01-28 00:38:40,682 [INFO] command processing is alive.
2024-01-28 00:43:41,538 [INFO] command processing is alive.
2024-01-28 00:48:42,341 [INFO] command processing is alive.
2024-01-28 00:53:43,170 [INFO] command processing is alive.
2024-01-28 00:58:44,014 [INFO] command processing is alive.
2024-01-28 01:01:24,865 [INFO] Refreshing listener credentials
2024-01-28 01:01:24,966 [INFO] Scheduling next credential refresh in 1799.0 seconds
2024-01-28 01:03:44,902 [INFO] command processing is alive.
2024-01-28 01:08:45,757 [INFO] command processing is alive.
2024-01-28 01:13:46,543 [INFO] command processing is alive.
2024-01-28 01:18:47,334 [INFO] command processing is alive.
2024-01-28 01:23:48,134 [INFO] command processing is alive.
2024-01-28 01:28:48,867 [INFO] command processing is alive.
2024-01-28 01:31:23,966 [INFO] Refreshing listener credentials
2024-01-28 01:31:24,058 [INFO] Scheduling next credential refresh in 1799.0 seconds
2024-01-28 01:33:49,601 [INFO] command processing is alive.
2024-01-28 01:38:50,398 [INFO] command processing is alive.
2024-01-28 01:43:51,279 [INFO] command processing is alive.
2024-01-28 01:48:52,125 [INFO] command processing is alive.
2024-01-28 01:53:52,888 [INFO] command processing is alive.
2024-01-28 01:58:53,705 [INFO] command processing is alive.
2024-01-28 02:01:23,058 [INFO] Refreshing listener credentials
2024-01-28 02:01:23,145 [INFO] Scheduling next credential refresh in 1799.0 seconds
2024-01-28 02:03:54,503 [INFO] command processing is alive.
2024-01-28 02:08:55,326 [INFO] command processing is alive.
2024-01-28 02:13:56,143 [INFO] command processing is alive.
2024-01-28 02:18:56,890 [INFO] command processing is alive.
2024-01-28 02:23:57,721 [INFO] command processing is alive.
2024-01-28 02:28:58,512 [INFO] command processing is alive.
2024-01-28 02:31:22,145 [INFO] Refreshing listener credentials
2024-01-28 02:31:22,252 [INFO] Scheduling next credential refresh in 1799.0 seconds
2024-01-28 02:33:59,341 [INFO] command processing is alive.
2024-01-28 02:39:00,270 [INFO] command processing is alive.
2024-01-28 02:44:01,118 [INFO] command processing is alive.
2024-01-28 02:49:01,947 [INFO] command processing is alive.
2024-01-28 02:54:02,924 [INFO] command processing is alive.
2024-01-28 02:59:03,698 [INFO] command processing is alive.
2024-01-28 03:01:21,253 [INFO] Refreshing listener credentials
2024-01-28 03:01:21,345 [INFO] Scheduling next credential refresh in 1799.0 seconds
2024-01-28 03:04:04,470 [INFO] command processing is alive.
2024-01-28 03:09:05,324 [INFO] command processing is alive.
2024-01-28 03:14:06,098 [INFO] command processing is alive.
2024-01-28 03:19:06,916 [INFO] command processing is alive.
2024-01-28 03:24:07,760 [INFO] command processing is alive.
2024-01-28 03:29:08,521 [INFO] command processing is alive.
2024-01-28 03:31:20,345 [INFO] Refreshing listener credentials
2024-01-28 03:31:20,443 [INFO] Scheduling next credential refresh in 1799.0 seconds
2024-01-28 03:34:09,389 [INFO] command processing is alive.
2024-01-28 03:39:10,149 [INFO] command processing is alive.
2024-01-28 03:44:10,910 [INFO] command processing is alive.
2024-01-28 03:49:11,747 [INFO] command processing is alive.
2024-01-28 03:54:12,516 [INFO] command processing is alive.
2024-01-28 03:59:13,290 [INFO] command processing is alive.
2024-01-28 04:01:19,443 [INFO] Refreshing listener credentials
2024-01-28 04:01:19,559 [INFO] Scheduling next credential refresh in 1799.0 seconds
2024-01-28 04:04:14,134 [INFO] command processing is alive.
2024-01-28 04:09:14,985 [INFO] command processing is alive.
2024-01-28 04:14:15,861 [INFO] command processing is alive.
2024-01-28 04:19:16,687 [INFO] command processing is alive.
2024-01-28 04:24:17,505 [INFO] command processing is alive.
2024-01-28 04:29:18,374 [INFO] command processing is alive.
2024-01-28 04:31:18,559 [INFO] Refreshing listener credentials
2024-01-28 04:31:18,662 [INFO] Scheduling next credential refresh in 1799.0 seconds
2024-01-28 04:34:19,191 [INFO] command processing is alive.
2024-01-28 04:39:20,119 [INFO] command processing is alive.
2024-01-28 04:44:20,994 [INFO] command processing is alive.
2024-01-28 04:49:21,894 [INFO] command processing is alive.
2024-01-28 04:54:22,762 [INFO] command processing is alive.
2024-01-28 04:59:23,533 [INFO] command processing is alive.
2024-01-28 05:01:17,663 [INFO] Refreshing listener credentials
2024-01-28 05:01:17,791 [INFO] Scheduling next credential refresh in 1799.0 seconds
2024-01-28 05:04:24,350 [INFO] command processing is alive.
2024-01-28 05:09:25,200 [INFO] command processing is alive.
2024-01-28 05:14:26,061 [INFO] command processing is alive.
2024-01-28 05:19:26,851 [INFO] command processing is alive.
2024-01-28 05:24:27,667 [INFO] command processing is alive.
2024-01-28 05:29:28,510 [INFO] command processing is alive.
2024-01-28 05:31:16,791 [INFO] Refreshing listener credentials
2024-01-28 05:31:16,894 [INFO] Scheduling next credential refresh in 1799.0 seconds
2024-01-28 05:34:29,331 [INFO] command processing is alive.
2024-01-28 05:39:30,223 [INFO] command processing is alive.
2024-01-28 05:44:31,080 [INFO] command processing is alive.
2024-01-28 05:49:31,945 [INFO] command processing is alive.
2024-01-28 05:54:32,822 [INFO] command processing is alive.
2024-01-28 05:59:33,674 [INFO] command processing is alive.
2024-01-28 06:01:15,894 [INFO] Refreshing listener credentials
2024-01-28 06:01:16,005 [INFO] Scheduling next credential refresh in 1799.0 seconds
2024-01-28 06:04:34,472 [INFO] command processing is alive.
2024-01-28 06:09:35,297 [INFO] command processing is alive.
2024-01-28 06:14:36,124 [INFO] command processing is alive.
2024-01-28 06:19:36,926 [INFO] command processing is alive.
2024-01-28 06:24:37,785 [INFO] command processing is alive.
2024-01-28 06:29:38,573 [INFO] command processing is alive.
2024-01-28 06:31:15,005 [INFO] Refreshing listener credentials
2024-01-28 06:31:15,101 [INFO] Scheduling next credential refresh in 1799.0 seconds
2024-01-28 06:34:39,387 [INFO] command processing is alive.
2024-01-28 06:39:40,334 [INFO] command processing is alive.
2024-01-28 06:44:41,134 [INFO] command processing is alive.
2024-01-28 06:49:42,097 [INFO] command processing is alive.
2024-01-28 06:54:42,981 [INFO] command processing is alive.
2024-01-28 06:59:43,766 [INFO] command processing is alive.
2024-01-28 07:01:14,102 [INFO] Refreshing listener credentials
2024-01-28 07:01:14,233 [INFO] Scheduling next credential refresh in 1799.0 seconds
2024-01-28 07:04:44,668 [INFO] command processing is alive.
2024-01-28 07:09:45,504 [INFO] command processing is alive.
2024-01-28 07:14:46,331 [INFO] command processing is alive.
2024-01-28 07:19:47,175 [INFO] command processing is alive.
2024-01-28 07:24:48,038 [INFO] command processing is alive.
2024-01-28 07:29:48,834 [INFO] command processing is alive.
2024-01-28 07:31:13,233 [INFO] Refreshing listener credentials
2024-01-28 07:31:13,333 [INFO] Scheduling next credential refresh in 1799.0 seconds
2024-01-28 07:34:49,667 [INFO] command processing is alive.
2024-01-28 07:39:50,504 [INFO] command processing is alive.
2024-01-28 07:44:51,268 [INFO] command processing is alive.
2024-01-28 07:49:52,070 [INFO] command processing is alive.
2024-01-28 07:54:52,864 [INFO] command processing is alive.
2024-01-28 07:59:53,681 [INFO] command processing is alive.
2024-01-28 08:01:12,334 [INFO] Refreshing listener credentials
2024-01-28 08:01:12,425 [INFO] Scheduling next credential refresh in 1799.0 seconds
2024-01-28 08:04:54,490 [INFO] command processing is alive.
2024-01-28 08:09:55,315 [INFO] command processing is alive.
2024-01-28 08:14:56,132 [INFO] command processing is alive.
2024-01-28 08:19:56,990 [INFO] command processing is alive.
2024-01-28 08:24:57,788 [INFO] command processing is alive.
2024-01-28 08:29:58,581 [INFO] command processing is alive.
2024-01-28 08:31:11,425 [INFO] Refreshing listener credentials
2024-01-28 08:31:11,546 [INFO] Scheduling next credential refresh in 1799.0 seconds
2024-01-28 08:34:59,397 [INFO] command processing is alive.
2024-01-28 08:40:00,260 [INFO] command processing is alive.
2024-01-28 08:45:01,055 [INFO] command processing is alive.
2024-01-28 08:50:01,925 [INFO] command processing is alive.
2024-01-28 08:55:02,867 [INFO] command processing is alive.
2024-01-28 09:00:03,668 [INFO] command processing is alive.
2024-01-28 09:01:10,547 [INFO] Refreshing listener credentials
2024-01-28 09:01:10,649 [INFO] Scheduling next credential refresh in 1799.0 seconds
2024-01-28 09:05:04,506 [INFO] command processing is alive.
2024-01-28 09:10:05,296 [INFO] command processing is alive.
2024-01-28 09:15:06,114 [INFO] command processing is alive.
2024-01-28 09:20:06,896 [INFO] command processing is alive.
2024-01-28 09:25:07,741 [INFO] command processing is alive.
2024-01-28 09:30:08,539 [INFO] command processing is alive.
2024-01-28 09:31:09,650 [INFO] Refreshing listener credentials
2024-01-28 09:31:09,739 [INFO] Scheduling next credential refresh in 1799.0 seconds
2024-01-28 09:35:09,423 [INFO] command processing is alive.
2024-01-28 09:40:10,327 [INFO] command processing is alive.
2024-01-28 09:45:11,135 [INFO] command processing is alive.
2024-01-28 09:50:11,957 [INFO] command processing is alive.
2024-01-28 09:55:12,824 [INFO] command processing is alive.
2024-01-28 10:00:13,649 [INFO] command processing is alive.
2024-01-28 10:01:08,739 [INFO] Refreshing listener credentials
2024-01-28 10:01:08,844 [INFO] Scheduling next credential refresh in 1799.0 seconds
2024-01-28 10:05:14,488 [INFO] command processing is alive.
2024-01-28 10:10:15,287 [INFO] command processing is alive.
2024-01-28 10:15:16,123 [INFO] command processing is alive.
2024-01-28 10:20:16,881 [INFO] command processing is alive.
2024-01-28 10:25:17,836 [INFO] command processing is alive.
2024-01-28 10:30:18,644 [INFO] command processing is alive.
2024-01-28 10:31:07,844 [INFO] Refreshing listener credentials
2024-01-28 10:31:07,951 [INFO] Scheduling next credential refresh in 1799.0 seconds
2024-01-28 10:35:19,517 [INFO] command processing is alive.
2024-01-28 10:40:20,328 [INFO] command processing is alive.
2024-01-28 10:45:21,198 [INFO] command processing is alive.
2024-01-28 10:50:22,069 [INFO] command processing is alive.
2024-01-28 10:55:22,924 [INFO] command processing is alive.
2024-01-28 11:00:23,711 [INFO] command processing is alive.
2024-01-28 11:01:06,952 [INFO] Refreshing listener credentials
2024-01-28 11:01:07,092 [INFO] Scheduling next credential refresh in 1799.0 seconds
2024-01-28 11:05:24,466 [INFO] command processing is alive.
2024-01-28 11:10:25,263 [INFO] command processing is alive.
2024-01-28 11:15:26,109 [INFO] command processing is alive.
2024-01-28 11:20:26,885 [INFO] command processing is alive.
2024-01-28 11:25:27,730 [INFO] command processing is alive.
2024-01-28 11:30:28,543 [INFO] command processing is alive.
2024-01-28 11:31:06,094 [INFO] Refreshing listener credentials
2024-01-28 11:31:06,194 [INFO] Scheduling next credential refresh in 1799.0 seconds
2024-01-28 11:35:29,315 [INFO] command processing is alive.
2024-01-28 11:40:30,149 [INFO] command processing is alive.
2024-01-28 11:45:30,947 [INFO] command processing is alive.
2024-01-28 11:50:31,809 [INFO] command processing is alive.
2024-01-28 11:55:32,621 [INFO] command processing is alive.
2024-01-28 12:00:33,450 [INFO] command processing is alive.
2024-01-28 12:01:05,194 [INFO] Refreshing listener credentials
2024-01-28 12:01:05,303 [INFO] Scheduling next credential refresh in 1799.0 seconds
2024-01-28 12:05:34,305 [INFO] command processing is alive.
2024-01-28 12:10:35,129 [INFO] command processing is alive.
2024-01-28 12:15:35,958 [INFO] command processing is alive.
2024-01-28 12:20:36,745 [INFO] command processing is alive.
2024-01-28 12:25:37,554 [INFO] command processing is alive.
2024-01-28 12:30:38,458 [INFO] command processing is alive.
2024-01-28 12:31:04,304 [INFO] Refreshing listener credentials
2024-01-28 12:31:04,403 [INFO] Scheduling next credential refresh in 1799.0 seconds
2024-01-28 12:35:39,288 [INFO] command processing is alive.
2024-01-28 12:40:40,195 [INFO] command processing is alive.
2024-01-28 12:45:40,991 [INFO] command processing is alive.
2024-01-28 12:50:41,901 [INFO] command processing is alive.
2024-01-28 12:55:42,878 [INFO] command processing is alive.
2024-01-28 13:00:43,886 [INFO] command processing is alive.
2024-01-28 13:01:03,403 [INFO] Refreshing listener credentials
2024-01-28 13:01:03,533 [INFO] Scheduling next credential refresh in 1799.0 seconds
2024-01-28 13:05:44,743 [INFO] command processing is alive.
2024-01-28 13:10:45,628 [INFO] command processing is alive.
2024-01-28 13:15:46,455 [INFO] command processing is alive.
2024-01-28 13:20:47,245 [INFO] command processing is alive.
2024-01-28 13:25:48,053 [INFO] command processing is alive.
2024-01-28 13:30:48,880 [INFO] command processing is alive.
2024-01-28 13:31:02,536 [INFO] Refreshing listener credentials
2024-01-28 13:31:02,633 [INFO] Scheduling next credential refresh in 1799.0 seconds
2024-01-28 13:35:49,811 [INFO] command processing is alive.
2024-01-28 13:40:50,680 [INFO] command processing is alive.
2024-01-28 13:45:51,510 [INFO] command processing is alive.
2024-01-28 13:50:52,348 [INFO] command processing is alive.
2024-01-28 13:55:53,161 [INFO] command processing is alive.
2024-01-28 14:00:53,959 [INFO] command processing is alive.
2024-01-28 14:01:01,633 [INFO] Refreshing listener credentials
2024-01-28 14:01:01,835 [INFO] Scheduling next credential refresh in 1799.0 seconds
2024-01-28 14:05:54,747 [INFO] command processing is alive.
2024-01-28 14:10:55,577 [INFO] command processing is alive.
2024-01-28 14:15:56,380 [INFO] command processing is alive.
2024-01-28 14:20:57,223 [INFO] command processing is alive.
2024-01-28 14:25:58,024 [INFO] command processing is alive.
2024-01-28 14:30:58,922 [INFO] command processing is alive.
2024-01-28 14:31:00,836 [INFO] Refreshing listener credentials
2024-01-28 14:31:00,940 [INFO] Scheduling next credential refresh in 1799.0 seconds
2024-01-28 14:35:59,815 [INFO] command processing is alive.
2024-01-28 14:41:00,771 [INFO] command processing is alive.
2024-01-28 14:46:01,655 [INFO] command processing is alive.
2024-01-28 14:51:02,612 [INFO] command processing is alive.
2024-01-28 14:56:03,445 [INFO] command processing is alive.
2024-01-28 15:00:59,940 [INFO] Refreshing listener credentials
2024-01-28 15:01:00,036 [INFO] Scheduling next credential refresh in 1799.0 seconds
2024-01-28 15:01:04,239 [INFO] command processing is alive.
2024-01-28 15:06:05,043 [INFO] command processing is alive.
2024-01-28 15:11:05,918 [INFO] command processing is alive.
2024-01-28 15:16:06,751 [INFO] command processing is alive.
2024-01-28 15:21:07,621 [INFO] command processing is alive.
2024-01-28 15:26:08,455 [INFO] command processing is alive.
2024-01-28 15:30:59,036 [INFO] Refreshing listener credentials
2024-01-28 15:30:59,152 [INFO] Scheduling next credential refresh in 1799.0 seconds
2024-01-28 15:31:09,292 [INFO] command processing is alive.
2024-01-28 15:36:10,088 [INFO] command processing is alive.
2024-01-28 15:41:10,927 [INFO] command processing is alive.
2024-01-28 15:46:11,739 [INFO] command processing is alive.
2024-01-28 15:51:12,560 [INFO] command processing is alive.
2024-01-28 15:56:13,344 [INFO] command processing is alive.
2024-01-28 16:00:58,153 [INFO] Refreshing listener credentials
2024-01-28 16:00:58,244 [INFO] Scheduling next credential refresh in 1799.0 seconds
2024-01-28 16:01:14,175 [INFO] command processing is alive.
2024-01-28 16:06:15,028 [INFO] command processing is alive.
2024-01-28 16:11:15,831 [INFO] command processing is alive.
2024-01-28 16:16:16,585 [INFO] command processing is alive.
2024-01-28 16:21:17,427 [INFO] command processing is alive.
2024-01-28 16:26:18,278 [INFO] command processing is alive.
2024-01-28 16:30:57,245 [INFO] Refreshing listener credentials
2024-01-28 16:30:57,341 [INFO] Scheduling next credential refresh in 1799.0 seconds
2024-01-28 16:31:19,061 [INFO] command processing is alive.
2024-01-28 16:36:19,832 [INFO] command processing is alive.
2024-01-28 16:41:20,743 [INFO] command processing is alive.
2024-01-28 16:46:21,641 [INFO] command processing is alive.
2024-01-28 16:51:22,518 [INFO] command processing is alive.
2024-01-28 16:56:23,371 [INFO] command processing is alive.
2024-01-28 17:00:56,342 [INFO] Refreshing listener credentials
2024-01-28 17:00:56,435 [INFO] Scheduling next credential refresh in 1799.0 seconds
2024-01-28 17:01:24,221 [INFO] command processing is alive.
2024-01-28 17:06:25,037 [INFO] command processing is alive.
2024-01-28 17:11:25,894 [INFO] command processing is alive.
2024-01-28 17:16:26,665 [INFO] command processing is alive.
2024-01-28 17:21:27,513 [INFO] command processing is alive.
2024-01-28 17:26:28,279 [INFO] command processing is alive.
2024-01-28 17:30:55,435 [INFO] Refreshing listener credentials
2024-01-28 17:30:55,536 [INFO] Scheduling next credential refresh in 1799.0 seconds
2024-01-28 17:31:29,088 [INFO] command processing is alive.
2024-01-28 17:36:29,883 [INFO] command processing is alive.
2024-01-28 17:41:30,714 [INFO] command processing is alive.
2024-01-28 17:46:31,552 [INFO] command processing is alive.
2024-01-28 17:51:32,398 [INFO] command processing is alive.
2024-01-28 17:56:33,279 [INFO] command processing is alive.
2024-01-28 18:00:54,536 [INFO] Refreshing listener credentials
2024-01-28 18:00:54,628 [INFO] Scheduling next credential refresh in 1799.0 seconds
2024-01-28 18:01:34,148 [INFO] command processing is alive.
2024-01-28 18:06:35,004 [INFO] command processing is alive.
2024-01-28 18:11:35,838 [INFO] command processing is alive.
2024-01-28 18:16:36,639 [INFO] command processing is alive.
2024-01-28 18:21:37,505 [INFO] command processing is alive.
2024-01-28 18:26:38,309 [INFO] command processing is alive.
2024-01-28 18:30:53,628 [INFO] Refreshing listener credentials
2024-01-28 18:30:53,722 [INFO] Scheduling next credential refresh in 1799.0 seconds
2024-01-28 18:31:39,056 [INFO] command processing is alive.
2024-01-28 18:36:39,826 [INFO] command processing is alive.
2024-01-28 18:41:40,705 [INFO] command processing is alive.
2024-01-28 18:46:41,577 [INFO] command processing is alive.
2024-01-28 18:51:42,497 [INFO] command processing is alive.
2024-01-28 18:56:43,314 [INFO] command processing is alive.
2024-01-28 19:00:52,722 [INFO] Refreshing listener credentials
2024-01-28 19:00:52,817 [INFO] Scheduling next credential refresh in 1799.0 seconds
2024-01-28 19:01:44,175 [INFO] command processing is alive.
2024-01-28 19:06:45,009 [INFO] command processing is alive.
2024-01-28 19:11:45,845 [INFO] command processing is alive.
2024-01-28 19:16:46,608 [INFO] command processing is alive.
2024-01-28 19:21:47,441 [INFO] command processing is alive.
2024-01-28 19:26:48,223 [INFO] command processing is alive.
2024-01-28 19:30:51,817 [INFO] Refreshing listener credentials
2024-01-28 19:30:51,922 [INFO] Scheduling next credential refresh in 1799.0 seconds
2024-01-28 19:31:48,995 [INFO] command processing is alive.
2024-01-28 19:36:49,779 [INFO] command processing is alive.
2024-01-28 19:41:50,667 [INFO] command processing is alive.
2024-01-28 19:46:51,485 [INFO] command processing is alive.
2024-01-28 19:51:52,312 [INFO] command processing is alive.
2024-01-28 19:56:53,088 [INFO] command processing is alive.
2024-01-28 20:00:50,922 [INFO] Refreshing listener credentials
2024-01-28 20:00:51,036 [INFO] Scheduling next credential refresh in 1799.0 seconds
2024-01-28 20:01:53,861 [INFO] command processing is alive.
2024-01-28 20:06:54,681 [INFO] command processing is alive.
2024-01-28 20:11:55,479 [INFO] command processing is alive.
2024-01-28 20:16:56,277 [INFO] command processing is alive.
2024-01-28 20:21:57,036 [INFO] command processing is alive.
2024-01-28 20:26:57,835 [INFO] command processing is alive.
2024-01-28 20:30:50,037 [INFO] Refreshing listener credentials
2024-01-28 20:30:50,148 [INFO] Scheduling next credential refresh in 1799.0 seconds
2024-01-28 20:31:58,656 [INFO] command processing is alive.
2024-01-28 20:36:59,439 [INFO] command processing is alive.
2024-01-28 20:42:00,306 [INFO] command processing is alive.
2024-01-28 20:47:01,130 [INFO] command processing is alive.
2024-01-28 20:52:01,992 [INFO] command processing is alive.
2024-01-28 20:57:02,836 [INFO] command processing is alive.
2024-01-28 21:00:49,148 [INFO] Refreshing listener credentials
2024-01-28 21:00:49,239 [INFO] Scheduling next credential refresh in 1799.0 seconds
2024-01-28 21:02:03,688 [INFO] command processing is alive.
2024-01-28 21:07:04,569 [INFO] command processing is alive.
2024-01-28 21:12:05,425 [INFO] command processing is alive.
2024-01-28 21:17:06,260 [INFO] command processing is alive.
2024-01-28 21:22:07,138 [INFO] command processing is alive.
2024-01-28 21:27:08,038 [INFO] command processing is alive.
2024-01-28 21:30:48,239 [INFO] Refreshing listener credentials
2024-01-28 21:30:48,345 [INFO] Scheduling next credential refresh in 1799.0 seconds
2024-01-28 21:32:08,878 [INFO] command processing is alive.
2024-01-28 21:37:09,655 [INFO] command processing is alive.
2024-01-28 21:42:10,469 [INFO] command processing is alive.
2024-01-28 21:47:11,295 [INFO] command processing is alive.
2024-01-28 21:52:12,066 [INFO] command processing is alive.
2024-01-28 21:57:12,830 [INFO] command processing is alive.
2024-01-28 22:00:47,348 [INFO] Refreshing listener credentials
2024-01-28 22:00:47,441 [INFO] Scheduling next credential refresh in 1799.0 seconds
2024-01-28 22:02:13,640 [INFO] command processing is alive.
2024-01-28 22:07:14,388 [INFO] command processing is alive.
2024-01-28 22:12:15,174 [INFO] command processing is alive.
2024-01-28 22:17:15,947 [INFO] command processing is alive.
2024-01-28 22:22:16,764 [INFO] command processing is alive.
2024-01-28 22:27:17,608 [INFO] command processing is alive.
2024-01-28 22:30:46,441 [INFO] Refreshing listener credentials
2024-01-28 22:30:46,545 [INFO] Scheduling next credential refresh in 1799.0 seconds
2024-01-28 22:32:18,389 [INFO] command processing is alive.
2024-01-28 22:37:19,185 [INFO] command processing is alive.
2024-01-28 22:42:19,967 [INFO] command processing is alive.
2024-01-28 22:47:20,793 [INFO] command processing is alive.
2024-01-28 22:52:21,686 [INFO] command processing is alive.
2024-01-28 22:57:22,543 [INFO] command processing is alive.
2024-01-28 23:00:45,546 [INFO] Refreshing listener credentials
2024-01-28 23:00:45,634 [INFO] Scheduling next credential refresh in 1799.0 seconds
2024-01-28 23:02:23,524 [INFO] command processing is alive.
2024-01-28 23:07:24,363 [INFO] command processing is alive.
2024-01-28 23:12:25,178 [INFO] command processing is alive.
2024-01-28 23:17:25,998 [INFO] command processing is alive.
2024-01-28 23:22:26,835 [INFO] command processing is alive.
2024-01-28 23:27:27,612 [INFO] command processing is alive.
2024-01-28 23:30:44,635 [INFO] Refreshing listener credentials
2024-01-28 23:30:44,718 [INFO] Scheduling next credential refresh in 1799.0 seconds
2024-01-28 23:32:28,415 [INFO] command processing is alive.
2024-01-28 23:37:29,208 [INFO] command processing is alive.
2024-01-28 23:42:30,018 [INFO] command processing is alive.
2024-01-28 23:47:30,797 [INFO] command processing is alive.
2024-01-28 23:52:31,579 [INFO] command processing is alive.
2024-01-28 23:57:32,332 [INFO] command processing is alive.
2024-01-29 00:00:43,718 [INFO] Refreshing listener credentials
2024-01-29 00:00:43,819 [INFO] Scheduling next credential refresh in 1799.0 seconds
2024-01-29 00:02:33,078 [INFO] command processing is alive.
2024-01-29 00:07:33,897 [INFO] command processing is alive.
2024-01-29 00:12:34,712 [INFO] command processing is alive.
2024-01-29 00:17:35,503 [INFO] command processing is alive.
2024-01-29 00:22:36,299 [INFO] command processing is alive.
2024-01-29 00:27:37,115 [INFO] command processing is alive.
2024-01-29 00:30:42,820 [INFO] Refreshing listener credentials
2024-01-29 00:30:42,922 [INFO] Scheduling next credential refresh in 1799.0 seconds
2024-01-29 00:32:37,897 [INFO] command processing is alive.
2024-01-29 00:37:38,678 [INFO] command processing is alive.
2024-01-29 00:42:39,491 [INFO] command processing is alive.
2024-01-29 00:47:40,357 [INFO] command processing is alive.
2024-01-29 00:52:41,213 [INFO] command processing is alive.
2024-01-29 00:57:42,210 [INFO] command processing is alive.
2024-01-29 01:00:41,923 [INFO] Refreshing listener credentials
2024-01-29 01:00:42,025 [INFO] Scheduling next credential refresh in 1799.0 seconds
2024-01-29 01:02:43,146 [INFO] command processing is alive.
2024-01-29 01:07:43,977 [INFO] command processing is alive.
2024-01-29 01:12:44,787 [INFO] command processing is alive.
2024-01-29 01:17:45,602 [INFO] command processing is alive.
2024-01-29 01:22:46,427 [INFO] command processing is alive.
2024-01-29 01:27:47,311 [INFO] command processing is alive.
2024-01-29 01:30:41,025 [INFO] Refreshing listener credentials
2024-01-29 01:30:41,132 [INFO] Scheduling next credential refresh in 1799.0 seconds
2024-01-29 01:32:48,163 [INFO] command processing is alive.
2024-01-29 01:37:48,972 [INFO] command processing is alive.
2024-01-29 01:42:49,758 [INFO] command processing is alive.
2024-01-29 01:47:50,589 [INFO] command processing is alive.
2024-01-29 01:52:51,462 [INFO] command processing is alive.
2024-01-29 01:57:52,271 [INFO] command processing is alive.
2024-01-29 02:00:40,132 [INFO] Refreshing listener credentials
2024-01-29 02:00:40,219 [INFO] Scheduling next credential refresh in 1799.0 seconds
2024-01-29 02:02:53,120 [INFO] command processing is alive.
2024-01-29 02:07:53,948 [INFO] command processing is alive.
2024-01-29 02:12:54,719 [INFO] command processing is alive.
2024-01-29 02:17:55,530 [INFO] command processing is alive.
2024-01-29 02:22:56,302 [INFO] command processing is alive.
2024-01-29 02:27:57,103 [INFO] command processing is alive.
2024-01-29 02:30:39,219 [INFO] Refreshing listener credentials
2024-01-29 02:30:39,302 [INFO] Scheduling next credential refresh in 1799.0 seconds
2024-01-29 02:32:57,935 [INFO] command processing is alive.
2024-01-29 02:37:58,692 [INFO] command processing is alive.
2024-01-29 02:42:59,476 [INFO] command processing is alive.
2024-01-29 02:48:00,398 [INFO] command processing is alive.
2024-01-29 02:53:01,272 [INFO] command processing is alive.
2024-01-29 02:58:02,207 [INFO] command processing is alive.
2024-01-29 03:00:38,302 [INFO] Refreshing listener credentials
2024-01-29 03:00:38,393 [INFO] Scheduling next credential refresh in 1799.0 seconds
2024-01-29 03:03:03,064 [INFO] command processing is alive.
2024-01-29 03:08:03,858 [INFO] command processing is alive.
2024-01-29 03:13:04,693 [INFO] command processing is alive.
2024-01-29 03:18:05,537 [INFO] command processing is alive.
2024-01-29 03:23:06,390 [INFO] command processing is alive.
2024-01-29 03:28:07,191 [INFO] command processing is alive.
2024-01-29 03:30:37,393 [INFO] Refreshing listener credentials
2024-01-29 03:30:37,492 [INFO] Scheduling next credential refresh in 1799.0 seconds
2024-01-29 03:33:08,019 [INFO] command processing is alive.
2024-01-29 03:38:08,772 [INFO] command processing is alive.
2024-01-29 03:43:09,598 [INFO] command processing is alive.
2024-01-29 03:48:10,460 [INFO] command processing is alive.
2024-01-29 03:53:11,251 [INFO] command processing is alive.
2024-01-29 03:58:12,064 [INFO] command processing is alive.
2024-01-29 04:00:36,492 [INFO] Refreshing listener credentials
2024-01-29 04:00:36,585 [INFO] Scheduling next credential refresh in 1799.0 seconds
2024-01-29 04:03:12,888 [INFO] command processing is alive.
2024-01-29 04:08:13,702 [INFO] command processing is alive.
2024-01-29 04:13:14,480 [INFO] command processing is alive.
2024-01-29 04:18:15,269 [INFO] command processing is alive.
2024-01-29 04:23:16,052 [INFO] command processing is alive.
2024-01-29 04:28:16,818 [INFO] command processing is alive.
2024-01-29 04:30:35,585 [INFO] Refreshing listener credentials
2024-01-29 04:30:35,687 [INFO] Scheduling next credential refresh in 1799.0 seconds
2024-01-29 04:33:17,603 [INFO] command processing is alive.
2024-01-29 04:38:18,419 [INFO] command processing is alive.
2024-01-29 04:43:19,282 [INFO] command processing is alive.
2024-01-29 04:48:20,192 [INFO] command processing is alive.
2024-01-29 04:53:20,981 [INFO] command processing is alive.
2024-01-29 04:58:22,031 [INFO] command processing is alive.
2024-01-29 05:00:34,687 [INFO] Refreshing listener credentials
2024-01-29 05:00:34,797 [INFO] Scheduling next credential refresh in 1799.0 seconds
2024-01-29 05:03:22,936 [INFO] command processing is alive.
2024-01-29 05:08:23,754 [INFO] command processing is alive.
2024-01-29 05:13:24,566 [INFO] command processing is alive.
2024-01-29 05:18:25,333 [INFO] command processing is alive.
2024-01-29 05:23:26,194 [INFO] command processing is alive.
2024-01-29 05:28:26,974 [INFO] command processing is alive.
2024-01-29 05:30:33,798 [INFO] Refreshing listener credentials
2024-01-29 05:30:33,887 [INFO] Scheduling next credential refresh in 1799.0 seconds
2024-01-29 05:33:27,848 [INFO] command processing is alive.
2024-01-29 05:38:28,612 [INFO] command processing is alive.
2024-01-29 05:43:29,491 [INFO] command processing is alive.
2024-01-29 05:48:30,338 [INFO] command processing is alive.
2024-01-29 05:53:31,105 [INFO] command processing is alive.
2024-01-29 05:58:31,871 [INFO] command processing is alive.
2024-01-29 06:00:32,887 [INFO] Refreshing listener credentials
2024-01-29 06:00:32,988 [INFO] Scheduling next credential refresh in 1799.0 seconds
2024-01-29 06:03:32,659 [INFO] command processing is alive.
2024-01-29 06:08:33,454 [INFO] command processing is alive.
2024-01-29 06:13:34,235 [INFO] command processing is alive.
2024-01-29 06:18:35,000 [INFO] command processing is alive.
2024-01-29 06:23:35,826 [INFO] command processing is alive.
2024-01-29 06:28:36,611 [INFO] command processing is alive.
2024-01-29 06:30:31,989 [INFO] Refreshing listener credentials
2024-01-29 06:30:32,098 [INFO] Scheduling next credential refresh in 1799.0 seconds
2024-01-29 06:33:37,391 [INFO] command processing is alive.
2024-01-29 06:38:38,186 [INFO] command processing is alive.
2024-01-29 06:43:39,085 [INFO] command processing is alive.
2024-01-29 06:48:39,940 [INFO] command processing is alive.
2024-01-29 06:53:40,796 [INFO] command processing is alive.
2024-01-29 06:58:41,670 [INFO] command processing is alive.
2024-01-29 07:00:31,099 [INFO] Refreshing listener credentials
2024-01-29 07:00:31,192 [INFO] Scheduling next credential refresh in 1799.0 seconds
2024-01-29 07:03:42,527 [INFO] command processing is alive.
2024-01-29 07:08:43,377 [INFO] command processing is alive.
2024-01-29 07:13:44,189 [INFO] command processing is alive.
2024-01-29 07:18:45,032 [INFO] command processing is alive.
2024-01-29 07:23:45,865 [INFO] command processing is alive.
2024-01-29 07:28:46,746 [INFO] command processing is alive.
2024-01-29 07:30:30,192 [INFO] Refreshing listener credentials
2024-01-29 07:30:30,283 [INFO] Scheduling next credential refresh in 1799.0 seconds
2024-01-29 07:33:47,688 [INFO] command processing is alive.
2024-01-29 07:38:48,532 [INFO] command processing is alive.
2024-01-29 07:43:49,395 [INFO] command processing is alive.
2024-01-29 07:48:50,199 [INFO] command processing is alive.
2024-01-29 07:53:51,006 [INFO] command processing is alive.
2024-01-29 07:58:51,804 [INFO] command processing is alive.
2024-01-29 08:00:29,284 [INFO] Refreshing listener credentials
2024-01-29 08:00:29,383 [INFO] Scheduling next credential refresh in 1799.0 seconds
2024-01-29 08:03:52,597 [INFO] command processing is alive.
2024-01-29 08:08:53,393 [INFO] command processing is alive.
2024-01-29 08:13:54,202 [INFO] command processing is alive.
2024-01-29 08:18:55,014 [INFO] command processing is alive.
2024-01-29 08:23:55,848 [INFO] command processing is alive.
2024-01-29 08:28:56,615 [INFO] command processing is alive.
2024-01-29 08:30:28,384 [INFO] Refreshing listener credentials
2024-01-29 08:30:28,481 [INFO] Scheduling next credential refresh in 1799.0 seconds
2024-01-29 08:33:57,385 [INFO] command processing is alive.
2024-01-29 08:38:58,167 [INFO] command processing is alive.
2024-01-29 08:43:58,952 [INFO] command processing is alive.
2024-01-29 08:48:59,764 [INFO] command processing is alive.
2024-01-29 08:54:00,641 [INFO] command processing is alive.
2024-01-29 08:59:01,491 [INFO] command processing is alive.
2024-01-29 09:00:27,481 [INFO] Refreshing listener credentials
2024-01-29 09:00:27,591 [INFO] Scheduling next credential refresh in 1799.0 seconds
2024-01-29 09:04:02,407 [INFO] command processing is alive.
2024-01-29 09:09:03,285 [INFO] command processing is alive.
2024-01-29 09:14:04,119 [INFO] command processing is alive.
2024-01-29 09:19:04,958 [INFO] command processing is alive.
2024-01-29 09:24:05,835 [INFO] command processing is alive.
2024-01-29 09:29:06,590 [INFO] command processing is alive.
2024-01-29 09:30:26,591 [INFO] Refreshing listener credentials
2024-01-29 09:30:26,686 [INFO] Scheduling next credential refresh in 1799.0 seconds
2024-01-29 09:34:07,369 [INFO] command processing is alive.
2024-01-29 09:39:08,197 [INFO] command processing is alive.
2024-01-29 09:44:08,994 [INFO] command processing is alive.
2024-01-29 09:49:09,822 [INFO] command processing is alive.
2024-01-29 09:54:10,722 [INFO] command processing is alive.
2024-01-29 09:59:11,600 [INFO] command processing is alive.
2024-01-29 10:00:25,686 [INFO] Refreshing listener credentials
2024-01-29 10:00:25,788 [INFO] Scheduling next credential refresh in 1799.0 seconds
2024-01-29 10:04:12,357 [INFO] command processing is alive.
2024-01-29 10:09:13,112 [INFO] command processing is alive.
2024-01-29 10:14:13,908 [INFO] command processing is alive.
2024-01-29 10:19:14,745 [INFO] command processing is alive.
2024-01-29 10:24:15,584 [INFO] command processing is alive.
2024-01-29 10:29:16,432 [INFO] command processing is alive.
2024-01-29 10:30:24,789 [INFO] Refreshing listener credentials
2024-01-29 10:30:24,887 [INFO] Scheduling next credential refresh in 1799.0 seconds
2024-01-29 10:34:17,312 [INFO] command processing is alive.
2024-01-29 10:39:18,081 [INFO] command processing is alive.
2024-01-29 10:44:18,849 [INFO] command processing is alive.
2024-01-29 10:49:19,681 [INFO] command processing is alive.
2024-01-29 10:54:20,495 [INFO] command processing is alive.
2024-01-29 10:59:21,340 [INFO] command processing is alive.
2024-01-29 11:00:23,887 [INFO] Refreshing listener credentials
2024-01-29 11:00:23,977 [INFO] Scheduling next credential refresh in 1799.0 seconds
2024-01-29 11:04:22,364 [INFO] command processing is alive.
2024-01-29 11:09:23,217 [INFO] command processing is alive.
2024-01-29 11:14:24,007 [INFO] command processing is alive.
2024-01-29 11:19:24,830 [INFO] command processing is alive.
2024-01-29 11:24:25,681 [INFO] command processing is alive.
2024-01-29 11:29:26,446 [INFO] command processing is alive.
2024-01-29 11:30:22,978 [INFO] Refreshing listener credentials
2024-01-29 11:30:23,086 [INFO] Scheduling next credential refresh in 1799.0 seconds
2024-01-29 11:34:27,206 [INFO] command processing is alive.
2024-01-29 11:39:28,008 [INFO] command processing is alive.
2024-01-29 11:44:28,842 [INFO] command processing is alive.
2024-01-29 11:49:29,730 [INFO] command processing is alive.
2024-01-29 11:54:30,516 [INFO] command processing is alive.
2024-01-29 11:59:31,380 [INFO] command processing is alive.
2024-01-29 12:00:22,086 [INFO] Refreshing listener credentials
2024-01-29 12:00:22,203 [INFO] Scheduling next credential refresh in 1799.0 seconds
2024-01-29 12:04:32,157 [INFO] command processing is alive.
2024-01-29 12:09:32,997 [INFO] command processing is alive.
2024-01-29 12:14:33,776 [INFO] command processing is alive.
2024-01-29 12:19:34,577 [INFO] command processing is alive.
2024-01-29 12:24:35,396 [INFO] command processing is alive.
2024-01-29 12:29:36,209 [INFO] command processing is alive.
2024-01-29 12:30:21,204 [INFO] Refreshing listener credentials
2024-01-29 12:30:21,328 [INFO] Scheduling next credential refresh in 1799.0 seconds
2024-01-29 12:34:37,127 [INFO] command processing is alive.
2024-01-29 12:39:37,903 [INFO] command processing is alive.
2024-01-29 12:44:38,751 [INFO] command processing is alive.
2024-01-29 12:49:39,568 [INFO] command processing is alive.
2024-01-29 12:54:40,426 [INFO] command processing is alive.
2024-01-29 12:59:41,260 [INFO] command processing is alive.
2024-01-29 13:00:20,328 [INFO] Refreshing listener credentials
2024-01-29 13:00:20,445 [INFO] Scheduling next credential refresh in 1799.0 seconds
2024-01-29 13:04:42,216 [INFO] command processing is alive.
2024-01-29 13:09:43,090 [INFO] command processing is alive.
2024-01-29 13:14:43,906 [INFO] command processing is alive.
2024-01-29 13:19:44,725 [INFO] command processing is alive.
2024-01-29 13:24:45,861 [INFO] command processing is alive.
2024-01-29 13:29:46,678 [INFO] command processing is alive.
2024-01-29 13:30:19,446 [INFO] Refreshing listener credentials
2024-01-29 13:30:19,540 [INFO] Scheduling next credential refresh in 1799.0 seconds
2024-01-29 13:34:47,503 [INFO] command processing is alive.
2024-01-29 13:39:48,288 [INFO] command processing is alive.
2024-01-29 13:44:49,092 [INFO] command processing is alive.
2024-01-29 13:49:49,922 [INFO] command processing is alive.
2024-01-29 13:54:50,721 [INFO] command processing is alive.
2024-01-29 13:59:51,591 [INFO] command processing is alive.
2024-01-29 14:00:18,540 [INFO] Refreshing listener credentials
2024-01-29 14:00:18,646 [INFO] Scheduling next credential refresh in 1799.0 seconds
2024-01-29 14:04:52,450 [INFO] command processing is alive.
2024-01-29 14:09:53,273 [INFO] command processing is alive.
2024-01-29 14:14:54,088 [INFO] command processing is alive.
2024-01-29 14:19:54,879 [INFO] command processing is alive.
2024-01-29 14:24:55,686 [INFO] command processing is alive.
2024-01-29 14:29:56,480 [INFO] command processing is alive.
2024-01-29 14:30:17,646 [INFO] Refreshing listener credentials
2024-01-29 14:30:17,741 [INFO] Scheduling next credential refresh in 1799.0 seconds
2024-01-29 14:34:57,294 [INFO] command processing is alive.
2024-01-29 14:39:58,154 [INFO] command processing is alive.
2024-01-29 14:44:58,937 [INFO] command processing is alive.
2024-01-29 14:49:59,758 [INFO] command processing is alive.
2024-01-29 14:55:00,603 [INFO] command processing is alive.
2024-01-29 15:00:01,417 [INFO] command processing is alive.
2024-01-29 15:00:16,741 [INFO] Refreshing listener credentials
2024-01-29 15:00:16,837 [INFO] Scheduling next credential refresh in 1799.0 seconds
2024-01-29 15:05:02,388 [INFO] command processing is alive.
2024-01-29 15:10:03,317 [INFO] command processing is alive.
2024-01-29 15:15:04,111 [INFO] command processing is alive.
2024-01-29 15:20:04,895 [INFO] command processing is alive.
2024-01-29 15:25:05,739 [INFO] command processing is alive.
2024-01-29 15:30:06,531 [INFO] command processing is alive.
2024-01-29 15:30:15,838 [INFO] Refreshing listener credentials
2024-01-29 15:30:15,946 [INFO] Scheduling next credential refresh in 1799.0 seconds
2024-01-29 15:35:07,379 [INFO] command processing is alive.
2024-01-29 15:40:08,209 [INFO] command processing is alive.
2024-01-29 15:45:09,063 [INFO] command processing is alive.
2024-01-29 15:50:09,918 [INFO] command processing is alive.
2024-01-29 15:55:10,730 [INFO] command processing is alive.
2024-01-29 16:00:11,522 [INFO] command processing is alive.
2024-01-29 16:00:14,947 [INFO] Refreshing listener credentials
2024-01-29 16:00:15,038 [INFO] Scheduling next credential refresh in 1799.0 seconds
2024-01-29 16:05:12,373 [INFO] command processing is alive.
2024-01-29 16:10:13,134 [INFO] command processing is alive.
2024-01-29 16:15:13,893 [INFO] command processing is alive.
2024-01-29 16:20:14,665 [INFO] command processing is alive.
2024-01-29 16:25:15,513 [INFO] command processing is alive.
2024-01-29 16:30:14,038 [INFO] Refreshing listener credentials
2024-01-29 16:30:14,147 [INFO] Scheduling next credential refresh in 1799.0 seconds
2024-01-29 16:30:16,320 [INFO] command processing is alive.
2024-01-29 16:35:17,181 [INFO] command processing is alive.
2024-01-29 16:40:18,025 [INFO] command processing is alive.
2024-01-29 16:45:18,847 [INFO] command processing is alive.
2024-01-29 16:50:19,644 [INFO] command processing is alive.
2024-01-29 16:55:20,541 [INFO] command processing is alive.
2024-01-29 17:00:13,148 [INFO] Refreshing listener credentials
2024-01-29 17:00:13,242 [INFO] Scheduling next credential refresh in 1799.0 seconds
2024-01-29 17:00:21,435 [INFO] command processing is alive.
2024-01-29 17:05:22,344 [INFO] command processing is alive.
2024-01-29 17:10:23,308 [INFO] command processing is alive.
2024-01-29 17:15:24,085 [INFO] command processing is alive.
2024-01-29 17:20:24,852 [INFO] command processing is alive.
2024-01-29 17:20:52,698 [INFO] Received command ElasticBeanstalkCommand-AWSEBAutoScalingGroup (invocation id: d202d662-b283-4b71-8c0d-5c2010d1f79f)
2024-01-29 17:20:52,698 [INFO] Running action for aws-eb-command-handler
2024-01-29 17:20:56,939 [INFO] Action for aws-eb-command-handler succeeded, returning SUCCESS
2024-01-29 17:21:17,494 [INFO] Received command ElasticBeanstalkCommand-AWSEBAutoScalingGroup (invocation id: d15e00f3-5b8c-4b92-80e6-22efabb22097)
2024-01-29 17:21:17,494 [INFO] Running action for aws-eb-command-handler
2024-01-29 17:21:18,769 [INFO] Action for aws-eb-command-handler succeeded, returning SUCCESS
2024-01-29 17:25:39,564 [INFO] command processing is alive.
2024-01-29 17:30:12,242 [INFO] Refreshing listener credentials
2024-01-29 17:30:12,350 [INFO] Scheduling next credential refresh in 1799.0 seconds
2024-01-29 17:30:40,465 [INFO] command processing is alive.
2024-01-29 17:35:41,270 [INFO] command processing is alive.
2024-01-29 17:39:24,830 [INFO] Received command ElasticBeanstalkCommand-AWSEBAutoScalingGroup (invocation id: 7d6036e7-8823-42e8-897c-9b6eee7ebc3c)
2024-01-29 17:39:24,830 [INFO] Running action for aws-eb-command-handler
2024-01-29 17:39:28,230 [INFO] Action for aws-eb-command-handler succeeded, returning SUCCESS
2024-01-29 17:39:58,004 [INFO] Received command ElasticBeanstalkCommand-AWSEBAutoScalingGroup (invocation id: c00eca84-04bd-400f-86e5-a99e2d1ed4eb)
2024-01-29 17:39:58,004 [INFO] Running action for aws-eb-command-handler
