[2024-01-27T13:31:33Z] Started EB User Data
+ SLEEP_TIME=2
+ SLEEP_TIME_MAX=3600
+ true
+ curl https://elasticbeanstalk-platform-assets-eu-west-1.s3.eu-west-1.amazonaws.com/stalks/eb_docker_amazon_linux_2023_1.0.420.0_20240123011222/lib/UserDataScript.sh
  % Total    % Received % Xferd  Average Speed   Time    Time     Time  Current
                                 Dload  Upload   Total   Spent    Left  Speed
  0     0    0     0    0     0      0      0 --:--:-- --:--:-- --:--:--     0100  4627  100  4627    0     0  32941      0 --:--:-- --:--:-- --:--:-- 33287
+ RESULT=0
+ [[ 0 -ne 0 ]]
+ /bin/bash /tmp/ebbootstrap.sh 'https://cloudformation-waitcondition-eu-west-1.s3-eu-west-1.amazonaws.com/arn%3Aaws%3Acloudformation%3Aeu-west-1%3A471947097906%3Astack/awseb-e-8gmkc7rmw6-stack/490911e0-bd18-11ee-b0a0-02053dd7f0eb/AWSEBInstanceLaunchWaitHandle?X-Amz-Algorithm=AWS4-HMAC-SHA256&X-Amz-Date=20240127T133053Z&X-Amz-SignedHeaders=host&X-Amz-Expires=86399&X-Amz-Credential=AKIAU7SEXKRMX6OSFN7H%2F20240127%2Feu-west-1%2Fs3%2Faws4_request&X-Amz-Signature=100a687b4197355e0d376969134c72a77775db19c79eaf7c6247a54d4391c94f' arn:aws:cloudformation:eu-west-1:471947097906:stack/awseb-e-8gmkc7rmw6-stack/490911e0-bd18-11ee-b0a0-02053dd7f0eb b82b0fee-3928-494c-a671-45fcc62a417d https://elasticbeanstalk-health.eu-west-1.amazonaws.com '' https://elasticbeanstalk-platform-assets-eu-west-1.s3.eu-west-1.amazonaws.com/stalks/eb_docker_amazon_linux_2023_1.0.420.0_20240123011222 eu-west-1
[2024-01-27T13:31:33.797Z] Started EB Bootstrapping Script.
[2024-01-27T13:31:33.801Z] Received parameters:
 TARBALLS = 
 EB_GEMS = 
 SIGNAL_URL = https://cloudformation-waitcondition-eu-west-1.s3-eu-west-1.amazonaws.com/arn%3Aaws%3Acloudformation%3Aeu-west-1%3A471947097906%3Astack/awseb-e-8gmkc7rmw6-stack/490911e0-bd18-11ee-b0a0-02053dd7f0eb/AWSEBInstanceLaunchWaitHandle?X-Amz-Algorithm=AWS4-HMAC-SHA256&X-Amz-Date=20240127T133053Z&X-Amz-SignedHeaders=host&X-Amz-Expires=86399&X-Amz-Credential=AKIAU7SEXKRMX6OSFN7H%2F20240127%2Feu-west-1%2Fs3%2Faws4_request&X-Amz-Signature=100a687b4197355e0d376969134c72a77775db19c79eaf7c6247a54d4391c94f
 STACK_ID = arn:aws:cloudformation:eu-west-1:471947097906:stack/awseb-e-8gmkc7rmw6-stack/490911e0-bd18-11ee-b0a0-02053dd7f0eb
 REGION = eu-west-1
 GUID = 
 HEALTHD_GROUP_ID = b82b0fee-3928-494c-a671-45fcc62a417d
 HEALTHD_ENDPOINT = https://elasticbeanstalk-health.eu-west-1.amazonaws.com
 PROXY_SERVER = 
 HEALTHD_PROXY_LOG_LOCATION = 
 PLATFORM_ASSETS_URL = https://elasticbeanstalk-platform-assets-eu-west-1.s3.eu-west-1.amazonaws.com/stalks/eb_docker_amazon_linux_2023_1.0.420.0_20240123011222
[2024-01-27T13:31:33.855Z] engine url is set to https://elasticbeanstalk-platform-assets-eu-west-1.s3.eu-west-1.amazonaws.com/stalks/eb_docker_amazon_linux_2023_1.0.420.0_20240123011222/lib/platform-engine.zip
[2024-01-27T13:31:33.868Z] first init of instance.
[2024-01-27T13:31:33.876Z] Started executing cfn_init _OnInstanceBoot.
[2024-01-27T13:31:33.880Z] Running cfn-init ConfigSet: _OnInstanceBoot.
[2024-01-27T13:31:33.886Z] Using stack-id from userdata
[2024-01-27T13:31:35.688Z] Command Returned: 
[2024-01-27T13:31:35.692Z] Completed executing cfn_init.
[2024-01-27T13:31:35.696Z] finished _OnInstanceBoot
--2024-01-27 13:31:35--  https://elasticbeanstalk-platform-assets-eu-west-1.s3.eu-west-1.amazonaws.com/stalks/eb_docker_amazon_linux_2023_1.0.420.0_20240123011222/lib/platform-engine.zip
Resolving elasticbeanstalk-platform-assets-eu-west-1.s3.eu-west-1.amazonaws.com (elasticbeanstalk-platform-assets-eu-west-1.s3.eu-west-1.amazonaws.com)... 3.5.65.251, 3.5.65.14, 52.218.36.211, ...
Connecting to elasticbeanstalk-platform-assets-eu-west-1.s3.eu-west-1.amazonaws.com (elasticbeanstalk-platform-assets-eu-west-1.s3.eu-west-1.amazonaws.com)|3.5.65.251|:443... connected.
HTTP request sent, awaiting response... 200 OK
Length: 26134926 (25M) [application/zip]
Saving to: ‘/tmp/platform-engine.zip’

     0K .......... .......... .......... .......... ..........  0% 25.4M 1s
    50K .......... .......... .......... .......... ..........  0% 38.7M 1s
   100K .......... .......... .......... .......... ..........  0% 40.7M 1s
   150K .......... .......... .......... .......... ..........  0% 45.7M 1s
   200K .......... .......... .......... .......... ..........  0% 36.2M 1s
   250K .......... .......... .......... .......... ..........  1% 11.4M 1s
   300K .......... .......... .......... .......... ..........  1% 73.7M 1s
   350K .......... .......... .......... .......... ..........  1% 63.7M 1s
   400K .......... .......... .......... .......... ..........  1% 74.7M 1s
   450K .......... .......... .......... .......... ..........  1% 77.7M 1s
   500K .......... .......... .......... .......... ..........  2% 81.9M 1s
   550K .......... .......... .......... .......... ..........  2% 74.4M 1s
   600K .......... .......... .......... .......... ..........  2% 61.9M 1s
   650K .......... .......... .......... .......... ..........  2% 84.8M 1s
   700K .......... .......... .......... .......... ..........  2% 81.4M 1s
   750K .......... .......... .......... .......... ..........  3% 74.2M 1s
   800K .......... .......... .......... .......... ..........  3% 82.9M 1s
   850K .......... .......... .......... .......... ..........  3% 62.3M 1s
   900K .......... .......... .......... .......... ..........  3% 71.5M 1s
   950K .......... .......... .......... .......... ..........  3% 50.3M 1s
  1000K .......... .......... .......... .......... ..........  4% 4.70M 1s
  1050K .......... .......... .......... .......... ..........  4% 69.6M 1s
  1100K .......... .......... .......... .......... ..........  4% 83.4M 1s
  1150K .......... .......... .......... .......... ..........  4% 70.5M 1s
  1200K .......... .......... .......... .......... ..........  4% 85.0M 1s
  1250K .......... .......... .......... .......... ..........  5% 52.2M 1s
  1300K .......... .......... .......... .......... ..........  5% 81.3M 1s
  1350K .......... .......... .......... .......... ..........  5% 73.8M 1s
  1400K .......... .......... .......... .......... ..........  5% 79.5M 1s
  1450K .......... .......... .......... .......... ..........  5% 68.5M 1s
  1500K .......... .......... .......... .......... ..........  6% 57.7M 1s
  1550K .......... .......... .......... .......... ..........  6% 72.7M 1s
  1600K .......... .......... .......... .......... ..........  6% 81.9M 1s
  1650K .......... .......... .......... .......... ..........  6% 89.9M 1s
  1700K .......... .......... .......... .......... ..........  6% 68.1M 1s
  1750K .......... .......... .......... .......... ..........  7% 83.9M 1s
  1800K .......... .......... .......... .......... ..........  7% 72.7M 1s
  1850K .......... .......... .......... .......... ..........  7% 83.9M 1s
  1900K .......... .......... .......... .......... ..........  7% 67.3M 1s
  1950K .......... .......... .......... .......... ..........  7% 83.3M 1s
  2000K .......... .......... .......... .......... ..........  8% 72.9M 1s
  2050K .......... .......... .......... .......... ..........  8% 75.2M 1s
  2100K .......... .......... .......... .......... ..........  8% 7.71M 1s
  2150K .......... .......... .......... .......... ..........  8% 79.0M 1s
  2200K .......... .......... .......... .......... ..........  8% 75.0M 1s
  2250K .......... .......... .......... .......... ..........  9% 83.3M 1s
  2300K .......... .......... .......... .......... ..........  9% 86.0M 1s
  2350K .......... .......... .......... .......... ..........  9% 71.5M 1s
  2400K .......... .......... .......... .......... ..........  9% 67.8M 1s
  2450K .......... .......... .......... .......... ..........  9% 77.0M 1s
  2500K .......... .......... .......... .......... ..........  9% 74.1M 1s
  2550K .......... .......... .......... .......... .......... 10% 59.4M 1s
  2600K .......... .......... .......... .......... .......... 10% 81.8M 0s
  2650K .......... .......... .......... .......... .......... 10% 3.79M 1s
  2700K .......... .......... .......... .......... .......... 10% 73.9M 1s
  2750K .......... .......... .......... .......... .......... 10% 81.0M 1s
  2800K .......... .......... .......... .......... .......... 11% 83.5M 1s
  2850K .......... .......... .......... .......... .......... 11% 66.7M 1s
  2900K .......... .......... .......... .......... .......... 11% 72.7M 1s
  2950K .......... .......... .......... .......... .......... 11% 75.5M 1s
  3000K .......... .......... .......... .......... .......... 11% 82.8M 1s
  3050K .......... .......... .......... .......... .......... 12% 61.5M 1s
  3100K .......... .......... .......... .......... .......... 12% 78.8M 1s
  3150K .......... .......... .......... .......... .......... 12% 66.1M 1s
  3200K .......... .......... .......... .......... .......... 12% 84.2M 1s
  3250K .......... .......... .......... .......... .......... 12% 80.7M 1s
  3300K .......... .......... .......... .......... .......... 13% 76.6M 1s
  3350K .......... .......... .......... .......... .......... 13% 82.2M 1s
  3400K .......... .......... .......... .......... .......... 13% 76.1M 1s
  3450K .......... .......... .......... .......... .......... 13% 66.8M 1s
  3500K .......... .......... .......... .......... .......... 13% 71.2M 1s
  3550K .......... .......... .......... .......... .......... 14% 79.8M 1s
  3600K .......... .......... .......... .......... .......... 14% 72.2M 0s
  3650K .......... .......... .......... .......... .......... 14% 75.2M 0s
  3700K .......... .......... .......... .......... .......... 14% 67.0M 0s
  3750K .......... .......... .......... .......... .......... 14% 77.8M 0s
  3800K .......... .......... .......... .......... .......... 15% 70.1M 0s
  3850K .......... .......... .......... .......... .......... 15% 81.2M 0s
  3900K .......... .......... .......... .......... .......... 15% 10.1M 0s
  3950K .......... .......... .......... .......... .......... 15% 84.0M 0s
  4000K .......... .......... .......... .......... .......... 15% 42.2M 0s
  4050K .......... .......... .......... .......... .......... 16% 81.4M 0s
  4100K .......... .......... .......... .......... .......... 16% 75.9M 0s
  4150K .......... .......... .......... .......... .......... 16% 19.4M 0s
  4200K .......... .......... .......... .......... .......... 16% 77.6M 0s
  4250K .......... .......... .......... .......... .......... 16% 72.8M 0s
  4300K .......... .......... .......... .......... .......... 17% 74.9M 0s
  4350K .......... .......... .......... .......... .......... 17% 86.1M 0s
  4400K .......... .......... .......... .......... .......... 17% 80.3M 0s
  4450K .......... .......... .......... .......... .......... 17% 2.34M 1s
  4500K .......... .......... .......... .......... .......... 17%  213M 1s
  4550K .......... .......... .......... .......... .......... 18%  284M 1s
  4600K .......... .......... .......... .......... .......... 18%  304M 1s
  4650K .......... .......... .......... .......... .......... 18%  290M 1s
  4700K .......... .......... .......... .......... .......... 18%  296M 1s
  4750K .......... .......... .......... .......... .......... 18%  339M 1s
  4800K .......... .......... .......... .......... .......... 19%  354M 1s
  4850K .......... .......... .......... .......... .......... 19%  264M 1s
  4900K .......... .......... .......... .......... .......... 19%  285M 1s
  4950K .......... .......... .......... .......... .......... 19%  293M 1s
  5000K .......... .......... .......... .......... .......... 19%  293M 0s
  5050K .......... .......... .......... .......... .......... 19%  299M 0s
  5100K .......... .......... .......... .......... .......... 20%  286M 0s
  5150K .......... .......... .......... .......... .......... 20%  304M 0s
  5200K .......... .......... .......... .......... .......... 20%  333M 0s
  5250K .......... .......... .......... .......... .......... 20%  306M 0s
  5300K .......... .......... .......... .......... .......... 20%  300M 0s
  5350K .......... .......... .......... .......... .......... 21%  314M 0s
  5400K .......... .......... .......... .......... .......... 21%  315M 0s
  5450K .......... .......... .......... .......... .......... 21%  309M 0s
  5500K .......... .......... .......... .......... .......... 21%  311M 0s
  5550K .......... .......... .......... .......... .......... 21%  281M 0s
  5600K .......... .......... .......... .......... .......... 22%  311M 0s
  5650K .......... .......... .......... .......... .......... 22%  346M 0s
  5700K .......... .......... .......... .......... .......... 22%  291M 0s
  5750K .......... .......... .......... .......... .......... 22%  308M 0s
  5800K .......... .......... .......... .......... .......... 22%  272M 0s
  5850K .......... .......... .......... .......... .......... 23%  272M 0s
  5900K .......... .......... .......... .......... .......... 23%  291M 0s
  5950K .......... .......... .......... .......... .......... 23%  271M 0s
  6000K .......... .......... .......... .......... .......... 23%  282M 0s
  6050K .......... .......... .......... .......... .......... 23%  333M 0s
  6100K .......... .......... .......... .......... .......... 24%  293M 0s
  6150K .......... .......... .......... .......... .......... 24%  292M 0s
  6200K .......... .......... .......... .......... .......... 24%  299M 0s
  6250K .......... .......... .......... .......... .......... 24%  298M 0s
  6300K .......... .......... .......... .......... .......... 24%  308M 0s
  6350K .......... .......... .......... .......... .......... 25%  303M 0s
  6400K .......... .......... .......... .......... .......... 25%  300M 0s
  6450K .......... .......... .......... .......... .......... 25%  353M 0s
  6500K .......... .......... .......... .......... .......... 25%  337M 0s
  6550K .......... .......... .......... .......... .......... 25%  300M 0s
  6600K .......... .......... .......... .......... .......... 26%  310M 0s
  6650K .......... .......... .......... .......... .......... 26%  301M 0s
  6700K .......... .......... .......... .......... .......... 26%  305M 0s
  6750K .......... .......... .......... .......... .......... 26%  311M 0s
  6800K .......... .......... .......... .......... .......... 26%  288M 0s
  6850K .......... .......... .......... .......... .......... 27%  309M 0s
  6900K .......... .......... .......... .......... .......... 27%  297M 0s
  6950K .......... .......... .......... .......... .......... 27%  301M 0s
  7000K .......... .......... .......... .......... .......... 27%  307M 0s
  7050K .......... .......... .......... .......... .......... 27%  301M 0s
  7100K .......... .......... .......... .......... .......... 28%  298M 0s
  7150K .......... .......... .......... .......... .......... 28%  301M 0s
  7200K .......... .......... .......... .......... .......... 28%  302M 0s
  7250K .......... .......... .......... .......... .......... 28%  312M 0s
  7300K .......... .......... .......... .......... .......... 28%  341M 0s
  7350K .......... .......... .......... .......... .......... 28%  339M 0s
  7400K .......... .......... .......... .......... .......... 29%  284M 0s
  7450K .......... .......... .......... .......... .......... 29% 2.41M 0s
  7500K .......... .......... .......... .......... .......... 29%  122M 0s
  7550K .......... .......... .......... .......... .......... 29%  137M 0s
  7600K .......... .......... .......... .......... .......... 29%  280M 0s
  7650K .......... .......... .......... .......... .......... 30%  302M 0s
  7700K .......... .......... .......... .......... .......... 30%  278M 0s
  7750K .......... .......... .......... .......... .......... 30%  303M 0s
  7800K .......... .......... .......... .......... .......... 30%  312M 0s
  7850K .......... .......... .......... .......... .......... 30%  315M 0s
  7900K .......... .......... .......... .......... .......... 31%  264M 0s
  7950K .......... .......... .......... .......... .......... 31%  307M 0s
  8000K .......... .......... .......... .......... .......... 31%  295M 0s
  8050K .......... .......... .......... .......... .......... 31%  298M 0s
  8100K .......... .......... .......... .......... .......... 31%  257M 0s
  8150K .......... .......... .......... .......... .......... 32%  362M 0s
  8200K .......... .......... .......... .......... .......... 32%  355M 0s
  8250K .......... .......... .......... .......... .......... 32%  308M 0s
  8300K .......... .......... .......... .......... .......... 32%  307M 0s
  8350K .......... .......... .......... .......... .......... 32%  315M 0s
  8400K .......... .......... .......... .......... .......... 33%  265M 0s
  8450K .......... .......... .......... .......... .......... 33%  283M 0s
  8500K .......... .......... .......... .......... .......... 33%  307M 0s
  8550K .......... .......... .......... .......... .......... 33%  298M 0s
  8600K .......... .......... .......... .......... .......... 33%  338M 0s
  8650K .......... .......... .......... .......... .......... 34%  304M 0s
  8700K .......... .......... .......... .......... .......... 34%  299M 0s
  8750K .......... .......... .......... .......... .......... 34%  301M 0s
  8800K .......... .......... .......... .......... .......... 34%  297M 0s
  8850K .......... .......... .......... .......... .......... 34%  290M 0s
  8900K .......... .......... .......... .......... .......... 35%  298M 0s
  8950K .......... .......... .......... .......... .......... 35%  273M 0s
  9000K .......... .......... .......... .......... .......... 35%  344M 0s
  9050K .......... .......... .......... .......... .......... 35%  324M 0s
  9100K .......... .......... .......... .......... .......... 35%  305M 0s
  9150K .......... .......... .......... .......... .......... 36%  293M 0s
  9200K .......... .......... .......... .......... .......... 36%  295M 0s
  9250K .......... .......... .......... .......... .......... 36%  292M 0s
  9300K .......... .......... .......... .......... .......... 36%  297M 0s
  9350K .......... .......... .......... .......... .......... 36%  293M 0s
  9400K .......... .......... .......... .......... .......... 37%  290M 0s
  9450K .......... .......... .......... .......... .......... 37%  319M 0s
  9500K .......... .......... .......... .......... .......... 37%  308M 0s
  9550K .......... .......... .......... .......... .......... 37%  283M 0s
  9600K .......... .......... .......... .......... .......... 37%  298M 0s
  9650K .......... .......... .......... .......... .......... 38%  284M 0s
  9700K .......... .......... .......... .......... .......... 38%  304M 0s
  9750K .......... .......... .......... .......... .......... 38%  299M 0s
  9800K .......... .......... .......... .......... .......... 38%  291M 0s
  9850K .......... .......... .......... .......... .......... 38%  337M 0s
  9900K .......... .......... .......... .......... .......... 38%  271M 0s
  9950K .......... .......... .......... .......... .......... 39%  296M 0s
 10000K .......... .......... .......... .......... .......... 39%  303M 0s
 10050K .......... .......... .......... .......... .......... 39%  294M 0s
 10100K .......... .......... .......... .......... .......... 39%  298M 0s
 10150K .......... .......... .......... .......... .......... 39%  305M 0s
 10200K .......... .......... .......... .......... .......... 40%  296M 0s
 10250K .......... .......... .......... .......... .......... 40%  305M 0s
 10300K .......... .......... .......... .......... .......... 40% 2.32M 0s
 10350K .......... .......... .......... .......... .......... 40%  236M 0s
 10400K .......... .......... .......... .......... .......... 40%  294M 0s
 10450K .......... .......... .......... .......... .......... 41%  307M 0s
 10500K .......... .......... .......... .......... .......... 41%  277M 0s
 10550K .......... .......... .......... .......... .......... 41%  289M 0s
 10600K .......... .......... .......... .......... .......... 41%  284M 0s
 10650K .......... .......... .......... .......... .......... 41%  308M 0s
 10700K .......... .......... .......... .......... .......... 42%  315M 0s
 10750K .......... .......... .......... .......... .......... 42%  333M 0s
 10800K .......... .......... .......... .......... .......... 42%  301M 0s
 10850K .......... .......... .......... .......... .......... 42%  294M 0s
 10900K .......... .......... .......... .......... .......... 42%  305M 0s
 10950K .......... .......... .......... .......... .......... 43%  300M 0s
 11000K .......... .......... .......... .......... .......... 43%  283M 0s
 11050K .......... .......... .......... .......... .......... 43%  293M 0s
 11100K .......... .......... .......... .......... .......... 43%  295M 0s
 11150K .......... .......... .......... .......... .......... 43%  334M 0s
 11200K .......... .......... .......... .......... .......... 44%  297M 0s
 11250K .......... .......... .......... .......... .......... 44%  286M 0s
 11300K .......... .......... .......... .......... .......... 44%  291M 0s
 11350K .......... .......... .......... .......... .......... 44%  290M 0s
 11400K .......... .......... .......... .......... .......... 44%  312M 0s
 11450K .......... .......... .......... .......... .......... 45%  277M 0s
 11500K .......... .......... .......... .......... .......... 45%  305M 0s
 11550K .......... .......... .......... .......... .......... 45%  345M 0s
 11600K .......... .......... .......... .......... .......... 45%  336M 0s
 11650K .......... .......... .......... .......... .......... 45%  315M 0s
 11700K .......... .......... .......... .......... .......... 46%  305M 0s
 11750K .......... .......... .......... .......... .......... 46%  318M 0s
 11800K .......... .......... .......... .......... .......... 46%  285M 0s
 11850K .......... .......... .......... .......... .......... 46%  246M 0s
 11900K .......... .......... .......... .......... .......... 46%  297M 0s
 11950K .......... .......... .......... .......... .......... 47%  306M 0s
 12000K .......... .......... .......... .......... .......... 47%  325M 0s
 12050K .......... .......... .......... .......... .......... 47%  303M 0s
 12100K .......... .......... .......... .......... .......... 47%  294M 0s
 12150K .......... .......... .......... .......... .......... 47%  306M 0s
 12200K .......... .......... .......... .......... .......... 47%  302M 0s
 12250K .......... .......... .......... .......... .......... 48%  301M 0s
 12300K .......... .......... .......... .......... .......... 48%  305M 0s
 12350K .......... .......... .......... .......... .......... 48%  288M 0s
 12400K .......... .......... .......... .......... .......... 48%  359M 0s
 12450K .......... .......... .......... .......... .......... 48%  347M 0s
 12500K .......... .......... .......... .......... .......... 49%  317M 0s
 12550K .......... .......... .......... .......... .......... 49%  348M 0s
 12600K .......... .......... .......... .......... .......... 49%  298M 0s
 12650K .......... .......... .......... .......... .......... 49%  386M 0s
 12700K .......... .......... .......... .......... .......... 49%  375M 0s
 12750K .......... .......... .......... .......... .......... 50%  368M 0s
 12800K .......... .......... .......... .......... .......... 50%  339M 0s
 12850K .......... .......... .......... .......... .......... 50%  356M 0s
 12900K .......... .......... .......... .......... .......... 50%  377M 0s
 12950K .......... .......... .......... .......... .......... 50%  383M 0s
 13000K .......... .......... .......... .......... .......... 51%  307M 0s
 13050K .......... .......... .......... .......... .......... 51%  335M 0s
 13100K .......... .......... .......... .......... .......... 51%  366M 0s
 13150K .......... .......... .......... .......... .......... 51%  348M 0s
 13200K .......... .......... .......... .......... .......... 51%  296M 0s
 13250K .......... .......... .......... .......... .......... 52%  554K 0s
 13300K .......... .......... .......... .......... .......... 52% 72.4M 0s
 13350K .......... .......... .......... .......... .......... 52% 89.9M 0s
 13400K .......... .......... .......... .......... .......... 52% 74.3M 0s
 13450K .......... .......... .......... .......... .......... 52% 87.3M 0s
 13500K .......... .......... .......... .......... .......... 53% 68.3M 0s
 13550K .......... .......... .......... .......... .......... 53% 78.4M 0s
 13600K .......... .......... .......... .......... .......... 53% 72.9M 0s
 13650K .......... .......... .......... .......... .......... 53% 90.4M 0s
 13700K .......... .......... .......... .......... .......... 53% 83.6M 0s
 13750K .......... .......... .......... .......... .......... 54% 91.8M 0s
 13800K .......... .......... .......... .......... .......... 54% 73.9M 0s
 13850K .......... .......... .......... .......... .......... 54% 85.1M 0s
 13900K .......... .......... .......... .......... .......... 54% 90.9M 0s
 13950K .......... .......... .......... .......... .......... 54% 75.7M 0s
 14000K .......... .......... .......... .......... .......... 55% 79.4M 0s
 14050K .......... .......... .......... .......... .......... 55% 84.4M 0s
 14100K .......... .......... .......... .......... .......... 55% 4.61M 0s
 14150K .......... .......... .......... .......... .......... 55% 80.1M 0s
 14200K .......... .......... .......... .......... .......... 55% 12.8M 0s
 14250K .......... .......... .......... .......... .......... 56% 11.9M 0s
 14300K .......... .......... .......... .......... .......... 56% 92.6M 0s
 14350K .......... .......... .......... .......... .......... 56% 62.0M 0s
 14400K .......... .......... .......... .......... .......... 56% 78.7M 0s
 14450K .......... .......... .......... .......... .......... 56% 90.3M 0s
 14500K .......... .......... .......... .......... .......... 57% 78.1M 0s
 14550K .......... .......... .......... .......... .......... 57% 84.3M 0s
 14600K .......... .......... .......... .......... .......... 57% 75.6M 0s
 14650K .......... .......... .......... .......... .......... 57% 79.0M 0s
 14700K .......... .......... .......... .......... .......... 57% 87.2M 0s
 14750K .......... .......... .......... .......... .......... 57% 78.6M 0s
 14800K .......... .......... .......... .......... .......... 58% 75.4M 0s
 14850K .......... .......... .......... .......... .......... 58% 81.8M 0s
 14900K .......... .......... .......... .......... .......... 58% 81.6M 0s
 14950K .......... .......... .......... .......... .......... 58% 68.6M 0s
 15000K .......... .......... .......... .......... .......... 58% 74.5M 0s
 15050K .......... .......... .......... .......... .......... 59% 79.8M 0s
 15100K .......... .......... .......... .......... .......... 59% 81.2M 0s
 15150K .......... .......... .......... .......... .......... 59% 21.1M 0s
 15200K .......... .......... .......... .......... .......... 59% 72.5M 0s
 15250K .......... .......... .......... .......... .......... 59% 86.5M 0s
 15300K .......... .......... .......... .......... .......... 60% 90.4M 0s
 15350K .......... .......... .......... .......... .......... 60% 79.2M 0s
 15400K .......... .......... .......... .......... .......... 60% 8.33M 0s
 15450K .......... .......... .......... .......... .......... 60%  309M 0s
 15500K .......... .......... .......... .......... .......... 60%  297M 0s
 15550K .......... .......... .......... .......... .......... 61%  287M 0s
 15600K .......... .......... .......... .......... .......... 61%  716K 0s
 15650K .......... .......... .......... .......... .......... 61% 71.9M 0s
 15700K .......... .......... .......... .......... .......... 61% 90.1M 0s
 15750K .......... .......... .......... .......... .......... 61% 69.4M 0s
 15800K .......... .......... .......... .......... .......... 62% 55.7M 0s
 15850K .......... .......... .......... .......... .......... 62% 85.5M 0s
 15900K .......... .......... .......... .......... .......... 62% 79.4M 0s
 15950K .......... .......... .......... .......... .......... 62% 87.1M 0s
 16000K .......... .......... .......... .......... .......... 62% 74.8M 0s
 16050K .......... .......... .......... .......... .......... 63% 72.9M 0s
 16100K .......... .......... .......... .......... .......... 63% 49.6M 0s
 16150K .......... .......... .......... .......... .......... 63% 76.8M 0s
 16200K .......... .......... .......... .......... .......... 63% 71.8M 0s
 16250K .......... .......... .......... .......... .......... 63% 4.03M 0s
 16300K .......... .......... .......... .......... .......... 64% 78.5M 0s
 16350K .......... .......... .......... .......... .......... 64% 60.0M 0s
 16400K .......... .......... .......... .......... .......... 64% 77.9M 0s
 16450K .......... .......... .......... .......... .......... 64% 85.7M 0s
 16500K .......... .......... .......... .......... .......... 64% 83.0M 0s
 16550K .......... .......... .......... .......... .......... 65% 90.3M 0s
 16600K .......... .......... .......... .......... .......... 65% 68.9M 0s
 16650K .......... .......... .......... .......... .......... 65% 67.7M 0s
 16700K .......... .......... .......... .......... .......... 65% 87.0M 0s
 16750K .......... .......... .......... .......... .......... 65% 77.1M 0s
 16800K .......... .......... .......... .......... .......... 66% 71.2M 0s
 16850K .......... .......... .......... .......... .......... 66% 83.1M 0s
 16900K .......... .......... .......... .......... .......... 66% 67.4M 0s
 16950K .......... .......... .......... .......... .......... 66% 77.1M 0s
 17000K .......... .......... .......... .......... .......... 66% 55.7M 0s
 17050K .......... .......... .......... .......... .......... 66% 69.7M 0s
 17100K .......... .......... .......... .......... .......... 67% 79.5M 0s
 17150K .......... .......... .......... .......... .......... 67% 68.0M 0s
 17200K .......... .......... .......... .......... .......... 67% 79.9M 0s
 17250K .......... .......... .......... .......... .......... 67% 66.2M 0s
 17300K .......... .......... .......... .......... .......... 67% 66.9M 0s
 17350K .......... .......... .......... .......... .......... 68% 78.5M 0s
 17400K .......... .......... .......... .......... .......... 68% 2.92M 0s
 17450K .......... .......... .......... .......... .......... 68% 78.9M 0s
 17500K .......... .......... .......... .......... .......... 68% 63.6M 0s
 17550K .......... .......... .......... .......... .......... 68% 88.4M 0s
 17600K .......... .......... .......... .......... .......... 69% 75.5M 0s
 17650K .......... .......... .......... .......... .......... 69% 86.9M 0s
 17700K .......... .......... .......... .......... .......... 69% 80.3M 0s
 17750K .......... .......... .......... .......... .......... 69% 80.2M 0s
 17800K .......... .......... .......... .......... .......... 69% 69.3M 0s
 17850K .......... .......... .......... .......... .......... 70% 81.4M 0s
 17900K .......... .......... .......... .......... .......... 70% 76.4M 0s
 17950K .......... .......... .......... .......... .......... 70% 70.4M 0s
 18000K .......... .......... .......... .......... .......... 70% 79.5M 0s
 18050K .......... .......... .......... .......... .......... 70% 68.6M 0s
 18100K .......... .......... .......... .......... .......... 71% 92.3M 0s
 18150K .......... .......... .......... .......... .......... 71% 85.3M 0s
 18200K .......... .......... .......... .......... .......... 71% 76.0M 0s
 18250K .......... .......... .......... .......... .......... 71% 83.8M 0s
 18300K .......... .......... .......... .......... .......... 71% 93.2M 0s
 18350K .......... .......... .......... .......... .......... 72% 89.4M 0s
 18400K .......... .......... .......... .......... .......... 72% 66.6M 0s
 18450K .......... .......... .......... .......... .......... 72% 78.3M 0s
 18500K .......... .......... .......... .......... .......... 72% 86.6M 0s
 18550K .......... .......... .......... .......... .......... 72% 87.7M 0s
 18600K .......... .......... .......... .......... .......... 73% 73.1M 0s
 18650K .......... .......... .......... .......... .......... 73% 50.0M 0s
 18700K .......... .......... .......... .......... .......... 73% 8.73M 0s
 18750K .......... .......... .......... .......... .......... 73% 69.8M 0s
 18800K .......... .......... .......... .......... .......... 73% 53.0M 0s
 18850K .......... .......... .......... .......... .......... 74% 69.1M 0s
 18900K .......... .......... .......... .......... .......... 74% 65.0M 0s
 18950K .......... .......... .......... .......... .......... 74% 70.5M 0s
 19000K .......... .......... .......... .......... .......... 74% 74.8M 0s
 19050K .......... .......... .......... .......... .......... 74% 81.0M 0s
 19100K .......... .......... .......... .......... .......... 75% 3.79M 0s
 19150K .......... .......... .......... .......... .......... 75% 75.3M 0s
 19200K .......... .......... .......... .......... .......... 75% 36.5M 0s
 19250K .......... .......... .......... .......... .......... 75% 86.6M 0s
 19300K .......... .......... .......... .......... .......... 75% 89.5M 0s
 19350K .......... .......... .......... .......... .......... 76% 79.3M 0s
 19400K .......... .......... .......... .......... .......... 76% 75.8M 0s
 19450K .......... .......... .......... .......... .......... 76% 78.6M 0s
 19500K .......... .......... .......... .......... .......... 76% 90.2M 0s
 19550K .......... .......... .......... .......... .......... 76% 65.4M 0s
 19600K .......... .......... .......... .......... .......... 76% 58.5M 0s
 19650K .......... .......... .......... .......... .......... 77% 72.9M 0s
 19700K .......... .......... .......... .......... .......... 77% 75.6M 0s
 19750K .......... .......... .......... .......... .......... 77% 76.9M 0s
 19800K .......... .......... .......... .......... .......... 77% 67.1M 0s
 19850K .......... .......... .......... .......... .......... 77% 63.7M 0s
 19900K .......... .......... .......... .......... .......... 78% 81.0M 0s
 19950K .......... .......... .......... .......... .......... 78% 87.4M 0s
 20000K .......... .......... .......... .......... .......... 78% 64.3M 0s
 20050K .......... .......... .......... .......... .......... 78% 80.8M 0s
 20100K .......... .......... .......... .......... .......... 78% 86.3M 0s
 20150K .......... .......... .......... .......... .......... 79% 75.3M 0s
 20200K .......... .......... .......... .......... .......... 79% 3.30M 0s
 20250K .......... .......... .......... .......... .......... 79% 75.5M 0s
 20300K .......... .......... .......... .......... .......... 79% 58.5M 0s
 20350K .......... .......... .......... .......... .......... 79% 90.3M 0s
 20400K .......... .......... .......... .......... .......... 80% 72.5M 0s
 20450K .......... .......... .......... .......... .......... 80% 81.0M 0s
 20500K .......... .......... .......... .......... .......... 80% 81.3M 0s
 20550K .......... .......... .......... .......... .......... 80% 78.6M 0s
 20600K .......... .......... .......... .......... .......... 80% 77.3M 0s
 20650K .......... .......... .......... .......... .......... 81% 79.2M 0s
 20700K .......... .......... .......... .......... .......... 81% 67.4M 0s
 20750K .......... .......... .......... .......... .......... 81% 92.8M 0s
 20800K .......... .......... .......... .......... .......... 81% 68.8M 0s
 20850K .......... .......... .......... .......... .......... 81% 78.8M 0s
 20900K .......... .......... .......... .......... .......... 82% 69.4M 0s
 20950K .......... .......... .......... .......... .......... 82% 59.9M 0s
 21000K .......... .......... .......... .......... .......... 82% 67.7M 0s
 21050K .......... .......... .......... .......... .......... 82% 87.0M 0s
 21100K .......... .......... .......... .......... .......... 82% 58.1M 0s
 21150K .......... .......... .......... .......... .......... 83% 90.1M 0s
 21200K .......... .......... .......... .......... .......... 83% 67.4M 0s
 21250K .......... .......... .......... .......... .......... 83% 81.2M 0s
 21300K .......... .......... .......... .......... .......... 83% 71.3M 0s
 21350K .......... .......... .......... .......... .......... 83% 74.2M 0s
 21400K .......... .......... .......... .......... .......... 84% 61.5M 0s
 21450K .......... .......... .......... .......... .......... 84% 75.0M 0s
 21500K .......... .......... .......... .......... .......... 84% 13.4M 0s
 21550K .......... .......... .......... .......... .......... 84% 85.1M 0s
 21600K .......... .......... .......... .......... .......... 84% 68.0M 0s
 21650K .......... .......... .......... .......... .......... 85% 88.0M 0s
 21700K .......... .......... .......... .......... .......... 85% 60.6M 0s
 21750K .......... .......... .......... .......... .......... 85% 7.34M 0s
 21800K .......... .......... .......... .......... .......... 85% 68.3M 0s
 21850K .......... .......... .......... .......... .......... 85% 87.8M 0s
 21900K .......... .......... .......... .......... .......... 86% 91.4M 0s
 21950K .......... .......... .......... .......... .......... 86% 83.7M 0s
 22000K .......... .......... .......... .......... .......... 86% 83.1M 0s
 22050K .......... .......... .......... .......... .......... 86% 87.0M 0s
 22100K .......... .......... .......... .......... .......... 86% 78.8M 0s
 22150K .......... .......... .......... .......... .......... 86%  353M 0s
 22200K .......... .......... .......... .......... .......... 87%  279M 0s
 22250K .......... .......... .......... .......... .......... 87%  354M 0s
 22300K .......... .......... .......... .......... .......... 87%  318M 0s
 22350K .......... .......... .......... .......... .......... 87%  331M 0s
 22400K .......... .......... .......... .......... .......... 87%  261M 0s
 22450K .......... .......... .......... .......... .......... 88%  358M 0s
 22500K .......... .......... .......... .......... .......... 88%  253M 0s
 22550K .......... .......... .......... .......... .......... 88%  365M 0s
 22600K .......... .......... .......... .......... .......... 88%  215M 0s
 22650K .......... .......... .......... .......... .......... 88%  359M 0s
 22700K .......... .......... .......... .......... .......... 89%  336M 0s
 22750K .......... .......... .......... .......... .......... 89%  293M 0s
 22800K .......... .......... .......... .......... .......... 89%  329M 0s
 22850K .......... .......... .......... .......... .......... 89%  275M 0s
 22900K .......... .......... .......... .......... .......... 89%  348M 0s
 22950K .......... .......... .......... .......... .......... 90%  367M 0s
 23000K .......... .......... .......... .......... .......... 90%  196M 0s
 23050K .......... .......... .......... .......... .......... 90%  356M 0s
 23100K .......... .......... .......... .......... .......... 90%  257M 0s
 23150K .......... .......... .......... .......... .......... 90%  353M 0s
 23200K .......... .......... .......... .......... .......... 91%  253M 0s
 23250K .......... .......... .......... .......... .......... 91%  344M 0s
 23300K .......... .......... .......... .......... .......... 91%  280M 0s
 23350K .......... .......... .......... .......... .......... 91%  322M 0s
 23400K .......... .......... .......... .......... .......... 91%  293M 0s
 23450K .......... .......... .......... .......... .......... 92%  234M 0s
 23500K .......... .......... .......... .......... .......... 92%  346M 0s
 23550K .......... .......... .......... .......... .......... 92%  249M 0s
 23600K .......... .......... .......... .......... .......... 92%  329M 0s
 23650K .......... .......... .......... .......... .......... 92%  287M 0s
 23700K .......... .......... .......... .......... .......... 93%  365M 0s
 23750K .......... .......... .......... .......... .......... 93%  132M 0s
 23800K .......... .......... .......... .......... .......... 93% 3.11M 0s
 23850K .......... .......... .......... .......... .......... 93% 88.0M 0s
 23900K .......... .......... .......... .......... .......... 93% 92.3M 0s
 23950K .......... .......... .......... .......... .......... 94% 86.1M 0s
 24000K .......... .......... .......... .......... .......... 94% 78.5M 0s
 24050K .......... .......... .......... .......... .......... 94% 91.9M 0s
 24100K .......... .......... .......... .......... .......... 94% 61.5M 0s
 24150K .......... .......... .......... .......... .......... 94% 80.4M 0s
 24200K .......... .......... .......... .......... .......... 95% 45.9M 0s
 24250K .......... .......... .......... .......... .......... 95% 94.3M 0s
 24300K .......... .......... .......... .......... .......... 95% 85.1M 0s
 24350K .......... .......... .......... .......... .......... 95% 89.9M 0s
 24400K .......... .......... .......... .......... .......... 95% 68.6M 0s
 24450K .......... .......... .......... .......... .......... 95% 78.5M 0s
 24500K .......... .......... .......... .......... .......... 96% 79.1M 0s
 24550K .......... .......... .......... .......... .......... 96% 89.6M 0s
 24600K .......... .......... .......... .......... .......... 96% 75.4M 0s
 24650K .......... .......... .......... .......... .......... 96% 84.4M 0s
 24700K .......... .......... .......... .......... .......... 96% 7.73M 0s
 24750K .......... .......... .......... .......... .......... 97% 72.8M 0s
 24800K .......... .......... .......... .......... .......... 97% 50.1M 0s
 24850K .......... .......... .......... .......... .......... 97% 92.0M 0s
 24900K .......... .......... .......... .......... .......... 97% 92.7M 0s
 24950K .......... .......... .......... .......... .......... 97% 15.3M 0s
 25000K .......... .......... .......... .......... .......... 98% 78.4M 0s
 25050K .......... .......... .......... .......... .......... 98% 85.2M 0s
 25100K .......... .......... .......... .......... .......... 98% 61.7M 0s
 25150K .......... .......... .......... .......... .......... 98% 70.1M 0s
 25200K .......... .......... .......... .......... .......... 98% 5.22M 0s
 25250K .......... .......... .......... .......... .......... 99% 81.1M 0s
 25300K .......... .......... .......... .......... .......... 99% 77.1M 0s
 25350K .......... .......... .......... .......... .......... 99% 88.2M 0s
 25400K .......... .......... .......... .......... .......... 99% 71.7M 0s
 25450K .......... .......... .......... .......... .......... 99% 92.6M 0s
 25500K .......... .......... ..                              100% 60.5M=0.6s

2024-01-27 13:31:36 (40.6 MB/s) - ‘/tmp/platform-engine.zip’ saved [26134926/26134926]

Archive:  /tmp/platform-engine.zip
  inflating: /opt/elasticbeanstalk/bin/platform-engine  
  inflating: /opt/elasticbeanstalk/bin/publishlogs  
  inflating: /opt/elasticbeanstalk/bin/get-config  
  inflating: /opt/elasticbeanstalk/bin/ebdockerstart  
  inflating: /opt/elasticbeanstalk/config/private/aws-eb-command-handler.conf  
  inflating: /opt/elasticbeanstalk/config/private/cfn-hup-wrapper  
  inflating: /opt/elasticbeanstalk/config/private/cfn-hup.conf.template  
  inflating: /opt/elasticbeanstalk/config/private/containercommandsupport/container-defaults.sh  
  inflating: /opt/elasticbeanstalk/config/private/containercommandsupport/leader-test.sh  
  inflating: /opt/elasticbeanstalk/config/private/eb-banner.template  
  inflating: /opt/elasticbeanstalk/config/private/guidlocking/repo.py  
  inflating: /opt/elasticbeanstalk/config/private/healthd/config.yaml.template  
  inflating: /opt/elasticbeanstalk/config/private/healthd/healthd_httpd.conf  
  inflating: /opt/elasticbeanstalk/config/private/healthd/healthd_logformat.conf  
  inflating: /opt/elasticbeanstalk/config/private/healthd/healthd_nginx.conf  
  inflating: /opt/elasticbeanstalk/config/private/healthd/logcleanup-cron.template  
  inflating: /opt/elasticbeanstalk/config/private/healthd/healthddependency  
  inflating: /opt/elasticbeanstalk/config/private/httpd/applicationport.conf.template  
  inflating: /opt/elasticbeanstalk/config/private/httpd/gzip.conf  
  inflating: /opt/elasticbeanstalk/config/private/httpd/staticfilesmapping.conf.template  
  inflating: /opt/elasticbeanstalk/config/private/httpd/httpd.conf.template  
  inflating: /opt/elasticbeanstalk/config/private/logrotate/logrotate-cron.template  
  inflating: /opt/elasticbeanstalk/config/private/logrotate/logrotate.template  
  inflating: /opt/elasticbeanstalk/config/private/logtasks/cron/publishlogs  
  inflating: /opt/elasticbeanstalk/config/private/nginx/applicationport.conf.template  
  inflating: /opt/elasticbeanstalk/config/private/nginx/nginx.conf.template  
  inflating: /opt/elasticbeanstalk/config/private/nginx/staticfilesmapping.conf.template  
  inflating: /opt/elasticbeanstalk/config/private/nginx/elasticbeanstalk-nginx-docker-upstream.template  
  inflating: /opt/elasticbeanstalk/config/private/nginx/nginx.template  
  inflating: /opt/elasticbeanstalk/config/private/python/sitecustomize.py  
 extracting: /opt/elasticbeanstalk/config/private/restartcfn.sh  
  inflating: /opt/elasticbeanstalk/config/private/restartcloudwatchagent.sh  
  inflating: /opt/elasticbeanstalk/config/private/rsyslog.conf.template  
  inflating: /opt/elasticbeanstalk/config/private/ruby_common_env  
  inflating: /opt/elasticbeanstalk/config/private/sqsd/default.yaml.template  
  inflating: /opt/elasticbeanstalk/config/private/sqsd/sqsdversion.json  
  inflating: /opt/elasticbeanstalk/config/private/systemd-append.template  
 extracting: /opt/elasticbeanstalk/config/private/aws-eb.target  
  inflating: /opt/elasticbeanstalk/config/private/systemd.template  
  inflating: /opt/elasticbeanstalk/config/private/docker-daemon-config.json  
  inflating: /opt/elasticbeanstalk/config/private/docker-log.conf  
  inflating: /opt/elasticbeanstalk/config/private/docker-rsyslog.conf  
 extracting: /opt/elasticbeanstalk/config/private/dockerfile.template  
  inflating: /opt/elasticbeanstalk/config/private/eb-docker-compose-log-start  
  inflating: /opt/elasticbeanstalk/config/private/eb-docker-log-start  
 extracting: /opt/elasticbeanstalk/config/private/eb-docker-log-stop  
  inflating: /opt/elasticbeanstalk/config/private/eb-docker-stop  
  inflating: /opt/elasticbeanstalk/config/private/beanstalk-magic  
  inflating: /opt/elasticbeanstalk/tasks/bundlelogs.d/cfn-system.conf  
 extracting: /opt/elasticbeanstalk/tasks/bundlelogs.d/cloud-init-system.conf  
  inflating: /opt/elasticbeanstalk/tasks/bundlelogs.d/eb-app.conf  
 extracting: /opt/elasticbeanstalk/tasks/bundlelogs.d/eb-hooks.conf  
  inflating: /opt/elasticbeanstalk/tasks/bundlelogs.d/eb-system.conf  
 extracting: /opt/elasticbeanstalk/tasks/bundlelogs.d/rotate.conf  
  inflating: /opt/elasticbeanstalk/tasks/bundlelogs.d/system.conf  
 extracting: /opt/elasticbeanstalk/tasks/publishlogs.d/eb-app.conf  
  inflating: /opt/elasticbeanstalk/tasks/taillogs.d/eb-app.conf  
  inflating: /opt/elasticbeanstalk/tasks/taillogs.d/eb-engine.conf  
[2024-01-27T13:31:48.954Z] Successfully bootstrapped instance.
[2024-01-27T13:31:48.960Z] Sending signal 0 to CFN wait condition https://cloudformation-waitcondition-eu-west-1.s3-eu-west-1.amazonaws.com/arn%3Aaws%3Acloudformation%3Aeu-west-1%3A471947097906%3Astack/awseb-e-8gmkc7rmw6-stack/490911e0-bd18-11ee-b0a0-02053dd7f0eb/AWSEBInstanceLaunchWaitHandle?X-Amz-Algorithm=AWS4-HMAC-SHA256&X-Amz-Date=20240127T133053Z&X-Amz-SignedHeaders=host&X-Amz-Expires=86399&X-Amz-Credential=AKIAU7SEXKRMX6OSFN7H%2F20240127%2Feu-west-1%2Fs3%2Faws4_request&X-Amz-Signature=100a687b4197355e0d376969134c72a77775db19c79eaf7c6247a54d4391c94f
CloudFormation signaled successfully with status SUCCESS
[2024-01-27T13:31:49.781Z] Tailing /var/log/eb-commandprocessor.log

******************* eb-commandprocessor taillog *******************
***eb-commandprocessor is not available yet.***
******************* End of taillog *******************


[2024-01-27T13:31:49.785Z] Tailing /var/log/eb-activity.log

******************* eb-activity taillog *******************
***eb-activity is not available yet.***
******************* End of taillog *******************


[2024-01-27T13:31:49.806Z] Tailing /var/log/eb-tools.log

******************* eb-tools taillog *******************
***eb-tools is not available yet.***
******************* End of taillog *******************


[2024-01-27T13:31:49.820Z] Tailing /var/log/eb-version-deployment.log

******************* eb-version-deployment taillog *******************
***eb-version-deployment is not available yet.***
******************* End of taillog *******************


[2024-01-27T13:31:49.835Z] Tailing /var/log/cfn-init.log

******************* cfn-init taillog *******************
2024-01-27 13:31:34,827 [INFO] -----------------------Starting build-----------------------
2024-01-27 13:31:34,846 [INFO] Running configSets: _OnInstanceBoot
2024-01-27 13:31:34,848 [INFO] Running configSet _OnInstanceBoot
2024-01-27 13:31:34,852 [INFO] Running config AWSEBBaseConfig
2024-01-27 13:31:35,577 [INFO] Command clearbackupfiles succeeded
2024-01-27 13:31:35,593 [INFO] Running config AWSEBCfnHupEndpointOverride
2024-01-27 13:31:35,600 [INFO] Command clearbackupfiles succeeded
2024-01-27 13:31:35,602 [INFO] ConfigSets completed
2024-01-27 13:31:35,603 [INFO] -----------------------Build complete-----------------------
******************* End of taillog *******************


[2024-01-27T13:31:49.864Z] Tailing /var/log/cfn-hup.log

******************* cfn-hup taillog *******************
2024-01-27 13:31:44,923 [DEBUG] CloudFormation client initialized with endpoint https://cloudformation.eu-west-1.amazonaws.com
2024-01-27 13:31:44,924 [DEBUG] SQS client initialized with endpoint https://sqs.eu-west-1.amazonaws.com
2024-01-27 13:31:44,924 [DEBUG] CloudFormation client initialized with endpoint https://cloudformation.eu-west-1.amazonaws.com
2024-01-27 13:31:44,924 [DEBUG] Enabled single threading mode.
2024-01-27 13:31:44,924 [DEBUG] Creating /var/lib/cfn-hup/data
2024-01-27 13:31:44,938 [INFO] No umask value specified in config file. Using the default one: 0o22
2024-01-27 13:31:45,486 [INFO] Refreshing listener credentials
2024-01-27 13:31:45,670 [INFO] Scheduling next credential refresh in 1799.0 seconds
******************* End of taillog *******************


[2024-01-27T13:31:49.873Z] Completed EB Bootstrapping Script.
+ RESULT=0
+ [[ 0 -ne 0 ]]
+ exit 0
