2024-01-29 18:05:40,317 P1685 [INFO] ************************************************************
2024-01-29 18:05:40,317 P1685 [INFO] ConfigSet _OnInstanceBoot
2024-01-29 18:05:40,320 P1685 [INFO] ++++++++++++++++++++++++++++++++++++++++++++++++++++++++++++
2024-01-29 18:05:40,320 P1685 [INFO] Config AWSEBBaseConfig
2024-01-29 18:05:41,038 P1685 [INFO] ============================================================
2024-01-29 18:05:41,038 P1685 [INFO] Command clearbackupfiles
2024-01-29 18:05:41,056 P1685 [INFO] Completed successfully.
2024-01-29 18:05:41,072 P1685 [INFO] ++++++++++++++++++++++++++++++++++++++++++++++++++++++++++++
2024-01-29 18:05:41,072 P1685 [INFO] Config AWSEBCfnHupEndpointOverride
2024-01-29 18:05:41,074 P1685 [INFO] ============================================================
2024-01-29 18:05:41,074 P1685 [INFO] Command clearbackupfiles
2024-01-29 18:05:41,079 P1685 [INFO] Completed successfully.
2024-01-29 18:17:31,121 P1646 [INFO] ************************************************************
2024-01-29 18:17:31,121 P1646 [INFO] ConfigSet _OnInstanceBoot
2024-01-29 18:17:31,125 P1646 [INFO] ++++++++++++++++++++++++++++++++++++++++++++++++++++++++++++
2024-01-29 18:17:31,125 P1646 [INFO] Config AWSEBBaseConfig
2024-01-29 18:17:31,750 P1646 [INFO] ============================================================
2024-01-29 18:17:31,750 P1646 [INFO] Command clearbackupfiles
2024-01-29 18:17:31,765 P1646 [INFO] Completed successfully.
2024-01-29 18:17:31,780 P1646 [INFO] ++++++++++++++++++++++++++++++++++++++++++++++++++++++++++++
2024-01-29 18:17:31,780 P1646 [INFO] Config AWSEBCfnHupEndpointOverride
2024-01-29 18:17:31,781 P1646 [INFO] ============================================================
2024-01-29 18:17:31,782 P1646 [INFO] Command clearbackupfiles
2024-01-29 18:17:31,787 P1646 [INFO] Completed successfully.
2024-01-29 18:17:44,382 P2037 [INFO] ************************************************************
2024-01-29 18:17:44,382 P2037 [INFO] ConfigSet Infra-EmbeddedPreBuild
2024-01-29 18:17:44,385 P2037 [INFO] ++++++++++++++++++++++++++++++++++++++++++++++++++++++++++++
2024-01-29 18:17:44,385 P2037 [INFO] Config prebuild_0_hisab_backend
2024-01-29 18:18:17,799 P2293 [INFO] ************************************************************
2024-01-29 18:18:17,799 P2293 [INFO] ConfigSet Infra-EmbeddedPostBuild
2024-01-29 18:19:45,280 P2803 [INFO] ************************************************************
2024-01-29 18:19:45,281 P2803 [INFO] ConfigSet Infra-EmbeddedPreBuild
2024-01-29 18:19:45,283 P2803 [INFO] ++++++++++++++++++++++++++++++++++++++++++++++++++++++++++++
2024-01-29 18:19:45,283 P2803 [INFO] Config prebuild_0_hisab_backend
2024-01-29 18:19:50,406 P3088 [INFO] ************************************************************
2024-01-29 18:19:50,406 P3088 [INFO] ConfigSet Infra-EmbeddedPostBuild
2024-01-29 18:21:38,417 P3830 [INFO] ************************************************************
2024-01-29 18:21:38,417 P3830 [INFO] ConfigSet Infra-EmbeddedPreBuild
2024-01-29 18:22:08,297 P4203 [INFO] ************************************************************
2024-01-29 18:22:08,298 P4203 [INFO] ConfigSet Infra-EmbeddedPostBuild
2024-01-29 18:29:20,951 P4791 [INFO] ************************************************************
2024-01-29 18:29:20,951 P4791 [INFO] ConfigSet Infra-EmbeddedPreBuild
2024-01-29 18:29:38,458 P5168 [INFO] ************************************************************
2024-01-29 18:29:38,458 P5168 [INFO] ConfigSet Infra-EmbeddedPostBuild
2024-01-29 18:47:03,688 P5924 [INFO] ************************************************************
2024-01-29 18:47:03,688 P5924 [INFO] ConfigSet Infra-EmbeddedPreBuild
2024-01-29 18:47:20,519 P6297 [INFO] ************************************************************
2024-01-29 18:47:20,520 P6297 [INFO] ConfigSet Infra-EmbeddedPostBuild
