2024-01-29T18:17:44.647481686Z container prune  (reclaimed=0)
2024-01-29T18:18:14.592903555Z image tag sha256:ca5fa1deae93591be22dafa0525dc72c8a62a15dfd86bbcc40bc9bfde967b94d (name=aws_beanstalk/staging-app)
2024-01-29T18:18:17.921210669Z container create eb858debfb6ad7fbba431ca7ad177a67c09ba67f597c5b07fa57d0bdc9de0e8e (image=ca5fa1deae93, name=nostalgic_keller)
2024-01-29T18:18:17.995070645Z network connect 5d7b00752d674e7941187cf9dc0c301234e8f07c1258f68c176ac0ec76afd831 (container=eb858debfb6ad7fbba431ca7ad177a67c09ba67f597c5b07fa57d0bdc9de0e8e, name=bridge, type=bridge)
2024-01-29T18:18:18.758719897Z container start eb858debfb6ad7fbba431ca7ad177a67c09ba67f597c5b07fa57d0bdc9de0e8e (image=ca5fa1deae93, name=nostalgic_keller)
2024-01-29T18:18:24.927493563Z image tag sha256:ca5fa1deae93591be22dafa0525dc72c8a62a15dfd86bbcc40bc9bfde967b94d (name=aws_beanstalk/current-app:latest)
2024-01-29T18:18:24.949952413Z image untag sha256:ca5fa1deae93591be22dafa0525dc72c8a62a15dfd86bbcc40bc9bfde967b94d (name=sha256:ca5fa1deae93591be22dafa0525dc72c8a62a15dfd86bbcc40bc9bfde967b94d)
2024-01-29T18:19:45.392096506Z container prune  (reclaimed=0)
2024-01-29T18:19:46.644106912Z image tag sha256:ca5fa1deae93591be22dafa0525dc72c8a62a15dfd86bbcc40bc9bfde967b94d (name=aws_beanstalk/staging-app)
2024-01-29T18:19:51.460272012Z container kill eb858debfb6ad7fbba431ca7ad177a67c09ba67f597c5b07fa57d0bdc9de0e8e (image=ca5fa1deae93, name=nostalgic_keller, signal=15)
2024-01-29T18:20:01.483132109Z container kill eb858debfb6ad7fbba431ca7ad177a67c09ba67f597c5b07fa57d0bdc9de0e8e (image=ca5fa1deae93, name=nostalgic_keller, signal=9)
2024-01-29T18:20:01.824826977Z network disconnect 5d7b00752d674e7941187cf9dc0c301234e8f07c1258f68c176ac0ec76afd831 (container=eb858debfb6ad7fbba431ca7ad177a67c09ba67f597c5b07fa57d0bdc9de0e8e, name=bridge, type=bridge)
2024-01-29T18:20:01.839192871Z container stop eb858debfb6ad7fbba431ca7ad177a67c09ba67f597c5b07fa57d0bdc9de0e8e (image=ca5fa1deae93, name=nostalgic_keller)
2024-01-29T18:20:01.849951679Z container die eb858debfb6ad7fbba431ca7ad177a67c09ba67f597c5b07fa57d0bdc9de0e8e (execDuration=102, exitCode=137, image=ca5fa1deae93, name=nostalgic_keller)
2024-01-29T18:20:03.622001705Z container destroy eb858debfb6ad7fbba431ca7ad177a67c09ba67f597c5b07fa57d0bdc9de0e8e (image=ca5fa1deae93, name=nostalgic_keller)
2024-01-29T18:20:03.622062622Z container prune  (reclaimed=1449337)
2024-01-29T18:20:03.703294406Z image untag sha256:ca5fa1deae93591be22dafa0525dc72c8a62a15dfd86bbcc40bc9bfde967b94d (name=sha256:ca5fa1deae93591be22dafa0525dc72c8a62a15dfd86bbcc40bc9bfde967b94d)
2024-01-29T18:20:03.766567331Z container create f94f9426cbb689afec0f5842981764b7f05bd467bdfbef4a5890d40d450ae5fa (image=ca5fa1deae93, name=thirsty_mendel)
2024-01-29T18:20:03.809176852Z network connect 5d7b00752d674e7941187cf9dc0c301234e8f07c1258f68c176ac0ec76afd831 (container=f94f9426cbb689afec0f5842981764b7f05bd467bdfbef4a5890d40d450ae5fa, name=bridge, type=bridge)
2024-01-29T18:20:04.236047147Z container start f94f9426cbb689afec0f5842981764b7f05bd467bdfbef4a5890d40d450ae5fa (image=ca5fa1deae93, name=thirsty_mendel)
2024-01-29T18:20:10.286154122Z image tag sha256:ca5fa1deae93591be22dafa0525dc72c8a62a15dfd86bbcc40bc9bfde967b94d (name=aws_beanstalk/current-app:latest)
2024-01-29T18:20:10.311866966Z image untag sha256:ca5fa1deae93591be22dafa0525dc72c8a62a15dfd86bbcc40bc9bfde967b94d (name=sha256:ca5fa1deae93591be22dafa0525dc72c8a62a15dfd86bbcc40bc9bfde967b94d)
2024-01-29T18:21:38.543540174Z container prune  (reclaimed=0)
2024-01-29T18:22:02.881935077Z image pull 471947097906.dkr.ecr.eu-west-1.amazonaws.com/hisab-backend/hisab-backend:0f54a29e1a1bda2f34f2d88168096a93f4c5e0cf (name=471947097906.dkr.ecr.eu-west-1.amazonaws.com/hisab-backend/hisab-backend)
2024-01-29T18:22:03.747410938Z image tag sha256:940deb31ba2b03be74f5f1f06af83da22dca2fdbfa5cd695269f335a909a1698 (name=aws_beanstalk/staging-app)
2024-01-29T18:22:09.439218799Z container kill f94f9426cbb689afec0f5842981764b7f05bd467bdfbef4a5890d40d450ae5fa (image=ca5fa1deae93, name=thirsty_mendel, signal=15)
2024-01-29T18:22:19.456099630Z container kill f94f9426cbb689afec0f5842981764b7f05bd467bdfbef4a5890d40d450ae5fa (image=ca5fa1deae93, name=thirsty_mendel, signal=9)
2024-01-29T18:22:19.746053810Z network disconnect 5d7b00752d674e7941187cf9dc0c301234e8f07c1258f68c176ac0ec76afd831 (container=f94f9426cbb689afec0f5842981764b7f05bd467bdfbef4a5890d40d450ae5fa, name=bridge, type=bridge)
2024-01-29T18:22:19.759064727Z container stop f94f9426cbb689afec0f5842981764b7f05bd467bdfbef4a5890d40d450ae5fa (image=ca5fa1deae93, name=thirsty_mendel)
2024-01-29T18:22:19.765145010Z container die f94f9426cbb689afec0f5842981764b7f05bd467bdfbef4a5890d40d450ae5fa (execDuration=135, exitCode=137, image=ca5fa1deae93, name=thirsty_mendel)
2024-01-29T18:22:21.208054368Z container destroy f94f9426cbb689afec0f5842981764b7f05bd467bdfbef4a5890d40d450ae5fa (image=ca5fa1deae93, name=thirsty_mendel)
2024-01-29T18:22:21.208121020Z container prune  (reclaimed=1449337)
2024-01-29T18:22:21.256087520Z image untag sha256:ca5fa1deae93591be22dafa0525dc72c8a62a15dfd86bbcc40bc9bfde967b94d (name=sha256:ca5fa1deae93591be22dafa0525dc72c8a62a15dfd86bbcc40bc9bfde967b94d)
2024-01-29T18:22:21.257215220Z image delete sha256:ca5fa1deae93591be22dafa0525dc72c8a62a15dfd86bbcc40bc9bfde967b94d (name=sha256:ca5fa1deae93591be22dafa0525dc72c8a62a15dfd86bbcc40bc9bfde967b94d)
2024-01-29T18:22:21.293342185Z container create 5c117c828ccfbdee493ff579ec209b431827dffd9dc7513adec1dc0ec02937f9 (image=940deb31ba2b, name=sweet_haibt)
2024-01-29T18:22:21.330659207Z network connect 5d7b00752d674e7941187cf9dc0c301234e8f07c1258f68c176ac0ec76afd831 (container=5c117c828ccfbdee493ff579ec209b431827dffd9dc7513adec1dc0ec02937f9, name=bridge, type=bridge)
2024-01-29T18:22:22.074561116Z network disconnect 5d7b00752d674e7941187cf9dc0c301234e8f07c1258f68c176ac0ec76afd831 (container=5c117c828ccfbdee493ff579ec209b431827dffd9dc7513adec1dc0ec02937f9, name=bridge, type=bridge)
2024-01-29T18:29:21.079866922Z container destroy 5c117c828ccfbdee493ff579ec209b431827dffd9dc7513adec1dc0ec02937f9 (image=940deb31ba2b, name=sweet_haibt)
2024-01-29T18:29:21.079907904Z container prune  (reclaimed=0)
2024-01-29T18:29:33.652439857Z image pull 471947097906.dkr.ecr.eu-west-1.amazonaws.com/hisab-backend/hisab-backend:8e2baae9a283371fc1f7368dd709c927cc4c2e5c (name=471947097906.dkr.ecr.eu-west-1.amazonaws.com/hisab-backend/hisab-backend)
2024-01-29T18:29:34.445789866Z image tag sha256:3db66b806590c6f990c6a6b85c260ea39572bb05d47e943761af61f3689abe6f (name=aws_beanstalk/staging-app)
2024-01-29T18:29:38.749937808Z container prune  (reclaimed=0)
2024-01-29T18:29:38.899739090Z container create 163cf66c8cbaccb5de6ca4b56373ae09b7b7014cfa73f7a6442b6c81b4991b74 (image=3db66b806590, name=blissful_buck)
2024-01-29T18:29:38.968043410Z network connect 5d7b00752d674e7941187cf9dc0c301234e8f07c1258f68c176ac0ec76afd831 (container=163cf66c8cbaccb5de6ca4b56373ae09b7b7014cfa73f7a6442b6c81b4991b74, name=bridge, type=bridge)
2024-01-29T18:29:39.663908242Z container start 163cf66c8cbaccb5de6ca4b56373ae09b7b7014cfa73f7a6442b6c81b4991b74 (image=3db66b806590, name=blissful_buck)
2024-01-29T18:29:40.078611053Z network disconnect 5d7b00752d674e7941187cf9dc0c301234e8f07c1258f68c176ac0ec76afd831 (container=163cf66c8cbaccb5de6ca4b56373ae09b7b7014cfa73f7a6442b6c81b4991b74, name=bridge, type=bridge)
2024-01-29T18:29:40.089687388Z container die 163cf66c8cbaccb5de6ca4b56373ae09b7b7014cfa73f7a6442b6c81b4991b74 (execDuration=0, exitCode=1, image=3db66b806590, name=blissful_buck)
2024-01-29T18:47:03.783746146Z container destroy 163cf66c8cbaccb5de6ca4b56373ae09b7b7014cfa73f7a6442b6c81b4991b74 (image=3db66b806590, name=blissful_buck)
2024-01-29T18:47:03.783786940Z container prune  (reclaimed=0)
2024-01-29T18:47:15.828882440Z image pull 471947097906.dkr.ecr.eu-west-1.amazonaws.com/hisab-backend/hisab-backend:8e2baae9a283371fc1f7368dd709c927cc4c2e5c (name=471947097906.dkr.ecr.eu-west-1.amazonaws.com/hisab-backend/hisab-backend)
2024-01-29T18:47:16.639020632Z image tag sha256:266d3149c476534648d0e7988c0c7533cdd4fd33a80c878d24e9788dfe3a19af (name=aws_beanstalk/staging-app)
2024-01-29T18:47:20.786888306Z container prune  (reclaimed=0)
2024-01-29T18:47:20.950843131Z container create f349b4adc1e002eaa2cf6ce80db8527a11a5d6327db39b153f8ea2303926d037 (image=266d3149c476, name=reverent_lederberg)
2024-01-29T18:47:21.005395116Z network connect 5d7b00752d674e7941187cf9dc0c301234e8f07c1258f68c176ac0ec76afd831 (container=f349b4adc1e002eaa2cf6ce80db8527a11a5d6327db39b153f8ea2303926d037, name=bridge, type=bridge)
2024-01-29T18:47:21.665988586Z container start f349b4adc1e002eaa2cf6ce80db8527a11a5d6327db39b153f8ea2303926d037 (image=266d3149c476, name=reverent_lederberg)
2024-01-29T18:47:22.105582664Z network disconnect 5d7b00752d674e7941187cf9dc0c301234e8f07c1258f68c176ac0ec76afd831 (container=f349b4adc1e002eaa2cf6ce80db8527a11a5d6327db39b153f8ea2303926d037, name=bridge, type=bridge)
2024-01-29T18:47:22.112021954Z container die f349b4adc1e002eaa2cf6ce80db8527a11a5d6327db39b153f8ea2303926d037 (execDuration=0, exitCode=1, image=266d3149c476, name=reverent_lederberg)
