[2024-01-29T18:05:39Z] Started EB User Data
+ SLEEP_TIME=2
+ SLEEP_TIME_MAX=3600
+ true
+ curl https://elasticbeanstalk-platform-assets-eu-west-1.s3.eu-west-1.amazonaws.com/stalks/eb_docker_amazon_linux_2023_1.0.420.0_20240123011222/lib/UserDataScript.sh
  % Total    % Received % Xferd  Average Speed   Time    Time     Time  Current
                                 Dload  Upload   Total   Spent    Left  Speed
  0     0    0     0    0     0      0      0 --:--:-- --:--:-- --:--:--     0100  4627  100  4627    0     0  21499      0 --:--:-- --:--:-- --:--:-- 21520100  4627  100  4627    0     0  21391      0 --:--:-- --:--:-- --:--:-- 21421
+ RESULT=0
+ [[ 0 -ne 0 ]]
+ /bin/bash /tmp/ebbootstrap.sh 'https://cloudformation-waitcondition-eu-west-1.s3-eu-west-1.amazonaws.com/arn%3Aaws%3Acloudformation%3Aeu-west-1%3A471947097906%3Astack/awseb-e-8gmkc7rmw6-stack/e739e470-bed0-11ee-9627-0a7a22b9c067/AWSEBInstanceLaunchWaitHandle?X-Amz-Algorithm=AWS4-HMAC-SHA256&X-Amz-Date=20240129T180457Z&X-Amz-SignedHeaders=host&X-Amz-Expires=86399&X-Amz-Credential=AKIAU7SEXKRMX6OSFN7H%2F20240129%2Feu-west-1%2Fs3%2Faws4_request&X-Amz-Signature=dde42f98ebd903e865840589ebf31f36581a7b64291be5ebaf50ea9ed0168756' arn:aws:cloudformation:eu-west-1:471947097906:stack/awseb-e-8gmkc7rmw6-stack/e739e470-bed0-11ee-9627-0a7a22b9c067 d43c4ddf-8a7f-4333-911e-110a8870de17 https://elasticbeanstalk-health.eu-west-1.amazonaws.com '' https://elasticbeanstalk-platform-assets-eu-west-1.s3.eu-west-1.amazonaws.com/stalks/eb_docker_amazon_linux_2023_1.0.420.0_20240123011222 eu-west-1
[2024-01-29T18:05:39.451Z] Started EB Bootstrapping Script.
[2024-01-29T18:05:39.454Z] Received parameters:
 TARBALLS = 
 EB_GEMS = 
 SIGNAL_URL = https://cloudformation-waitcondition-eu-west-1.s3-eu-west-1.amazonaws.com/arn%3Aaws%3Acloudformation%3Aeu-west-1%3A471947097906%3Astack/awseb-e-8gmkc7rmw6-stack/e739e470-bed0-11ee-9627-0a7a22b9c067/AWSEBInstanceLaunchWaitHandle?X-Amz-Algorithm=AWS4-HMAC-SHA256&X-Amz-Date=20240129T180457Z&X-Amz-SignedHeaders=host&X-Amz-Expires=86399&X-Amz-Credential=AKIAU7SEXKRMX6OSFN7H%2F20240129%2Feu-west-1%2Fs3%2Faws4_request&X-Amz-Signature=dde42f98ebd903e865840589ebf31f36581a7b64291be5ebaf50ea9ed0168756
 STACK_ID = arn:aws:cloudformation:eu-west-1:471947097906:stack/awseb-e-8gmkc7rmw6-stack/e739e470-bed0-11ee-9627-0a7a22b9c067
 REGION = eu-west-1
 GUID = 
 HEALTHD_GROUP_ID = d43c4ddf-8a7f-4333-911e-110a8870de17
 HEALTHD_ENDPOINT = https://elasticbeanstalk-health.eu-west-1.amazonaws.com
 PROXY_SERVER = 
 HEALTHD_PROXY_LOG_LOCATION = 
 PLATFORM_ASSETS_URL = https://elasticbeanstalk-platform-assets-eu-west-1.s3.eu-west-1.amazonaws.com/stalks/eb_docker_amazon_linux_2023_1.0.420.0_20240123011222
[2024-01-29T18:05:39.463Z] engine url is set to https://elasticbeanstalk-platform-assets-eu-west-1.s3.eu-west-1.amazonaws.com/stalks/eb_docker_amazon_linux_2023_1.0.420.0_20240123011222/lib/platform-engine.zip
[2024-01-29T18:05:39.466Z] first init of instance.
[2024-01-29T18:05:39.472Z] Started executing cfn_init _OnInstanceBoot.
[2024-01-29T18:05:39.475Z] Running cfn-init ConfigSet: _OnInstanceBoot.
[2024-01-29T18:05:39.482Z] Using stack-id from userdata
[2024-01-29T18:05:41.164Z] Command Returned: 
[2024-01-29T18:05:41.168Z] Completed executing cfn_init.
[2024-01-29T18:05:41.173Z] finished _OnInstanceBoot
--2024-01-29 18:05:41--  https://elasticbeanstalk-platform-assets-eu-west-1.s3.eu-west-1.amazonaws.com/stalks/eb_docker_amazon_linux_2023_1.0.420.0_20240123011222/lib/platform-engine.zip
Resolving elasticbeanstalk-platform-assets-eu-west-1.s3.eu-west-1.amazonaws.com (elasticbeanstalk-platform-assets-eu-west-1.s3.eu-west-1.amazonaws.com)... 52.218.90.24, 3.5.72.1, 52.218.105.203, ...
Connecting to elasticbeanstalk-platform-assets-eu-west-1.s3.eu-west-1.amazonaws.com (elasticbeanstalk-platform-assets-eu-west-1.s3.eu-west-1.amazonaws.com)|52.218.90.24|:443... connected.
HTTP request sent, awaiting response... 200 OK
Length: 26134926 (25M) [application/zip]
Saving to: ‘/tmp/platform-engine.zip’

     0K .......... .......... .......... .......... ..........  0% 18.1M 1s
    50K .......... .......... .......... .......... ..........  0% 18.8M 1s
   100K .......... .......... .......... .......... ..........  0% 4.20M 3s
   150K .......... .......... .......... .......... ..........  0% 17.1M 3s
   200K .......... .......... .......... .......... ..........  0% 17.4M 2s
   250K .......... .......... .......... .......... ..........  1% 19.7M 2s
   300K .......... .......... .......... .......... ..........  1% 3.96M 3s
   350K .......... .......... .......... .......... ..........  1% 18.0M 3s
   400K .......... .......... .......... .......... ..........  1% 16.8M 2s
   450K .......... .......... .......... .......... ..........  1% 18.2M 2s
   500K .......... .......... .......... .......... ..........  2% 11.9M 2s
   550K .......... .......... .......... .......... ..........  2% 15.9M 2s
   600K .......... .......... .......... .......... ..........  2% 17.5M 2s
   650K .......... .......... .......... .......... ..........  2% 18.3M 2s
   700K .......... .......... .......... .......... ..........  2% 20.0M 2s
   750K .......... .......... .......... .......... ..........  3% 19.5M 2s
   800K .......... .......... .......... .......... ..........  3% 19.1M 2s
   850K .......... .......... .......... .......... ..........  3% 18.0M 2s
   900K .......... .......... .......... .......... ..........  3% 19.6M 2s
   950K .......... .......... .......... .......... ..........  3% 17.3M 2s
  1000K .......... .......... .......... .......... ..........  4% 3.60M 2s
  1050K .......... .......... .......... .......... ..........  4% 24.9M 2s
  1100K .......... .......... .......... .......... ..........  4%  176M 2s
  1150K .......... .......... .......... .......... ..........  4%  321M 2s
  1200K .......... .......... .......... .......... ..........  4%  265M 2s
  1250K .......... .......... .......... .......... ..........  5%  263M 2s
  1300K .......... .......... .......... .......... ..........  5%  294M 2s
  1350K .......... .......... .......... .......... ..........  5%  293M 2s
  1400K .......... .......... .......... .......... ..........  5% 6.97M 2s
  1450K .......... .......... .......... .......... ..........  5% 76.1M 2s
  1500K .......... .......... .......... .......... ..........  6% 62.8M 2s
  1550K .......... .......... .......... .......... ..........  6% 87.7M 1s
  1600K .......... .......... .......... .......... ..........  6% 68.5M 1s
  1650K .......... .......... .......... .......... ..........  6% 72.5M 1s
  1700K .......... .......... .......... .......... ..........  6% 75.1M 1s
  1750K .......... .......... .......... .......... ..........  7% 77.3M 1s
  1800K .......... .......... .......... .......... ..........  7% 72.1M 1s
  1850K .......... .......... .......... .......... ..........  7% 1.43M 2s
  1900K .......... .......... .......... .......... ..........  7% 17.4M 2s
  1950K .......... .......... .......... .......... ..........  7% 2.87M 2s
  2000K .......... .......... .......... .......... ..........  8% 23.4M 2s
  2050K .......... .......... .......... .......... ..........  8%  276M 2s
  2100K .......... .......... .......... .......... ..........  8%  296M 2s
  2150K .......... .......... .......... .......... ..........  8%  299M 2s
  2200K .......... .......... .......... .......... ..........  8%  277M 2s
  2250K .......... .......... .......... .......... ..........  9%  284M 2s
  2300K .......... .......... .......... .......... ..........  9%  237M 2s
  2350K .......... .......... .......... .......... ..........  9%  290M 2s
  2400K .......... .......... .......... .......... ..........  9%  317M 2s
  2450K .......... .......... .......... .......... ..........  9%  287M 1s
  2500K .......... .......... .......... .......... ..........  9%  269M 1s
  2550K .......... .......... .......... .......... .......... 10%  270M 1s
  2600K .......... .......... .......... .......... .......... 10%  265M 1s
  2650K .......... .......... .......... .......... .......... 10%  152M 1s
  2700K .......... .......... .......... .......... .......... 10%  302M 1s
  2750K .......... .......... .......... .......... .......... 10%  265M 1s
  2800K .......... .......... .......... .......... .......... 11%  337M 1s
  2850K .......... .......... .......... .......... .......... 11%  299M 1s
  2900K .......... .......... .......... .......... .......... 11%  265M 1s
  2950K .......... .......... .......... .......... .......... 11%  276M 1s
  3000K .......... .......... .......... .......... .......... 11%  289M 1s
  3050K .......... .......... .......... .......... .......... 12%  250M 1s
  3100K .......... .......... .......... .......... .......... 12%  268M 1s
  3150K .......... .......... .......... .......... .......... 12%  278M 1s
  3200K .......... .......... .......... .......... .......... 12%  292M 1s
  3250K .......... .......... .......... .......... .......... 12%  296M 1s
  3300K .......... .......... .......... .......... .......... 13%  288M 1s
  3350K .......... .......... .......... .......... .......... 13%  294M 1s
  3400K .......... .......... .......... .......... .......... 13%  256M 1s
  3450K .......... .......... .......... .......... .......... 13%  286M 1s
  3500K .......... .......... .......... .......... .......... 13%  297M 1s
  3550K .......... .......... .......... .......... .......... 14%  278M 1s
  3600K .......... .......... .......... .......... .......... 14%  284M 1s
  3650K .......... .......... .......... .......... .......... 14%  348M 1s
  3700K .......... .......... .......... .......... .......... 14%  318M 1s
  3750K .......... .......... .......... .......... .......... 14%  302M 1s
  3800K .......... .......... .......... .......... .......... 15%  282M 1s
  3850K .......... .......... .......... .......... .......... 15%  295M 1s
  3900K .......... .......... .......... .......... .......... 15%  277M 1s
  3950K .......... .......... .......... .......... .......... 15%  268M 1s
  4000K .......... .......... .......... .......... .......... 15%  268M 1s
  4050K .......... .......... .......... .......... .......... 16%  275M 1s
  4100K .......... .......... .......... .......... .......... 16%  301M 1s
  4150K .......... .......... .......... .......... .......... 16%  131M 1s
  4200K .......... .......... .......... .......... .......... 16%  829K 1s
  4250K .......... .......... .......... .......... .......... 16%  284M 1s
  4300K .......... .......... .......... .......... .......... 17%  267M 1s
  4350K .......... .......... .......... .......... .......... 17%  287M 1s
  4400K .......... .......... .......... .......... .......... 17%  285M 1s
  4450K .......... .......... .......... .......... .......... 17%  289M 1s
  4500K .......... .......... .......... .......... .......... 17%  200M 1s
  4550K .......... .......... .......... .......... .......... 18%  126M 1s
  4600K .......... .......... .......... .......... .......... 18%  283M 1s
  4650K .......... .......... .......... .......... .......... 18%  205M 1s
  4700K .......... .......... .......... .......... .......... 18%  100M 1s
  4750K .......... .......... .......... .......... .......... 18%  142M 1s
  4800K .......... .......... .......... .......... .......... 19%  291M 1s
  4850K .......... .......... .......... .......... .......... 19%  267M 1s
  4900K .......... .......... .......... .......... .......... 19%  283M 1s
  4950K .......... .......... .......... .......... .......... 19%  187M 1s
  5000K .......... .......... .......... .......... .......... 19% 99.6M 1s
  5050K .......... .......... .......... .......... .......... 19%  185M 1s
  5100K .......... .......... .......... .......... .......... 20%  288M 1s
  5150K .......... .......... .......... .......... .......... 20%  265M 1s
  5200K .......... .......... .......... .......... .......... 20%  227M 1s
  5250K .......... .......... .......... .......... .......... 20%  158M 1s
  5300K .......... .......... .......... .......... .......... 20%  300M 1s
  5350K .......... .......... .......... .......... .......... 21%  332M 1s
  5400K .......... .......... .......... .......... .......... 21%  327M 1s
  5450K .......... .......... .......... .......... .......... 21%  295M 1s
  5500K .......... .......... .......... .......... .......... 21%  290M 1s
  5550K .......... .......... .......... .......... .......... 21%  296M 1s
  5600K .......... .......... .......... .......... .......... 22%  294M 1s
  5650K .......... .......... .......... .......... .......... 22%  289M 1s
  5700K .......... .......... .......... .......... .......... 22%  278M 1s
  5750K .......... .......... .......... .......... .......... 22%  311M 1s
  5800K .......... .......... .......... .......... .......... 22%  335M 1s
  5850K .......... .......... .......... .......... .......... 23%  303M 1s
  5900K .......... .......... .......... .......... .......... 23%  262M 1s
  5950K .......... .......... .......... .......... .......... 23%  183M 1s
  6000K .......... .......... .......... .......... .......... 23%  213M 1s
  6050K .......... .......... .......... .......... .......... 23%  189M 1s
  6100K .......... .......... .......... .......... .......... 24%  215M 1s
  6150K .......... .......... .......... .......... .......... 24%  290M 1s
  6200K .......... .......... .......... .......... .......... 24%  120M 1s
  6250K .......... .......... .......... .......... .......... 24%  195M 1s
  6300K .......... .......... .......... .......... .......... 24%  198M 1s
  6350K .......... .......... .......... .......... .......... 25% 4.71M 1s
  6400K .......... .......... .......... .......... .......... 25%  224M 1s
  6450K .......... .......... .......... .......... .......... 25%  258M 1s
  6500K .......... .......... .......... .......... .......... 25%  301M 1s
  6550K .......... .......... .......... .......... .......... 25%  251M 1s
  6600K .......... .......... .......... .......... .......... 26%  283M 1s
  6650K .......... .......... .......... .......... .......... 26%  142M 1s
  6700K .......... .......... .......... .......... .......... 26%  180M 1s
  6750K .......... .......... .......... .......... .......... 26%  261M 1s
  6800K .......... .......... .......... .......... .......... 26%  161M 1s
  6850K .......... .......... .......... .......... .......... 27%  177M 1s
  6900K .......... .......... .......... .......... .......... 27%  151M 1s
  6950K .......... .......... .......... .......... .......... 27%  282M 1s
  7000K .......... .......... .......... .......... .......... 27%  275M 1s
  7050K .......... .......... .......... .......... .......... 27%  168M 1s
  7100K .......... .......... .......... .......... .......... 28%  269M 1s
  7150K .......... .......... .......... .......... .......... 28%  183M 1s
  7200K .......... .......... .......... .......... .......... 28%  253M 1s
  7250K .......... .......... .......... .......... .......... 28%  264M 1s
  7300K .......... .......... .......... .......... .......... 28%  224M 1s
  7350K .......... .......... .......... .......... .......... 28%  250M 1s
  7400K .......... .......... .......... .......... .......... 29%  196M 1s
  7450K .......... .......... .......... .......... .......... 29%  256M 1s
  7500K .......... .......... .......... .......... .......... 29%  318M 1s
  7550K .......... .......... .......... .......... .......... 29%  146M 1s
  7600K .......... .......... .......... .......... .......... 29%  296M 1s
  7650K .......... .......... .......... .......... .......... 30%  194M 1s
  7700K .......... .......... .......... .......... .......... 30%  235M 1s
  7750K .......... .......... .......... .......... .......... 30%  298M 1s
  7800K .......... .......... .......... .......... .......... 30%  142M 1s
  7850K .......... .......... .......... .......... .......... 30%  244M 1s
  7900K .......... .......... .......... .......... .......... 31%  322M 1s
  7950K .......... .......... .......... .......... .......... 31%  227M 1s
  8000K .......... .......... .......... .......... .......... 31%  229M 1s
  8050K .......... .......... .......... .......... .......... 31%  167M 1s
  8100K .......... .......... .......... .......... .......... 31%  223M 1s
  8150K .......... .......... .......... .......... .......... 32%  101M 1s
  8200K .......... .......... .......... .......... .......... 32%  292M 1s
  8250K .......... .......... .......... .......... .......... 32%  276M 1s
  8300K .......... .......... .......... .......... .......... 32%  242M 1s
  8350K .......... .......... .......... .......... .......... 32%  218M 1s
  8400K .......... .......... .......... .......... .......... 33%  203M 1s
  8450K .......... .......... .......... .......... .......... 33%  243M 1s
  8500K .......... .......... .......... .......... .......... 33%  300M 1s
  8550K .......... .......... .......... .......... .......... 33% 4.60M 1s
  8600K .......... .......... .......... .......... .......... 33%  283M 1s
  8650K .......... .......... .......... .......... .......... 34%  196M 1s
  8700K .......... .......... .......... .......... .......... 34%  284M 1s
  8750K .......... .......... .......... .......... .......... 34%  343M 1s
  8800K .......... .......... .......... .......... .......... 34%  332M 1s
  8850K .......... .......... .......... .......... .......... 34%  298M 1s
  8900K .......... .......... .......... .......... .......... 35%  287M 0s
  8950K .......... .......... .......... .......... .......... 35%  228M 0s
  9000K .......... .......... .......... .......... .......... 35%  162M 0s
  9050K .......... .......... .......... .......... .......... 35%  191M 0s
  9100K .......... .......... .......... .......... .......... 35%  138M 0s
  9150K .......... .......... .......... .......... .......... 36%  269M 0s
  9200K .......... .......... .......... .......... .......... 36%  297M 0s
  9250K .......... .......... .......... .......... .......... 36%  193M 0s
  9300K .......... .......... .......... .......... .......... 36%  189M 0s
  9350K .......... .......... .......... .......... .......... 36% 91.9M 0s
  9400K .......... .......... .......... .......... .......... 37%  210M 0s
  9450K .......... .......... .......... .......... .......... 37%  244M 0s
  9500K .......... .......... .......... .......... .......... 37%  212M 0s
  9550K .......... .......... .......... .......... .......... 37%  250M 0s
  9600K .......... .......... .......... .......... .......... 37%  243M 0s
  9650K .......... .......... .......... .......... .......... 38%  158M 0s
  9700K .......... .......... .......... .......... .......... 38%  247M 0s
  9750K .......... .......... .......... .......... .......... 38%  211M 0s
  9800K .......... .......... .......... .......... .......... 38%  182M 0s
  9850K .......... .......... .......... .......... .......... 38%  238M 0s
  9900K .......... .......... .......... .......... .......... 38%  185M 0s
  9950K .......... .......... .......... .......... .......... 39%  249M 0s
 10000K .......... .......... .......... .......... .......... 39%  181M 0s
 10050K .......... .......... .......... .......... .......... 39%  194M 0s
 10100K .......... .......... .......... .......... .......... 39%  235M 0s
 10150K .......... .......... .......... .......... .......... 39%  186M 0s
 10200K .......... .......... .......... .......... .......... 40%  212M 0s
 10250K .......... .......... .......... .......... .......... 40%  169M 0s
 10300K .......... .......... .......... .......... .......... 40%  248M 0s
 10350K .......... .......... .......... .......... .......... 40%  192M 0s
 10400K .......... .......... .......... .......... .......... 40%  261M 0s
 10450K .......... .......... .......... .......... .......... 41%  311M 0s
 10500K .......... .......... .......... .......... .......... 41%  305M 0s
 10550K .......... .......... .......... .......... .......... 41%  277M 0s
 10600K .......... .......... .......... .......... .......... 41% 5.01M 0s
 10650K .......... .......... .......... .......... .......... 41%  160M 0s
 10700K .......... .......... .......... .......... .......... 42%  277M 0s
 10750K .......... .......... .......... .......... .......... 42%  287M 0s
 10800K .......... .......... .......... .......... .......... 42%  243M 0s
 10850K .......... .......... .......... .......... .......... 42%  294M 0s
 10900K .......... .......... .......... .......... .......... 42%  271M 0s
 10950K .......... .......... .......... .......... .......... 43%  153M 0s
 11000K .......... .......... .......... .......... .......... 43%  192M 0s
 11050K .......... .......... .......... .......... .......... 43%  169M 0s
 11100K .......... .......... .......... .......... .......... 43%  230M 0s
 11150K .......... .......... .......... .......... .......... 43%  277M 0s
 11200K .......... .......... .......... .......... .......... 44% 90.2M 0s
 11250K .......... .......... .......... .......... .......... 44% 66.7M 0s
 11300K .......... .......... .......... .......... .......... 44% 68.4M 0s
 11350K .......... .......... .......... .......... .......... 44% 86.9M 0s
 11400K .......... .......... .......... .......... .......... 44% 83.9M 0s
 11450K .......... .......... .......... .......... .......... 45% 64.0M 0s
 11500K .......... .......... .......... .......... .......... 45% 68.2M 0s
 11550K .......... .......... .......... .......... .......... 45% 81.6M 0s
 11600K .......... .......... .......... .......... .......... 45% 80.3M 0s
 11650K .......... .......... .......... .......... .......... 45% 79.6M 0s
 11700K .......... .......... .......... .......... .......... 46% 80.2M 0s
 11750K .......... .......... .......... .......... .......... 46% 4.02M 0s
 11800K .......... .......... .......... .......... .......... 46% 84.1M 0s
 11850K .......... .......... .......... .......... .......... 46% 83.6M 0s
 11900K .......... .......... .......... .......... .......... 46% 59.5M 0s
 11950K .......... .......... .......... .......... .......... 47% 63.0M 0s
 12000K .......... .......... .......... .......... .......... 47% 81.1M 0s
 12050K .......... .......... .......... .......... .......... 47% 84.0M 0s
 12100K .......... .......... .......... .......... .......... 47% 65.9M 0s
 12150K .......... .......... .......... .......... .......... 47% 66.9M 0s
 12200K .......... .......... .......... .......... .......... 47% 75.8M 0s
 12250K .......... .......... .......... .......... .......... 48% 75.1M 0s
 12300K .......... .......... .......... .......... .......... 48% 82.3M 0s
 12350K .......... .......... .......... .......... .......... 48% 81.7M 0s
 12400K .......... .......... .......... .......... .......... 48% 62.4M 0s
 12450K .......... .......... .......... .......... .......... 48% 61.2M 0s
 12500K .......... .......... .......... .......... .......... 49% 65.9M 0s
 12550K .......... .......... .......... .......... .......... 49% 84.4M 0s
 12600K .......... .......... .......... .......... .......... 49%  231M 0s
 12650K .......... .......... .......... .......... .......... 49%  275M 0s
 12700K .......... .......... .......... .......... .......... 49%  285M 0s
 12750K .......... .......... .......... .......... .......... 50%  299M 0s
 12800K .......... .......... .......... .......... .......... 50%  146M 0s
 12850K .......... .......... .......... .......... .......... 50%  282M 0s
 12900K .......... .......... .......... .......... .......... 50%  292M 0s
 12950K .......... .......... .......... .......... .......... 50%  289M 0s
 13000K .......... .......... .......... .......... .......... 51%  312M 0s
 13050K .......... .......... .......... .......... .......... 51%  189M 0s
 13100K .......... .......... .......... .......... .......... 51%  298M 0s
 13150K .......... .......... .......... .......... .......... 51%  286M 0s
 13200K .......... .......... .......... .......... .......... 51%  136M 0s
 13250K .......... .......... .......... .......... .......... 52%  285M 0s
 13300K .......... .......... .......... .......... .......... 52%  298M 0s
 13350K .......... .......... .......... .......... .......... 52%  295M 0s
 13400K .......... .......... .......... .......... .......... 52%  287M 0s
 13450K .......... .......... .......... .......... .......... 52%  319M 0s
 13500K .......... .......... .......... .......... .......... 53% 89.6M 0s
 13550K .......... .......... .......... .......... .......... 53% 3.27M 0s
 13600K .......... .......... .......... .......... .......... 53% 79.6M 0s
 13650K .......... .......... .......... .......... .......... 53% 50.6M 0s
 13700K .......... .......... .......... .......... .......... 53% 72.9M 0s
 13750K .......... .......... .......... .......... .......... 54% 72.4M 0s
 13800K .......... .......... .......... .......... .......... 54% 75.6M 0s
 13850K .......... .......... .......... .......... .......... 54% 68.3M 0s
 13900K .......... .......... .......... .......... .......... 54% 80.2M 0s
 13950K .......... .......... .......... .......... .......... 54% 78.9M 0s
 14000K .......... .......... .......... .......... .......... 55% 80.0M 0s
 14050K .......... .......... .......... .......... .......... 55% 55.9M 0s
 14100K .......... .......... .......... .......... .......... 55% 77.4M 0s
 14150K .......... .......... .......... .......... .......... 55% 80.2M 0s
 14200K .......... .......... .......... .......... .......... 55% 64.2M 0s
 14250K .......... .......... .......... .......... .......... 56% 51.6M 0s
 14300K .......... .......... .......... .......... .......... 56% 82.5M 0s
 14350K .......... .......... .......... .......... .......... 56% 50.6M 0s
 14400K .......... .......... .......... .......... .......... 56% 72.2M 0s
 14450K .......... .......... .......... .......... .......... 56% 72.5M 0s
 14500K .......... .......... .......... .......... .......... 57% 67.1M 0s
 14550K .......... .......... .......... .......... .......... 57% 81.0M 0s
 14600K .......... .......... .......... .......... .......... 57% 61.3M 0s
 14650K .......... .......... .......... .......... .......... 57% 73.6M 0s
 14700K .......... .......... .......... .......... .......... 57% 13.1M 0s
 14750K .......... .......... .......... .......... .......... 57% 94.2M 0s
 14800K .......... .......... .......... .......... .......... 58% 78.1M 0s
 14850K .......... .......... .......... .......... .......... 58% 71.8M 0s
 14900K .......... .......... .......... .......... .......... 58% 77.3M 0s
 14950K .......... .......... .......... .......... .......... 58% 50.2M 0s
 15000K .......... .......... .......... .......... .......... 58% 75.4M 0s
 15050K .......... .......... .......... .......... .......... 59% 7.52M 0s
 15100K .......... .......... .......... .......... .......... 59% 57.0M 0s
 15150K .......... .......... .......... .......... .......... 59% 77.3M 0s
 15200K .......... .......... .......... .......... .......... 59% 76.6M 0s
 15250K .......... .......... .......... .......... .......... 59% 60.3M 0s
 15300K .......... .......... .......... .......... .......... 60% 77.8M 0s
 15350K .......... .......... .......... .......... .......... 60% 61.2M 0s
 15400K .......... .......... .......... .......... .......... 60% 74.4M 0s
 15450K .......... .......... .......... .......... .......... 60% 76.9M 0s
 15500K .......... .......... .......... .......... .......... 60% 74.9M 0s
 15550K .......... .......... .......... .......... .......... 61% 3.55M 0s
 15600K .......... .......... .......... .......... .......... 61%  233M 0s
 15650K .......... .......... .......... .......... .......... 61%  284M 0s
 15700K .......... .......... .......... .......... .......... 61%  271M 0s
 15750K .......... .......... .......... .......... .......... 61%  292M 0s
 15800K .......... .......... .......... .......... .......... 62%  292M 0s
 15850K .......... .......... .......... .......... .......... 62%  289M 0s
 15900K .......... .......... .......... .......... .......... 62%  278M 0s
 15950K .......... .......... .......... .......... .......... 62%  297M 0s
 16000K .......... .......... .......... .......... .......... 62%  312M 0s
 16050K .......... .......... .......... .......... .......... 63%  289M 0s
 16100K .......... .......... .......... .......... .......... 63%  293M 0s
 16150K .......... .......... .......... .......... .......... 63%  296M 0s
 16200K .......... .......... .......... .......... .......... 63%  290M 0s
 16250K .......... .......... .......... .......... .......... 63%  291M 0s
 16300K .......... .......... .......... .......... .......... 64%  290M 0s
 16350K .......... .......... .......... .......... .......... 64%  269M 0s
 16400K .......... .......... .......... .......... .......... 64%  326M 0s
 16450K .......... .......... .......... .......... .......... 64%  318M 0s
 16500K .......... .......... .......... .......... .......... 64%  291M 0s
 16550K .......... .......... .......... .......... .......... 65%  291M 0s
 16600K .......... .......... .......... .......... .......... 65%  272M 0s
 16650K .......... .......... .......... .......... .......... 65%  291M 0s
 16700K .......... .......... .......... .......... .......... 65%  296M 0s
 16750K .......... .......... .......... .......... .......... 65%  287M 0s
 16800K .......... .......... .......... .......... .......... 66%  291M 0s
 16850K .......... .......... .......... .......... .......... 66%  320M 0s
 16900K .......... .......... .......... .......... .......... 66%  297M 0s
 16950K .......... .......... .......... .......... .......... 66%  296M 0s
 17000K .......... .......... .......... .......... .......... 66%  294M 0s
 17050K .......... .......... .......... .......... .......... 66%  295M 0s
 17100K .......... .......... .......... .......... .......... 67%  302M 0s
 17150K .......... .......... .......... .......... .......... 67%  287M 0s
 17200K .......... .......... .......... .......... .......... 67%  295M 0s
 17250K .......... .......... .......... .......... .......... 67%  299M 0s
 17300K .......... .......... .......... .......... .......... 67%  321M 0s
 17350K .......... .......... .......... .......... .......... 68%  296M 0s
 17400K .......... .......... .......... .......... .......... 68%  287M 0s
 17450K .......... .......... .......... .......... .......... 68%  300M 0s
 17500K .......... .......... .......... .......... .......... 68%  296M 0s
 17550K .......... .......... .......... .......... .......... 68%  295M 0s
 17600K .......... .......... .......... .......... .......... 69%  298M 0s
 17650K .......... .......... .......... .......... .......... 69%  300M 0s
 17700K .......... .......... .......... .......... .......... 69%  328M 0s
 17750K .......... .......... .......... .......... .......... 69%  295M 0s
 17800K .......... .......... .......... .......... .......... 69%  277M 0s
 17850K .......... .......... .......... .......... .......... 70%  295M 0s
 17900K .......... .......... .......... .......... .......... 70%  285M 0s
 17950K .......... .......... .......... .......... .......... 70%  163M 0s
 18000K .......... .......... .......... .......... .......... 70%  280M 0s
 18050K .......... .......... .......... .......... .......... 70%  298M 0s
 18100K .......... .......... .......... .......... .......... 71%  337M 0s
 18150K .......... .......... .......... .......... .......... 71%  324M 0s
 18200K .......... .......... .......... .......... .......... 71%  300M 0s
 18250K .......... .......... .......... .......... .......... 71%  296M 0s
 18300K .......... .......... .......... .......... .......... 71% 4.76M 0s
 18350K .......... .......... .......... .......... .......... 72%  234M 0s
 18400K .......... .......... .......... .......... .......... 72%  285M 0s
 18450K .......... .......... .......... .......... .......... 72%  295M 0s
 18500K .......... .......... .......... .......... .......... 72%  294M 0s
 18550K .......... .......... .......... .......... .......... 72%  321M 0s
 18600K .......... .......... .......... .......... .......... 73%  296M 0s
 18650K .......... .......... .......... .......... .......... 73%  151M 0s
 18700K .......... .......... .......... .......... .......... 73%  282M 0s
 18750K .......... .......... .......... .......... .......... 73%  291M 0s
 18800K .......... ...[2024-01-29T18:17:29Z] Started EB User Data
+ SLEEP_TIME=2
+ SLEEP_TIME_MAX=3600
+ true
+ curl https://elasticbeanstalk-platform-assets-eu-west-1.s3.eu-west-1.amazonaws.com/stalks/eb_docker_amazon_linux_2023_1.0.420.0_20240123011222/lib/UserDataScript.sh
  % Total    % Received % Xferd  Average Speed   Time    Time     Time  Current
                                 Dload  Upload   Total   Spent    Left  Speed
  0     0    0     0    0     0      0      0 --:--:-- --:--:-- --:--:--     0100  4627  100  4627    0     0  30499      0 --:--:-- --:--:-- --:--:-- 30642
+ RESULT=0
+ [[ 0 -ne 0 ]]
+ /bin/bash /tmp/ebbootstrap.sh 'https://cloudformation-waitcondition-eu-west-1.s3-eu-west-1.amazonaws.com/arn%3Aaws%3Acloudformation%3Aeu-west-1%3A471947097906%3Astack/awseb-e-8gmkc7rmw6-stack/e739e470-bed0-11ee-9627-0a7a22b9c067/AWSEBInstanceLaunchWaitHandle?X-Amz-Algorithm=AWS4-HMAC-SHA256&X-Amz-Date=20240129T180457Z&X-Amz-SignedHeaders=host&X-Amz-Expires=86399&X-Amz-Credential=AKIAU7SEXKRMX6OSFN7H%2F20240129%2Feu-west-1%2Fs3%2Faws4_request&X-Amz-Signature=dde42f98ebd903e865840589ebf31f36581a7b64291be5ebaf50ea9ed0168756' arn:aws:cloudformation:eu-west-1:471947097906:stack/awseb-e-8gmkc7rmw6-stack/e739e470-bed0-11ee-9627-0a7a22b9c067 d43c4ddf-8a7f-4333-911e-110a8870de17 https://elasticbeanstalk-health.eu-west-1.amazonaws.com '' https://elasticbeanstalk-platform-assets-eu-west-1.s3.eu-west-1.amazonaws.com/stalks/eb_docker_amazon_linux_2023_1.0.420.0_20240123011222 eu-west-1
[2024-01-29T18:17:30.082Z] Started EB Bootstrapping Script.
[2024-01-29T18:17:30.092Z] Received parameters:
 TARBALLS = 
 EB_GEMS = 
 SIGNAL_URL = https://cloudformation-waitcondition-eu-west-1.s3-eu-west-1.amazonaws.com/arn%3Aaws%3Acloudformation%3Aeu-west-1%3A471947097906%3Astack/awseb-e-8gmkc7rmw6-stack/e739e470-bed0-11ee-9627-0a7a22b9c067/AWSEBInstanceLaunchWaitHandle?X-Amz-Algorithm=AWS4-HMAC-SHA256&X-Amz-Date=20240129T180457Z&X-Amz-SignedHeaders=host&X-Amz-Expires=86399&X-Amz-Credential=AKIAU7SEXKRMX6OSFN7H%2F20240129%2Feu-west-1%2Fs3%2Faws4_request&X-Amz-Signature=dde42f98ebd903e865840589ebf31f36581a7b64291be5ebaf50ea9ed0168756
 STACK_ID = arn:aws:cloudformation:eu-west-1:471947097906:stack/awseb-e-8gmkc7rmw6-stack/e739e470-bed0-11ee-9627-0a7a22b9c067
 REGION = eu-west-1
 GUID = 
 HEALTHD_GROUP_ID = d43c4ddf-8a7f-4333-911e-110a8870de17
 HEALTHD_ENDPOINT = https://elasticbeanstalk-health.eu-west-1.amazonaws.com
 PROXY_SERVER = 
 HEALTHD_PROXY_LOG_LOCATION = 
 PLATFORM_ASSETS_URL = https://elasticbeanstalk-platform-assets-eu-west-1.s3.eu-west-1.amazonaws.com/stalks/eb_docker_amazon_linux_2023_1.0.420.0_20240123011222
[2024-01-29T18:17:30.139Z] engine url is set to https://elasticbeanstalk-platform-assets-eu-west-1.s3.eu-west-1.amazonaws.com/stalks/eb_docker_amazon_linux_2023_1.0.420.0_20240123011222/lib/platform-engine.zip
[2024-01-29T18:17:30.153Z] first init of instance.
[2024-01-29T18:17:30.161Z] Started executing cfn_init _OnInstanceBoot.
[2024-01-29T18:17:30.165Z] Running cfn-init ConfigSet: _OnInstanceBoot.
[2024-01-29T18:17:30.172Z] Using stack-id from userdata
[2024-01-29T18:17:31.880Z] Command Returned: 
[2024-01-29T18:17:31.883Z] Completed executing cfn_init.
[2024-01-29T18:17:31.886Z] finished _OnInstanceBoot
--2024-01-29 18:17:31--  https://elasticbeanstalk-platform-assets-eu-west-1.s3.eu-west-1.amazonaws.com/stalks/eb_docker_amazon_linux_2023_1.0.420.0_20240123011222/lib/platform-engine.zip
Resolving elasticbeanstalk-platform-assets-eu-west-1.s3.eu-west-1.amazonaws.com (elasticbeanstalk-platform-assets-eu-west-1.s3.eu-west-1.amazonaws.com)... 52.92.36.130, 52.218.0.192, 52.218.101.192, ...
Connecting to elasticbeanstalk-platform-assets-eu-west-1.s3.eu-west-1.amazonaws.com (elasticbeanstalk-platform-assets-eu-west-1.s3.eu-west-1.amazonaws.com)|52.92.36.130|:443... connected.
HTTP request sent, awaiting response... 200 OK
Length: 26134926 (25M) [application/zip]
Saving to: ‘/tmp/platform-engine.zip’

     0K .......... .......... .......... .......... ..........  0% 36.6M 1s
    50K .......... .......... .......... .......... ..........  0% 51.6M 1s
   100K .......... .......... .......... .......... ..........  0% 56.6M 1s
   150K .......... .......... .......... .......... ..........  0% 43.8M 1s
   200K .......... .......... .......... .......... ..........  0% 54.5M 1s
   250K .......... .......... .......... .......... ..........  1% 61.5M 0s
   300K .......... .......... .......... .......... ..........  1% 67.8M 0s
   350K .......... .......... .......... .......... ..........  1% 56.0M 0s
   400K .......... .......... .......... .......... ..........  1% 73.2M 0s
   450K .......... .......... .......... .......... ..........  1% 71.8M 0s
   500K .......... .......... .......... .......... ..........  2% 51.3M 0s
   550K .......... .......... .......... .......... ..........  2% 71.2M 0s
   600K .......... .......... .......... .......... ..........  2% 7.21M 1s
   650K .......... .......... .......... .......... ..........  2% 77.6M 1s
   700K .......... .......... .......... .......... ..........  2% 79.8M 1s
   750K .......... .......... .......... .......... ..........  3% 72.1M 1s
   800K .......... .......... .......... .......... ..........  3% 62.4M 1s
   850K .......... .......... .......... .......... ..........  3% 72.6M 1s
   900K .......... .......... .......... .......... ..........  3% 58.1M 1s
   950K .......... .......... .......... .......... ..........  3% 59.9M 1s
  1000K .......... .......... .......... .......... ..........  4% 79.6M 1s
  1050K .......... .......... .......... .......... ..........  4% 35.3M 1s
  1100K .......... .......... .......... .......... ..........  4% 83.1M 1s
  1150K .......... .......... .......... .......... ..........  4% 66.2M 1s
  1200K .......... .......... .......... .......... ..........  4% 77.9M 1s
  1250K .......... .......... .......... .......... ..........  5% 71.6M 1s
  1300K .......... .......... .......... .......... ..........  5% 4.73M 1s
  1350K .......... .......... .......... .......... ..........  5% 72.9M 1s
  1400K .......... .......... .......... .......... ..........  5% 75.8M 1s
  1450K .......... .......... .......... .......... ..........  5% 75.4M 1s
  1500K .......... .......... .......... .......... ..........  6% 72.3M 1s
  1550K .......... .......... .......... .......... ..........  6% 64.8M 1s
  1600K .......... .......... .......... .......... ..........  6% 76.8M 1s
  1650K .......... .......... .......... .......... ..........  6% 69.3M 1s
  1700K .......... .......... .......... .......... ..........  6% 73.2M 1s
  1750K .......... .......... .......... .......... ..........  7% 71.1M 1s
  1800K .......... .......... .......... .......... ..........  7% 71.1M 1s
  1850K .......... .......... .......... .......... ..........  7% 74.6M 1s
  1900K .......... .......... .......... .......... ..........  7% 71.9M 1s
  1950K .......... .......... .......... .......... ..........  7% 84.1M 1s
  2000K .......... .......... .......... .......... ..........  8% 49.1M 1s
  2050K .......... .......... .......... .......... ..........  8% 70.3M 1s
  2100K .......... .......... .......... .......... ..........  8% 12.0M 1s
  2150K .......... .......... .......... .......... ..........  8% 73.2M 1s
  2200K .......... .......... .......... .......... ..........  8% 54.7M 1s
  2250K .......... .......... .......... .......... ..........  9% 72.9M 1s
  2300K .......... .......... .......... .......... ..........  9% 11.8M 1s
  2350K .......... .......... .......... .......... ..........  9% 76.6M 1s
  2400K .......... .......... .......... .......... ..........  9% 63.5M 1s
  2450K .......... .......... .......... .......... ..........  9% 72.7M 1s
  2500K .......... .......... .......... .......... ..........  9% 21.8M 1s
  2550K .......... .......... .......... .......... .......... 10% 74.2M 1s
  2600K .......... .......... .......... .......... .......... 10% 65.0M 1s
  2650K .......... .......... .......... .......... .......... 10% 73.5M 1s
  2700K .......... .......... .......... .......... .......... 10% 72.2M 1s
  2750K .......... .......... .......... .......... .......... 10% 12.9M 1s
  2800K .......... .......... .......... .......... .......... 11% 81.9M 1s
  2850K .......... .......... .......... .......... .......... 11% 72.7M 1s
  2900K .......... .......... .......... .......... .......... 11% 67.5M 1s
  2950K .......... .......... .......... .......... .......... 11% 8.27M 1s
  3000K .......... .......... .......... .......... .......... 11% 80.9M 1s
  3050K .......... .......... .......... .......... .......... 12% 62.8M 1s
  3100K .......... .......... .......... .......... .......... 12% 71.1M 1s
  3150K .......... .......... .......... .......... .......... 12% 64.9M 1s
  3200K .......... .......... .......... .......... .......... 12% 55.5M 1s
  3250K .......... .......... .......... .......... .......... 12% 86.6M 1s
  3300K .......... .......... .......... .......... .......... 13% 60.6M 1s
  3350K .......... .......... .......... .......... .......... 13% 47.5M 1s
  3400K .......... .......... .......... .......... .......... 13% 7.92M 1s
  3450K .......... .......... .......... .......... .......... 13% 51.6M 1s
  3500K .......... .......... .......... .......... .......... 13% 45.0M 1s
  3550K .......... .......... .......... .......... .......... 14% 53.2M 1s
  3600K .......... .......... .......... .......... .......... 14% 56.8M 1s
  3650K .......... .......... .......... .......... .......... 14% 60.5M 1s
  3700K .......... .......... .......... .......... .......... 14% 66.0M 1s
  3750K .......... .......... .......... .......... .......... 14% 50.1M 1s
  3800K .......... .......... .......... .......... .......... 15% 59.0M 1s
  3850K .......... .......... .......... .......... .......... 15% 4.38M 1s
  3900K .......... .......... .......... .......... .......... 15% 70.0M 1s
  3950K .......... .......... .......... .......... .......... 15% 70.2M 1s
  4000K .......... .......... .......... .......... .......... 15% 69.6M 1s
  4050K .......... .......... .......... .......... .......... 16% 78.2M 1s
  4100K .......... .......... .......... .......... .......... 16% 79.6M 1s
  4150K .......... .......... .......... .......... .......... 16% 61.5M 1s
  4200K .......... .......... .......... .......... .......... 16% 67.6M 1s
  4250K .......... .......... .......... .......... .......... 16% 68.9M 1s
  4300K .......... .......... .......... .......... .......... 17% 66.0M 1s
  4350K .......... .......... .......... .......... .......... 17% 70.0M 1s
  4400K .......... .......... .......... .......... .......... 17% 64.2M 1s
  4450K .......... .......... .......... .......... .......... 17% 73.9M 1s
  4500K .......... .......... .......... .......... .......... 17% 79.9M 1s
  4550K .......... .......... .......... .......... .......... 18% 7.05M 1s
  4600K .......... .......... .......... .......... .......... 18% 73.0M 1s
  4650K .......... .......... .......... .......... .......... 18% 58.5M 1s
  4700K .......... .......... .......... .......... .......... 18% 74.1M 1s
  4750K .......... .......... .......... .......... .......... 18% 70.8M 1s
  4800K .......... .......... .......... .......... .......... 19% 64.3M 1s
  4850K .......... .......... .......... .......... .......... 19% 73.7M 1s
  4900K .......... .......... .......... .......... .......... 19% 78.9M 1s
  4950K .......... .......... .......... .......... .......... 19% 77.1M 1s
  5000K .......... .......... .......... .......... .......... 19% 70.3M 1s
  5050K .......... .......... .......... .......... .......... 19% 67.6M 1s
  5100K .......... .......... .......... .......... .......... 20% 6.49M 1s
  5150K .......... .......... .......... .......... .......... 20% 73.6M 1s
  5200K .......... .......... .......... .......... .......... 20% 67.5M 1s
  5250K .......... .......... .......... .......... .......... 20% 67.6M 1s
  5300K .......... .......... .......... .......... .......... 20% 73.3M 1s
  5350K .......... .......... .......... .......... .......... 21% 82.2M 1s
  5400K .......... .......... .......... .......... .......... 21% 69.9M 1s
  5450K .......... .......... .......... .......... .......... 21% 69.5M 1s
  5500K .......... .......... .......... .......... .......... 21% 69.9M 1s
  5550K .......... .......... .......... .......... .......... 21% 3.51M 1s
  5600K .......... .......... .......... .......... .......... 22% 71.2M 1s
  5650K .......... .......... .......... .......... .......... 22% 73.4M 1s
  5700K .......... .......... .......... .......... .......... 22% 63.4M 1s
  5750K .......... .......... .......... .......... .......... 22% 80.7M 1s
  5800K .......... .......... .......... .......... .......... 22% 83.9M 1s
  5850K .......... .......... .......... .......... .......... 23% 70.5M 1s
  5900K .......... .......... .......... .......... .......... 23% 67.8M 1s
  5950K .......... .......... .......... .......... .......... 23% 65.9M 1s
  6000K .......... .......... .......... .......... .......... 23% 61.4M 1s
  6050K .......... .......... .......... .......... .......... 23% 73.0M 1s
  6100K .......... .......... .......... .......... .......... 24% 68.7M 1s
  6150K .......... .......... .......... .......... .......... 24% 60.2M 1s
  6200K .......... .......... .......... .......... .......... 24% 80.3M 1s
  6250K .......... .......... .......... .......... .......... 24% 67.6M 1s
  6300K .......... .......... .......... .......... .......... 24% 62.2M 1s
  6350K .......... .......... .......... .......... .......... 25% 68.4M 1s
  6400K .......... .......... .......... .......... .......... 25% 68.1M 1s
  6450K .......... .......... .......... .......... .......... 25% 71.6M 0s
  6500K .......... .......... .......... .......... .......... 25% 73.8M 0s
  6550K .......... .......... .......... .......... .......... 25% 55.2M 0s
  6600K .......... .......... .......... .......... .......... 26% 77.7M 0s
  6650K .......... .......... .......... .......... .......... 26% 81.9M 0s
  6700K .......... .......... .......... .......... .......... 26% 71.3M 0s
  6750K .......... .......... .......... .......... .......... 26% 12.8M 0s
  6800K .......... .......... .......... .......... .......... 26% 72.4M 0s
  6850K .......... .......... .......... .......... .......... 27% 71.0M 0s
  6900K .......... .......... .......... .......... .......... 27% 51.4M 0s
  6950K .......... .......... .......... .......... .......... 27% 78.4M 0s
  7000K .......... .......... .......... .......... .......... 27% 60.4M 0s
  7050K .......... .......... .......... .......... .......... 27% 7.46M 0s
  7100K .......... .......... .......... .......... .......... 28% 75.1M 0s
  7150K .......... .......... .......... .......... .......... 28% 45.9M 0s
  7200K .......... .......... .......... .......... .......... 28% 67.3M 0s
  7250K .......... .......... .......... .......... .......... 28% 58.7M 0s
  7300K .......... .......... .......... .......... .......... 28% 66.1M 0s
  7350K .......... .......... .......... .......... .......... 28% 75.7M 0s
  7400K .......... .......... .......... .......... .......... 29% 59.1M 0s
  7450K .......... .......... .......... .......... .......... 29% 58.9M 0s
  7500K .......... .......... .......... .......... .......... 29% 86.3M 0s
  7550K .......... .......... .......... .......... .......... 29% 3.79M 0s
  7600K .......... .......... .......... .......... .......... 29% 76.0M 0s
  7650K .......... .......... .......... .......... .......... 30% 68.6M 0s
  7700K .......... .......... .......... .......... .......... 30% 65.2M 0s
  7750K .......... .......... .......... .......... .......... 30% 66.8M 0s
  7800K .......... .......... .......... .......... .......... 30% 58.6M 0s
  7850K .......... .......... .......... .......... .......... 30% 67.1M 0s
  7900K .......... .......... .......... .......... .......... 31% 81.6M 0s
  7950K .......... .......... .......... .......... .......... 31% 72.2M 0s
  8000K .......... .......... .......... .......... .......... 31% 67.1M 0s
  8050K .......... .......... .......... .......... .......... 31% 69.8M 0s
  8100K .......... .......... .......... .......... .......... 31% 61.9M 0s
  8150K .......... .......... .......... .......... .......... 32% 68.9M 0s
  8200K .......... .......... .......... .......... .......... 32% 70.1M 0s
  8250K .......... .......... .......... .......... .......... 32% 36.3M 0s
  8300K .......... .......... .......... .......... .......... 32% 79.0M 0s
  8350K .......... .......... .......... .......... .......... 32% 68.7M 0s
  8400K .......... .......... .......... .......... .......... 33% 73.5M 0s
  8450K .......... .......... .......... .......... .......... 33% 74.6M 0s
  8500K .......... .......... .......... .......... .......... 33% 7.20M 0s
  8550K .......... .......... .......... .......... .......... 33% 72.8M 0s
  8600K .......... .......... .......... .......... .......... 33% 73.5M 0s
  8650K .......... .......... .......... .......... .......... 34% 74.4M 0s
  8700K .......... .......... .......... .......... .......... 34% 71.2M 0s
  8750K .......... .......... .......... .......... .......... 34% 72.6M 0s
  8800K .......... .......... .......... .......... .......... 34% 61.9M 0s
  8850K .......... .......... .......... .......... .......... 34% 74.9M 0s
  8900K .......... .......... .......... .......... .......... 35% 73.9M 0s
  8950K .......... .......... .......... .......... .......... 35% 73.7M 0s
  9000K .......... .......... .......... .......... .......... 35% 70.3M 0s
  9050K .......... .......... .......... .......... .......... 35% 5.28M 0s
  9100K .......... .......... .......... .......... .......... 35% 77.6M 0s
  9150K .......... .......... .......... .......... .......... 36% 70.8M 0s
  9200K .......... .......... .......... .......... .......... 36% 61.0M 0s
  9250K .......... .......... .......... .......... .......... 36% 70.6M 0s
  9300K .......... .......... .......... .......... .......... 36% 63.2M 0s
  9350K .......... .......... .......... .......... .......... 36% 72.9M 0s
  9400K .......... .......... .......... .......... .......... 37% 58.6M 0s
  9450K .......... .......... .......... .......... .......... 37% 70.8M 0s
  9500K .......... .......... .......... .......... .......... 37% 73.0M 0s
  9550K .......... .......... .......... .......... .......... 37% 71.7M 0s
  9600K .......... .......... .......... .......... .......... 37% 66.6M 0s
  9650K .......... .......... .......... .......... .......... 38% 7.91M 0s
  9700K .......... .......... .......... .......... .......... 38% 77.0M 0s
  9750K .......... .......... .......... .......... .......... 38% 71.1M 0s
  9800K .......... .......... .......... .......... .......... 38% 64.3M 0s
  9850K .......... .......... .......... .......... .......... 38% 72.1M 0s
  9900K .......... .......... .......... .......... .......... 38% 70.2M 0s
  9950K .......... .......... .......... .......... .......... 39% 65.5M 0s
 10000K .......... .......... .......... .......... .......... 39% 72.6M 0s
 10050K .......... .......... .......... .......... .......... 39% 81.0M 0s
 10100K .......... .......... .......... .......... .......... 39% 72.6M 0s
 10150K .......... .......... .......... .......... .......... 39% 4.60M 0s
 10200K .......... .......... .......... .......... .......... 40% 70.4M 0s
 10250K .......... .......... .......... .......... .......... 40% 68.5M 0s
 10300K .......... .......... .......... .......... .......... 40% 73.0M 0s
 10350K .......... .......... .......... .......... .......... 40% 68.6M 0s
 10400K .......... .......... .......... .......... .......... 40% 4.77M 0s
 10450K .......... .......... .......... .......... .......... 41% 80.0M 0s
 10500K .......... .......... .......... .......... .......... 41% 69.1M 0s
 10550K .......... .......... .......... .......... .......... 41% 70.9M 0s
 10600K .......... .......... .......... .......... .......... 41% 65.8M 0s
 10650K .......... .......... .......... .......... .......... 41% 66.0M 0s
 10700K .......... .......... .......... .......... .......... 42% 61.0M 0s
 10750K .......... .......... .......... .......... .......... 42% 68.9M 0s
 10800K .......... .......... .......... .......... .......... 42% 71.1M 0s
 10850K .......... .......... .......... .......... .......... 42% 79.3M 0s
 10900K .......... .......... .......... .......... .......... 42% 81.1M 0s
 10950K .......... .......... .......... .......... .......... 43% 65.1M 0s
 11000K .......... .......... .......... .......... .......... 43% 54.8M 0s
 11050K .......... .......... .......... .......... .......... 43% 76.8M 0s
 11100K .......... .......... .......... .......... .......... 43% 4.12M 0s
 11150K .......... .......... .......... .......... .......... 43% 45.9M 0s
 11200K .......... .......... .......... .......... .......... 44% 72.7M 0s
 11250K .......... .......... .......... .......... .......... 44% 42.7M 0s
 11300K .......... .......... .......... .......... .......... 44% 54.8M 0s
 11350K .......... .......... .......... .......... .......... 44% 74.4M 0s
 11400K .......... .......... .......... .......... .......... 44% 76.4M 0s
 11450K .......... .......... .......... .......... .......... 45% 75.2M 0s
 11500K .......... .......... .......... .......... .......... 45% 67.7M 0s
 11550K .......... .......... .......... .......... .......... 45% 68.4M 0s
 11600K .......... .......... .......... .......... .......... 45% 79.5M 0s
 11650K .......... .......... .......... .......... .......... 45% 74.7M 0s
 11700K .......... .......... .......... .......... .......... 46% 66.9M 0s
 11750K .......... .......... .......... .......... .......... 46% 81.8M 0s
 11800K .......... .......... .......... .......... .......... 46% 78.8M 0s
 11850K .......... .......... .......... .......... .......... 46% 5.68M 0s
 11900K .......... .......... .......... .......... .......... 46% 78.6M 0s
 11950K .......... .......... .......... .......... .......... 47% 71.4M 0s
 12000K .......... .......... .......... .......... .......... 47% 66.3M 0s
 12050K .......... .......... .......... .......... .......... 47% 70.0M 0s
 12100K .......... .......... .......... .......... .......... 47% 67.4M 0s
 12150K .......... .......... .......... .......... .......... 47% 66.0M 0s
 12200K .......... .......... .......... .......... .......... 47% 71.1M 0s
 12250K .......... .......... .......... .......... .......... 48% 73.3M 0s
 12300K .......... .......... .......... .......... .......... 48% 70.5M 0s
 12350K .......... .......... .......... .......... .......... 48% 69.1M 0s
 12400K .......... .......... .......... .......... .......... 48% 70.9M 0s
 12450K .......... .......... .......... .......... .......... 48% 62.8M 0s
 12500K .......... .......... .......... .......... .......... 49% 61.4M 0s
 12550K .......... .......... .......... .......... .......... 49% 6.77M 0s
 12600K .......... .......... .......... .......... .......... 49% 92.1M 0s
 12650K .......... .......... .......... .......... .......... 49% 73.3M 0s
 12700K .......... .......... .......... .......... .......... 49% 49.4M 0s
 12750K .......... .......... .......... .......... .......... 50% 71.6M 0s
 12800K .......... .......... .......... .......... .......... 50% 63.3M 0s
 12850K .......... .......... .......... .......... .......... 50% 73.7M 0s
 12900K .......... .......... .......... .......... .......... 50% 74.1M 0s
 12950K .......... .......... .......... .......... .......... 50% 69.9M 0s
 13000K .......... .......... .......... .......... .......... 51% 76.8M 0s
 13050K .......... .......... .......... .......... .......... 51% 68.9M 0s
 13100K .......... .......... .......... .......... .......... 51% 6.91M 0s
 13150K .......... .......... .......... .......... .......... 51% 70.9M 0s
 13200K .......... .......... .......... .......... .......... 51% 72.2M 0s
 13250K .......... .......... .......... .......... .......... 52% 68.2M 0s
 13300K .......... .......... .......... .......... .......... 52% 64.5M 0s
 13350K .......... .......... .......... .......... .......... 52% 71.6M 0s
 13400K .......... .......... .......... .......... .......... 52% 74.2M 0s
 13450K .......... .......... .......... .......... .......... 52% 84.8M 0s
 13500K .......... .......... .......... .......... .......... 53% 69.3M 0s
 13550K .......... .......... .......... .......... .......... 53%  244M 0s
 13600K .......... .......... .......... .......... .......... 53%  223M 0s
 13650K .......... .......... .......... .......... .......... 53%  179M 0s
 13700K .......... .......... .......... .......... .......... 53%  207M 0s
 13750K .......... .......... .......... .......... .......... 54%  227M 0s
 13800K .......... .......... .......... .......... .......... 54%  256M 0s
 13850K .......... .......... .......... .......... .......... 54%  236M 0s
 13900K .......... .......... .......... .......... .......... 54%  252M 0s
 13950K .......... .......... .......... .......... .......... 54% 3.80M 0s
 14000K .......... .......... .......... .......... .......... 55% 60.8M 0s
 14050K .......... .......... .......... .......... .......... 55% 56.2M 0s
 14100K .......... .......... .......... .......... .......... 55% 73.1M 0s
 14150K .......... .......... .......... .......... .......... 55% 71.4M 0s
 14200K .......... .......... .......... .......... .......... 55% 57.8M 0s
 14250K .......... .......... .......... .......... .......... 56% 71.2M 0s
 14300K .......... .......... .......... .......... .......... 56% 82.1M 0s
 14350K .......... .......... .......... .......... .......... 56% 70.2M 0s
 14400K .......... .......... .......... .......... .......... 56% 70.8M 0s
 14450K .......... .......... .......... .......... .......... 56% 72.4M 0s
 14500K .......... .......... .......... .......... .......... 57% 40.3M 0s
 14550K .......... .......... .......... .......... .......... 57% 57.5M 0s
 14600K .......... .......... .......... .......... .......... 57% 45.9M 0s
 14650K .......... .......... .......... .......... .......... 57% 75.1M 0s
 14700K .......... .......... .......... .......... .......... 57% 79.9M 0s
 14750K .......... .......... .......... .......... .......... 57% 75.6M 0s
 14800K .......... .......... .......... .......... .......... 58% 71.9M 0s
 14850K .......... .......... .......... .......... .......... 58% 59.6M 0s
 14900K .......... .......... .......... .......... .......... 58% 70.7M 0s
 14950K .......... .......... .......... .......... .......... 58% 3.24M 0s
 15000K .......... .......... .......... .......... .......... 58% 70.0M 0s
 15050K .......... .......... .......... .......... .......... 59% 70.6M 0s
 15100K .......... .......... .......... .......... .......... 59% 66.5M 0s
 15150K .......... .......... .......... .......... .......... 59% 83.1M 0s
 15200K .......... .......... .......... .......... .......... 59% 74.9M 0s
 15250K .......... .......... .......... .......... .......... 59% 54.7M 0s
 15300K .......... .......... .......... .......... .......... 60% 72.2M 0s
 15350K .......... .......... .......... .......... .......... 60% 64.9M 0s
 15400K .......... .......... .......... .......... .......... 60% 68.0M 0s
 15450K .......... .......... .......... .......... .......... 60% 69.5M 0s
 15500K .......... .......... .......... .......... .......... 60% 68.3M 0s
 15550K .......... .......... .......... .......... .......... 61% 70.0M 0s
 15600K .......... .......... .......... .......... .......... 61% 61.4M 0s
 15650K .......... .......... .......... .......... .......... 61% 45.2M 0s
 15700K .......... .......... .......... .......... .......... 61% 81.7M 0s
 15750K .......... .......... .......... .......... .......... 61% 73.2M 0s
 15800K .......... .......... .......... .......... .......... 62% 68.1M 0s
 15850K .......... .......... .......... .......... .......... 62% 67.9M 0s
 15900K .......... .......... .......... .......... .......... 62% 67.2M 0s
 15950K .......... .......... .......... .......... .......... 62% 74.6M 0s
 16000K .......... .......... .......... .......... .......... 62% 81.1M 0s
 16050K .......... .......... .......... .......... .......... 63% 76.6M 0s
 16100K .......... .......... .......... .......... .......... 63% 61.9M 0s
 16150K .......... .......... .......... .......... .......... 63% 3.56M 0s
 16200K .......... .......... .......... .......... .......... 63% 80.7M 0s
 16250K .......... .......... .......... .......... .......... 63% 72.0M 0s
 16300K .......... .......... .......... .......... .......... 64% 68.9M 0s
 16350K .......... .......... .......... .......... .......... 64% 72.2M 0s
 16400K .......... .......... .......... .......... .......... 64% 78.1M 0s
 16450K .......... .......... .......... .......... .......... 64% 74.2M 0s
 16500K .......... .......... .......... .......... .......... 64% 10.5M 0s
 16550K .......... .......... .......... .......... .......... 65% 68.1M 0s
 16600K .......... .......... .......... .......... .......... 65% 9.58M 0s
 16650K .......... .......... .......... .......... .......... 65%  281M 0s
 16700K .......... .......... .......... .......... .......... 65%  281M 0s
 16750K .......... .......... .......... .......... .......... 65%  229M 0s
 16800K .......... .......... .......... .......... .......... 66%  325M 0s
 16850K .......... .......... .......... .......... .......... 66%  234M 0s
 16900K .......... .......... .......... .......... .......... 66%  204M 0s
 16950K .......... .......... .......... .......... .......... 66%  213M 0s
 17000K .......... .......... .......... .......... .......... 66%  253M 0s
 17050K .......... .......... .......... .......... .......... 66%  199M 0s
 17100K .......... .......... .......... .......... .......... 67%  184M 0s
 17150K .......... .......... .......... .......... .......... 67%  246M 0s
 17200K .......... .......... .......... .......... .......... 67%  226M 0s
 17250K .......... .......... .......... .......... .......... 67% 46.8M 0s
 17300K .......... .......... .......... .......... .......... 67%  235M 0s
 17350K .......... .......... .......... .......... .......... 68%  279M 0s
 17400K .......... .......... .......... .......... .......... 68%  198M 0s
 17450K .......... .......... .......... .......... .......... 68%  219M 0s
 17500K .......... .......... .......... .......... .......... 68%  226M 0s
 17550K .......... .......... .......... .......... .......... 68%  282M 0s
 17600K .......... .......... .......... .......... .......... 69%  213M 0s
 17650K .......... .......... .......... .......... .......... 69%  164M 0s
 17700K .......... .......... .......... .......... .......... 69%  305M 0s
 17750K .......... .......... .......... .......... .......... 69%  214M 0s
 17800K .......... .......... .......... .......... .......... 69%  227M 0s
 17850K .......... .......... .......... .......... .......... 70%  179M 0s
 17900K .......... .......... .......... .......... .......... 70%  212M 0s
 17950K .......... .......... .......... .......... .......... 70%  241M 0s
 18000K .......... .......... .......... .......... .......... 70%  237M 0s
 18050K .......... .......... .......... .......... .......... 70%  233M 0s
 18100K .......... .......... .......... .......... .......... 71%  232M 0s
 18150K .......... .......... .......... .......... .......... 71%  118M 0s
 18200K .......... .......... .......... .......... .......... 71%  285M 0s
 18250K .......... .......... .......... .......... .......... 71%  290M 0s
 18300K .......... .......... .......... .......... .......... 71%  259M 0s
 18350K .......... .......... .......... .......... .......... 72%  185M 0s
 18400K .......... .......... .......... .......... .......... 72%  188M 0s
 18450K .......... .......... .......... .......... .......... 72%  197M 0s
 18500K .......... .......... .......... .......... .......... 72%  302M 0s
 18550K .......... .......... .......... .......... .......... 72%  231M 0s
 18600K .......... .......... .......... .......... .......... 73%  226M 0s
 18650K .......... .......... .......... .......... .......... 73%  200M 0s
 18700K .......... .......... .......... .......... .......... 73%  227M 0s
 18750K .......... .......... .......... .......... .......... 73%  274M 0s
 18800K .......... .......... .......... .......... .......... 73%  227M 0s
 18850K .......... .......... .......... .......... .......... 74%  209M 0s
 18900K .......... .......... .......... .......... .......... 74%  210M 0s
 18950K .......... .......... .......... .......... .......... 74%  270M 0s
 19000K .......... .......... .......... .......... .......... 74%  223M 0s
 19050K .......... .......... .......... .......... .......... 74%  200M 0s
 19100K .......... .......... .......... .......... .......... 75%  220M 0s
 19150K .......... .......... .......... .......... .......... 75%  291M 0s
 19200K .......... .......... .......... .......... .......... 75%  180M 0s
 19250K .......... .......... .......... .......... .......... 75%  210M 0s
 19300K .......... .......... .......... .......... .......... 75%  267M 0s
 19350K .......... .......... .......... .......... .......... 76%  237M 0s
 19400K .......... .......... .......... .......... .......... 76%  251M 0s
 19450K .......... .......... .......... .......... .......... 76%  230M 0s
 19500K .......... .......... .......... .......... .......... 76%  208M 0s
 19550K .......... .......... .......... .......... .......... 76%  269M 0s
 19600K .......... .......... .......... .......... .......... 76%  182M 0s
 19650K .......... .......... .......... .......... .......... 77%  248M 0s
 19700K .......... .......... .......... .......... .......... 77%  246M 0s
 19750K .......... .......... .......... .......... .......... 77%  221M 0s
 19800K .......... .......... .......... .......... .......... 77%  246M 0s
 19850K .......... .......... .......... .......... .......... 77%  302M 0s
 19900K .......... .......... .......... .......... .......... 78% 2.33M 0s
 19950K .......... .......... .......... .......... .......... 78% 60.2M 0s
 20000K .......... .......... .......... .......... .......... 78% 53.1M 0s
 20050K .......... .......... .......... .......... .......... 78% 72.2M 0s
 20100K .......... .......... .......... .......... .......... 78% 73.0M 0s
 20150K .......... .......... .......... .......... .......... 79% 74.7M 0s
 20200K .......... .......... .......... .......... .......... 79% 65.3M 0s
 20250K .......... .......... .......... .......... .......... 79% 81.6M 0s
 20300K .......... .......... .......... .......... .......... 79% 58.8M 0s
 20350K .......... .......... .......... .......... .......... 79% 73.7M 0s
 20400K .......... .......... .......... .......... .......... 80% 56.5M 0s
 20450K .......... .......... .......... .......... .......... 80% 71.9M 0s
 20500K .......... .......... .......... .......... .......... 80% 64.9M 0s
 20550K .......... .......... .......... .......... .......... 80% 4.41M 0s
 20600K .......... .......... .......... .......... .......... 80% 81.4M 0s
 20650K .......... .......... .......... .......... .......... 81% 77.4M 0s
 20700K .......... .......... .......... .......... .......... 81% 73.1M 0s
 20750K .......... .......... .......... .......... .......... 81% 71.4M 0s
 20800K .......... .......... .......... .......... .......... 81% 70.4M 0s
 20850K .......... .......... .......... .......... .......... 81% 77.3M 0s
 20900K .......... .......... .......... .......... .......... 82% 73.9M 0s
 20950K .......... .......... .......... .......... .......... 82% 70.8M 0s
 21000K .......... .......... .......... .......... .......... 82% 69.0M 0s
 21050K .......... .......... .......... .......... .......... 82% 72.1M 0s
 21100K .......... .......... .......... .......... .......... 82% 88.3M 0s
 21150K .......... .......... .......... .......... .......... 83% 74.4M 0s
 21200K .......... .......... .......... .......... .......... 83% 74.5M 0s
 21250K .......... .......... .......... .......... .......... 83% 51.7M 0s
 21300K .......... .......... .......... .......... .......... 83% 70.2M 0s
 21350K .......... .......... .......... .......... .......... 83% 66.4M 0s
 21400K .......... .......... .......... .......... .......... 84% 74.6M 0s
 21450K .......... .......... .......... .......... .......... 84% 70.2M 0s
 21500K .......... .......... .......... .......... .......... 84% 75.6M 0s
 21550K .......... .......... .......... .......... .......... 84% 55.5M 0s
 21600K .......... .......... .......... .......... .......... 84% 7.85M 0s
 21650K .......... .......... .......... .......... .......... 85% 68.0M 0s
 21700K .......... .......... .......... .......... .......... 85% 74.4M 0s
 21750K .......... .......... .......... .......... .......... 85% 65.5M 0s
 21800K .......... .......... .......... .......... .......... 85% 69.7M 0s
 21850K .......... .......... .......... .......... .......... 85% 68.3M 0s
 21900K .......... .......... .......... .......... .......... 86% 70.9M 0s
 21950K .......... .......... .......... .......... .......... 86% 77.6M 0s
 22000K .......... .......... .......... .......... .......... 86% 67.5M 0s
 22050K .......... .......... .......... .......... .......... 86% 4.60M 0s
 22100K .......... .......... .......... .......... .......... 86% 81.9M 0s
 22150K .......... .......... .......... .......... .......... 86% 68.9M 0s
 22200K .......... .......... .......... .......... .......... 87% 73.6M 0s
 22250K .......... .......... .......... .......... .......... 87% 71.0M 0s
 22300K .......... .......... .......... .......... .......... 87% 71.6M 0s
 22350K .......... .......... .......... .......... .......... 87% 81.2M 0s
 22400K .......... .......... .......... .......... .......... 87% 4.96M 0s
 22450K .......... .......... .......... .......... .......... 88% 73.2M 0s
 22500K .......... .......... .......... .......... .......... 88% 75.2M 0s
 22550K .......... .......... .......... .......... .......... 88% 73.1M 0s
 22600K .......... .......... .......... .......... .......... 88% 78.5M 0s
 22650K .......... .......... .......... .......... .......... 88% 71.8M 0s
 22700K .......... .......... .......... .......... .......... 89% 71.9M 0s
 22750K .......... .......... .......... .......... .......... 89% 70.4M 0s
 22800K .......... .......... .......... .......... .......... 89% 47.2M 0s
 22850K .......... .......... .......... .......... .......... 89% 80.8M 0s
 22900K .......... .......... .......... .......... .......... 89% 75.5M 0s
 22950K .......... .......... .......... .......... .......... 90% 62.6M 0s
 23000K .......... .......... .......... .......... .......... 90% 72.6M 0s
 23050K .......... .......... .......... .......... .......... 90% 72.3M 0s
 23100K .......... .......... .......... .......... .......... 90% 69.1M 0s
 23150K .......... .......... .......... .......... .......... 90% 83.5M 0s
 23200K .......... .......... .......... .......... .......... 91% 79.3M 0s
 23250K .......... .......... .......... .......... .......... 91% 5.38M 0s
 23300K .......... .......... .......... .......... .......... 91% 77.1M 0s
 23350K .......... .......... .......... .......... .......... 91% 75.0M 0s
 23400K .......... .......... .......... .......... .......... 91% 64.8M 0s
 23450K .......... .......... .......... .......... .......... 92% 69.0M 0s
 23500K .......... .......... .......... .......... .......... 92% 70.3M 0s
 23550K .......... .......... .......... .......... .......... 92% 64.0M 0s
 23600K .......... .......... .......... .......... .......... 92% 69.8M 0s
 23650K .......... .......... .......... .......... .......... 92% 87.0M 0s
 23700K .......... .......... .......... .......... .......... 93% 70.9M 0s
 23750K .......... .......... .......... .......... .......... 93% 68.9M 0s
 23800K .......... .......... .......... .......... .......... 93% 72.9M 0s
 23850K .......... .......... .......... .......... .......... 93% 69.4M 0s
 23900K .......... .......... .......... .......... .......... 93% 69.2M 0s
 23950K .......... .......... .......... .......... .......... 94% 4.52M 0s
 24000K .......... .......... .......... .......... .......... 94% 71.0M 0s
 24050K .......... .......... .......... .......... .......... 94% 79.4M 0s
 24100K .......... .......... .......... .......... .......... 94% 67.1M 0s
 24150K .......... .......... .......... .......... .......... 94% 74.9M 0s
 24200K .......... .......... .......... .......... .......... 95% 61.3M 0s
 24250K .......... .......... .......... .......... .......... 95% 61.7M 0s
 24300K .......... .......... .......... .......... .......... 95% 74.0M 0s
 24350K .......... .......... .......... .......... .......... 95% 75.3M 0s
 24400K .......... .......... .......... .......... .......... 95% 66.9M 0s
 24450K .......... .......... .......... .......... .......... 95% 68.0M 0s
 24500K .......... .......... .......... .......... .......... 96% 83.4M 0s
 24550K .......... .......... .......... .......... .......... 96% 68.2M 0s
 24600K .......... .......... .......... .......... .......... 96% 70.1M 0s
 24650K .......... .......... .......... .......... .......... 96% 39.2M 0s
 24700K .......... .......... .......... .......... .......... 96% 80.3M 0s
 24750K .......... .......... .......... .......... .......... 97% 83.7M 0s
 24800K .......... .......... .......... .......... .......... 97% 84.1M 0s
 24850K .......... .......... .......... .......... .......... 97% 83.4M 0s
 24900K .......... .......... .......... .......... .......... 97% 95.5M 0s
 24950K .......... .......... .......... .......... .......... 97% 7.53M 0s
 25000K .......... .......... .......... .......... .......... 98% 82.6M 0s
 25050K .......... .......... .......... .......... .......... 98% 83.3M 0s
 25100K .......... .......... .......... .......... .......... 98% 83.0M 0s
 25150K .......... .......... .......... .......... .......... 98% 79.4M 0s
 25200K .......... .......... .......... .......... .......... 98% 80.8M 0s
 25250K .......... .......... .......... .......... .......... 99% 72.9M 0s
 25300K .......... .......... .......... .......... .......... 99% 84.5M 0s
 25350K .......... .......... .......... .......... .......... 99% 96.9M 0s
 25400K .......... .......... .......... .......... .......... 99% 84.2M 0s
 25450K .......... .......... .......... .......... .......... 99% 80.6M 0s
 25500K .......... .......... ..                              100% 68.1M=0.6s

2024-01-29 18:17:32 (40.0 MB/s) - ‘/tmp/platform-engine.zip’ saved [26134926/26134926]

Archive:  /tmp/platform-engine.zip
  inflating: /opt/elasticbeanstalk/bin/platform-engine  
  inflating: /opt/elasticbeanstalk/bin/publishlogs  
  inflating: /opt/elasticbeanstalk/bin/get-config  
  inflating: /opt/elasticbeanstalk/bin/ebdockerstart  
  inflating: /opt/elasticbeanstalk/config/private/aws-eb-command-handler.conf  
  inflating: /opt/elasticbeanstalk/config/private/cfn-hup-wrapper  
  inflating: /opt/elasticbeanstalk/config/private/cfn-hup.conf.template  
  inflating: /opt/elasticbeanstalk/config/private/containercommandsupport/container-defaults.sh  
  inflating: /opt/elasticbeanstalk/config/private/containercommandsupport/leader-test.sh  
  inflating: /opt/elasticbeanstalk/config/private/eb-banner.template  
  inflating: /opt/elasticbeanstalk/config/private/guidlocking/repo.py  
  inflating: /opt/elasticbeanstalk/config/private/healthd/config.yaml.template  
  inflating: /opt/elasticbeanstalk/config/private/healthd/healthd_httpd.conf  
  inflating: /opt/elasticbeanstalk/config/private/healthd/healthd_logformat.conf  
  inflating: /opt/elasticbeanstalk/config/private/healthd/healthd_nginx.conf  
  inflating: /opt/elasticbeanstalk/config/private/healthd/logcleanup-cron.template  
  inflating: /opt/elasticbeanstalk/config/private/healthd/healthddependency  
  inflating: /opt/elasticbeanstalk/config/private/httpd/applicationport.conf.template  
  inflating: /opt/elasticbeanstalk/config/private/httpd/gzip.conf  
  inflating: /opt/elasticbeanstalk/config/private/httpd/staticfilesmapping.conf.template  
  inflating: /opt/elasticbeanstalk/config/private/httpd/httpd.conf.template  
  inflating: /opt/elasticbeanstalk/config/private/logrotate/logrotate-cron.template  
  inflating: /opt/elasticbeanstalk/config/private/logrotate/logrotate.template  
  inflating: /opt/elasticbeanstalk/config/private/logtasks/cron/publishlogs  
  inflating: /opt/elasticbeanstalk/config/private/nginx/applicationport.conf.template  
  inflating: /opt/elasticbeanstalk/config/private/nginx/nginx.conf.template  
  inflating: /opt/elasticbeanstalk/config/private/nginx/staticfilesmapping.conf.template  
  inflating: /opt/elasticbeanstalk/config/private/nginx/elasticbeanstalk-nginx-docker-upstream.template  
  inflating: /opt/elasticbeanstalk/config/private/nginx/nginx.template  
  inflating: /opt/elasticbeanstalk/config/private/python/sitecustomize.py  
 extracting: /opt/elasticbeanstalk/config/private/restartcfn.sh  
  inflating: /opt/elasticbeanstalk/config/private/restartcloudwatchagent.sh  
  inflating: /opt/elasticbeanstalk/config/private/rsyslog.conf.template  
  inflating: /opt/elasticbeanstalk/config/private/ruby_common_env  
  inflating: /opt/elasticbeanstalk/config/private/sqsd/default.yaml.template  
  inflating: /opt/elasticbeanstalk/config/private/sqsd/sqsdversion.json  
  inflating: /opt/elasticbeanstalk/config/private/systemd-append.template  
 extracting: /opt/elasticbeanstalk/config/private/aws-eb.target  
  inflating: /opt/elasticbeanstalk/config/private/systemd.template  
  inflating: /opt/elasticbeanstalk/config/private/docker-daemon-config.json  
  inflating: /opt/elasticbeanstalk/config/private/docker-log.conf  
  inflating: /opt/elasticbeanstalk/config/private/docker-rsyslog.conf  
 extracting: /opt/elasticbeanstalk/config/private/dockerfile.template  
  inflating: /opt/elasticbeanstalk/config/private/eb-docker-compose-log-start  
  inflating: /opt/elasticbeanstalk/config/private/eb-docker-log-start  
 extracting: /opt/elasticbeanstalk/config/private/eb-docker-log-stop  
  inflating: /opt/elasticbeanstalk/config/private/eb-docker-stop  
  inflating: /opt/elasticbeanstalk/config/private/beanstalk-magic  
  inflating: /opt/elasticbeanstalk/tasks/bundlelogs.d/cfn-system.conf  
 extracting: /opt/elasticbeanstalk/tasks/bundlelogs.d/cloud-init-system.conf  
  inflating: /opt/elasticbeanstalk/tasks/bundlelogs.d/eb-app.conf  
 extracting: /opt/elasticbeanstalk/tasks/bundlelogs.d/eb-hooks.conf  
  inflating: /opt/elasticbeanstalk/tasks/bundlelogs.d/eb-system.conf  
 extracting: /opt/elasticbeanstalk/tasks/bundlelogs.d/rotate.conf  
  inflating: /opt/elasticbeanstalk/tasks/bundlelogs.d/system.conf  
 extracting: /opt/elasticbeanstalk/tasks/publishlogs.d/eb-app.conf  
  inflating: /opt/elasticbeanstalk/tasks/taillogs.d/eb-app.conf  
  inflating: /opt/elasticbeanstalk/tasks/taillogs.d/eb-engine.conf  
[2024-01-29T18:18:26.987Z] Successfully bootstrapped instance.
[2024-01-29T18:18:27.999Z] Sending signal 0 to CFN wait condition https://cloudformation-waitcondition-eu-west-1.s3-eu-west-1.amazonaws.com/arn%3Aaws%3Acloudformation%3Aeu-west-1%3A471947097906%3Astack/awseb-e-8gmkc7rmw6-stack/e739e470-bed0-11ee-9627-0a7a22b9c067/AWSEBInstanceLaunchWaitHandle?X-Amz-Algorithm=AWS4-HMAC-SHA256&X-Amz-Date=20240129T180457Z&X-Amz-SignedHeaders=host&X-Amz-Expires=86399&X-Amz-Credential=AKIAU7SEXKRMX6OSFN7H%2F20240129%2Feu-west-1%2Fs3%2Faws4_request&X-Amz-Signature=dde42f98ebd903e865840589ebf31f36581a7b64291be5ebaf50ea9ed0168756
CloudFormation signaled successfully with status SUCCESS
[2024-01-29T18:18:27.423Z] Tailing /var/log/eb-commandprocessor.log

******************* eb-commandprocessor taillog *******************
***eb-commandprocessor is not available yet.***
******************* End of taillog *******************


[2024-01-29T18:18:27.430Z] Tailing /var/log/eb-activity.log

******************* eb-activity taillog *******************
***eb-activity is not available yet.***
******************* End of taillog *******************


[2024-01-29T18:18:27.434Z] Tailing /var/log/eb-tools.log

******************* eb-tools taillog *******************
***eb-tools is not available yet.***
******************* End of taillog *******************


[2024-01-29T18:18:27.437Z] Tailing /var/log/eb-version-deployment.log

******************* eb-version-deployment taillog *******************
***eb-version-deployment is not available yet.***
******************* End of taillog *******************


[2024-01-29T18:18:27.440Z] Tailing /var/log/cfn-init.log

******************* cfn-init taillog *******************
2024-01-29 18:05:40,295 [INFO] -----------------------Starting build-----------------------
2024-01-29 18:05:40,314 [INFO] Running configSets: _OnInstanceBoot
2024-01-29 18:05:40,317 [INFO] Running configSet _OnInstanceBoot
2024-01-29 18:05:40,320 [INFO] Running config AWSEBBaseConfig
2024-01-29 18:05:41,057 [INFO] Command clearbackupfiles succeeded
2024-01-29 18:05:41,072 [INFO] Running config AWSEBCfnHupEndpointOverride
2024-01-29 18:05:41,079 [INFO] Command clearbackupfiles succeeded
2024-01-29 18:05:41,081 [INFO] ConfigSets completed
2024-01-29 18:05:41,082 [INFO] -----------------------Build complete-----------------------
2024-01-29 18:17:31,100 [INFO] -----------------------Starting build-----------------------
2024-01-29 18:17:31,117 [INFO] Running configSets: _OnInstanceBoot
2024-01-29 18:17:31,121 [INFO] Running configSet _OnInstanceBoot
2024-01-29 18:17:31,124 [INFO] Running config AWSEBBaseConfig
2024-01-29 18:17:31,765 [INFO] Command clearbackupfiles succeeded
2024-01-29 18:17:31,780 [INFO] Running config AWSEBCfnHupEndpointOverride
2024-01-29 18:17:31,787 [INFO] Command clearbackupfiles succeeded
2024-01-29 18:17:31,789 [INFO] ConfigSets completed
2024-01-29 18:17:31,789 [INFO] -----------------------Build complete-----------------------
2024-01-29 18:17:44,355 [INFO] -----------------------Starting build-----------------------
2024-01-29 18:17:44,366 [INFO] Running configSets: Infra-EmbeddedPreBuild
2024-01-29 18:17:44,382 [INFO] Running configSet Infra-EmbeddedPreBuild
2024-01-29 18:17:44,385 [INFO] Running config prebuild_0_hisab_backend
2024-01-29 18:17:44,386 [INFO] ConfigSets completed
2024-01-29 18:17:44,387 [INFO] -----------------------Build complete-----------------------
2024-01-29 18:18:17,790 [INFO] -----------------------Starting build-----------------------
2024-01-29 18:18:17,797 [INFO] Running configSets: Infra-EmbeddedPostBuild
2024-01-29 18:18:17,799 [INFO] Running configSet Infra-EmbeddedPostBuild
2024-01-29 18:18:17,799 [INFO] ConfigSets completed
2024-01-29 18:18:17,800 [INFO] -----------------------Build complete-----------------------
******************* End of taillog *******************


[2024-01-29T18:18:27.449Z] Tailing /var/log/cfn-hup.log

******************* cfn-hup taillog *******************
2024-01-29 18:17:39,433 [DEBUG] CloudFormation client initialized with endpoint https://cloudformation.eu-west-1.amazonaws.com
2024-01-29 18:17:39,433 [DEBUG] SQS client initialized with endpoint https://sqs.eu-west-1.amazonaws.com
2024-01-29 18:17:39,433 [DEBUG] CloudFormation client initialized with endpoint https://cloudformation.eu-west-1.amazonaws.com
2024-01-29 18:17:39,433 [DEBUG] Enabled single threading mode.
2024-01-29 18:17:39,434 [DEBUG] Creating /var/lib/cfn-hup/data
2024-01-29 18:17:39,449 [INFO] No umask value specified in config file. Using the default one: 0o22
2024-01-29 18:17:39,975 [INFO] Refreshing listener credentials
2024-01-29 18:17:40,127 [INFO] Scheduling next credential refresh in 1799.0 seconds
******************* End of taillog *******************


[2024-01-29T18:18:27.457Z] Completed EB Bootstrapping Script.
+ RESULT=0
+ [[ 0 -ne 0 ]]
+ exit 0
