2024-01-27T13:32:14.074559457Z container prune  (reclaimed=0)
2024-01-27T13:32:37.868513124Z image tag sha256:7a4ecba015016647574045fa5516b8a2f16db5b3177272f7c87cd36512b7c855 (name=aws_beanstalk/staging-app)
2024-01-27T13:32:41.344246136Z container create 8efb9b8df0a9b42880964b07a5aa70465a71b2dc88072cd1e56323660ea7059d (image=7a4ecba01501, name=elated_noether)
2024-01-27T13:32:41.410690618Z network connect c849f58b34494649cbdfd645c3c108d5461216452e37a140e84268b60fbd1853 (container=8efb9b8df0a9b42880964b07a5aa70465a71b2dc88072cd1e56323660ea7059d, name=bridge, type=bridge)
2024-01-27T13:32:42.210529011Z container start 8efb9b8df0a9b42880964b07a5aa70465a71b2dc88072cd1e56323660ea7059d (image=7a4ecba01501, name=elated_noether)
2024-01-27T13:32:48.408749749Z image tag sha256:7a4ecba015016647574045fa5516b8a2f16db5b3177272f7c87cd36512b7c855 (name=aws_beanstalk/current-app:latest)
2024-01-27T13:32:48.437114351Z image untag sha256:7a4ecba015016647574045fa5516b8a2f16db5b3177272f7c87cd36512b7c855 (name=sha256:7a4ecba015016647574045fa5516b8a2f16db5b3177272f7c87cd36512b7c855)
2024-01-29T17:20:54.598091252Z container prune  (reclaimed=0)
2024-01-29T17:39:26.555481316Z container prune  (reclaimed=0)
2024-01-29T17:42:35.033119003Z container prune  (reclaimed=0)
2024-01-29T17:46:15.754970038Z container prune  (reclaimed=0)
2024-01-29T17:46:37.593306458Z image pull 471947097906.dkr.ecr.eu-west-1.amazonaws.com/hisab-backend/hisab-backend:37d668987dab8a3ec81e1d6a4e0905cd72df5622 (name=471947097906.dkr.ecr.eu-west-1.amazonaws.com/hisab-backend/hisab-backend)
2024-01-29T17:46:38.531241469Z image tag sha256:cd05c388c3da4fbc44fcdba957bc81478f400cbcf8cec7c7b0083007f95d8523 (name=aws_beanstalk/staging-app)
2024-01-29T17:46:43.688754369Z container kill 8efb9b8df0a9b42880964b07a5aa70465a71b2dc88072cd1e56323660ea7059d (image=7a4ecba01501, name=elated_noether, signal=15)
2024-01-29T17:46:53.702919223Z container kill 8efb9b8df0a9b42880964b07a5aa70465a71b2dc88072cd1e56323660ea7059d (image=7a4ecba01501, name=elated_noether, signal=9)
2024-01-29T17:46:54.081927580Z network disconnect c849f58b34494649cbdfd645c3c108d5461216452e37a140e84268b60fbd1853 (container=8efb9b8df0a9b42880964b07a5aa70465a71b2dc88072cd1e56323660ea7059d, name=bridge, type=bridge)
2024-01-29T17:46:54.151677717Z container stop 8efb9b8df0a9b42880964b07a5aa70465a71b2dc88072cd1e56323660ea7059d (image=7a4ecba01501, name=elated_noether)
2024-01-29T17:46:54.156807884Z container die 8efb9b8df0a9b42880964b07a5aa70465a71b2dc88072cd1e56323660ea7059d (execDuration=188051, exitCode=137, image=7a4ecba01501, name=elated_noether)
2024-01-29T17:46:55.638455138Z container destroy 8efb9b8df0a9b42880964b07a5aa70465a71b2dc88072cd1e56323660ea7059d (image=7a4ecba01501, name=elated_noether)
2024-01-29T17:46:55.638523105Z container prune  (reclaimed=1449337)
2024-01-29T17:46:55.687178912Z image untag sha256:7a4ecba015016647574045fa5516b8a2f16db5b3177272f7c87cd36512b7c855 (name=sha256:7a4ecba015016647574045fa5516b8a2f16db5b3177272f7c87cd36512b7c855)
2024-01-29T17:46:55.688620672Z image delete sha256:7a4ecba015016647574045fa5516b8a2f16db5b3177272f7c87cd36512b7c855 (name=sha256:7a4ecba015016647574045fa5516b8a2f16db5b3177272f7c87cd36512b7c855)
2024-01-29T17:46:55.760126223Z container create add2a54b6e5f44015c41d16e256f17de0e2f155e4d39055a202a9a75df015f30 (image=cd05c388c3da, name=flamboyant_shtern)
2024-01-29T17:46:55.799001638Z network connect c849f58b34494649cbdfd645c3c108d5461216452e37a140e84268b60fbd1853 (container=add2a54b6e5f44015c41d16e256f17de0e2f155e4d39055a202a9a75df015f30, name=bridge, type=bridge)
2024-01-29T17:46:56.342353234Z container start add2a54b6e5f44015c41d16e256f17de0e2f155e4d39055a202a9a75df015f30 (image=cd05c388c3da, name=flamboyant_shtern)
2024-01-29T17:46:56.671624306Z network disconnect c849f58b34494649cbdfd645c3c108d5461216452e37a140e84268b60fbd1853 (container=add2a54b6e5f44015c41d16e256f17de0e2f155e4d39055a202a9a75df015f30, name=bridge, type=bridge)
2024-01-29T17:46:56.680267815Z container die add2a54b6e5f44015c41d16e256f17de0e2f155e4d39055a202a9a75df015f30 (execDuration=0, exitCode=1, image=cd05c388c3da, name=flamboyant_shtern)
2024-01-29T17:53:43.115368512Z container destroy add2a54b6e5f44015c41d16e256f17de0e2f155e4d39055a202a9a75df015f30 (image=cd05c388c3da, name=flamboyant_shtern)
2024-01-29T17:53:43.115411153Z container prune  (reclaimed=0)
2024-01-29T17:53:53.958078246Z image pull 471947097906.dkr.ecr.eu-west-1.amazonaws.com/hisab-backend/hisab-backend:37d668987dab8a3ec81e1d6a4e0905cd72df5622 (name=471947097906.dkr.ecr.eu-west-1.amazonaws.com/hisab-backend/hisab-backend)
2024-01-29T17:53:54.907008231Z image tag sha256:483eb66fe372fd005be21ca3d0d60d3e592a020da9c087188ce970c15dad7530 (name=aws_beanstalk/staging-app)
2024-01-29T17:53:59.264224844Z container prune  (reclaimed=0)
2024-01-29T17:53:59.358589667Z container create 907866aa6b3c6bf51585be2466a93b319dcf192535576a2a68367c5f9a293bee (image=483eb66fe372, name=naughty_yalow)
2024-01-29T17:53:59.406962202Z network connect c849f58b34494649cbdfd645c3c108d5461216452e37a140e84268b60fbd1853 (container=907866aa6b3c6bf51585be2466a93b319dcf192535576a2a68367c5f9a293bee, name=bridge, type=bridge)
2024-01-29T17:54:00.141579930Z container start 907866aa6b3c6bf51585be2466a93b319dcf192535576a2a68367c5f9a293bee (image=483eb66fe372, name=naughty_yalow)
2024-01-29T17:54:00.411737575Z network disconnect c849f58b34494649cbdfd645c3c108d5461216452e37a140e84268b60fbd1853 (container=907866aa6b3c6bf51585be2466a93b319dcf192535576a2a68367c5f9a293bee, name=bridge, type=bridge)
2024-01-29T17:54:00.418048177Z container die 907866aa6b3c6bf51585be2466a93b319dcf192535576a2a68367c5f9a293bee (execDuration=0, exitCode=1, image=483eb66fe372, name=naughty_yalow)
