2024-01-27 13:31:34,827 [INFO] -----------------------Starting build-----------------------
2024-01-27 13:31:34,846 [INFO] Running configSets: _OnInstanceBoot
2024-01-27 13:31:34,848 [INFO] Running configSet _OnInstanceBoot
2024-01-27 13:31:34,852 [INFO] Running config AWSEBBaseConfig
2024-01-27 13:31:35,577 [INFO] Command clearbackupfiles succeeded
2024-01-27 13:31:35,593 [INFO] Running config AWSEBCfnHupEndpointOverride
2024-01-27 13:31:35,600 [INFO] Command clearbackupfiles succeeded
2024-01-27 13:31:35,602 [INFO] ConfigSets completed
2024-01-27 13:31:35,603 [INFO] -----------------------Build complete-----------------------
2024-01-27 13:32:13,961 [INFO] -----------------------Starting build-----------------------
2024-01-27 13:32:13,966 [INFO] Running configSets: Infra-EmbeddedPreBuild
2024-01-27 13:32:13,969 [INFO] Running configSet Infra-EmbeddedPreBuild
2024-01-27 13:32:13,970 [INFO] Running config prebuild_0_hisab_backend
2024-01-27 13:32:13,972 [INFO] ConfigSets completed
2024-01-27 13:32:13,972 [INFO] -----------------------Build complete-----------------------
2024-01-27 13:32:41,221 [INFO] -----------------------Starting build-----------------------
2024-01-27 13:32:41,227 [INFO] Running configSets: Infra-EmbeddedPostBuild
2024-01-27 13:32:41,229 [INFO] Running configSet Infra-EmbeddedPostBuild
2024-01-27 13:32:41,230 [INFO] ConfigSets completed
2024-01-27 13:32:41,230 [INFO] -----------------------Build complete-----------------------
2024-01-29 17:20:54,505 [INFO] -----------------------Starting build-----------------------
2024-01-29 17:20:54,514 [INFO] Running configSets: Infra-EmbeddedPreBuild
2024-01-29 17:20:54,517 [INFO] Running configSet Infra-EmbeddedPreBuild
2024-01-29 17:20:54,518 [INFO] ConfigSets completed
2024-01-29 17:20:54,518 [INFO] -----------------------Build complete-----------------------
2024-01-29 17:39:26,433 [INFO] -----------------------Starting build-----------------------
2024-01-29 17:39:26,438 [INFO] Running configSets: Infra-EmbeddedPreBuild
2024-01-29 17:39:26,440 [INFO] Running configSet Infra-EmbeddedPreBuild
2024-01-29 17:39:26,441 [INFO] ConfigSets completed
2024-01-29 17:39:26,441 [INFO] -----------------------Build complete-----------------------
