2024-01-27 13:31:34,849 P1686 [INFO] ************************************************************
2024-01-27 13:31:34,849 P1686 [INFO] ConfigSet _OnInstanceBoot
2024-01-27 13:31:34,852 P1686 [INFO] ++++++++++++++++++++++++++++++++++++++++++++++++++++++++++++
2024-01-27 13:31:34,852 P1686 [INFO] Config AWSEBBaseConfig
2024-01-27 13:31:35,564 P1686 [INFO] ============================================================
2024-01-27 13:31:35,564 P1686 [INFO] Command clearbackupfiles
2024-01-27 13:31:35,577 P1686 [INFO] Completed successfully.
2024-01-27 13:31:35,593 P1686 [INFO] ++++++++++++++++++++++++++++++++++++++++++++++++++++++++++++
2024-01-27 13:31:35,593 P1686 [INFO] Config AWSEBCfnHupEndpointOverride
2024-01-27 13:31:35,594 P1686 [INFO] ============================================================
2024-01-27 13:31:35,594 P1686 [INFO] Command clearbackupfiles
2024-01-27 13:31:35,600 P1686 [INFO] Completed successfully.
2024-01-27 13:32:13,969 P2136 [INFO] ************************************************************
2024-01-27 13:32:13,969 P2136 [INFO] ConfigSet Infra-EmbeddedPreBuild
2024-01-27 13:32:13,971 P2136 [INFO] ++++++++++++++++++++++++++++++++++++++++++++++++++++++++++++
2024-01-27 13:32:13,971 P2136 [INFO] Config prebuild_0_hisab_backend
2024-01-27 13:32:41,229 P2436 [INFO] ************************************************************
2024-01-27 13:32:41,230 P2436 [INFO] ConfigSet Infra-EmbeddedPostBuild
2024-01-29 17:20:54,517 P102269 [INFO] ************************************************************
2024-01-29 17:20:54,518 P102269 [INFO] ConfigSet Infra-EmbeddedPreBuild
2024-01-29 17:39:26,441 P102930 [INFO] ************************************************************
2024-01-29 17:39:26,441 P102930 [INFO] ConfigSet Infra-EmbeddedPreBuild
