2024-01-29 19:23:54,362 [DEBUG] CloudFormation client initialized with endpoint https://cloudformation.eu-west-1.amazonaws.com
2024-01-29 19:23:54,363 [DEBUG] SQS client initialized with endpoint https://sqs.eu-west-1.amazonaws.com
2024-01-29 19:23:54,363 [DEBUG] CloudFormation client initialized with endpoint https://cloudformation.eu-west-1.amazonaws.com
2024-01-29 19:23:54,363 [DEBUG] Enabled single threading mode.
2024-01-29 19:23:54,364 [DEBUG] Creating /var/lib/cfn-hup/data
2024-01-29 19:23:54,376 [INFO] No umask value specified in config file. Using the default one: 0o22
2024-01-29 19:23:54,927 [INFO] Refreshing listener credentials
2024-01-29 19:23:55,099 [INFO] Scheduling next credential refresh in 1799.0 seconds
2024-01-29 19:25:15,232 [WARNING] Timeout of 60 seconds breached
2024-01-29 19:25:15,233 [ERROR] Client-side timeout
Traceback (most recent call last):
  File "/usr/lib/python3.9/site-packages/cfnbootstrap/util.py", line 193, in _retry
    return f(*args, **kwargs)
  File "/usr/lib/python3.9/site-packages/cfnbootstrap/util.py", line 266, in _timeout
    raise TimeoutError(
cfnbootstrap.util.TimeoutError
2024-01-29 19:28:56,909 [INFO] command processing is alive.
2024-01-29 19:33:57,836 [INFO] command processing is alive.
2024-01-29 19:38:58,819 [INFO] command processing is alive.
2024-01-29 19:43:59,785 [INFO] command processing is alive.
2024-01-29 19:49:00,798 [INFO] command processing is alive.
2024-01-29 19:53:54,100 [INFO] Refreshing listener credentials
2024-01-29 19:53:54,197 [INFO] Scheduling next credential refresh in 1799.0 seconds
2024-01-29 19:54:01,841 [INFO] command processing is alive.
2024-01-29 19:59:02,841 [INFO] command processing is alive.
2024-01-29 20:04:03,966 [INFO] command processing is alive.
2024-01-29 20:09:04,973 [INFO] command processing is alive.
2024-01-29 20:14:05,952 [INFO] command processing is alive.
2024-01-29 20:19:06,904 [INFO] command processing is alive.
2024-01-29 20:23:53,198 [INFO] Refreshing listener credentials
2024-01-29 20:23:53,339 [INFO] Scheduling next credential refresh in 1799.0 seconds
2024-01-29 20:24:07,845 [INFO] command processing is alive.
2024-01-29 20:29:08,734 [INFO] command processing is alive.
2024-01-29 20:34:09,692 [INFO] command processing is alive.
2024-01-29 20:39:10,720 [INFO] command processing is alive.
2024-01-29 20:44:11,593 [INFO] command processing is alive.
2024-01-29 20:49:12,564 [INFO] command processing is alive.
2024-01-29 20:53:52,340 [INFO] Refreshing listener credentials
2024-01-29 20:53:52,430 [INFO] Scheduling next credential refresh in 1799.0 seconds
2024-01-29 20:54:13,548 [INFO] command processing is alive.
2024-01-29 20:59:14,488 [INFO] command processing is alive.
2024-01-29 21:04:15,434 [INFO] command processing is alive.
2024-01-29 21:09:16,303 [INFO] command processing is alive.
2024-01-29 21:14:17,218 [INFO] command processing is alive.
2024-01-29 21:19:18,208 [INFO] command processing is alive.
2024-01-29 21:23:51,430 [INFO] Refreshing listener credentials
2024-01-29 21:23:51,530 [INFO] Scheduling next credential refresh in 1799.0 seconds
2024-01-29 21:24:19,094 [INFO] command processing is alive.
2024-01-29 21:29:19,968 [INFO] command processing is alive.
2024-01-29 21:34:20,852 [INFO] command processing is alive.
2024-01-29 21:39:21,914 [INFO] command processing is alive.
2024-01-29 21:44:22,912 [INFO] command processing is alive.
2024-01-29 21:49:23,792 [INFO] command processing is alive.
2024-01-29 21:53:50,530 [INFO] Refreshing listener credentials
2024-01-29 21:53:50,623 [INFO] Scheduling next credential refresh in 1799.0 seconds
2024-01-29 21:54:24,841 [INFO] command processing is alive.
2024-01-29 21:59:25,747 [INFO] command processing is alive.
2024-01-29 22:04:26,648 [INFO] command processing is alive.
2024-01-29 22:09:27,484 [INFO] command processing is alive.
2024-01-29 22:14:28,427 [INFO] command processing is alive.
2024-01-29 22:19:29,341 [INFO] command processing is alive.
2024-01-29 22:23:49,623 [INFO] Refreshing listener credentials
2024-01-29 22:23:49,716 [INFO] Scheduling next credential refresh in 1799.0 seconds
2024-01-29 22:24:30,235 [INFO] command processing is alive.
2024-01-29 22:29:31,185 [INFO] command processing is alive.
2024-01-29 22:34:32,090 [INFO] command processing is alive.
2024-01-29 22:39:33,148 [INFO] command processing is alive.
2024-01-29 22:44:34,039 [INFO] command processing is alive.
2024-01-29 22:49:34,897 [INFO] command processing is alive.
2024-01-29 22:53:48,717 [INFO] Refreshing listener credentials
2024-01-29 22:53:48,845 [INFO] Scheduling next credential refresh in 1799.0 seconds
2024-01-29 22:54:35,758 [INFO] command processing is alive.
2024-01-29 22:59:36,654 [INFO] command processing is alive.
2024-01-29 23:04:37,562 [INFO] command processing is alive.
2024-01-29 23:09:38,474 [INFO] command processing is alive.
2024-01-29 23:14:39,457 [INFO] command processing is alive.
2024-01-29 23:19:40,461 [INFO] command processing is alive.
2024-01-29 23:23:47,846 [INFO] Refreshing listener credentials
2024-01-29 23:23:47,957 [INFO] Scheduling next credential refresh in 1799.0 seconds
2024-01-29 23:24:41,341 [INFO] command processing is alive.
2024-01-29 23:29:42,433 [INFO] command processing is alive.
2024-01-29 23:34:43,423 [INFO] command processing is alive.
2024-01-29 23:39:44,352 [INFO] command processing is alive.
2024-01-29 23:44:45,349 [INFO] command processing is alive.
2024-01-29 23:49:46,242 [INFO] command processing is alive.
2024-01-29 23:53:46,958 [INFO] Refreshing listener credentials
2024-01-29 23:53:47,095 [INFO] Scheduling next credential refresh in 1799.0 seconds
2024-01-29 23:54:47,149 [INFO] command processing is alive.
2024-01-29 23:59:47,956 [INFO] command processing is alive.
2024-01-30 00:04:48,876 [INFO] command processing is alive.
2024-01-30 00:09:49,714 [INFO] command processing is alive.
2024-01-30 00:14:50,644 [INFO] command processing is alive.
2024-01-30 00:19:51,646 [INFO] command processing is alive.
2024-01-30 00:23:46,095 [INFO] Refreshing listener credentials
2024-01-30 00:23:46,195 [INFO] Scheduling next credential refresh in 1799.0 seconds
2024-01-30 00:24:52,574 [INFO] command processing is alive.
2024-01-30 00:29:53,429 [INFO] command processing is alive.
2024-01-30 00:34:54,306 [INFO] command processing is alive.
2024-01-30 00:39:55,279 [INFO] command processing is alive.
2024-01-30 00:44:56,155 [INFO] command processing is alive.
2024-01-30 00:49:57,051 [INFO] command processing is alive.
2024-01-30 00:53:45,195 [INFO] Refreshing listener credentials
2024-01-30 00:53:45,336 [INFO] Scheduling next credential refresh in 1799.0 seconds
2024-01-30 00:54:57,924 [INFO] command processing is alive.
2024-01-30 00:59:58,781 [INFO] command processing is alive.
2024-01-30 01:04:59,711 [INFO] command processing is alive.
2024-01-30 01:10:00,702 [INFO] command processing is alive.
2024-01-30 01:15:01,769 [INFO] command processing is alive.
2024-01-30 01:20:02,696 [INFO] command processing is alive.
2024-01-30 01:23:44,340 [INFO] Refreshing listener credentials
2024-01-30 01:23:44,459 [INFO] Scheduling next credential refresh in 1799.0 seconds
2024-01-30 01:25:03,773 [INFO] command processing is alive.
2024-01-30 01:30:04,813 [INFO] command processing is alive.
2024-01-30 01:35:05,781 [INFO] command processing is alive.
2024-01-30 01:40:06,634 [INFO] command processing is alive.
2024-01-30 01:45:07,524 [INFO] command processing is alive.
2024-01-30 01:50:08,458 [INFO] command processing is alive.
2024-01-30 01:53:43,462 [INFO] Refreshing listener credentials
2024-01-30 01:53:43,572 [INFO] Scheduling next credential refresh in 1799.0 seconds
2024-01-30 01:55:09,360 [INFO] command processing is alive.
2024-01-30 02:00:10,362 [INFO] command processing is alive.
2024-01-30 02:05:11,242 [INFO] command processing is alive.
2024-01-30 02:10:12,128 [INFO] command processing is alive.
2024-01-30 02:15:13,037 [INFO] command processing is alive.
2024-01-30 02:20:13,900 [INFO] command processing is alive.
2024-01-30 02:23:42,572 [INFO] Refreshing listener credentials
2024-01-30 02:23:42,667 [INFO] Scheduling next credential refresh in 1799.0 seconds
2024-01-30 02:25:14,856 [INFO] command processing is alive.
2024-01-30 02:30:15,769 [INFO] command processing is alive.
2024-01-30 02:35:16,783 [INFO] command processing is alive.
2024-01-30 02:40:17,662 [INFO] command processing is alive.
2024-01-30 02:45:18,673 [INFO] command processing is alive.
2024-01-30 02:50:19,607 [INFO] command processing is alive.
2024-01-30 02:53:41,668 [INFO] Refreshing listener credentials
2024-01-30 02:53:41,775 [INFO] Scheduling next credential refresh in 1799.0 seconds
2024-01-30 02:55:20,581 [INFO] command processing is alive.
2024-01-30 03:00:21,636 [INFO] command processing is alive.
2024-01-30 03:05:22,999 [INFO] command processing is alive.
2024-01-30 03:10:23,987 [INFO] command processing is alive.
2024-01-30 03:15:24,953 [INFO] command processing is alive.
2024-01-30 03:20:25,994 [INFO] command processing is alive.
2024-01-30 03:23:40,777 [INFO] Refreshing listener credentials
2024-01-30 03:23:40,883 [INFO] Scheduling next credential refresh in 1799.0 seconds
2024-01-30 03:25:26,846 [INFO] command processing is alive.
2024-01-30 03:30:27,735 [INFO] command processing is alive.
2024-01-30 03:35:28,658 [INFO] command processing is alive.
2024-01-30 03:40:29,593 [INFO] command processing is alive.
2024-01-30 03:45:30,529 [INFO] command processing is alive.
2024-01-30 03:50:31,488 [INFO] command processing is alive.
2024-01-30 03:53:39,884 [INFO] Refreshing listener credentials
2024-01-30 03:53:39,997 [INFO] Scheduling next credential refresh in 1799.0 seconds
2024-01-30 03:55:32,364 [INFO] command processing is alive.
2024-01-30 04:00:33,278 [INFO] command processing is alive.
2024-01-30 04:05:34,240 [INFO] command processing is alive.
2024-01-30 04:10:35,222 [INFO] command processing is alive.
2024-01-30 04:15:36,165 [INFO] command processing is alive.
2024-01-30 04:20:37,126 [INFO] command processing is alive.
2024-01-30 04:23:38,998 [INFO] Refreshing listener credentials
2024-01-30 04:23:39,129 [INFO] Scheduling next credential refresh in 1799.0 seconds
2024-01-30 04:25:38,005 [INFO] command processing is alive.
2024-01-30 04:30:38,886 [INFO] command processing is alive.
2024-01-30 04:35:39,731 [INFO] command processing is alive.
2024-01-30 04:40:40,688 [INFO] command processing is alive.
2024-01-30 04:45:41,660 [INFO] command processing is alive.
2024-01-30 04:50:42,703 [INFO] command processing is alive.
2024-01-30 04:53:38,130 [INFO] Refreshing listener credentials
2024-01-30 04:53:38,219 [INFO] Scheduling next credential refresh in 1799.0 seconds
2024-01-30 04:55:43,713 [INFO] command processing is alive.
2024-01-30 05:00:44,785 [INFO] command processing is alive.
2024-01-30 05:05:45,763 [INFO] command processing is alive.
2024-01-30 05:10:46,760 [INFO] command processing is alive.
2024-01-30 05:15:47,682 [INFO] command processing is alive.
2024-01-30 05:20:48,606 [INFO] command processing is alive.
2024-01-30 05:23:37,219 [INFO] Refreshing listener credentials
2024-01-30 05:23:37,337 [INFO] Scheduling next credential refresh in 1799.0 seconds
2024-01-30 05:25:49,600 [INFO] command processing is alive.
2024-01-30 05:30:50,476 [INFO] command processing is alive.
2024-01-30 05:35:51,435 [INFO] command processing is alive.
2024-01-30 05:40:52,387 [INFO] command processing is alive.
2024-01-30 05:45:53,276 [INFO] command processing is alive.
2024-01-30 05:50:54,227 [INFO] command processing is alive.
2024-01-30 05:53:36,338 [INFO] Refreshing listener credentials
2024-01-30 05:53:36,448 [INFO] Scheduling next credential refresh in 1799.0 seconds
2024-01-30 05:55:55,195 [INFO] command processing is alive.
2024-01-30 06:00:56,056 [INFO] command processing is alive.
2024-01-30 06:05:56,940 [INFO] command processing is alive.
2024-01-30 06:10:57,916 [INFO] command processing is alive.
2024-01-30 06:15:58,956 [INFO] command processing is alive.
2024-01-30 06:21:00,024 [INFO] command processing is alive.
2024-01-30 06:23:35,449 [INFO] Refreshing listener credentials
2024-01-30 06:23:35,551 [INFO] Scheduling next credential refresh in 1799.0 seconds
2024-01-30 06:26:00,997 [INFO] command processing is alive.
2024-01-30 06:31:02,072 [INFO] command processing is alive.
2024-01-30 06:36:03,135 [INFO] command processing is alive.
2024-01-30 06:41:04,027 [INFO] command processing is alive.
2024-01-30 06:46:05,021 [INFO] command processing is alive.
2024-01-30 06:51:05,886 [INFO] command processing is alive.
2024-01-30 06:53:34,551 [INFO] Refreshing listener credentials
2024-01-30 06:53:34,655 [INFO] Scheduling next credential refresh in 1799.0 seconds
2024-01-30 06:56:06,838 [INFO] command processing is alive.
2024-01-30 07:01:07,847 [INFO] command processing is alive.
2024-01-30 07:06:08,772 [INFO] command processing is alive.
2024-01-30 07:11:09,695 [INFO] command processing is alive.
2024-01-30 07:16:10,634 [INFO] command processing is alive.
2024-01-30 07:21:11,481 [INFO] command processing is alive.
2024-01-30 07:23:33,656 [INFO] Refreshing listener credentials
2024-01-30 07:23:33,753 [INFO] Scheduling next credential refresh in 1799.0 seconds
2024-01-30 07:26:12,421 [INFO] command processing is alive.
2024-01-30 07:31:13,274 [INFO] command processing is alive.
2024-01-30 07:36:14,184 [INFO] command processing is alive.
2024-01-30 07:41:15,149 [INFO] command processing is alive.
2024-01-30 07:46:16,013 [INFO] command processing is alive.
2024-01-30 07:51:16,904 [INFO] command processing is alive.
2024-01-30 07:53:32,753 [INFO] Refreshing listener credentials
2024-01-30 07:53:32,847 [INFO] Scheduling next credential refresh in 1799.0 seconds
2024-01-30 07:56:17,732 [INFO] command processing is alive.
2024-01-30 08:01:18,651 [INFO] command processing is alive.
2024-01-30 08:06:19,513 [INFO] command processing is alive.
2024-01-30 08:11:20,598 [INFO] command processing is alive.
2024-01-30 08:16:21,627 [INFO] command processing is alive.
2024-01-30 08:21:22,721 [INFO] command processing is alive.
2024-01-30 08:23:31,847 [INFO] Refreshing listener credentials
2024-01-30 08:23:31,942 [INFO] Scheduling next credential refresh in 1799.0 seconds
2024-01-30 08:26:23,701 [INFO] command processing is alive.
2024-01-30 08:31:24,621 [INFO] command processing is alive.
2024-01-30 08:36:25,467 [INFO] command processing is alive.
2024-01-30 08:41:26,400 [INFO] command processing is alive.
2024-01-30 08:46:27,312 [INFO] command processing is alive.
2024-01-30 08:51:28,197 [INFO] command processing is alive.
2024-01-30 08:53:30,943 [INFO] Refreshing listener credentials
2024-01-30 08:53:31,037 [INFO] Scheduling next credential refresh in 1799.0 seconds
2024-01-30 08:56:29,225 [INFO] command processing is alive.
2024-01-30 09:01:30,138 [INFO] command processing is alive.
2024-01-30 09:06:31,067 [INFO] command processing is alive.
2024-01-30 09:11:31,924 [INFO] command processing is alive.
2024-01-30 09:16:32,913 [INFO] command processing is alive.
2024-01-30 09:21:33,808 [INFO] command processing is alive.
2024-01-30 09:23:30,038 [INFO] Refreshing listener credentials
2024-01-30 09:23:30,158 [INFO] Scheduling next credential refresh in 1799.0 seconds
2024-01-30 09:26:34,724 [INFO] command processing is alive.
2024-01-30 09:31:35,626 [INFO] command processing is alive.
2024-01-30 09:36:36,493 [INFO] command processing is alive.
2024-01-30 09:41:37,354 [INFO] command processing is alive.
2024-01-30 09:46:38,381 [INFO] command processing is alive.
2024-01-30 09:51:39,260 [INFO] command processing is alive.
2024-01-30 09:53:29,159 [INFO] Refreshing listener credentials
2024-01-30 09:53:29,294 [INFO] Scheduling next credential refresh in 1799.0 seconds
2024-01-30 09:56:40,203 [INFO] command processing is alive.
2024-01-30 10:01:41,158 [INFO] command processing is alive.
2024-01-30 10:06:42,287 [INFO] command processing is alive.
2024-01-30 10:11:43,265 [INFO] command processing is alive.
2024-01-30 10:16:44,181 [INFO] command processing is alive.
2024-01-30 10:21:45,205 [INFO] command processing is alive.
2024-01-30 10:23:28,294 [INFO] Refreshing listener credentials
2024-01-30 10:23:28,393 [INFO] Scheduling next credential refresh in 1799.0 seconds
2024-01-30 10:26:46,092 [INFO] command processing is alive.
2024-01-30 10:31:46,936 [INFO] command processing is alive.
2024-01-30 10:36:47,817 [INFO] command processing is alive.
2024-01-30 10:41:48,784 [INFO] command processing is alive.
2024-01-30 10:46:49,718 [INFO] command processing is alive.
2024-01-30 10:51:50,662 [INFO] command processing is alive.
2024-01-30 10:53:27,393 [INFO] Refreshing listener credentials
2024-01-30 10:53:27,496 [INFO] Scheduling next credential refresh in 1799.0 seconds
2024-01-30 10:56:51,542 [INFO] command processing is alive.
2024-01-30 11:01:52,483 [INFO] command processing is alive.
2024-01-30 11:06:53,456 [INFO] command processing is alive.
2024-01-30 11:11:54,479 [INFO] command processing is alive.
2024-01-30 11:16:55,347 [INFO] command processing is alive.
2024-01-30 11:21:56,238 [INFO] command processing is alive.
2024-01-30 11:23:26,497 [INFO] Refreshing listener credentials
2024-01-30 11:23:26,599 [INFO] Scheduling next credential refresh in 1799.0 seconds
2024-01-30 11:26:57,174 [INFO] command processing is alive.
2024-01-30 11:31:58,120 [INFO] command processing is alive.
2024-01-30 11:36:59,035 [INFO] command processing is alive.
2024-01-30 11:41:59,919 [INFO] command processing is alive.
2024-01-30 11:47:00,892 [INFO] command processing is alive.
2024-01-30 11:52:01,931 [INFO] command processing is alive.
2024-01-30 11:53:25,599 [INFO] Refreshing listener credentials
2024-01-30 11:53:25,690 [INFO] Scheduling next credential refresh in 1799.0 seconds
2024-01-30 11:57:02,986 [INFO] command processing is alive.
2024-01-30 12:02:03,975 [INFO] command processing is alive.
2024-01-30 12:07:04,943 [INFO] command processing is alive.
2024-01-30 12:12:05,817 [INFO] command processing is alive.
2024-01-30 12:17:06,712 [INFO] command processing is alive.
2024-01-30 12:22:07,657 [INFO] command processing is alive.
2024-01-30 12:23:24,691 [INFO] Refreshing listener credentials
2024-01-30 12:23:24,801 [INFO] Scheduling next credential refresh in 1799.0 seconds
2024-01-30 12:27:08,595 [INFO] command processing is alive.
2024-01-30 12:32:09,556 [INFO] command processing is alive.
2024-01-30 12:37:10,399 [INFO] command processing is alive.
2024-01-30 12:42:11,304 [INFO] command processing is alive.
2024-01-30 12:47:12,205 [INFO] command processing is alive.
2024-01-30 12:52:13,139 [INFO] command processing is alive.
2024-01-30 12:53:23,802 [INFO] Refreshing listener credentials
2024-01-30 12:53:23,893 [INFO] Scheduling next credential refresh in 1799.0 seconds
2024-01-30 12:57:14,030 [INFO] command processing is alive.
2024-01-30 13:02:14,940 [INFO] command processing is alive.
2024-01-30 13:07:15,959 [INFO] command processing is alive.
2024-01-30 13:12:17,000 [INFO] command processing is alive.
2024-01-30 13:17:17,991 [INFO] command processing is alive.
2024-01-30 13:22:18,907 [INFO] command processing is alive.
2024-01-30 13:23:22,893 [INFO] Refreshing listener credentials
2024-01-30 13:23:23,006 [INFO] Scheduling next credential refresh in 1799.0 seconds
2024-01-30 13:27:19,757 [INFO] command processing is alive.
2024-01-30 13:32:20,766 [INFO] command processing is alive.
2024-01-30 13:37:21,824 [INFO] command processing is alive.
2024-01-30 13:42:22,810 [INFO] command processing is alive.
2024-01-30 13:47:23,775 [INFO] command processing is alive.
2024-01-30 13:52:24,729 [INFO] command processing is alive.
2024-01-30 13:53:22,006 [INFO] Refreshing listener credentials
2024-01-30 13:53:22,123 [INFO] Scheduling next credential refresh in 1799.0 seconds
2024-01-30 13:57:25,750 [INFO] command processing is alive.
2024-01-30 14:02:26,782 [INFO] command processing is alive.
2024-01-30 14:07:27,834 [INFO] command processing is alive.
2024-01-30 14:12:28,712 [INFO] command processing is alive.
2024-01-30 14:17:29,627 [INFO] command processing is alive.
2024-01-30 14:22:30,540 [INFO] command processing is alive.
2024-01-30 14:23:21,123 [INFO] Refreshing listener credentials
2024-01-30 14:23:21,226 [INFO] Scheduling next credential refresh in 1799.0 seconds
2024-01-30 14:27:31,439 [INFO] command processing is alive.
2024-01-30 14:32:32,362 [INFO] command processing is alive.
2024-01-30 14:37:33,323 [INFO] command processing is alive.
2024-01-30 14:42:34,184 [INFO] command processing is alive.
2024-01-30 14:47:35,077 [INFO] command processing is alive.
2024-01-30 14:52:36,007 [INFO] command processing is alive.
2024-01-30 14:53:20,228 [INFO] Refreshing listener credentials
2024-01-30 14:53:20,336 [INFO] Scheduling next credential refresh in 1799.0 seconds
2024-01-30 14:57:36,957 [INFO] command processing is alive.
2024-01-30 15:02:37,900 [INFO] command processing is alive.
2024-01-30 15:07:38,837 [INFO] command processing is alive.
2024-01-30 15:12:39,703 [INFO] command processing is alive.
2024-01-30 15:17:40,682 [INFO] command processing is alive.
2024-01-30 15:22:41,691 [INFO] command processing is alive.
2024-01-30 15:23:19,337 [INFO] Refreshing listener credentials
2024-01-30 15:23:19,439 [INFO] Scheduling next credential refresh in 1799.0 seconds
2024-01-30 15:27:42,825 [INFO] command processing is alive.
2024-01-30 15:32:43,753 [INFO] command processing is alive.
2024-01-30 15:37:44,679 [INFO] command processing is alive.
2024-01-30 15:42:45,635 [INFO] command processing is alive.
2024-01-30 15:47:46,693 [INFO] command processing is alive.
2024-01-30 15:52:47,718 [INFO] command processing is alive.
2024-01-30 15:53:18,439 [INFO] Refreshing listener credentials
2024-01-30 15:53:18,529 [INFO] Scheduling next credential refresh in 1799.0 seconds
2024-01-30 15:57:48,676 [INFO] command processing is alive.
2024-01-30 16:02:49,569 [INFO] command processing is alive.
2024-01-30 16:07:50,717 [INFO] command processing is alive.
2024-01-30 16:12:51,617 [INFO] command processing is alive.
2024-01-30 16:17:52,525 [INFO] command processing is alive.
2024-01-30 16:22:53,446 [INFO] command processing is alive.
2024-01-30 16:23:17,529 [INFO] Refreshing listener credentials
2024-01-30 16:23:17,636 [INFO] Scheduling next credential refresh in 1799.0 seconds
2024-01-30 16:27:54,309 [INFO] command processing is alive.
2024-01-30 16:32:55,212 [INFO] command processing is alive.
2024-01-30 16:37:56,138 [INFO] command processing is alive.
2024-01-30 16:42:57,054 [INFO] command processing is alive.
2024-01-30 16:47:57,932 [INFO] command processing is alive.
2024-01-30 16:52:58,872 [INFO] command processing is alive.
2024-01-30 16:53:16,637 [INFO] Refreshing listener credentials
2024-01-30 16:53:16,741 [INFO] Scheduling next credential refresh in 1799.0 seconds
2024-01-30 16:57:59,830 [INFO] command processing is alive.
2024-01-30 17:03:00,809 [INFO] command processing is alive.
2024-01-30 17:08:01,836 [INFO] command processing is alive.
2024-01-30 17:13:02,819 [INFO] command processing is alive.
2024-01-30 17:18:03,735 [INFO] command processing is alive.
2024-01-30 17:23:04,654 [INFO] command processing is alive.
2024-01-30 17:23:15,741 [INFO] Refreshing listener credentials
2024-01-30 17:23:15,835 [INFO] Scheduling next credential refresh in 1799.0 seconds
2024-01-30 17:28:05,689 [INFO] command processing is alive.
2024-01-30 17:33:06,633 [INFO] command processing is alive.
2024-01-30 17:38:07,573 [INFO] command processing is alive.
2024-01-30 17:43:08,502 [INFO] command processing is alive.
2024-01-30 17:48:09,381 [INFO] command processing is alive.
2024-01-30 17:53:10,280 [INFO] command processing is alive.
2024-01-30 17:53:14,835 [INFO] Refreshing listener credentials
2024-01-30 17:53:14,937 [INFO] Scheduling next credential refresh in 1799.0 seconds
2024-01-30 17:58:11,312 [INFO] command processing is alive.
2024-01-30 18:03:12,210 [INFO] command processing is alive.
2024-01-30 18:08:13,136 [INFO] command processing is alive.
2024-01-30 18:13:14,078 [INFO] command processing is alive.
2024-01-30 18:18:14,955 [INFO] command processing is alive.
2024-01-30 18:23:13,937 [INFO] Refreshing listener credentials
2024-01-30 18:23:14,087 [INFO] Scheduling next credential refresh in 1799.0 seconds
2024-01-30 18:23:15,829 [INFO] command processing is alive.
2024-01-30 18:28:16,741 [INFO] command processing is alive.
2024-01-30 18:33:17,694 [INFO] command processing is alive.
2024-01-30 18:38:18,659 [INFO] command processing is alive.
2024-01-30 18:43:19,568 [INFO] command processing is alive.
2024-01-30 18:48:20,515 [INFO] command processing is alive.
2024-01-30 18:53:13,087 [INFO] Refreshing listener credentials
2024-01-30 18:53:13,191 [INFO] Scheduling next credential refresh in 1799.0 seconds
2024-01-30 18:53:21,490 [INFO] command processing is alive.
2024-01-30 18:58:22,569 [INFO] command processing is alive.
2024-01-30 19:03:23,621 [INFO] command processing is alive.
2024-01-30 19:08:24,495 [INFO] command processing is alive.
2024-01-30 19:13:25,459 [INFO] command processing is alive.
2024-01-30 19:18:26,427 [INFO] command processing is alive.
2024-01-30 19:23:12,191 [INFO] Refreshing listener credentials
2024-01-30 19:23:12,303 [INFO] Scheduling next credential refresh in 1799.0 seconds
2024-01-30 19:23:27,345 [INFO] command processing is alive.
2024-01-30 19:28:28,322 [INFO] command processing is alive.
2024-01-30 19:33:29,332 [INFO] command processing is alive.
2024-01-30 19:38:30,319 [INFO] command processing is alive.
2024-01-30 19:43:31,367 [INFO] command processing is alive.
2024-01-30 19:48:32,260 [INFO] command processing is alive.
2024-01-30 19:53:11,304 [INFO] Refreshing listener credentials
2024-01-30 19:53:11,399 [INFO] Scheduling next credential refresh in 1799.0 seconds
2024-01-30 19:53:33,155 [INFO] command processing is alive.
2024-01-30 19:58:34,146 [INFO] command processing is alive.
2024-01-30 20:03:35,113 [INFO] command processing is alive.
2024-01-30 20:08:36,040 [INFO] command processing is alive.
2024-01-30 20:13:36,950 [INFO] command processing is alive.
2024-01-30 20:18:37,952 [INFO] command processing is alive.
2024-01-30 20:23:10,400 [INFO] Refreshing listener credentials
2024-01-30 20:23:10,501 [INFO] Scheduling next credential refresh in 1799.0 seconds
2024-01-30 20:23:38,900 [INFO] command processing is alive.
2024-01-30 20:28:39,827 [INFO] command processing is alive.
2024-01-30 20:33:40,837 [INFO] command processing is alive.
2024-01-30 20:38:41,867 [INFO] command processing is alive.
2024-01-30 20:43:42,983 [INFO] command processing is alive.
2024-01-30 20:48:43,951 [INFO] command processing is alive.
2024-01-30 20:53:09,501 [INFO] Refreshing listener credentials
2024-01-30 20:53:09,629 [INFO] Scheduling next credential refresh in 1799.0 seconds
2024-01-30 20:53:44,869 [INFO] command processing is alive.
2024-01-30 20:58:45,805 [INFO] command processing is alive.
2024-01-30 21:03:46,730 [INFO] command processing is alive.
2024-01-30 21:08:47,687 [INFO] command processing is alive.
2024-01-30 21:13:48,642 [INFO] command processing is alive.
2024-01-30 21:18:49,628 [INFO] command processing is alive.
2024-01-30 21:23:08,630 [INFO] Refreshing listener credentials
2024-01-30 21:23:08,740 [INFO] Scheduling next credential refresh in 1799.0 seconds
2024-01-30 21:23:50,599 [INFO] command processing is alive.
2024-01-30 21:28:51,510 [INFO] command processing is alive.
2024-01-30 21:33:52,508 [INFO] command processing is alive.
2024-01-30 21:38:53,404 [INFO] command processing is alive.
2024-01-30 21:43:54,355 [INFO] command processing is alive.
2024-01-30 21:48:55,299 [INFO] command processing is alive.
2024-01-30 21:53:07,741 [INFO] Refreshing listener credentials
2024-01-30 21:53:07,877 [INFO] Scheduling next credential refresh in 1799.0 seconds
2024-01-30 21:53:56,197 [INFO] command processing is alive.
2024-01-30 21:58:57,163 [INFO] command processing is alive.
2024-01-30 22:03:58,056 [INFO] command processing is alive.
2024-01-30 22:08:58,959 [INFO] command processing is alive.
2024-01-30 22:13:59,886 [INFO] command processing is alive.
2024-01-30 22:19:00,806 [INFO] command processing is alive.
2024-01-30 22:23:06,878 [INFO] Refreshing listener credentials
2024-01-30 22:23:06,981 [INFO] Scheduling next credential refresh in 1799.0 seconds
2024-01-30 22:24:01,829 [INFO] command processing is alive.
2024-01-30 22:29:03,016 [INFO] command processing is alive.
2024-01-30 22:34:03,959 [INFO] command processing is alive.
2024-01-30 22:39:04,922 [INFO] command processing is alive.
2024-01-30 22:44:05,879 [INFO] command processing is alive.
2024-01-30 22:49:06,813 [INFO] command processing is alive.
2024-01-30 22:53:05,981 [INFO] Refreshing listener credentials
2024-01-30 22:53:06,105 [INFO] Scheduling next credential refresh in 1799.0 seconds
2024-01-30 22:54:07,706 [INFO] command processing is alive.
2024-01-30 22:59:08,624 [INFO] command processing is alive.
2024-01-30 23:04:09,495 [INFO] command processing is alive.
2024-01-30 23:09:10,374 [INFO] command processing is alive.
2024-01-30 23:14:11,265 [INFO] command processing is alive.
2024-01-30 23:19:12,154 [INFO] command processing is alive.
2024-01-30 23:23:05,106 [INFO] Refreshing listener credentials
2024-01-30 23:23:05,269 [INFO] Scheduling next credential refresh in 1799.0 seconds
2024-01-30 23:24:13,047 [INFO] command processing is alive.
2024-01-30 23:29:13,923 [INFO] command processing is alive.
2024-01-30 23:34:14,799 [INFO] command processing is alive.
2024-01-30 23:39:15,696 [INFO] command processing is alive.
2024-01-30 23:44:16,619 [INFO] command processing is alive.
2024-01-30 23:49:17,564 [INFO] command processing is alive.
2024-01-30 23:53:04,269 [INFO] Refreshing listener credentials
2024-01-30 23:53:04,372 [INFO] Scheduling next credential refresh in 1799.0 seconds
2024-01-30 23:54:18,447 [INFO] command processing is alive.
2024-01-30 23:59:19,371 [INFO] command processing is alive.
2024-01-31 00:04:20,404 [INFO] command processing is alive.
2024-01-31 00:09:21,266 [INFO] command processing is alive.
2024-01-31 00:14:22,369 [INFO] command processing is alive.
2024-01-31 00:19:23,270 [INFO] command processing is alive.
2024-01-31 00:23:03,375 [INFO] Refreshing listener credentials
2024-01-31 00:23:03,478 [INFO] Scheduling next credential refresh in 1799.0 seconds
2024-01-31 00:24:24,214 [INFO] command processing is alive.
2024-01-31 00:29:25,143 [INFO] command processing is alive.
2024-01-31 00:34:26,064 [INFO] command processing is alive.
2024-01-31 00:39:26,941 [INFO] command processing is alive.
2024-01-31 00:44:27,808 [INFO] command processing is alive.
2024-01-31 00:49:28,659 [INFO] command processing is alive.
2024-01-31 00:53:02,479 [INFO] Refreshing listener credentials
2024-01-31 00:53:02,620 [INFO] Scheduling next credential refresh in 1799.0 seconds
2024-01-31 00:54:29,509 [INFO] command processing is alive.
2024-01-31 00:59:30,464 [INFO] command processing is alive.
2024-01-31 01:04:31,452 [INFO] command processing is alive.
2024-01-31 01:09:32,398 [INFO] command processing is alive.
2024-01-31 01:14:33,298 [INFO] command processing is alive.
2024-01-31 01:19:34,205 [INFO] command processing is alive.
2024-01-31 01:23:01,620 [INFO] Refreshing listener credentials
2024-01-31 01:23:01,757 [INFO] Scheduling next credential refresh in 1799.0 seconds
2024-01-31 01:24:35,127 [INFO] command processing is alive.
2024-01-31 01:29:36,032 [INFO] command processing is alive.
2024-01-31 01:34:36,998 [INFO] command processing is alive.
2024-01-31 01:39:37,925 [INFO] command processing is alive.
2024-01-31 01:44:38,922 [INFO] command processing is alive.
2024-01-31 01:49:39,885 [INFO] command processing is alive.
2024-01-31 01:53:00,757 [INFO] Refreshing listener credentials
2024-01-31 01:53:00,866 [INFO] Scheduling next credential refresh in 1799.0 seconds
2024-01-31 01:54:40,934 [INFO] command processing is alive.
2024-01-31 01:59:41,987 [INFO] command processing is alive.
2024-01-31 02:04:43,021 [INFO] command processing is alive.
2024-01-31 02:09:43,970 [INFO] command processing is alive.
2024-01-31 02:14:44,897 [INFO] command processing is alive.
2024-01-31 02:19:45,832 [INFO] command processing is alive.
2024-01-31 02:22:59,867 [INFO] Refreshing listener credentials
2024-01-31 02:22:59,967 [INFO] Scheduling next credential refresh in 1799.0 seconds
2024-01-31 02:24:46,799 [INFO] command processing is alive.
2024-01-31 02:29:47,706 [INFO] command processing is alive.
2024-01-31 02:34:48,666 [INFO] command processing is alive.
2024-01-31 02:39:49,604 [INFO] command processing is alive.
2024-01-31 02:44:50,600 [INFO] command processing is alive.
2024-01-31 02:49:51,554 [INFO] command processing is alive.
2024-01-31 02:52:58,967 [INFO] Refreshing listener credentials
2024-01-31 02:52:59,093 [INFO] Scheduling next credential refresh in 1799.0 seconds
2024-01-31 02:54:52,454 [INFO] command processing is alive.
2024-01-31 02:59:53,337 [INFO] command processing is alive.
2024-01-31 03:04:54,296 [INFO] command processing is alive.
2024-01-31 03:09:55,135 [INFO] command processing is alive.
2024-01-31 03:14:56,024 [INFO] command processing is alive.
2024-01-31 03:19:56,903 [INFO] command processing is alive.
2024-01-31 03:22:58,094 [INFO] Refreshing listener credentials
2024-01-31 03:22:58,196 [INFO] Scheduling next credential refresh in 1799.0 seconds
2024-01-31 03:24:57,812 [INFO] command processing is alive.
2024-01-31 03:29:58,796 [INFO] command processing is alive.
2024-01-31 03:34:59,799 [INFO] command processing is alive.
2024-01-31 03:40:00,739 [INFO] command processing is alive.
2024-01-31 03:45:01,758 [INFO] command processing is alive.
2024-01-31 03:50:02,744 [INFO] command processing is alive.
2024-01-31 03:52:57,198 [INFO] Refreshing listener credentials
2024-01-31 03:52:57,296 [INFO] Scheduling next credential refresh in 1799.0 seconds
2024-01-31 03:55:03,757 [INFO] command processing is alive.
2024-01-31 04:00:04,673 [INFO] command processing is alive.
2024-01-31 04:05:05,581 [INFO] command processing is alive.
2024-01-31 04:10:06,435 [INFO] command processing is alive.
2024-01-31 04:15:07,285 [INFO] command processing is alive.
2024-01-31 04:20:08,156 [INFO] command processing is alive.
2024-01-31 04:22:56,297 [INFO] Refreshing listener credentials
2024-01-31 04:22:56,392 [INFO] Scheduling next credential refresh in 1799.0 seconds
2024-01-31 04:25:09,136 [INFO] command processing is alive.
2024-01-31 04:30:10,007 [INFO] command processing is alive.
2024-01-31 04:35:10,968 [INFO] command processing is alive.
2024-01-31 04:40:11,905 [INFO] command processing is alive.
2024-01-31 04:45:12,817 [INFO] command processing is alive.
2024-01-31 04:50:13,733 [INFO] command processing is alive.
2024-01-31 04:52:55,393 [INFO] Refreshing listener credentials
2024-01-31 04:52:55,494 [INFO] Scheduling next credential refresh in 1799.0 seconds
2024-01-31 04:55:14,654 [INFO] command processing is alive.
2024-01-31 05:00:15,561 [INFO] command processing is alive.
2024-01-31 05:05:16,510 [INFO] command processing is alive.
2024-01-31 05:10:17,403 [INFO] command processing is alive.
2024-01-31 05:15:18,301 [INFO] command processing is alive.
2024-01-31 05:20:19,103 [INFO] command processing is alive.
2024-01-31 05:22:54,494 [INFO] Refreshing listener credentials
2024-01-31 05:22:54,623 [INFO] Scheduling next credential refresh in 1799.0 seconds
2024-01-31 05:25:20,001 [INFO] command processing is alive.
2024-01-31 05:30:20,935 [INFO] command processing is alive.
2024-01-31 05:35:21,926 [INFO] command processing is alive.
2024-01-31 05:40:22,986 [INFO] command processing is alive.
2024-01-31 05:45:23,984 [INFO] command processing is alive.
2024-01-31 05:50:24,934 [INFO] command processing is alive.
2024-01-31 05:52:53,623 [INFO] Refreshing listener credentials
2024-01-31 05:52:53,753 [INFO] Scheduling next credential refresh in 1799.0 seconds
2024-01-31 05:55:25,886 [INFO] command processing is alive.
2024-01-31 06:00:26,769 [INFO] command processing is alive.
2024-01-31 06:05:27,685 [INFO] command processing is alive.
2024-01-31 06:10:28,592 [INFO] command processing is alive.
2024-01-31 06:15:29,525 [INFO] command processing is alive.
2024-01-31 06:20:30,421 [INFO] command processing is alive.
2024-01-31 06:22:52,753 [INFO] Refreshing listener credentials
2024-01-31 06:22:52,848 [INFO] Scheduling next credential refresh in 1799.0 seconds
2024-01-31 06:25:31,267 [INFO] command processing is alive.
2024-01-31 06:30:32,186 [INFO] command processing is alive.
2024-01-31 06:35:33,043 [INFO] command processing is alive.
2024-01-31 06:40:33,903 [INFO] command processing is alive.
2024-01-31 06:45:34,719 [INFO] command processing is alive.
2024-01-31 06:50:35,691 [INFO] command processing is alive.
2024-01-31 06:52:51,849 [INFO] Refreshing listener credentials
2024-01-31 06:52:51,976 [INFO] Scheduling next credential refresh in 1799.0 seconds
2024-01-31 06:55:36,618 [INFO] command processing is alive.
2024-01-31 07:00:37,458 [INFO] command processing is alive.
2024-01-31 07:05:38,385 [INFO] command processing is alive.
2024-01-31 07:10:39,309 [INFO] command processing is alive.
2024-01-31 07:15:40,205 [INFO] command processing is alive.
2024-01-31 07:20:41,117 [INFO] command processing is alive.
2024-01-31 07:22:50,977 [INFO] Refreshing listener credentials
2024-01-31 07:22:51,085 [INFO] Scheduling next credential refresh in 1799.0 seconds
2024-01-31 07:25:42,144 [INFO] command processing is alive.
2024-01-31 07:30:43,212 [INFO] command processing is alive.
2024-01-31 07:35:44,205 [INFO] command processing is alive.
2024-01-31 07:40:45,125 [INFO] command processing is alive.
2024-01-31 07:45:46,054 [INFO] command processing is alive.
2024-01-31 07:50:46,969 [INFO] command processing is alive.
2024-01-31 07:52:50,085 [INFO] Refreshing listener credentials
2024-01-31 07:52:50,190 [INFO] Scheduling next credential refresh in 1799.0 seconds
2024-01-31 07:55:47,887 [INFO] command processing is alive.
2024-01-31 08:00:48,711 [INFO] command processing is alive.
2024-01-31 08:05:49,683 [INFO] command processing is alive.
2024-01-31 08:10:50,613 [INFO] command processing is alive.
2024-01-31 08:15:51,468 [INFO] command processing is alive.
2024-01-31 08:20:52,369 [INFO] command processing is alive.
2024-01-31 08:22:49,191 [INFO] Refreshing listener credentials
2024-01-31 08:22:49,305 [INFO] Scheduling next credential refresh in 1799.0 seconds
2024-01-31 08:25:53,291 [INFO] command processing is alive.
2024-01-31 08:30:54,149 [INFO] command processing is alive.
2024-01-31 08:35:55,035 [INFO] command processing is alive.
2024-01-31 08:40:55,952 [INFO] command processing is alive.
2024-01-31 08:45:56,880 [INFO] command processing is alive.
2024-01-31 08:50:57,886 [INFO] command processing is alive.
2024-01-31 08:52:48,306 [INFO] Refreshing listener credentials
2024-01-31 08:52:48,421 [INFO] Scheduling next credential refresh in 1799.0 seconds
2024-01-31 08:55:58,834 [INFO] command processing is alive.
2024-01-31 09:00:59,723 [INFO] command processing is alive.
2024-01-31 09:06:00,721 [INFO] command processing is alive.
2024-01-31 09:11:01,735 [INFO] command processing is alive.
2024-01-31 09:16:02,878 [INFO] command processing is alive.
2024-01-31 09:21:03,869 [INFO] command processing is alive.
2024-01-31 09:22:47,422 [INFO] Refreshing listener credentials
2024-01-31 09:22:47,542 [INFO] Scheduling next credential refresh in 1799.0 seconds
2024-01-31 09:26:04,858 [INFO] command processing is alive.
2024-01-31 09:31:05,799 [INFO] command processing is alive.
2024-01-31 09:36:06,710 [INFO] command processing is alive.
2024-01-31 09:41:07,675 [INFO] command processing is alive.
2024-01-31 09:46:08,755 [INFO] command processing is alive.
2024-01-31 09:51:09,753 [INFO] command processing is alive.
2024-01-31 09:52:46,543 [INFO] Refreshing listener credentials
2024-01-31 09:52:46,644 [INFO] Scheduling next credential refresh in 1799.0 seconds
2024-01-31 09:56:10,643 [INFO] command processing is alive.
2024-01-31 10:01:11,569 [INFO] command processing is alive.
2024-01-31 10:06:12,486 [INFO] command processing is alive.
2024-01-31 10:11:13,410 [INFO] command processing is alive.
2024-01-31 10:16:14,281 [INFO] command processing is alive.
2024-01-31 10:21:15,284 [INFO] command processing is alive.
2024-01-31 10:22:45,645 [INFO] Refreshing listener credentials
2024-01-31 10:22:45,747 [INFO] Scheduling next credential refresh in 1799.0 seconds
2024-01-31 10:26:16,208 [INFO] command processing is alive.
2024-01-31 10:31:17,186 [INFO] command processing is alive.
2024-01-31 10:36:18,065 [INFO] command processing is alive.
2024-01-31 10:41:19,015 [INFO] command processing is alive.
2024-01-31 10:46:19,954 [INFO] command processing is alive.
2024-01-31 10:51:20,965 [INFO] command processing is alive.
2024-01-31 10:52:44,747 [INFO] Refreshing listener credentials
2024-01-31 10:52:44,863 [INFO] Scheduling next credential refresh in 1799.0 seconds
2024-01-31 10:56:21,944 [INFO] command processing is alive.
2024-01-31 11:01:23,122 [INFO] command processing is alive.
2024-01-31 11:06:23,962 [INFO] command processing is alive.
2024-01-31 11:11:24,831 [INFO] command processing is alive.
2024-01-31 11:16:25,853 [INFO] command processing is alive.
2024-01-31 11:21:26,808 [INFO] command processing is alive.
2024-01-31 11:22:43,864 [INFO] Refreshing listener credentials
2024-01-31 11:22:43,977 [INFO] Scheduling next credential refresh in 1799.0 seconds
2024-01-31 11:26:27,794 [INFO] command processing is alive.
2024-01-31 11:31:28,708 [INFO] command processing is alive.
2024-01-31 11:36:29,560 [INFO] command processing is alive.
2024-01-31 11:41:30,482 [INFO] command processing is alive.
2024-01-31 11:46:31,371 [INFO] command processing is alive.
2024-01-31 11:51:32,375 [INFO] command processing is alive.
2024-01-31 11:52:42,978 [INFO] Refreshing listener credentials
2024-01-31 11:52:43,081 [INFO] Scheduling next credential refresh in 1799.0 seconds
2024-01-31 11:56:33,243 [INFO] command processing is alive.
2024-01-31 12:01:34,200 [INFO] command processing is alive.
2024-01-31 12:06:35,100 [INFO] command processing is alive.
2024-01-31 12:11:35,965 [INFO] command processing is alive.
2024-01-31 12:16:36,993 [INFO] command processing is alive.
2024-01-31 12:21:37,908 [INFO] command processing is alive.
2024-01-31 12:22:42,082 [INFO] Refreshing listener credentials
2024-01-31 12:22:42,241 [INFO] Scheduling next credential refresh in 1799.0 seconds
2024-01-31 12:26:38,892 [INFO] command processing is alive.
2024-01-31 12:31:39,761 [INFO] command processing is alive.
2024-01-31 12:36:40,762 [INFO] command processing is alive.
2024-01-31 12:41:41,878 [INFO] command processing is alive.
2024-01-31 12:46:42,968 [INFO] command processing is alive.
2024-01-31 12:51:43,929 [INFO] command processing is alive.
2024-01-31 12:52:41,243 [INFO] Refreshing listener credentials
2024-01-31 12:52:41,367 [INFO] Scheduling next credential refresh in 1799.0 seconds
2024-01-31 12:56:44,935 [INFO] command processing is alive.
2024-01-31 13:01:45,847 [INFO] command processing is alive.
2024-01-31 13:06:46,835 [INFO] command processing is alive.
2024-01-31 13:11:47,699 [INFO] command processing is alive.
2024-01-31 13:16:48,656 [INFO] command processing is alive.
2024-01-31 13:21:49,568 [INFO] command processing is alive.
2024-01-31 13:22:40,368 [INFO] Refreshing listener credentials
2024-01-31 13:22:40,489 [INFO] Scheduling next credential refresh in 1799.0 seconds
2024-01-31 13:26:50,507 [INFO] command processing is alive.
2024-01-31 13:31:51,417 [INFO] command processing is alive.
2024-01-31 13:36:52,348 [INFO] command processing is alive.
2024-01-31 13:41:53,200 [INFO] command processing is alive.
2024-01-31 13:46:54,084 [INFO] command processing is alive.
2024-01-31 13:51:55,028 [INFO] command processing is alive.
2024-01-31 13:52:39,492 [INFO] Refreshing listener credentials
2024-01-31 13:52:39,588 [INFO] Scheduling next credential refresh in 1799.0 seconds
2024-01-31 13:56:55,960 [INFO] command processing is alive.
2024-01-31 14:01:56,859 [INFO] command processing is alive.
2024-01-31 14:06:57,736 [INFO] command processing is alive.
2024-01-31 14:11:58,667 [INFO] command processing is alive.
2024-01-31 14:16:59,665 [INFO] command processing is alive.
2024-01-31 14:22:00,696 [INFO] command processing is alive.
2024-01-31 14:22:38,588 [INFO] Refreshing listener credentials
2024-01-31 14:22:38,685 [INFO] Scheduling next credential refresh in 1799.0 seconds
2024-01-31 14:27:01,837 [INFO] command processing is alive.
2024-01-31 14:32:02,850 [INFO] command processing is alive.
2024-01-31 14:37:03,807 [INFO] command processing is alive.
2024-01-31 14:42:04,775 [INFO] command processing is alive.
2024-01-31 14:47:05,793 [INFO] command processing is alive.
2024-01-31 14:52:06,665 [INFO] command processing is alive.
2024-01-31 14:52:37,686 [INFO] Refreshing listener credentials
2024-01-31 14:52:37,794 [INFO] Scheduling next credential refresh in 1799.0 seconds
2024-01-31 14:57:07,582 [INFO] command processing is alive.
2024-01-31 15:02:08,538 [INFO] command processing is alive.
2024-01-31 15:07:09,469 [INFO] command processing is alive.
2024-01-31 15:12:10,478 [INFO] command processing is alive.
2024-01-31 15:17:11,382 [INFO] command processing is alive.
2024-01-31 15:22:12,229 [INFO] command processing is alive.
2024-01-31 15:22:36,795 [INFO] Refreshing listener credentials
2024-01-31 15:22:36,896 [INFO] Scheduling next credential refresh in 1799.0 seconds
2024-01-31 15:27:13,147 [INFO] command processing is alive.
2024-01-31 15:32:14,107 [INFO] command processing is alive.
2024-01-31 15:37:15,049 [INFO] command processing is alive.
2024-01-31 15:42:16,021 [INFO] command processing is alive.
2024-01-31 15:47:16,908 [INFO] command processing is alive.
2024-01-31 15:52:17,803 [INFO] command processing is alive.
2024-01-31 15:52:35,898 [INFO] Refreshing listener credentials
2024-01-31 15:52:35,997 [INFO] Scheduling next credential refresh in 1799.0 seconds
2024-01-31 15:57:18,692 [INFO] command processing is alive.
2024-01-31 16:02:19,698 [INFO] command processing is alive.
2024-01-31 16:07:20,711 [INFO] command processing is alive.
2024-01-31 16:12:21,759 [INFO] command processing is alive.
2024-01-31 16:17:22,757 [INFO] command processing is alive.
2024-01-31 16:22:23,670 [INFO] command processing is alive.
2024-01-31 16:22:34,997 [INFO] Refreshing listener credentials
2024-01-31 16:22:35,127 [INFO] Scheduling next credential refresh in 1799.0 seconds
2024-01-31 16:27:24,620 [INFO] command processing is alive.
2024-01-31 16:32:25,535 [INFO] command processing is alive.
2024-01-31 16:37:26,568 [INFO] command processing is alive.
2024-01-31 16:42:27,468 [INFO] command processing is alive.
2024-01-31 16:47:28,432 [INFO] command processing is alive.
2024-01-31 16:52:29,424 [INFO] command processing is alive.
2024-01-31 16:52:34,129 [INFO] Refreshing listener credentials
2024-01-31 16:52:34,238 [INFO] Scheduling next credential refresh in 1799.0 seconds
2024-01-31 16:57:30,362 [INFO] command processing is alive.
2024-01-31 17:02:31,254 [INFO] command processing is alive.
2024-01-31 17:07:32,156 [INFO] command processing is alive.
2024-01-31 17:12:33,134 [INFO] command processing is alive.
2024-01-31 17:17:34,180 [INFO] command processing is alive.
2024-01-31 17:22:33,238 [INFO] Refreshing listener credentials
2024-01-31 17:22:33,331 [INFO] Scheduling next credential refresh in 1799.0 seconds
2024-01-31 17:22:35,127 [INFO] command processing is alive.
2024-01-31 17:27:36,071 [INFO] command processing is alive.
2024-01-31 17:32:36,972 [INFO] command processing is alive.
2024-01-31 17:37:37,925 [INFO] command processing is alive.
2024-01-31 17:42:38,791 [INFO] command processing is alive.
2024-01-31 17:47:39,750 [INFO] command processing is alive.
2024-01-31 17:52:32,331 [INFO] Refreshing listener credentials
2024-01-31 17:52:32,425 [INFO] Scheduling next credential refresh in 1799.0 seconds
2024-01-31 17:52:40,808 [INFO] command processing is alive.
2024-01-31 17:57:41,836 [INFO] command processing is alive.
2024-01-31 18:02:42,871 [INFO] command processing is alive.
2024-01-31 18:07:43,955 [INFO] command processing is alive.
2024-01-31 18:12:44,886 [INFO] command processing is alive.
2024-01-31 18:17:45,860 [INFO] command processing is alive.
2024-01-31 18:22:31,426 [INFO] Refreshing listener credentials
2024-01-31 18:22:31,525 [INFO] Scheduling next credential refresh in 1799.0 seconds
2024-01-31 18:22:46,822 [INFO] command processing is alive.
2024-01-31 18:27:47,703 [INFO] command processing is alive.
2024-01-31 18:32:48,563 [INFO] command processing is alive.
2024-01-31 18:37:49,542 [INFO] command processing is alive.
2024-01-31 18:42:50,442 [INFO] command processing is alive.
2024-01-31 18:47:51,360 [INFO] command processing is alive.
2024-01-31 18:52:30,526 [INFO] Refreshing listener credentials
2024-01-31 18:52:30,629 [INFO] Scheduling next credential refresh in 1799.0 seconds
2024-01-31 18:52:52,313 [INFO] command processing is alive.
2024-01-31 18:57:53,134 [INFO] command processing is alive.
2024-01-31 19:02:53,990 [INFO] command processing is alive.
2024-01-31 19:07:54,813 [INFO] command processing is alive.
2024-01-31 19:12:55,697 [INFO] command processing is alive.
2024-01-31 19:16:10,146 [INFO] Received command ElasticBeanstalkCommand-AWSEBAutoScalingGroup (invocation id: 543a6ed1-ab3b-4e7a-99b4-4869ecd70786)
2024-01-31 19:16:10,146 [INFO] Running action for aws-eb-command-handler
