2024-01-29 19:23:43,377 P1685 [INFO] ************************************************************
2024-01-29 19:23:43,377 P1685 [INFO] ConfigSet _OnInstanceBoot
2024-01-29 19:23:43,380 P1685 [INFO] ++++++++++++++++++++++++++++++++++++++++++++++++++++++++++++
2024-01-29 19:23:43,380 P1685 [INFO] Config AWSEBBaseConfig
2024-01-29 19:23:44,116 P1685 [INFO] ============================================================
2024-01-29 19:23:44,116 P1685 [INFO] Command clearbackupfiles
2024-01-29 19:23:44,138 P1685 [INFO] Completed successfully.
2024-01-29 19:23:44,155 P1685 [INFO] ++++++++++++++++++++++++++++++++++++++++++++++++++++++++++++
2024-01-29 19:23:44,155 P1685 [INFO] Config AWSEBCfnHupEndpointOverride
2024-01-29 19:23:44,156 P1685 [INFO] ============================================================
2024-01-29 19:23:44,156 P1685 [INFO] Command clearbackupfiles
2024-01-29 19:23:44,163 P1685 [INFO] Completed successfully.
2024-01-29 19:23:59,539 P2077 [INFO] ************************************************************
2024-01-29 19:23:59,539 P2077 [INFO] ConfigSet Infra-EmbeddedPreBuild
2024-01-29 19:24:44,658 P2437 [INFO] ************************************************************
2024-01-29 19:24:44,659 P2437 [INFO] ConfigSet Infra-EmbeddedPostBuild
2024-01-29 19:24:53,422 P2595 [INFO] ************************************************************
2024-01-29 19:24:53,422 P2595 [INFO] ConfigSet _OnInstanceReboot
2024-01-29 19:24:53,424 P2595 [INFO] ++++++++++++++++++++++++++++++++++++++++++++++++++++++++++++
2024-01-29 19:24:53,424 P2595 [INFO] Config AWSEBBaseConfig
2024-01-29 19:24:53,770 P2595 [INFO] ============================================================
2024-01-29 19:24:53,770 P2595 [INFO] Command clearbackupfiles
2024-01-29 19:24:53,781 P2595 [INFO] Completed successfully.
2024-01-29 19:24:58,360 P2900 [INFO] ************************************************************
2024-01-29 19:24:58,360 P2900 [INFO] ConfigSet Infra-EmbeddedPreBuild
2024-01-29 19:25:05,908 P3210 [INFO] ************************************************************
2024-01-29 19:25:05,908 P3210 [INFO] ConfigSet Infra-EmbeddedPostBuild
2024-01-29 19:25:16,587 P3416 [INFO] ************************************************************
2024-01-29 19:25:16,591 P3416 [INFO] ConfigSet _OnInstanceReboot
2024-01-29 19:25:16,596 P3416 [INFO] ++++++++++++++++++++++++++++++++++++++++++++++++++++++++++++
2024-01-29 19:25:16,596 P3416 [INFO] Config AWSEBBaseConfig
2024-01-29 19:25:16,996 P3416 [INFO] ============================================================
2024-01-29 19:25:16,996 P3416 [INFO] Command clearbackupfiles
2024-01-29 19:25:17,006 P3416 [INFO] Completed successfully.
2024-01-29 19:25:21,226 P3718 [INFO] ************************************************************
2024-01-29 19:25:21,226 P3718 [INFO] ConfigSet Infra-EmbeddedPreBuild
2024-01-29 19:25:26,876 P4026 [INFO] ************************************************************
2024-01-29 19:25:26,877 P4026 [INFO] ConfigSet Infra-EmbeddedPostBuild
2024-01-29 19:25:41,357 P4227 [INFO] ************************************************************
2024-01-29 19:25:41,357 P4227 [INFO] ConfigSet _OnInstanceReboot
2024-01-29 19:25:41,359 P4227 [INFO] ++++++++++++++++++++++++++++++++++++++++++++++++++++++++++++
2024-01-29 19:25:41,359 P4227 [INFO] Config AWSEBBaseConfig
2024-01-29 19:25:41,702 P4227 [INFO] ============================================================
2024-01-29 19:25:41,702 P4227 [INFO] Command clearbackupfiles
2024-01-29 19:25:41,711 P4227 [INFO] Completed successfully.
2024-01-29 19:25:46,351 P4530 [INFO] ************************************************************
2024-01-29 19:25:46,351 P4530 [INFO] ConfigSet Infra-EmbeddedPreBuild
2024-01-29 19:25:51,289 P4842 [INFO] ************************************************************
2024-01-29 19:25:51,289 P4842 [INFO] ConfigSet Infra-EmbeddedPostBuild
2024-01-29 19:26:13,681 P5045 [INFO] ************************************************************
2024-01-29 19:26:13,681 P5045 [INFO] ConfigSet _OnInstanceReboot
2024-01-29 19:26:13,683 P5045 [INFO] ++++++++++++++++++++++++++++++++++++++++++++++++++++++++++++
2024-01-29 19:26:13,683 P5045 [INFO] Config AWSEBBaseConfig
2024-01-29 19:26:14,016 P5045 [INFO] ============================================================
2024-01-29 19:26:14,016 P5045 [INFO] Command clearbackupfiles
2024-01-29 19:26:14,022 P5045 [INFO] Completed successfully.
2024-01-29 19:26:18,876 P5354 [INFO] ************************************************************
2024-01-29 19:26:18,876 P5354 [INFO] ConfigSet Infra-EmbeddedPreBuild
2024-01-29 19:26:24,590 P5664 [INFO] ************************************************************
2024-01-29 19:26:24,590 P5664 [INFO] ConfigSet Infra-EmbeddedPostBuild
2024-01-29 19:27:03,262 P5911 [INFO] ************************************************************
2024-01-29 19:27:03,262 P5911 [INFO] ConfigSet _OnInstanceReboot
2024-01-29 19:27:03,265 P5911 [INFO] ++++++++++++++++++++++++++++++++++++++++++++++++++++++++++++
2024-01-29 19:27:03,265 P5911 [INFO] Config AWSEBBaseConfig
2024-01-29 19:27:03,723 P5911 [INFO] ============================================================
2024-01-29 19:27:03,723 P5911 [INFO] Command clearbackupfiles
2024-01-29 19:27:03,729 P5911 [INFO] Completed successfully.
2024-01-29 19:27:08,624 P6167 [INFO] ************************************************************
2024-01-29 19:27:08,624 P6167 [INFO] ConfigSet Infra-EmbeddedPreBuild
2024-01-29 19:27:14,128 P6481 [INFO] ************************************************************
2024-01-29 19:27:14,128 P6481 [INFO] ConfigSet Infra-EmbeddedPostBuild
2024-01-29 19:28:24,580 P6736 [INFO] ************************************************************
2024-01-29 19:28:24,581 P6736 [INFO] ConfigSet _OnInstanceReboot
2024-01-29 19:28:24,583 P6736 [INFO] ++++++++++++++++++++++++++++++++++++++++++++++++++++++++++++
2024-01-29 19:28:24,583 P6736 [INFO] Config AWSEBBaseConfig
2024-01-29 19:28:24,938 P6736 [INFO] ============================================================
2024-01-29 19:28:24,939 P6736 [INFO] Command clearbackupfiles
2024-01-29 19:28:24,945 P6736 [INFO] Completed successfully.
2024-01-29 19:28:29,329 P6992 [INFO] ************************************************************
2024-01-29 19:28:29,329 P6992 [INFO] ConfigSet Infra-EmbeddedPreBuild
2024-01-29 19:28:34,733 P7305 [INFO] ************************************************************
2024-01-29 19:28:34,733 P7305 [INFO] ConfigSet Infra-EmbeddedPostBuild
2024-01-29 19:30:49,333 P7618 [INFO] ************************************************************
2024-01-29 19:30:49,334 P7618 [INFO] ConfigSet _OnInstanceReboot
2024-01-29 19:30:49,339 P7618 [INFO] ++++++++++++++++++++++++++++++++++++++++++++++++++++++++++++
2024-01-29 19:30:49,339 P7618 [INFO] Config AWSEBBaseConfig
2024-01-29 19:30:49,750 P7618 [INFO] ============================================================
2024-01-29 19:30:49,750 P7618 [INFO] Command clearbackupfiles
2024-01-29 19:30:49,757 P7618 [INFO] Completed successfully.
2024-01-29 19:30:54,094 P7875 [INFO] ************************************************************
2024-01-29 19:30:54,094 P7875 [INFO] ConfigSet Infra-EmbeddedPreBuild
2024-01-29 19:30:59,555 P8190 [INFO] ************************************************************
2024-01-29 19:30:59,555 P8190 [INFO] ConfigSet Infra-EmbeddedPostBuild
2024-01-29 19:35:22,108 P8643 [INFO] ************************************************************
2024-01-29 19:35:22,108 P8643 [INFO] ConfigSet _OnInstanceReboot
2024-01-29 19:35:22,110 P8643 [INFO] ++++++++++++++++++++++++++++++++++++++++++++++++++++++++++++
2024-01-29 19:35:22,110 P8643 [INFO] Config AWSEBBaseConfig
2024-01-29 19:35:22,598 P8643 [INFO] ============================================================
2024-01-29 19:35:22,598 P8643 [INFO] Command clearbackupfiles
2024-01-29 19:35:22,604 P8643 [INFO] Completed successfully.
2024-01-29 19:35:27,523 P8900 [INFO] ************************************************************
2024-01-29 19:35:27,523 P8900 [INFO] ConfigSet Infra-EmbeddedPreBuild
2024-01-29 19:35:33,653 P9208 [INFO] ************************************************************
2024-01-29 19:35:33,653 P9208 [INFO] ConfigSet Infra-EmbeddedPostBuild
2024-01-29 19:44:12,055 P9838 [INFO] ************************************************************
2024-01-29 19:44:12,055 P9838 [INFO] ConfigSet _OnInstanceReboot
2024-01-29 19:44:12,057 P9838 [INFO] ++++++++++++++++++++++++++++++++++++++++++++++++++++++++++++
2024-01-29 19:44:12,057 P9838 [INFO] Config AWSEBBaseConfig
2024-01-29 19:44:12,457 P9838 [INFO] ============================================================
2024-01-29 19:44:12,458 P9838 [INFO] Command clearbackupfiles
2024-01-29 19:44:12,463 P9838 [INFO] Completed successfully.
2024-01-29 19:44:17,015 P10099 [INFO] ************************************************************
2024-01-29 19:44:17,015 P10099 [INFO] ConfigSet Infra-EmbeddedPreBuild
2024-01-29 19:44:22,386 P10410 [INFO] ************************************************************
2024-01-29 19:44:22,386 P10410 [INFO] ConfigSet Infra-EmbeddedPostBuild
2024-01-29 20:01:32,809 P11623 [INFO] ************************************************************
2024-01-29 20:01:32,809 P11623 [INFO] ConfigSet _OnInstanceReboot
2024-01-29 20:01:32,811 P11623 [INFO] ++++++++++++++++++++++++++++++++++++++++++++++++++++++++++++
2024-01-29 20:01:32,811 P11623 [INFO] Config AWSEBBaseConfig
2024-01-29 20:01:33,251 P11623 [INFO] ============================================================
2024-01-29 20:01:33,251 P11623 [INFO] Command clearbackupfiles
2024-01-29 20:01:33,257 P11623 [INFO] Completed successfully.
2024-01-29 20:01:37,950 P11881 [INFO] ************************************************************
2024-01-29 20:01:37,950 P11881 [INFO] ConfigSet Infra-EmbeddedPreBuild
2024-01-29 20:01:43,798 P12196 [INFO] ************************************************************
2024-01-29 20:01:43,798 P12196 [INFO] ConfigSet Infra-EmbeddedPostBuild
2024-01-29 20:35:58,120 P14164 [INFO] ************************************************************
2024-01-29 20:35:58,120 P14164 [INFO] ConfigSet _OnInstanceReboot
2024-01-29 20:35:58,122 P14164 [INFO] ++++++++++++++++++++++++++++++++++++++++++++++++++++++++++++
2024-01-29 20:35:58,122 P14164 [INFO] Config AWSEBBaseConfig
2024-01-29 20:35:58,479 P14164 [INFO] ============================================================
2024-01-29 20:35:58,479 P14164 [INFO] Command clearbackupfiles
2024-01-29 20:35:58,484 P14164 [INFO] Completed successfully.
2024-01-29 20:36:03,524 P14423 [INFO] ************************************************************
2024-01-29 20:36:03,524 P14423 [INFO] ConfigSet Infra-EmbeddedPreBuild
2024-01-29 20:36:09,015 P14733 [INFO] ************************************************************
2024-01-29 20:36:09,015 P14733 [INFO] ConfigSet Infra-EmbeddedPostBuild
2024-01-29 21:36:15,312 P18098 [INFO] ************************************************************
2024-01-29 21:36:15,312 P18098 [INFO] ConfigSet _OnInstanceReboot
2024-01-29 21:36:15,319 P18098 [INFO] ++++++++++++++++++++++++++++++++++++++++++++++++++++++++++++
2024-01-29 21:36:15,319 P18098 [INFO] Config AWSEBBaseConfig
2024-01-29 21:36:15,762 P18098 [INFO] ============================================================
2024-01-29 21:36:15,762 P18098 [INFO] Command clearbackupfiles
2024-01-29 21:36:15,767 P18098 [INFO] Completed successfully.
2024-01-29 21:36:20,110 P18357 [INFO] ************************************************************
2024-01-29 21:36:20,110 P18357 [INFO] ConfigSet Infra-EmbeddedPreBuild
2024-01-29 21:36:25,344 P18670 [INFO] ************************************************************
2024-01-29 21:36:25,344 P18670 [INFO] ConfigSet Infra-EmbeddedPostBuild
2024-01-29 22:36:31,614 P22025 [INFO] ************************************************************
2024-01-29 22:36:31,614 P22025 [INFO] ConfigSet _OnInstanceReboot
2024-01-29 22:36:31,618 P22025 [INFO] ++++++++++++++++++++++++++++++++++++++++++++++++++++++++++++
2024-01-29 22:36:31,618 P22025 [INFO] Config AWSEBBaseConfig
2024-01-29 22:36:31,968 P22025 [INFO] ============================================================
2024-01-29 22:36:31,968 P22025 [INFO] Command clearbackupfiles
2024-01-29 22:36:31,973 P22025 [INFO] Completed successfully.
2024-01-29 22:36:36,648 P22335 [INFO] ************************************************************
2024-01-29 22:36:36,648 P22335 [INFO] ConfigSet Infra-EmbeddedPreBuild
2024-01-29 22:36:42,267 P22649 [INFO] ************************************************************
2024-01-29 22:36:42,267 P22649 [INFO] ConfigSet Infra-EmbeddedPostBuild
2024-01-29 23:36:48,743 P26000 [INFO] ************************************************************
2024-01-29 23:36:48,743 P26000 [INFO] ConfigSet _OnInstanceReboot
2024-01-29 23:36:48,745 P26000 [INFO] ++++++++++++++++++++++++++++++++++++++++++++++++++++++++++++
2024-01-29 23:36:48,745 P26000 [INFO] Config AWSEBBaseConfig
2024-01-29 23:36:49,116 P26000 [INFO] ============================================================
2024-01-29 23:36:49,116 P26000 [INFO] Command clearbackupfiles
2024-01-29 23:36:49,122 P26000 [INFO] Completed successfully.
2024-01-29 23:36:53,731 P26262 [INFO] ************************************************************
2024-01-29 23:36:53,731 P26262 [INFO] ConfigSet Infra-EmbeddedPreBuild
2024-01-29 23:36:59,700 P26574 [INFO] ************************************************************
2024-01-29 23:36:59,700 P26574 [INFO] ConfigSet Infra-EmbeddedPostBuild
2024-01-30 00:37:06,340 P29988 [INFO] ************************************************************
2024-01-30 00:37:06,340 P29988 [INFO] ConfigSet _OnInstanceReboot
2024-01-30 00:37:06,344 P29988 [INFO] ++++++++++++++++++++++++++++++++++++++++++++++++++++++++++++
2024-01-30 00:37:06,344 P29988 [INFO] Config AWSEBBaseConfig
2024-01-30 00:37:06,737 P29988 [INFO] ============================================================
2024-01-30 00:37:06,737 P29988 [INFO] Command clearbackupfiles
2024-01-30 00:37:06,743 P29988 [INFO] Completed successfully.
2024-01-30 00:37:10,907 P30249 [INFO] ************************************************************
2024-01-30 00:37:10,907 P30249 [INFO] ConfigSet Infra-EmbeddedPreBuild
2024-01-30 00:37:16,350 P30563 [INFO] ************************************************************
2024-01-30 00:37:16,350 P30563 [INFO] ConfigSet Infra-EmbeddedPostBuild
2024-01-30 01:37:22,723 P33921 [INFO] ************************************************************
2024-01-30 01:37:22,723 P33921 [INFO] ConfigSet _OnInstanceReboot
2024-01-30 01:37:22,726 P33921 [INFO] ++++++++++++++++++++++++++++++++++++++++++++++++++++++++++++
2024-01-30 01:37:22,726 P33921 [INFO] Config AWSEBBaseConfig
2024-01-30 01:37:23,123 P33921 [INFO] ============================================================
2024-01-30 01:37:23,123 P33921 [INFO] Command clearbackupfiles
2024-01-30 01:37:23,128 P33921 [INFO] Completed successfully.
2024-01-30 01:37:27,766 P34229 [INFO] ************************************************************
2024-01-30 01:37:27,766 P34229 [INFO] ConfigSet Infra-EmbeddedPreBuild
2024-01-30 01:37:33,086 P34539 [INFO] ************************************************************
2024-01-30 01:37:33,086 P34539 [INFO] ConfigSet Infra-EmbeddedPostBuild
2024-01-30 02:37:39,514 P37906 [INFO] ************************************************************
2024-01-30 02:37:39,514 P37906 [INFO] ConfigSet _OnInstanceReboot
2024-01-30 02:37:39,516 P37906 [INFO] ++++++++++++++++++++++++++++++++++++++++++++++++++++++++++++
2024-01-30 02:37:39,516 P37906 [INFO] Config AWSEBBaseConfig
2024-01-30 02:37:39,857 P37906 [INFO] ============================================================
2024-01-30 02:37:39,857 P37906 [INFO] Command clearbackupfiles
2024-01-30 02:37:39,862 P37906 [INFO] Completed successfully.
2024-01-30 02:37:44,106 P38211 [INFO] ************************************************************
2024-01-30 02:37:44,106 P38211 [INFO] ConfigSet Infra-EmbeddedPreBuild
2024-01-30 02:37:49,814 P38523 [INFO] ************************************************************
2024-01-30 02:37:49,814 P38523 [INFO] ConfigSet Infra-EmbeddedPostBuild
2024-01-30 03:37:56,233 P41879 [INFO] ************************************************************
2024-01-30 03:37:56,234 P41879 [INFO] ConfigSet _OnInstanceReboot
2024-01-30 03:37:56,236 P41879 [INFO] ++++++++++++++++++++++++++++++++++++++++++++++++++++++++++++
2024-01-30 03:37:56,236 P41879 [INFO] Config AWSEBBaseConfig
2024-01-30 03:37:56,616 P41879 [INFO] ============================================================
2024-01-30 03:37:56,617 P41879 [INFO] Command clearbackupfiles
2024-01-30 03:37:56,625 P41879 [INFO] Completed successfully.
2024-01-30 03:38:01,110 P42143 [INFO] ************************************************************
2024-01-30 03:38:01,111 P42143 [INFO] ConfigSet Infra-EmbeddedPreBuild
2024-01-30 03:38:07,544 P42459 [INFO] ************************************************************
2024-01-30 03:38:07,544 P42459 [INFO] ConfigSet Infra-EmbeddedPostBuild
2024-01-30 04:38:14,120 P45862 [INFO] ************************************************************
2024-01-30 04:38:14,121 P45862 [INFO] ConfigSet _OnInstanceReboot
2024-01-30 04:38:14,124 P45862 [INFO] ++++++++++++++++++++++++++++++++++++++++++++++++++++++++++++
2024-01-30 04:38:14,124 P45862 [INFO] Config AWSEBBaseConfig
2024-01-30 04:38:14,540 P45862 [INFO] ============================================================
2024-01-30 04:38:14,540 P45862 [INFO] Command clearbackupfiles
2024-01-30 04:38:14,545 P45862 [INFO] Completed successfully.
2024-01-30 04:38:19,008 P46121 [INFO] ************************************************************
2024-01-30 04:38:19,008 P46121 [INFO] ConfigSet Infra-EmbeddedPreBuild
2024-01-30 04:38:24,887 P46437 [INFO] ************************************************************
2024-01-30 04:38:24,887 P46437 [INFO] ConfigSet Infra-EmbeddedPostBuild
2024-01-30 05:38:31,330 P49787 [INFO] ************************************************************
2024-01-30 05:38:31,330 P49787 [INFO] ConfigSet _OnInstanceReboot
2024-01-30 05:38:31,332 P49787 [INFO] ++++++++++++++++++++++++++++++++++++++++++++++++++++++++++++
2024-01-30 05:38:31,332 P49787 [INFO] Config AWSEBBaseConfig
2024-01-30 05:38:31,700 P49787 [INFO] ============================================================
2024-01-30 05:38:31,700 P49787 [INFO] Command clearbackupfiles
2024-01-30 05:38:31,712 P49787 [INFO] Completed successfully.
2024-01-30 05:38:35,863 P50050 [INFO] ************************************************************
2024-01-30 05:38:35,863 P50050 [INFO] ConfigSet Infra-EmbeddedPreBuild
2024-01-30 05:38:40,830 P50368 [INFO] ************************************************************
2024-01-30 05:38:40,830 P50368 [INFO] ConfigSet Infra-EmbeddedPostBuild
2024-01-30 06:38:47,286 P53722 [INFO] ************************************************************
2024-01-30 06:38:47,286 P53722 [INFO] ConfigSet _OnInstanceReboot
2024-01-30 06:38:47,288 P53722 [INFO] ++++++++++++++++++++++++++++++++++++++++++++++++++++++++++++
2024-01-30 06:38:47,288 P53722 [INFO] Config AWSEBBaseConfig
2024-01-30 06:38:47,665 P53722 [INFO] ============================================================
2024-01-30 06:38:47,665 P53722 [INFO] Command clearbackupfiles
2024-01-30 06:38:47,671 P53722 [INFO] Completed successfully.
2024-01-30 06:38:52,208 P53982 [INFO] ************************************************************
2024-01-30 06:38:52,208 P53982 [INFO] ConfigSet Infra-EmbeddedPreBuild
2024-01-30 06:38:57,212 P54295 [INFO] ************************************************************
2024-01-30 06:38:57,212 P54295 [INFO] ConfigSet Infra-EmbeddedPostBuild
2024-01-30 07:39:03,709 P57643 [INFO] ************************************************************
2024-01-30 07:39:03,709 P57643 [INFO] ConfigSet _OnInstanceReboot
2024-01-30 07:39:03,713 P57643 [INFO] ++++++++++++++++++++++++++++++++++++++++++++++++++++++++++++
2024-01-30 07:39:03,713 P57643 [INFO] Config AWSEBBaseConfig
2024-01-30 07:39:04,063 P57643 [INFO] ============================================================
2024-01-30 07:39:04,063 P57643 [INFO] Command clearbackupfiles
2024-01-30 07:39:04,068 P57643 [INFO] Completed successfully.
2024-01-30 07:39:08,709 P57905 [INFO] ************************************************************
2024-01-30 07:39:08,710 P57905 [INFO] ConfigSet Infra-EmbeddedPreBuild
2024-01-30 07:39:14,428 P58217 [INFO] ************************************************************
2024-01-30 07:39:14,428 P58217 [INFO] ConfigSet Infra-EmbeddedPostBuild
2024-01-30 08:39:20,855 P61567 [INFO] ************************************************************
2024-01-30 08:39:20,855 P61567 [INFO] ConfigSet _OnInstanceReboot
2024-01-30 08:39:20,857 P61567 [INFO] ++++++++++++++++++++++++++++++++++++++++++++++++++++++++++++
2024-01-30 08:39:20,857 P61567 [INFO] Config AWSEBBaseConfig
2024-01-30 08:39:21,199 P61567 [INFO] ============================================================
2024-01-30 08:39:21,199 P61567 [INFO] Command clearbackupfiles
2024-01-30 08:39:21,206 P61567 [INFO] Completed successfully.
2024-01-30 08:39:25,446 P61876 [INFO] ************************************************************
2024-01-30 08:39:25,446 P61876 [INFO] ConfigSet Infra-EmbeddedPreBuild
2024-01-30 08:39:31,172 P62190 [INFO] ************************************************************
2024-01-30 08:39:31,172 P62190 [INFO] ConfigSet Infra-EmbeddedPostBuild
2024-01-30 09:39:37,503 P65541 [INFO] ************************************************************
2024-01-30 09:39:37,503 P65541 [INFO] ConfigSet _OnInstanceReboot
2024-01-30 09:39:37,505 P65541 [INFO] ++++++++++++++++++++++++++++++++++++++++++++++++++++++++++++
2024-01-30 09:39:37,505 P65541 [INFO] Config AWSEBBaseConfig
2024-01-30 09:39:37,862 P65541 [INFO] ============================================================
2024-01-30 09:39:37,862 P65541 [INFO] Command clearbackupfiles
2024-01-30 09:39:37,868 P65541 [INFO] Completed successfully.
2024-01-30 09:39:42,476 P65802 [INFO] ************************************************************
2024-01-30 09:39:42,476 P65802 [INFO] ConfigSet Infra-EmbeddedPreBuild
2024-01-30 09:39:47,881 P66112 [INFO] ************************************************************
2024-01-30 09:39:47,881 P66112 [INFO] ConfigSet Infra-EmbeddedPostBuild
2024-01-30 10:39:54,190 P69471 [INFO] ************************************************************
2024-01-30 10:39:54,190 P69471 [INFO] ConfigSet _OnInstanceReboot
2024-01-30 10:39:54,194 P69471 [INFO] ++++++++++++++++++++++++++++++++++++++++++++++++++++++++++++
2024-01-30 10:39:54,194 P69471 [INFO] Config AWSEBBaseConfig
2024-01-30 10:39:54,611 P69471 [INFO] ============================================================
2024-01-30 10:39:54,611 P69471 [INFO] Command clearbackupfiles
2024-01-30 10:39:54,617 P69471 [INFO] Completed successfully.
2024-01-30 10:39:58,849 P69731 [INFO] ************************************************************
2024-01-30 10:39:58,849 P69731 [INFO] ConfigSet Infra-EmbeddedPreBuild
2024-01-30 10:40:05,857 P70042 [INFO] ************************************************************
2024-01-30 10:40:05,857 P70042 [INFO] ConfigSet Infra-EmbeddedPostBuild
2024-01-30 11:40:12,282 P73395 [INFO] ************************************************************
2024-01-30 11:40:12,282 P73395 [INFO] ConfigSet _OnInstanceReboot
2024-01-30 11:40:12,284 P73395 [INFO] ++++++++++++++++++++++++++++++++++++++++++++++++++++++++++++
2024-01-30 11:40:12,285 P73395 [INFO] Config AWSEBBaseConfig
2024-01-30 11:40:12,596 P73395 [INFO] ============================================================
2024-01-30 11:40:12,596 P73395 [INFO] Command clearbackupfiles
2024-01-30 11:40:12,601 P73395 [INFO] Completed successfully.
2024-01-30 11:40:17,110 P73656 [INFO] ************************************************************
2024-01-30 11:40:17,110 P73656 [INFO] ConfigSet Infra-EmbeddedPreBuild
2024-01-30 11:40:22,795 P73969 [INFO] ************************************************************
2024-01-30 11:40:22,795 P73969 [INFO] ConfigSet Infra-EmbeddedPostBuild
2024-01-30 12:40:29,184 P77373 [INFO] ************************************************************
2024-01-30 12:40:29,184 P77373 [INFO] ConfigSet _OnInstanceReboot
2024-01-30 12:40:29,187 P77373 [INFO] ++++++++++++++++++++++++++++++++++++++++++++++++++++++++++++
2024-01-30 12:40:29,187 P77373 [INFO] Config AWSEBBaseConfig
2024-01-30 12:40:29,568 P77373 [INFO] ============================================================
2024-01-30 12:40:29,568 P77373 [INFO] Command clearbackupfiles
2024-01-30 12:40:29,575 P77373 [INFO] Completed successfully.
2024-01-30 12:40:33,559 P77636 [INFO] ************************************************************
2024-01-30 12:40:33,559 P77636 [INFO] ConfigSet Infra-EmbeddedPreBuild
2024-01-30 12:40:39,068 P77949 [INFO] ************************************************************
2024-01-30 12:40:39,068 P77949 [INFO] ConfigSet Infra-EmbeddedPostBuild
2024-01-30 13:40:45,517 P81301 [INFO] ************************************************************
2024-01-30 13:40:45,517 P81301 [INFO] ConfigSet _OnInstanceReboot
2024-01-30 13:40:45,519 P81301 [INFO] ++++++++++++++++++++++++++++++++++++++++++++++++++++++++++++
2024-01-30 13:40:45,519 P81301 [INFO] Config AWSEBBaseConfig
2024-01-30 13:40:45,896 P81301 [INFO] ============================================================
2024-01-30 13:40:45,896 P81301 [INFO] Command clearbackupfiles
2024-01-30 13:40:45,901 P81301 [INFO] Completed successfully.
2024-01-30 13:40:50,319 P81559 [INFO] ************************************************************
2024-01-30 13:40:50,319 P81559 [INFO] ConfigSet Infra-EmbeddedPreBuild
2024-01-30 13:40:55,731 P81874 [INFO] ************************************************************
2024-01-30 13:40:55,731 P81874 [INFO] ConfigSet Infra-EmbeddedPostBuild
2024-01-30 14:41:02,419 P85238 [INFO] ************************************************************
2024-01-30 14:41:02,419 P85238 [INFO] ConfigSet _OnInstanceReboot
2024-01-30 14:41:02,424 P85238 [INFO] ++++++++++++++++++++++++++++++++++++++++++++++++++++++++++++
2024-01-30 14:41:02,424 P85238 [INFO] Config AWSEBBaseConfig
2024-01-30 14:41:02,934 P85238 [INFO] ============================================================
2024-01-30 14:41:02,934 P85238 [INFO] Command clearbackupfiles
2024-01-30 14:41:02,942 P85238 [INFO] Completed successfully.
2024-01-30 14:41:07,480 P85497 [INFO] ************************************************************
2024-01-30 14:41:07,480 P85497 [INFO] ConfigSet Infra-EmbeddedPreBuild
2024-01-30 14:41:13,076 P85809 [INFO] ************************************************************
2024-01-30 14:41:13,076 P85809 [INFO] ConfigSet Infra-EmbeddedPostBuild
2024-01-30 15:41:19,352 P89209 [INFO] ************************************************************
2024-01-30 15:41:19,352 P89209 [INFO] ConfigSet _OnInstanceReboot
2024-01-30 15:41:19,355 P89209 [INFO] ++++++++++++++++++++++++++++++++++++++++++++++++++++++++++++
2024-01-30 15:41:19,355 P89209 [INFO] Config AWSEBBaseConfig
2024-01-30 15:41:19,748 P89209 [INFO] ============================================================
2024-01-30 15:41:19,748 P89209 [INFO] Command clearbackupfiles
2024-01-30 15:41:19,756 P89209 [INFO] Completed successfully.
2024-01-30 15:41:24,081 P89467 [INFO] ************************************************************
2024-01-30 15:41:24,081 P89467 [INFO] ConfigSet Infra-EmbeddedPreBuild
2024-01-30 15:41:29,593 P89786 [INFO] ************************************************************
2024-01-30 15:41:29,594 P89786 [INFO] ConfigSet Infra-EmbeddedPostBuild
2024-01-30 16:41:36,045 P93139 [INFO] ************************************************************
2024-01-30 16:41:36,045 P93139 [INFO] ConfigSet _OnInstanceReboot
2024-01-30 16:41:36,047 P93139 [INFO] ++++++++++++++++++++++++++++++++++++++++++++++++++++++++++++
2024-01-30 16:41:36,047 P93139 [INFO] Config AWSEBBaseConfig
2024-01-30 16:41:36,495 P93139 [INFO] ============================================================
2024-01-30 16:41:36,495 P93139 [INFO] Command clearbackupfiles
2024-01-30 16:41:36,500 P93139 [INFO] Completed successfully.
2024-01-30 16:41:41,109 P93402 [INFO] ************************************************************
2024-01-30 16:41:41,109 P93402 [INFO] ConfigSet Infra-EmbeddedPreBuild
2024-01-30 16:41:47,105 P93762 [INFO] ************************************************************
2024-01-30 16:41:47,106 P93762 [INFO] ConfigSet Infra-EmbeddedPostBuild
2024-01-30 17:41:53,543 P97122 [INFO] ************************************************************
2024-01-30 17:41:53,543 P97122 [INFO] ConfigSet _OnInstanceReboot
2024-01-30 17:41:53,545 P97122 [INFO] ++++++++++++++++++++++++++++++++++++++++++++++++++++++++++++
2024-01-30 17:41:53,546 P97122 [INFO] Config AWSEBBaseConfig
2024-01-30 17:41:53,925 P97122 [INFO] ============================================================
2024-01-30 17:41:53,925 P97122 [INFO] Command clearbackupfiles
2024-01-30 17:41:53,929 P97122 [INFO] Completed successfully.
2024-01-30 17:41:58,475 P97382 [INFO] ************************************************************
2024-01-30 17:41:58,475 P97382 [INFO] ConfigSet Infra-EmbeddedPreBuild
2024-01-30 17:42:05,425 P97693 [INFO] ************************************************************
2024-01-30 17:42:05,425 P97693 [INFO] ConfigSet Infra-EmbeddedPostBuild
2024-01-30 18:42:11,770 P101049 [INFO] ************************************************************
2024-01-30 18:42:11,771 P101049 [INFO] ConfigSet _OnInstanceReboot
2024-01-30 18:42:11,772 P101049 [INFO] ++++++++++++++++++++++++++++++++++++++++++++++++++++++++++++
2024-01-30 18:42:11,772 P101049 [INFO] Config AWSEBBaseConfig
2024-01-30 18:42:12,112 P101049 [INFO] ============================================================
2024-01-30 18:42:12,112 P101049 [INFO] Command clearbackupfiles
2024-01-30 18:42:12,117 P101049 [INFO] Completed successfully.
2024-01-30 18:42:16,946 P101305 [INFO] ************************************************************
2024-01-30 18:42:16,946 P101305 [INFO] ConfigSet Infra-EmbeddedPreBuild
2024-01-30 18:42:23,067 P101664 [INFO] ************************************************************
2024-01-30 18:42:23,067 P101664 [INFO] ConfigSet Infra-EmbeddedPostBuild
2024-01-30 19:42:29,546 P105016 [INFO] ************************************************************
2024-01-30 19:42:29,546 P105016 [INFO] ConfigSet _OnInstanceReboot
2024-01-30 19:42:29,549 P105016 [INFO] ++++++++++++++++++++++++++++++++++++++++++++++++++++++++++++
2024-01-30 19:42:29,549 P105016 [INFO] Config AWSEBBaseConfig
2024-01-30 19:42:29,926 P105016 [INFO] ============================================================
2024-01-30 19:42:29,926 P105016 [INFO] Command clearbackupfiles
2024-01-30 19:42:29,941 P105016 [INFO] Completed successfully.
2024-01-30 19:42:34,441 P105275 [INFO] ************************************************************
2024-01-30 19:42:34,442 P105275 [INFO] ConfigSet Infra-EmbeddedPreBuild
2024-01-30 19:42:39,794 P105584 [INFO] ************************************************************
2024-01-30 19:42:39,794 P105584 [INFO] ConfigSet Infra-EmbeddedPostBuild
2024-01-30 20:42:46,201 P108939 [INFO] ************************************************************
2024-01-30 20:42:46,202 P108939 [INFO] ConfigSet _OnInstanceReboot
2024-01-30 20:42:46,204 P108939 [INFO] ++++++++++++++++++++++++++++++++++++++++++++++++++++++++++++
2024-01-30 20:42:46,204 P108939 [INFO] Config AWSEBBaseConfig
2024-01-30 20:42:46,556 P108939 [INFO] ============================================================
2024-01-30 20:42:46,556 P108939 [INFO] Command clearbackupfiles
2024-01-30 20:42:46,562 P108939 [INFO] Completed successfully.
2024-01-30 20:42:50,815 P109200 [INFO] ************************************************************
2024-01-30 20:42:50,815 P109200 [INFO] ConfigSet Infra-EmbeddedPreBuild
2024-01-30 20:42:56,686 P109513 [INFO] ************************************************************
2024-01-30 20:42:56,686 P109513 [INFO] ConfigSet Infra-EmbeddedPostBuild
2024-01-30 21:43:03,192 P112866 [INFO] ************************************************************
2024-01-30 21:43:03,192 P112866 [INFO] ConfigSet _OnInstanceReboot
2024-01-30 21:43:03,194 P112866 [INFO] ++++++++++++++++++++++++++++++++++++++++++++++++++++++++++++
2024-01-30 21:43:03,194 P112866 [INFO] Config AWSEBBaseConfig
2024-01-30 21:43:03,554 P112866 [INFO] ============================================================
2024-01-30 21:43:03,554 P112866 [INFO] Command clearbackupfiles
2024-01-30 21:43:03,561 P112866 [INFO] Completed successfully.
2024-01-30 21:43:08,235 P113125 [INFO] ************************************************************
2024-01-30 21:43:08,235 P113125 [INFO] ConfigSet Infra-EmbeddedPreBuild
2024-01-30 21:43:13,516 P113431 [INFO] ************************************************************
2024-01-30 21:43:13,516 P113431 [INFO] ConfigSet Infra-EmbeddedPostBuild
2024-01-30 22:43:19,876 P116787 [INFO] ************************************************************
2024-01-30 22:43:19,876 P116787 [INFO] ConfigSet _OnInstanceReboot
2024-01-30 22:43:19,879 P116787 [INFO] ++++++++++++++++++++++++++++++++++++++++++++++++++++++++++++
2024-01-30 22:43:19,879 P116787 [INFO] Config AWSEBBaseConfig
2024-01-30 22:43:20,268 P116787 [INFO] ============================================================
2024-01-30 22:43:20,268 P116787 [INFO] Command clearbackupfiles
2024-01-30 22:43:20,273 P116787 [INFO] Completed successfully.
2024-01-30 22:43:24,571 P117094 [INFO] ************************************************************
2024-01-30 22:43:24,571 P117094 [INFO] ConfigSet Infra-EmbeddedPreBuild
2024-01-30 22:43:29,749 P117409 [INFO] ************************************************************
2024-01-30 22:43:29,749 P117409 [INFO] ConfigSet Infra-EmbeddedPostBuild
2024-01-30 23:43:36,189 P120762 [INFO] ************************************************************
2024-01-30 23:43:36,189 P120762 [INFO] ConfigSet _OnInstanceReboot
2024-01-30 23:43:36,192 P120762 [INFO] ++++++++++++++++++++++++++++++++++++++++++++++++++++++++++++
2024-01-30 23:43:36,192 P120762 [INFO] Config AWSEBBaseConfig
2024-01-30 23:43:36,606 P120762 [INFO] ============================================================
2024-01-30 23:43:36,606 P120762 [INFO] Command clearbackupfiles
2024-01-30 23:43:36,612 P120762 [INFO] Completed successfully.
2024-01-30 23:43:41,152 P121023 [INFO] ************************************************************
2024-01-30 23:43:41,152 P121023 [INFO] ConfigSet Infra-EmbeddedPreBuild
2024-01-30 23:43:46,992 P121337 [INFO] ************************************************************
2024-01-30 23:43:46,992 P121337 [INFO] ConfigSet Infra-EmbeddedPostBuild
2024-01-31 00:43:53,244 P124711 [INFO] ************************************************************
2024-01-31 00:43:53,244 P124711 [INFO] ConfigSet _OnInstanceReboot
2024-01-31 00:43:53,246 P124711 [INFO] ++++++++++++++++++++++++++++++++++++++++++++++++++++++++++++
2024-01-31 00:43:53,246 P124711 [INFO] Config AWSEBBaseConfig
2024-01-31 00:43:53,544 P124711 [INFO] ============================================================
2024-01-31 00:43:53,544 P124711 [INFO] Command clearbackupfiles
2024-01-31 00:43:53,549 P124711 [INFO] Completed successfully.
2024-01-31 00:43:57,982 P124973 [INFO] ************************************************************
2024-01-31 00:43:57,982 P124973 [INFO] ConfigSet Infra-EmbeddedPreBuild
2024-01-31 00:44:03,815 P125287 [INFO] ************************************************************
2024-01-31 00:44:03,815 P125287 [INFO] ConfigSet Infra-EmbeddedPostBuild
2024-01-31 01:44:10,271 P128691 [INFO] ************************************************************
2024-01-31 01:44:10,271 P128691 [INFO] ConfigSet _OnInstanceReboot
2024-01-31 01:44:10,273 P128691 [INFO] ++++++++++++++++++++++++++++++++++++++++++++++++++++++++++++
2024-01-31 01:44:10,273 P128691 [INFO] Config AWSEBBaseConfig
2024-01-31 01:44:10,611 P128691 [INFO] ============================================================
2024-01-31 01:44:10,611 P128691 [INFO] Command clearbackupfiles
2024-01-31 01:44:10,618 P128691 [INFO] Completed successfully.
2024-01-31 01:44:15,185 P128950 [INFO] ************************************************************
2024-01-31 01:44:15,185 P128950 [INFO] ConfigSet Infra-EmbeddedPreBuild
2024-01-31 01:44:20,300 P129264 [INFO] ************************************************************
2024-01-31 01:44:20,300 P129264 [INFO] ConfigSet Infra-EmbeddedPostBuild
2024-01-31 02:44:26,735 P132625 [INFO] ************************************************************
2024-01-31 02:44:26,735 P132625 [INFO] ConfigSet _OnInstanceReboot
2024-01-31 02:44:26,737 P132625 [INFO] ++++++++++++++++++++++++++++++++++++++++++++++++++++++++++++
2024-01-31 02:44:26,737 P132625 [INFO] Config AWSEBBaseConfig
2024-01-31 02:44:27,110 P132625 [INFO] ============================================================
2024-01-31 02:44:27,110 P132625 [INFO] Command clearbackupfiles
2024-01-31 02:44:27,116 P132625 [INFO] Completed successfully.
2024-01-31 02:44:31,741 P132889 [INFO] ************************************************************
2024-01-31 02:44:31,741 P132889 [INFO] ConfigSet Infra-EmbeddedPreBuild
2024-01-31 02:44:37,322 P133196 [INFO] ************************************************************
2024-01-31 02:44:37,322 P133196 [INFO] ConfigSet Infra-EmbeddedPostBuild
2024-01-31 03:44:43,599 P136601 [INFO] ************************************************************
2024-01-31 03:44:43,599 P136601 [INFO] ConfigSet _OnInstanceReboot
2024-01-31 03:44:43,603 P136601 [INFO] ++++++++++++++++++++++++++++++++++++++++++++++++++++++++++++
2024-01-31 03:44:43,603 P136601 [INFO] Config AWSEBBaseConfig
2024-01-31 03:44:43,980 P136601 [INFO] ============================================================
2024-01-31 03:44:43,980 P136601 [INFO] Command clearbackupfiles
2024-01-31 03:44:43,987 P136601 [INFO] Completed successfully.
2024-01-31 03:44:48,373 P136862 [INFO] ************************************************************
2024-01-31 03:44:48,373 P136862 [INFO] ConfigSet Infra-EmbeddedPreBuild
2024-01-31 03:44:53,550 P137175 [INFO] ************************************************************
2024-01-31 03:44:53,550 P137175 [INFO] ConfigSet Infra-EmbeddedPostBuild
2024-01-31 04:44:59,928 P140527 [INFO] ************************************************************
2024-01-31 04:44:59,928 P140527 [INFO] ConfigSet _OnInstanceReboot
2024-01-31 04:44:59,931 P140527 [INFO] ++++++++++++++++++++++++++++++++++++++++++++++++++++++++++++
2024-01-31 04:44:59,931 P140527 [INFO] Config AWSEBBaseConfig
2024-01-31 04:45:00,398 P140527 [INFO] ============================================================
2024-01-31 04:45:00,398 P140527 [INFO] Command clearbackupfiles
2024-01-31 04:45:00,409 P140527 [INFO] Completed successfully.
2024-01-31 04:45:05,184 P140834 [INFO] ************************************************************
2024-01-31 04:45:05,184 P140834 [INFO] ConfigSet Infra-EmbeddedPreBuild
2024-01-31 04:45:11,114 P141146 [INFO] ************************************************************
2024-01-31 04:45:11,114 P141146 [INFO] ConfigSet Infra-EmbeddedPostBuild
2024-01-31 05:45:17,541 P144498 [INFO] ************************************************************
2024-01-31 05:45:17,541 P144498 [INFO] ConfigSet _OnInstanceReboot
2024-01-31 05:45:17,543 P144498 [INFO] ++++++++++++++++++++++++++++++++++++++++++++++++++++++++++++
2024-01-31 05:45:17,543 P144498 [INFO] Config AWSEBBaseConfig
2024-01-31 05:45:17,984 P144498 [INFO] ============================================================
2024-01-31 05:45:17,985 P144498 [INFO] Command clearbackupfiles
2024-01-31 05:45:17,995 P144498 [INFO] Completed successfully.
2024-01-31 05:45:22,634 P144759 [INFO] ************************************************************
2024-01-31 05:45:22,634 P144759 [INFO] ConfigSet Infra-EmbeddedPreBuild
2024-01-31 05:45:28,600 P145074 [INFO] ************************************************************
2024-01-31 05:45:28,600 P145074 [INFO] ConfigSet Infra-EmbeddedPostBuild
2024-01-31 06:45:34,982 P148433 [INFO] ************************************************************
2024-01-31 06:45:34,982 P148433 [INFO] ConfigSet _OnInstanceReboot
2024-01-31 06:45:34,984 P148433 [INFO] ++++++++++++++++++++++++++++++++++++++++++++++++++++++++++++
2024-01-31 06:45:34,984 P148433 [INFO] Config AWSEBBaseConfig
2024-01-31 06:45:35,367 P148433 [INFO] ============================================================
2024-01-31 06:45:35,367 P148433 [INFO] Command clearbackupfiles
2024-01-31 06:45:35,378 P148433 [INFO] Completed successfully.
2024-01-31 06:45:39,775 P148694 [INFO] ************************************************************
2024-01-31 06:45:39,775 P148694 [INFO] ConfigSet Infra-EmbeddedPreBuild
2024-01-31 06:45:45,005 P149011 [INFO] ************************************************************
2024-01-31 06:45:45,005 P149011 [INFO] ConfigSet Infra-EmbeddedPostBuild
2024-01-31 07:45:51,442 P152364 [INFO] ************************************************************
2024-01-31 07:45:51,442 P152364 [INFO] ConfigSet _OnInstanceReboot
2024-01-31 07:45:51,445 P152364 [INFO] ++++++++++++++++++++++++++++++++++++++++++++++++++++++++++++
2024-01-31 07:45:51,445 P152364 [INFO] Config AWSEBBaseConfig
2024-01-31 07:45:51,845 P152364 [INFO] ============================================================
2024-01-31 07:45:51,845 P152364 [INFO] Command clearbackupfiles
2024-01-31 07:45:51,850 P152364 [INFO] Completed successfully.
2024-01-31 07:45:56,237 P152623 [INFO] ************************************************************
2024-01-31 07:45:56,237 P152623 [INFO] ConfigSet Infra-EmbeddedPreBuild
2024-01-31 07:46:02,495 P152932 [INFO] ************************************************************
2024-01-31 07:46:02,495 P152932 [INFO] ConfigSet Infra-EmbeddedPostBuild
2024-01-31 08:46:08,930 P156280 [INFO] ************************************************************
2024-01-31 08:46:08,930 P156280 [INFO] ConfigSet _OnInstanceReboot
2024-01-31 08:46:08,932 P156280 [INFO] ++++++++++++++++++++++++++++++++++++++++++++++++++++++++++++
2024-01-31 08:46:08,932 P156280 [INFO] Config AWSEBBaseConfig
2024-01-31 08:46:09,302 P156280 [INFO] ============================================================
2024-01-31 08:46:09,302 P156280 [INFO] Command clearbackupfiles
2024-01-31 08:46:09,309 P156280 [INFO] Completed successfully.
2024-01-31 08:46:13,917 P156588 [INFO] ************************************************************
2024-01-31 08:46:13,917 P156588 [INFO] ConfigSet Infra-EmbeddedPreBuild
2024-01-31 08:46:19,849 P156899 [INFO] ************************************************************
2024-01-31 08:46:19,849 P156899 [INFO] ConfigSet Infra-EmbeddedPostBuild
2024-01-31 09:46:26,193 P160250 [INFO] ************************************************************
2024-01-31 09:46:26,193 P160250 [INFO] ConfigSet _OnInstanceReboot
2024-01-31 09:46:26,195 P160250 [INFO] ++++++++++++++++++++++++++++++++++++++++++++++++++++++++++++
2024-01-31 09:46:26,196 P160250 [INFO] Config AWSEBBaseConfig
2024-01-31 09:46:26,562 P160250 [INFO] ============================================================
2024-01-31 09:46:26,562 P160250 [INFO] Command clearbackupfiles
2024-01-31 09:46:26,569 P160250 [INFO] Completed successfully.
2024-01-31 09:46:31,187 P160513 [INFO] ************************************************************
2024-01-31 09:46:31,187 P160513 [INFO] ConfigSet Infra-EmbeddedPreBuild
2024-01-31 09:46:36,798 P160826 [INFO] ************************************************************
2024-01-31 09:46:36,798 P160826 [INFO] ConfigSet Infra-EmbeddedPostBuild
2024-01-31 10:46:43,155 P164225 [INFO] ************************************************************
2024-01-31 10:46:43,155 P164225 [INFO] ConfigSet _OnInstanceReboot
2024-01-31 10:46:43,157 P164225 [INFO] ++++++++++++++++++++++++++++++++++++++++++++++++++++++++++++
2024-01-31 10:46:43,157 P164225 [INFO] Config AWSEBBaseConfig
2024-01-31 10:46:43,501 P164225 [INFO] ============================================================
2024-01-31 10:46:43,501 P164225 [INFO] Command clearbackupfiles
2024-01-31 10:46:43,508 P164225 [INFO] Completed successfully.
2024-01-31 10:46:47,697 P164482 [INFO] ************************************************************
2024-01-31 10:46:47,697 P164482 [INFO] ConfigSet Infra-EmbeddedPreBuild
2024-01-31 10:46:53,419 P164792 [INFO] ************************************************************
2024-01-31 10:46:53,419 P164792 [INFO] ConfigSet Infra-EmbeddedPostBuild
2024-01-31 11:46:59,877 P168147 [INFO] ************************************************************
2024-01-31 11:46:59,877 P168147 [INFO] ConfigSet _OnInstanceReboot
2024-01-31 11:46:59,879 P168147 [INFO] ++++++++++++++++++++++++++++++++++++++++++++++++++++++++++++
2024-01-31 11:46:59,879 P168147 [INFO] Config AWSEBBaseConfig
2024-01-31 11:47:00,326 P168147 [INFO] ============================================================
2024-01-31 11:47:00,326 P168147 [INFO] Command clearbackupfiles
2024-01-31 11:47:00,338 P168147 [INFO] Completed successfully.
2024-01-31 11:47:05,259 P168406 [INFO] ************************************************************
2024-01-31 11:47:05,259 P168406 [INFO] ConfigSet Infra-EmbeddedPreBuild
2024-01-31 11:47:11,118 P168719 [INFO] ************************************************************
2024-01-31 11:47:11,118 P168719 [INFO] ConfigSet Infra-EmbeddedPostBuild
2024-01-31 12:47:17,555 P172117 [INFO] ************************************************************
2024-01-31 12:47:17,555 P172117 [INFO] ConfigSet _OnInstanceReboot
2024-01-31 12:47:17,558 P172117 [INFO] ++++++++++++++++++++++++++++++++++++++++++++++++++++++++++++
2024-01-31 12:47:17,558 P172117 [INFO] Config AWSEBBaseConfig
2024-01-31 12:47:17,930 P172117 [INFO] ============================================================
2024-01-31 12:47:17,930 P172117 [INFO] Command clearbackupfiles
2024-01-31 12:47:17,936 P172117 [INFO] Completed successfully.
2024-01-31 12:47:22,156 P172377 [INFO] ************************************************************
2024-01-31 12:47:22,157 P172377 [INFO] ConfigSet Infra-EmbeddedPreBuild
2024-01-31 12:47:28,046 P172694 [INFO] ************************************************************
2024-01-31 12:47:28,046 P172694 [INFO] ConfigSet Infra-EmbeddedPostBuild
2024-01-31 13:47:34,439 P176048 [INFO] ************************************************************
2024-01-31 13:47:34,439 P176048 [INFO] ConfigSet _OnInstanceReboot
2024-01-31 13:47:34,442 P176048 [INFO] ++++++++++++++++++++++++++++++++++++++++++++++++++++++++++++
2024-01-31 13:47:34,442 P176048 [INFO] Config AWSEBBaseConfig
2024-01-31 13:47:34,859 P176048 [INFO] ============================================================
2024-01-31 13:47:34,859 P176048 [INFO] Command clearbackupfiles
2024-01-31 13:47:34,865 P176048 [INFO] Completed successfully.
2024-01-31 13:47:39,398 P176308 [INFO] ************************************************************
2024-01-31 13:47:39,398 P176308 [INFO] ConfigSet Infra-EmbeddedPreBuild
2024-01-31 13:47:45,060 P176618 [INFO] ************************************************************
2024-01-31 13:47:45,060 P176618 [INFO] ConfigSet Infra-EmbeddedPostBuild
2024-01-31 14:47:51,473 P179964 [INFO] ************************************************************
2024-01-31 14:47:51,473 P179964 [INFO] ConfigSet _OnInstanceReboot
2024-01-31 14:47:51,475 P179964 [INFO] ++++++++++++++++++++++++++++++++++++++++++++++++++++++++++++
2024-01-31 14:47:51,475 P179964 [INFO] Config AWSEBBaseConfig
2024-01-31 14:47:51,835 P179964 [INFO] ============================================================
2024-01-31 14:47:51,835 P179964 [INFO] Command clearbackupfiles
2024-01-31 14:47:51,846 P179964 [INFO] Completed successfully.
2024-01-31 14:47:56,229 P180225 [INFO] ************************************************************
2024-01-31 14:47:56,229 P180225 [INFO] ConfigSet Infra-EmbeddedPreBuild
2024-01-31 14:48:02,559 P180536 [INFO] ************************************************************
2024-01-31 14:48:02,559 P180536 [INFO] ConfigSet Infra-EmbeddedPostBuild
2024-01-31 15:48:09,062 P183929 [INFO] ************************************************************
2024-01-31 15:48:09,062 P183929 [INFO] ConfigSet _OnInstanceReboot
2024-01-31 15:48:09,064 P183929 [INFO] ++++++++++++++++++++++++++++++++++++++++++++++++++++++++++++
2024-01-31 15:48:09,064 P183929 [INFO] Config AWSEBBaseConfig
2024-01-31 15:48:09,432 P183929 [INFO] ============================================================
2024-01-31 15:48:09,432 P183929 [INFO] Command clearbackupfiles
2024-01-31 15:48:09,437 P183929 [INFO] Completed successfully.
2024-01-31 15:48:13,762 P184187 [INFO] ************************************************************
2024-01-31 15:48:13,762 P184187 [INFO] ConfigSet Infra-EmbeddedPreBuild
2024-01-31 15:48:19,618 P184499 [INFO] ************************************************************
2024-01-31 15:48:19,618 P184499 [INFO] ConfigSet Infra-EmbeddedPostBuild
2024-01-31 16:48:26,109 P187851 [INFO] ************************************************************
2024-01-31 16:48:26,109 P187851 [INFO] ConfigSet _OnInstanceReboot
2024-01-31 16:48:26,111 P187851 [INFO] ++++++++++++++++++++++++++++++++++++++++++++++++++++++++++++
2024-01-31 16:48:26,111 P187851 [INFO] Config AWSEBBaseConfig
2024-01-31 16:48:26,433 P187851 [INFO] ============================================================
2024-01-31 16:48:26,433 P187851 [INFO] Command clearbackupfiles
2024-01-31 16:48:26,440 P187851 [INFO] Completed successfully.
2024-01-31 16:48:31,010 P188111 [INFO] ************************************************************
2024-01-31 16:48:31,011 P188111 [INFO] ConfigSet Infra-EmbeddedPreBuild
2024-01-31 16:48:36,629 P188422 [INFO] ************************************************************
2024-01-31 16:48:36,629 P188422 [INFO] ConfigSet Infra-EmbeddedPostBuild
2024-01-31 17:48:42,968 P191775 [INFO] ************************************************************
2024-01-31 17:48:42,969 P191775 [INFO] ConfigSet _OnInstanceReboot
2024-01-31 17:48:42,972 P191775 [INFO] ++++++++++++++++++++++++++++++++++++++++++++++++++++++++++++
2024-01-31 17:48:42,972 P191775 [INFO] Config AWSEBBaseConfig
2024-01-31 17:48:43,398 P191775 [INFO] ============================================================
2024-01-31 17:48:43,398 P191775 [INFO] Command clearbackupfiles
2024-01-31 17:48:43,404 P191775 [INFO] Completed successfully.
2024-01-31 17:48:47,814 P192033 [INFO] ************************************************************
2024-01-31 17:48:47,814 P192033 [INFO] ConfigSet Infra-EmbeddedPreBuild
2024-01-31 17:48:53,793 P192391 [INFO] ************************************************************
2024-01-31 17:48:53,793 P192391 [INFO] ConfigSet Infra-EmbeddedPostBuild
2024-01-31 18:49:00,299 P195741 [INFO] ************************************************************
2024-01-31 18:49:00,299 P195741 [INFO] ConfigSet _OnInstanceReboot
2024-01-31 18:49:00,301 P195741 [INFO] ++++++++++++++++++++++++++++++++++++++++++++++++++++++++++++
2024-01-31 18:49:00,301 P195741 [INFO] Config AWSEBBaseConfig
2024-01-31 18:49:00,680 P195741 [INFO] ============================================================
2024-01-31 18:49:00,680 P195741 [INFO] Command clearbackupfiles
2024-01-31 18:49:00,687 P195741 [INFO] Completed successfully.
2024-01-31 18:49:05,721 P196000 [INFO] ************************************************************
2024-01-31 18:49:05,721 P196000 [INFO] ConfigSet Infra-EmbeddedPreBuild
2024-01-31 18:49:11,424 P196312 [INFO] ************************************************************
2024-01-31 18:49:11,425 P196312 [INFO] ConfigSet Infra-EmbeddedPostBuild
