2024-01-29T19:23:59.831854932Z container prune  (reclaimed=0)
2024-01-29T19:24:40.108581303Z image pull 471947097906.dkr.ecr.eu-west-1.amazonaws.com/hisab-backend/hisab-backend:660d597673dec46251de14dcd7450f2fa9199a26 (name=471947097906.dkr.ecr.eu-west-1.amazonaws.com/hisab-backend/hisab-backend)
2024-01-29T19:24:41.167401006Z image tag sha256:c176d18fbf6591f3dfbd29fcd76b3267a1677c3366432aad925f520d7f698667 (name=aws_beanstalk/staging-app)
2024-01-29T19:24:44.895178615Z container create 282913d74899dc25c5b7adcba271821fde75d3da185db3eb7d5d3d655afc6207 (image=c176d18fbf65, name=focused_zhukovsky)
2024-01-29T19:24:44.974737257Z network connect 090e0ac53a322132e1f1f0ca29fca978687f0b268f311a2df7fd4eecd47af68d (container=282913d74899dc25c5b7adcba271821fde75d3da185db3eb7d5d3d655afc6207, name=bridge, type=bridge)
2024-01-29T19:24:45.783974912Z container start 282913d74899dc25c5b7adcba271821fde75d3da185db3eb7d5d3d655afc6207 (image=c176d18fbf65, name=focused_zhukovsky)
2024-01-29T19:24:46.286845625Z network disconnect 090e0ac53a322132e1f1f0ca29fca978687f0b268f311a2df7fd4eecd47af68d (container=282913d74899dc25c5b7adcba271821fde75d3da185db3eb7d5d3d655afc6207, name=bridge, type=bridge)
2024-01-29T19:24:46.294061868Z container die 282913d74899dc25c5b7adcba271821fde75d3da185db3eb7d5d3d655afc6207 (execDuration=0, exitCode=1, image=c176d18fbf65, name=focused_zhukovsky)
2024-01-29T19:24:58.468749492Z container destroy 282913d74899dc25c5b7adcba271821fde75d3da185db3eb7d5d3d655afc6207 (image=c176d18fbf65, name=focused_zhukovsky)
2024-01-29T19:24:58.468788301Z container prune  (reclaimed=0)
2024-01-29T19:25:00.674025017Z image pull 471947097906.dkr.ecr.eu-west-1.amazonaws.com/hisab-backend/hisab-backend:660d597673dec46251de14dcd7450f2fa9199a26 (name=471947097906.dkr.ecr.eu-west-1.amazonaws.com/hisab-backend/hisab-backend)
2024-01-29T19:25:01.069866820Z image tag sha256:c176d18fbf6591f3dfbd29fcd76b3267a1677c3366432aad925f520d7f698667 (name=aws_beanstalk/staging-app)
2024-01-29T19:25:06.326647977Z container prune  (reclaimed=0)
2024-01-29T19:25:06.462818911Z container create 8b0501eeb845908dbdc61f0e94de91a1a6e36655f942d538706615d97e69988f (image=c176d18fbf65, name=cranky_mestorf)
2024-01-29T19:25:06.509674057Z network connect 9c550342c1a5cbb6756b09aca0842469c239a508137c6bcc38dbb25ae03f917e (container=8b0501eeb845908dbdc61f0e94de91a1a6e36655f942d538706615d97e69988f, name=bridge, type=bridge)
2024-01-29T19:25:06.935663718Z container start 8b0501eeb845908dbdc61f0e94de91a1a6e36655f942d538706615d97e69988f (image=c176d18fbf65, name=cranky_mestorf)
2024-01-29T19:25:07.427204728Z network disconnect 9c550342c1a5cbb6756b09aca0842469c239a508137c6bcc38dbb25ae03f917e (container=8b0501eeb845908dbdc61f0e94de91a1a6e36655f942d538706615d97e69988f, name=bridge, type=bridge)
2024-01-29T19:25:07.434064975Z container die 8b0501eeb845908dbdc61f0e94de91a1a6e36655f942d538706615d97e69988f (execDuration=0, exitCode=1, image=c176d18fbf65, name=cranky_mestorf)
2024-01-29T19:25:21.339976452Z container destroy 8b0501eeb845908dbdc61f0e94de91a1a6e36655f942d538706615d97e69988f (image=c176d18fbf65, name=cranky_mestorf)
2024-01-29T19:25:21.340024560Z container prune  (reclaimed=0)
2024-01-29T19:25:22.527420350Z image pull 471947097906.dkr.ecr.eu-west-1.amazonaws.com/hisab-backend/hisab-backend:660d597673dec46251de14dcd7450f2fa9199a26 (name=471947097906.dkr.ecr.eu-west-1.amazonaws.com/hisab-backend/hisab-backend)
2024-01-29T19:25:22.791545071Z image tag sha256:c176d18fbf6591f3dfbd29fcd76b3267a1677c3366432aad925f520d7f698667 (name=aws_beanstalk/staging-app)
2024-01-29T19:25:27.197404463Z container prune  (reclaimed=0)
2024-01-29T19:25:27.274135352Z container create 5f05d2f27000dc866a1a495c0a370402ca23ab10b31564672e3640176eec2410 (image=c176d18fbf65, name=reverent_napier)
2024-01-29T19:25:27.309552666Z network connect 89e4cc78f8da849ba284988a0c0061a6e2be8432935a93354cb962c5646662b2 (container=5f05d2f27000dc866a1a495c0a370402ca23ab10b31564672e3640176eec2410, name=bridge, type=bridge)
2024-01-29T19:25:27.711497085Z container start 5f05d2f27000dc866a1a495c0a370402ca23ab10b31564672e3640176eec2410 (image=c176d18fbf65, name=reverent_napier)
2024-01-29T19:25:28.167110019Z network disconnect 89e4cc78f8da849ba284988a0c0061a6e2be8432935a93354cb962c5646662b2 (container=5f05d2f27000dc866a1a495c0a370402ca23ab10b31564672e3640176eec2410, name=bridge, type=bridge)
2024-01-29T19:25:28.180463556Z container die 5f05d2f27000dc866a1a495c0a370402ca23ab10b31564672e3640176eec2410 (execDuration=0, exitCode=1, image=c176d18fbf65, name=reverent_napier)
2024-01-29T19:25:46.444069521Z container destroy 5f05d2f27000dc866a1a495c0a370402ca23ab10b31564672e3640176eec2410 (image=c176d18fbf65, name=reverent_napier)
2024-01-29T19:25:46.444149878Z container prune  (reclaimed=0)
2024-01-29T19:25:47.647341937Z image pull 471947097906.dkr.ecr.eu-west-1.amazonaws.com/hisab-backend/hisab-backend:660d597673dec46251de14dcd7450f2fa9199a26 (name=471947097906.dkr.ecr.eu-west-1.amazonaws.com/hisab-backend/hisab-backend)
2024-01-29T19:25:47.845040585Z image tag sha256:c176d18fbf6591f3dfbd29fcd76b3267a1677c3366432aad925f520d7f698667 (name=aws_beanstalk/staging-app)
2024-01-29T19:25:51.553965023Z container prune  (reclaimed=0)
2024-01-29T19:25:51.639715260Z container create 69198963c866864784029e9e9ee4c05b310b22ee43ed89c0cca5f3cf6f07f6be (image=c176d18fbf65, name=competent_hopper)
2024-01-29T19:25:51.687331743Z network connect 3e62c7112a2dab4be3ec03561f9a654ba01b0477969d1d24a23c30bf4520d64b (container=69198963c866864784029e9e9ee4c05b310b22ee43ed89c0cca5f3cf6f07f6be, name=bridge, type=bridge)
2024-01-29T19:25:52.041221522Z container start 69198963c866864784029e9e9ee4c05b310b22ee43ed89c0cca5f3cf6f07f6be (image=c176d18fbf65, name=competent_hopper)
2024-01-29T19:25:52.458211689Z network disconnect 3e62c7112a2dab4be3ec03561f9a654ba01b0477969d1d24a23c30bf4520d64b (container=69198963c866864784029e9e9ee4c05b310b22ee43ed89c0cca5f3cf6f07f6be, name=bridge, type=bridge)
2024-01-29T19:25:52.467189441Z container die 69198963c866864784029e9e9ee4c05b310b22ee43ed89c0cca5f3cf6f07f6be (execDuration=0, exitCode=1, image=c176d18fbf65, name=competent_hopper)
2024-01-29T19:26:19.018812914Z container destroy 69198963c866864784029e9e9ee4c05b310b22ee43ed89c0cca5f3cf6f07f6be (image=c176d18fbf65, name=competent_hopper)
2024-01-29T19:26:19.018858402Z container prune  (reclaimed=0)
2024-01-29T19:26:20.359176018Z image pull 471947097906.dkr.ecr.eu-west-1.amazonaws.com/hisab-backend/hisab-backend:660d597673dec46251de14dcd7450f2fa9199a26 (name=471947097906.dkr.ecr.eu-west-1.amazonaws.com/hisab-backend/hisab-backend)
2024-01-29T19:26:20.612530456Z image tag sha256:c176d18fbf6591f3dfbd29fcd76b3267a1677c3366432aad925f520d7f698667 (name=aws_beanstalk/staging-app)
2024-01-29T19:26:24.889768918Z container prune  (reclaimed=0)
2024-01-29T19:26:24.998209429Z container create 3b5cff14a0df1e5e3326237f61f606c223c7b1f3072c4297013a168e7b8b2f13 (image=c176d18fbf65, name=unruffled_wilson)
2024-01-29T19:26:25.048372998Z network connect c019ac437734c6d45453a3926ded228cb27e43d8245a51a1309dbed05d64862c (container=3b5cff14a0df1e5e3326237f61f606c223c7b1f3072c4297013a168e7b8b2f13, name=bridge, type=bridge)
2024-01-29T19:26:25.442226076Z container start 3b5cff14a0df1e5e3326237f61f606c223c7b1f3072c4297013a168e7b8b2f13 (image=c176d18fbf65, name=unruffled_wilson)
2024-01-29T19:26:25.909171157Z network disconnect c019ac437734c6d45453a3926ded228cb27e43d8245a51a1309dbed05d64862c (container=3b5cff14a0df1e5e3326237f61f606c223c7b1f3072c4297013a168e7b8b2f13, name=bridge, type=bridge)
2024-01-29T19:26:25.965904371Z container die 3b5cff14a0df1e5e3326237f61f606c223c7b1f3072c4297013a168e7b8b2f13 (execDuration=0, exitCode=1, image=c176d18fbf65, name=unruffled_wilson)
2024-01-29T19:27:08.740826545Z container destroy 3b5cff14a0df1e5e3326237f61f606c223c7b1f3072c4297013a168e7b8b2f13 (image=c176d18fbf65, name=unruffled_wilson)
2024-01-29T19:27:08.740888625Z container prune  (reclaimed=0)
2024-01-29T19:27:10.172792002Z image pull 471947097906.dkr.ecr.eu-west-1.amazonaws.com/hisab-backend/hisab-backend:660d597673dec46251de14dcd7450f2fa9199a26 (name=471947097906.dkr.ecr.eu-west-1.amazonaws.com/hisab-backend/hisab-backend)
2024-01-29T19:27:10.451121685Z image tag sha256:c176d18fbf6591f3dfbd29fcd76b3267a1677c3366432aad925f520d7f698667 (name=aws_beanstalk/staging-app)
2024-01-29T19:27:14.422203111Z container prune  (reclaimed=0)
2024-01-29T19:27:14.512386930Z container create 7cc0667601cfc629fdb1e1fdf0839e4e3c06e280bdfe5cce02cd5f8d9670dded (image=c176d18fbf65, name=goofy_bouman)
2024-01-29T19:27:14.570424566Z network connect 483222db7cad393ea3883f14f61953f6748ae232e9fd6f227e272b0bc501040c (container=7cc0667601cfc629fdb1e1fdf0839e4e3c06e280bdfe5cce02cd5f8d9670dded, name=bridge, type=bridge)
2024-01-29T19:27:14.902488571Z container start 7cc0667601cfc629fdb1e1fdf0839e4e3c06e280bdfe5cce02cd5f8d9670dded (image=c176d18fbf65, name=goofy_bouman)
2024-01-29T19:27:15.342139109Z network disconnect 483222db7cad393ea3883f14f61953f6748ae232e9fd6f227e272b0bc501040c (container=7cc0667601cfc629fdb1e1fdf0839e4e3c06e280bdfe5cce02cd5f8d9670dded, name=bridge, type=bridge)
2024-01-29T19:27:15.351417413Z container die 7cc0667601cfc629fdb1e1fdf0839e4e3c06e280bdfe5cce02cd5f8d9670dded (execDuration=0, exitCode=1, image=c176d18fbf65, name=goofy_bouman)
2024-01-29T19:28:29.427140904Z container destroy 7cc0667601cfc629fdb1e1fdf0839e4e3c06e280bdfe5cce02cd5f8d9670dded (image=c176d18fbf65, name=goofy_bouman)
2024-01-29T19:28:29.427186267Z container prune  (reclaimed=0)
2024-01-29T19:28:30.735247579Z image pull 471947097906.dkr.ecr.eu-west-1.amazonaws.com/hisab-backend/hisab-backend:660d597673dec46251de14dcd7450f2fa9199a26 (name=471947097906.dkr.ecr.eu-west-1.amazonaws.com/hisab-backend/hisab-backend)
2024-01-29T19:28:31.030861597Z image tag sha256:c176d18fbf6591f3dfbd29fcd76b3267a1677c3366432aad925f520d7f698667 (name=aws_beanstalk/staging-app)
2024-01-29T19:28:35.097634047Z container prune  (reclaimed=0)
2024-01-29T19:28:35.203803091Z container create ac7dddfc97ed8e70be9374cc2eaac754dcb8a68a260a3b96c84303e87ad75559 (image=c176d18fbf65, name=boring_jackson)
2024-01-29T19:28:35.249566817Z network connect 5c6136ce62c88516cbf9903e927e71c34116f6191caeafb633bdefd07d331a11 (container=ac7dddfc97ed8e70be9374cc2eaac754dcb8a68a260a3b96c84303e87ad75559, name=bridge, type=bridge)
2024-01-29T19:28:35.656257233Z container start ac7dddfc97ed8e70be9374cc2eaac754dcb8a68a260a3b96c84303e87ad75559 (image=c176d18fbf65, name=boring_jackson)
2024-01-29T19:28:36.056732151Z network disconnect 5c6136ce62c88516cbf9903e927e71c34116f6191caeafb633bdefd07d331a11 (container=ac7dddfc97ed8e70be9374cc2eaac754dcb8a68a260a3b96c84303e87ad75559, name=bridge, type=bridge)
2024-01-29T19:28:36.115816874Z container die ac7dddfc97ed8e70be9374cc2eaac754dcb8a68a260a3b96c84303e87ad75559 (execDuration=0, exitCode=1, image=c176d18fbf65, name=boring_jackson)
2024-01-29T19:30:54.198669148Z container destroy ac7dddfc97ed8e70be9374cc2eaac754dcb8a68a260a3b96c84303e87ad75559 (image=c176d18fbf65, name=boring_jackson)
2024-01-29T19:30:54.198732525Z container prune  (reclaimed=0)
2024-01-29T19:30:55.409090789Z image pull 471947097906.dkr.ecr.eu-west-1.amazonaws.com/hisab-backend/hisab-backend:660d597673dec46251de14dcd7450f2fa9199a26 (name=471947097906.dkr.ecr.eu-west-1.amazonaws.com/hisab-backend/hisab-backend)
2024-01-29T19:30:55.626490772Z image tag sha256:c176d18fbf6591f3dfbd29fcd76b3267a1677c3366432aad925f520d7f698667 (name=aws_beanstalk/staging-app)
2024-01-29T19:30:59.882267582Z container prune  (reclaimed=0)
2024-01-29T19:30:59.989813551Z container create c15a9128e03a876f70583f348039c04b666ecf2517ed413b6c172810b4d7c6bc (image=c176d18fbf65, name=priceless_banach)
2024-01-29T19:31:00.176415802Z network connect 146b1a39e78761257ca8655354d57a2acb6eb3c73d259ea5e9452626925ed5a0 (container=c15a9128e03a876f70583f348039c04b666ecf2517ed413b6c172810b4d7c6bc, name=bridge, type=bridge)
2024-01-29T19:31:00.509308769Z container start c15a9128e03a876f70583f348039c04b666ecf2517ed413b6c172810b4d7c6bc (image=c176d18fbf65, name=priceless_banach)
2024-01-29T19:31:00.947276968Z network disconnect 146b1a39e78761257ca8655354d57a2acb6eb3c73d259ea5e9452626925ed5a0 (container=c15a9128e03a876f70583f348039c04b666ecf2517ed413b6c172810b4d7c6bc, name=bridge, type=bridge)
2024-01-29T19:31:00.956874676Z container die c15a9128e03a876f70583f348039c04b666ecf2517ed413b6c172810b4d7c6bc (execDuration=0, exitCode=1, image=c176d18fbf65, name=priceless_banach)
2024-01-29T19:35:27.724179842Z container destroy c15a9128e03a876f70583f348039c04b666ecf2517ed413b6c172810b4d7c6bc (image=c176d18fbf65, name=priceless_banach)
2024-01-29T19:35:27.724443927Z container prune  (reclaimed=0)
2024-01-29T19:35:29.076296976Z image pull 471947097906.dkr.ecr.eu-west-1.amazonaws.com/hisab-backend/hisab-backend:660d597673dec46251de14dcd7450f2fa9199a26 (name=471947097906.dkr.ecr.eu-west-1.amazonaws.com/hisab-backend/hisab-backend)
2024-01-29T19:35:29.317636749Z image tag sha256:c176d18fbf6591f3dfbd29fcd76b3267a1677c3366432aad925f520d7f698667 (name=aws_beanstalk/staging-app)
2024-01-29T19:35:33.870796143Z container prune  (reclaimed=0)
2024-01-29T19:35:33.956471756Z container create b50f6b858152ff08cf85b71d885fdcd881cacc37eb943e6d7877223e5773ebf6 (image=c176d18fbf65, name=angry_raman)
2024-01-29T19:35:33.998886715Z network connect 58ab72111795164458302c817ff71a9a211e5668c598d4ecbb27eff70e8d2958 (container=b50f6b858152ff08cf85b71d885fdcd881cacc37eb943e6d7877223e5773ebf6, name=bridge, type=bridge)
2024-01-29T19:35:34.408358161Z container start b50f6b858152ff08cf85b71d885fdcd881cacc37eb943e6d7877223e5773ebf6 (image=c176d18fbf65, name=angry_raman)
2024-01-29T19:35:34.897755174Z network disconnect 58ab72111795164458302c817ff71a9a211e5668c598d4ecbb27eff70e8d2958 (container=b50f6b858152ff08cf85b71d885fdcd881cacc37eb943e6d7877223e5773ebf6, name=bridge, type=bridge)
2024-01-29T19:35:34.945698689Z container die b50f6b858152ff08cf85b71d885fdcd881cacc37eb943e6d7877223e5773ebf6 (execDuration=0, exitCode=1, image=c176d18fbf65, name=angry_raman)
2024-01-29T19:44:17.170909979Z container destroy b50f6b858152ff08cf85b71d885fdcd881cacc37eb943e6d7877223e5773ebf6 (image=c176d18fbf65, name=angry_raman)
2024-01-29T19:44:17.171079860Z container prune  (reclaimed=0)
2024-01-29T19:44:18.357487249Z image pull 471947097906.dkr.ecr.eu-west-1.amazonaws.com/hisab-backend/hisab-backend:660d597673dec46251de14dcd7450f2fa9199a26 (name=471947097906.dkr.ecr.eu-west-1.amazonaws.com/hisab-backend/hisab-backend)
2024-01-29T19:44:18.573048312Z image tag sha256:c176d18fbf6591f3dfbd29fcd76b3267a1677c3366432aad925f520d7f698667 (name=aws_beanstalk/staging-app)
2024-01-29T19:44:22.632043018Z container prune  (reclaimed=0)
2024-01-29T19:44:22.728071212Z container create 9eafe91534f2dfe57f46cc7e1a9836c29fc1a3f874d2035c8e49368b61ac0c0a (image=c176d18fbf65, name=priceless_mahavira)
2024-01-29T19:44:22.760539009Z network connect 437ec0496696ae36b0c5d6429666df84d28a74bcd4eb6fcdb5e39bb46b7f3ec8 (container=9eafe91534f2dfe57f46cc7e1a9836c29fc1a3f874d2035c8e49368b61ac0c0a, name=bridge, type=bridge)
2024-01-29T19:44:23.167681575Z container start 9eafe91534f2dfe57f46cc7e1a9836c29fc1a3f874d2035c8e49368b61ac0c0a (image=c176d18fbf65, name=priceless_mahavira)
2024-01-29T19:44:23.547727081Z network disconnect 437ec0496696ae36b0c5d6429666df84d28a74bcd4eb6fcdb5e39bb46b7f3ec8 (container=9eafe91534f2dfe57f46cc7e1a9836c29fc1a3f874d2035c8e49368b61ac0c0a, name=bridge, type=bridge)
2024-01-29T19:44:23.565957677Z container die 9eafe91534f2dfe57f46cc7e1a9836c29fc1a3f874d2035c8e49368b61ac0c0a (execDuration=0, exitCode=1, image=c176d18fbf65, name=priceless_mahavira)
2024-01-29T20:01:38.057585033Z container destroy 9eafe91534f2dfe57f46cc7e1a9836c29fc1a3f874d2035c8e49368b61ac0c0a (image=c176d18fbf65, name=priceless_mahavira)
2024-01-29T20:01:38.057630580Z container prune  (reclaimed=0)
2024-01-29T20:01:39.506770267Z image pull 471947097906.dkr.ecr.eu-west-1.amazonaws.com/hisab-backend/hisab-backend:660d597673dec46251de14dcd7450f2fa9199a26 (name=471947097906.dkr.ecr.eu-west-1.amazonaws.com/hisab-backend/hisab-backend)
2024-01-29T20:01:39.759807658Z image tag sha256:c176d18fbf6591f3dfbd29fcd76b3267a1677c3366432aad925f520d7f698667 (name=aws_beanstalk/staging-app)
2024-01-29T20:01:44.023729905Z container prune  (reclaimed=0)
2024-01-29T20:01:44.107129047Z container create 5c0225af127d0be2e437440bebc12f9d9a630f4428645d7bd9678d3ce9c0842f (image=c176d18fbf65, name=objective_payne)
2024-01-29T20:01:44.145229362Z network connect 2a90abca2deaa202c4f48d81d8b5fee2f24d4295aefc5fafb4abebed6eaa70ba (container=5c0225af127d0be2e437440bebc12f9d9a630f4428645d7bd9678d3ce9c0842f, name=bridge, type=bridge)
2024-01-29T20:01:44.485078901Z container start 5c0225af127d0be2e437440bebc12f9d9a630f4428645d7bd9678d3ce9c0842f (image=c176d18fbf65, name=objective_payne)
2024-01-29T20:01:44.896720388Z network disconnect 2a90abca2deaa202c4f48d81d8b5fee2f24d4295aefc5fafb4abebed6eaa70ba (container=5c0225af127d0be2e437440bebc12f9d9a630f4428645d7bd9678d3ce9c0842f, name=bridge, type=bridge)
2024-01-29T20:01:44.906221556Z container die 5c0225af127d0be2e437440bebc12f9d9a630f4428645d7bd9678d3ce9c0842f (execDuration=0, exitCode=1, image=c176d18fbf65, name=objective_payne)
2024-01-29T20:36:03.671810779Z container destroy 5c0225af127d0be2e437440bebc12f9d9a630f4428645d7bd9678d3ce9c0842f (image=c176d18fbf65, name=objective_payne)
2024-01-29T20:36:03.671870118Z container prune  (reclaimed=0)
2024-01-29T20:36:04.960311945Z image pull 471947097906.dkr.ecr.eu-west-1.amazonaws.com/hisab-backend/hisab-backend:660d597673dec46251de14dcd7450f2fa9199a26 (name=471947097906.dkr.ecr.eu-west-1.amazonaws.com/hisab-backend/hisab-backend)
2024-01-29T20:36:05.288473757Z image tag sha256:c176d18fbf6591f3dfbd29fcd76b3267a1677c3366432aad925f520d7f698667 (name=aws_beanstalk/staging-app)
2024-01-29T20:36:09.241519559Z container prune  (reclaimed=0)
2024-01-29T20:36:09.322929146Z container create 7dbb83b76a53b90cf74b8af9dec153e61112713c7c7e6300feb7102dc48f94e6 (image=c176d18fbf65, name=dazzling_jackson)
2024-01-29T20:36:09.357618419Z network connect 13d90710ec0f13087f9241ba627922514310d3fe315718bba2b294f7c92fe52e (container=7dbb83b76a53b90cf74b8af9dec153e61112713c7c7e6300feb7102dc48f94e6, name=bridge, type=bridge)
2024-01-29T20:36:09.694724356Z container start 7dbb83b76a53b90cf74b8af9dec153e61112713c7c7e6300feb7102dc48f94e6 (image=c176d18fbf65, name=dazzling_jackson)
2024-01-29T20:36:10.246806026Z network disconnect 13d90710ec0f13087f9241ba627922514310d3fe315718bba2b294f7c92fe52e (container=7dbb83b76a53b90cf74b8af9dec153e61112713c7c7e6300feb7102dc48f94e6, name=bridge, type=bridge)
2024-01-29T20:36:10.253446321Z container die 7dbb83b76a53b90cf74b8af9dec153e61112713c7c7e6300feb7102dc48f94e6 (execDuration=0, exitCode=1, image=c176d18fbf65, name=dazzling_jackson)
2024-01-29T21:36:20.221487222Z container destroy 7dbb83b76a53b90cf74b8af9dec153e61112713c7c7e6300feb7102dc48f94e6 (image=c176d18fbf65, name=dazzling_jackson)
2024-01-29T21:36:20.221647031Z container prune  (reclaimed=0)
2024-01-29T21:36:21.347967059Z image pull 471947097906.dkr.ecr.eu-west-1.amazonaws.com/hisab-backend/hisab-backend:660d597673dec46251de14dcd7450f2fa9199a26 (name=471947097906.dkr.ecr.eu-west-1.amazonaws.com/hisab-backend/hisab-backend)
2024-01-29T21:36:21.585272023Z image tag sha256:c176d18fbf6591f3dfbd29fcd76b3267a1677c3366432aad925f520d7f698667 (name=aws_beanstalk/staging-app)
2024-01-29T21:36:25.600604334Z container prune  (reclaimed=0)
2024-01-29T21:36:25.680843749Z container create a5efe7391275e450c0e725a3cd033cfa83478892d5833a5dfdf81e9dfd1688ff (image=c176d18fbf65, name=stupefied_lewin)
2024-01-29T21:36:25.724512216Z network connect a31e2145bd9261dbbc3f7a0ddaf74ae40724c149b4f2d6ec2055c387fb111997 (container=a5efe7391275e450c0e725a3cd033cfa83478892d5833a5dfdf81e9dfd1688ff, name=bridge, type=bridge)
2024-01-29T21:36:26.046735911Z container start a5efe7391275e450c0e725a3cd033cfa83478892d5833a5dfdf81e9dfd1688ff (image=c176d18fbf65, name=stupefied_lewin)
2024-01-29T21:36:26.496676438Z network disconnect a31e2145bd9261dbbc3f7a0ddaf74ae40724c149b4f2d6ec2055c387fb111997 (container=a5efe7391275e450c0e725a3cd033cfa83478892d5833a5dfdf81e9dfd1688ff, name=bridge, type=bridge)
2024-01-29T21:36:26.503832715Z container die a5efe7391275e450c0e725a3cd033cfa83478892d5833a5dfdf81e9dfd1688ff (execDuration=0, exitCode=1, image=c176d18fbf65, name=stupefied_lewin)
2024-01-29T22:36:36.798421033Z container destroy a5efe7391275e450c0e725a3cd033cfa83478892d5833a5dfdf81e9dfd1688ff (image=c176d18fbf65, name=stupefied_lewin)
2024-01-29T22:36:36.798476791Z container prune  (reclaimed=0)
2024-01-29T22:36:38.092753017Z image pull 471947097906.dkr.ecr.eu-west-1.amazonaws.com/hisab-backend/hisab-backend:660d597673dec46251de14dcd7450f2fa9199a26 (name=471947097906.dkr.ecr.eu-west-1.amazonaws.com/hisab-backend/hisab-backend)
2024-01-29T22:36:38.344626021Z image tag sha256:c176d18fbf6591f3dfbd29fcd76b3267a1677c3366432aad925f520d7f698667 (name=aws_beanstalk/staging-app)
2024-01-29T22:36:42.528650025Z container prune  (reclaimed=0)
2024-01-29T22:36:42.613583209Z container create c3ac4c156d5c4c2e2ef7810c82cad5c391b00a83bb4a67eb9eb36d240582a9c4 (image=c176d18fbf65, name=blissful_banach)
2024-01-29T22:36:42.662164805Z network connect e276d6943203777ab55f6b387356a1b418e5f3c50fed92803efe25ff2a3f7fd5 (container=c3ac4c156d5c4c2e2ef7810c82cad5c391b00a83bb4a67eb9eb36d240582a9c4, name=bridge, type=bridge)
2024-01-29T22:36:43.017241101Z container start c3ac4c156d5c4c2e2ef7810c82cad5c391b00a83bb4a67eb9eb36d240582a9c4 (image=c176d18fbf65, name=blissful_banach)
2024-01-29T22:36:43.386731841Z network disconnect e276d6943203777ab55f6b387356a1b418e5f3c50fed92803efe25ff2a3f7fd5 (container=c3ac4c156d5c4c2e2ef7810c82cad5c391b00a83bb4a67eb9eb36d240582a9c4, name=bridge, type=bridge)
2024-01-29T22:36:43.392974893Z container die c3ac4c156d5c4c2e2ef7810c82cad5c391b00a83bb4a67eb9eb36d240582a9c4 (execDuration=0, exitCode=1, image=c176d18fbf65, name=blissful_banach)
2024-01-29T23:36:53.844601361Z container destroy c3ac4c156d5c4c2e2ef7810c82cad5c391b00a83bb4a67eb9eb36d240582a9c4 (image=c176d18fbf65, name=blissful_banach)
2024-01-29T23:36:53.844655405Z container prune  (reclaimed=0)
2024-01-29T23:36:55.131076408Z image pull 471947097906.dkr.ecr.eu-west-1.amazonaws.com/hisab-backend/hisab-backend:660d597673dec46251de14dcd7450f2fa9199a26 (name=471947097906.dkr.ecr.eu-west-1.amazonaws.com/hisab-backend/hisab-backend)
2024-01-29T23:36:55.422811892Z image tag sha256:c176d18fbf6591f3dfbd29fcd76b3267a1677c3366432aad925f520d7f698667 (name=aws_beanstalk/staging-app)
2024-01-29T23:36:59.971183150Z container prune  (reclaimed=0)
2024-01-29T23:37:00.126404336Z container create 241b1b88e4d2ccf0833e2781cf4de076d321432ccc431b2b0194a194a8d83a84 (image=c176d18fbf65, name=magical_swartz)
2024-01-29T23:37:00.218440987Z network connect 79c11c8e142714559aa6d0eb5d79da8dedd9815d09df0193411aa891f3109aba (container=241b1b88e4d2ccf0833e2781cf4de076d321432ccc431b2b0194a194a8d83a84, name=bridge, type=bridge)
2024-01-29T23:37:00.565761005Z container start 241b1b88e4d2ccf0833e2781cf4de076d321432ccc431b2b0194a194a8d83a84 (image=c176d18fbf65, name=magical_swartz)
2024-01-29T23:37:00.986710776Z network disconnect 79c11c8e142714559aa6d0eb5d79da8dedd9815d09df0193411aa891f3109aba (container=241b1b88e4d2ccf0833e2781cf4de076d321432ccc431b2b0194a194a8d83a84, name=bridge, type=bridge)
2024-01-29T23:37:00.993406945Z container die 241b1b88e4d2ccf0833e2781cf4de076d321432ccc431b2b0194a194a8d83a84 (execDuration=0, exitCode=1, image=c176d18fbf65, name=magical_swartz)
2024-01-30T00:37:11.056422206Z container destroy 241b1b88e4d2ccf0833e2781cf4de076d321432ccc431b2b0194a194a8d83a84 (image=c176d18fbf65, name=magical_swartz)
2024-01-30T00:37:11.056498039Z container prune  (reclaimed=0)
2024-01-30T00:37:12.263851636Z image pull 471947097906.dkr.ecr.eu-west-1.amazonaws.com/hisab-backend/hisab-backend:660d597673dec46251de14dcd7450f2fa9199a26 (name=471947097906.dkr.ecr.eu-west-1.amazonaws.com/hisab-backend/hisab-backend)
2024-01-30T00:37:12.530126816Z image tag sha256:c176d18fbf6591f3dfbd29fcd76b3267a1677c3366432aad925f520d7f698667 (name=aws_beanstalk/staging-app)
2024-01-30T00:37:16.608045386Z container prune  (reclaimed=0)
2024-01-30T00:37:16.698866757Z container create 9396a0281c5429cb0142bf6a32c2e17043ffede5735a30c82e0589578751ae04 (image=c176d18fbf65, name=affectionate_vaughan)
2024-01-30T00:37:16.739657060Z network connect 9f16384edfbb78156a8905a915d8a11935517e9806437056f00335724c12d3a1 (container=9396a0281c5429cb0142bf6a32c2e17043ffede5735a30c82e0589578751ae04, name=bridge, type=bridge)
2024-01-30T00:37:17.046954475Z container start 9396a0281c5429cb0142bf6a32c2e17043ffede5735a30c82e0589578751ae04 (image=c176d18fbf65, name=affectionate_vaughan)
2024-01-30T00:37:17.401149320Z network disconnect 9f16384edfbb78156a8905a915d8a11935517e9806437056f00335724c12d3a1 (container=9396a0281c5429cb0142bf6a32c2e17043ffede5735a30c82e0589578751ae04, name=bridge, type=bridge)
2024-01-30T00:37:17.408005291Z container die 9396a0281c5429cb0142bf6a32c2e17043ffede5735a30c82e0589578751ae04 (execDuration=0, exitCode=1, image=c176d18fbf65, name=affectionate_vaughan)
2024-01-30T01:37:27.866222834Z container destroy 9396a0281c5429cb0142bf6a32c2e17043ffede5735a30c82e0589578751ae04 (image=c176d18fbf65, name=affectionate_vaughan)
2024-01-30T01:37:27.866273010Z container prune  (reclaimed=0)
2024-01-30T01:37:29.159463756Z image pull 471947097906.dkr.ecr.eu-west-1.amazonaws.com/hisab-backend/hisab-backend:660d597673dec46251de14dcd7450f2fa9199a26 (name=471947097906.dkr.ecr.eu-west-1.amazonaws.com/hisab-backend/hisab-backend)
2024-01-30T01:37:29.380742621Z image tag sha256:c176d18fbf6591f3dfbd29fcd76b3267a1677c3366432aad925f520d7f698667 (name=aws_beanstalk/staging-app)
2024-01-30T01:37:33.387822160Z container prune  (reclaimed=0)
2024-01-30T01:37:33.503562338Z container create 61c2d0f82147605344dde2caa77f93215255985a99586b64d4fae2ff2c80889d (image=c176d18fbf65, name=nostalgic_benz)
2024-01-30T01:37:33.546927460Z network connect 19abe27b8f45f6ef67fd5190965293bd319213365078233e8e2cfd71f91fede2 (container=61c2d0f82147605344dde2caa77f93215255985a99586b64d4fae2ff2c80889d, name=bridge, type=bridge)
2024-01-30T01:37:33.870923957Z container start 61c2d0f82147605344dde2caa77f93215255985a99586b64d4fae2ff2c80889d (image=c176d18fbf65, name=nostalgic_benz)
2024-01-30T01:37:34.267070171Z network disconnect 19abe27b8f45f6ef67fd5190965293bd319213365078233e8e2cfd71f91fede2 (container=61c2d0f82147605344dde2caa77f93215255985a99586b64d4fae2ff2c80889d, name=bridge, type=bridge)
2024-01-30T01:37:34.273623846Z container die 61c2d0f82147605344dde2caa77f93215255985a99586b64d4fae2ff2c80889d (execDuration=0, exitCode=1, image=c176d18fbf65, name=nostalgic_benz)
2024-01-30T02:37:44.213920127Z container destroy 61c2d0f82147605344dde2caa77f93215255985a99586b64d4fae2ff2c80889d (image=c176d18fbf65, name=nostalgic_benz)
2024-01-30T02:37:44.213983297Z container prune  (reclaimed=0)
2024-01-30T02:37:45.438144220Z image pull 471947097906.dkr.ecr.eu-west-1.amazonaws.com/hisab-backend/hisab-backend:660d597673dec46251de14dcd7450f2fa9199a26 (name=471947097906.dkr.ecr.eu-west-1.amazonaws.com/hisab-backend/hisab-backend)
2024-01-30T02:37:45.658896104Z image tag sha256:c176d18fbf6591f3dfbd29fcd76b3267a1677c3366432aad925f520d7f698667 (name=aws_beanstalk/staging-app)
2024-01-30T02:37:50.075066327Z container prune  (reclaimed=0)
2024-01-30T02:37:50.166813309Z container create 376c88b71b16cd40934b521ec14863ac3420c8ab09870ed0cc08308214d31f37 (image=c176d18fbf65, name=infallible_shannon)
2024-01-30T02:37:50.218535003Z network connect a503066d9b348b7162383d4000793f7661abb5a9712e5179d13d48197888d189 (container=376c88b71b16cd40934b521ec14863ac3420c8ab09870ed0cc08308214d31f37, name=bridge, type=bridge)
2024-01-30T02:37:50.548347884Z container start 376c88b71b16cd40934b521ec14863ac3420c8ab09870ed0cc08308214d31f37 (image=c176d18fbf65, name=infallible_shannon)
2024-01-30T02:37:51.061528561Z network disconnect a503066d9b348b7162383d4000793f7661abb5a9712e5179d13d48197888d189 (container=376c88b71b16cd40934b521ec14863ac3420c8ab09870ed0cc08308214d31f37, name=bridge, type=bridge)
2024-01-30T02:37:51.068826474Z container die 376c88b71b16cd40934b521ec14863ac3420c8ab09870ed0cc08308214d31f37 (execDuration=0, exitCode=1, image=c176d18fbf65, name=infallible_shannon)
2024-01-30T03:38:01.256395947Z container destroy 376c88b71b16cd40934b521ec14863ac3420c8ab09870ed0cc08308214d31f37 (image=c176d18fbf65, name=infallible_shannon)
2024-01-30T03:38:01.256453381Z container prune  (reclaimed=0)
2024-01-30T03:38:02.962319502Z image pull 471947097906.dkr.ecr.eu-west-1.amazonaws.com/hisab-backend/hisab-backend:660d597673dec46251de14dcd7450f2fa9199a26 (name=471947097906.dkr.ecr.eu-west-1.amazonaws.com/hisab-backend/hisab-backend)
2024-01-30T03:38:03.239743770Z image tag sha256:c176d18fbf6591f3dfbd29fcd76b3267a1677c3366432aad925f520d7f698667 (name=aws_beanstalk/staging-app)
2024-01-30T03:38:07.940041471Z container prune  (reclaimed=0)
2024-01-30T03:38:08.017873190Z container create f7ea391cba8e63aefbf36ec23a2a2741f0d69b9d150c1941f261372039608517 (image=c176d18fbf65, name=recursing_gates)
2024-01-30T03:38:08.056333380Z network connect 1bb7165042d3034335b57550f8f180a042f6d20a47cedbb976ef3afd74f8622f (container=f7ea391cba8e63aefbf36ec23a2a2741f0d69b9d150c1941f261372039608517, name=bridge, type=bridge)
2024-01-30T03:38:08.400557717Z container start f7ea391cba8e63aefbf36ec23a2a2741f0d69b9d150c1941f261372039608517 (image=c176d18fbf65, name=recursing_gates)
2024-01-30T03:38:08.776817053Z network disconnect 1bb7165042d3034335b57550f8f180a042f6d20a47cedbb976ef3afd74f8622f (container=f7ea391cba8e63aefbf36ec23a2a2741f0d69b9d150c1941f261372039608517, name=bridge, type=bridge)
2024-01-30T03:38:08.783718678Z container die f7ea391cba8e63aefbf36ec23a2a2741f0d69b9d150c1941f261372039608517 (execDuration=0, exitCode=1, image=c176d18fbf65, name=recursing_gates)
2024-01-30T04:38:19.150683396Z container destroy f7ea391cba8e63aefbf36ec23a2a2741f0d69b9d150c1941f261372039608517 (image=c176d18fbf65, name=recursing_gates)
2024-01-30T04:38:19.150733092Z container prune  (reclaimed=0)
2024-01-30T04:38:20.410533288Z image pull 471947097906.dkr.ecr.eu-west-1.amazonaws.com/hisab-backend/hisab-backend:660d597673dec46251de14dcd7450f2fa9199a26 (name=471947097906.dkr.ecr.eu-west-1.amazonaws.com/hisab-backend/hisab-backend)
2024-01-30T04:38:20.644655909Z image tag sha256:c176d18fbf6591f3dfbd29fcd76b3267a1677c3366432aad925f520d7f698667 (name=aws_beanstalk/staging-app)
2024-01-30T04:38:25.162901182Z container prune  (reclaimed=0)
2024-01-30T04:38:25.246105813Z container create 64903772f795d53385571784a8f78bd9e08b20c05aff4182cb1c28639b11baff (image=c176d18fbf65, name=epic_moore)
2024-01-30T04:38:25.283074954Z network connect e4068ac1b08ea447414aae808dabc0a4e7a3c5c8195f95f7e0e517c958337462 (container=64903772f795d53385571784a8f78bd9e08b20c05aff4182cb1c28639b11baff, name=bridge, type=bridge)
2024-01-30T04:38:25.663164366Z container start 64903772f795d53385571784a8f78bd9e08b20c05aff4182cb1c28639b11baff (image=c176d18fbf65, name=epic_moore)
2024-01-30T04:38:25.964213315Z network disconnect e4068ac1b08ea447414aae808dabc0a4e7a3c5c8195f95f7e0e517c958337462 (container=64903772f795d53385571784a8f78bd9e08b20c05aff4182cb1c28639b11baff, name=bridge, type=bridge)
2024-01-30T04:38:25.970829204Z container die 64903772f795d53385571784a8f78bd9e08b20c05aff4182cb1c28639b11baff (execDuration=0, exitCode=1, image=c176d18fbf65, name=epic_moore)
2024-01-30T05:38:35.976189227Z container destroy 64903772f795d53385571784a8f78bd9e08b20c05aff4182cb1c28639b11baff (image=c176d18fbf65, name=epic_moore)
2024-01-30T05:38:35.976236682Z container prune  (reclaimed=0)
2024-01-30T05:38:37.248563589Z image pull 471947097906.dkr.ecr.eu-west-1.amazonaws.com/hisab-backend/hisab-backend:660d597673dec46251de14dcd7450f2fa9199a26 (name=471947097906.dkr.ecr.eu-west-1.amazonaws.com/hisab-backend/hisab-backend)
2024-01-30T05:38:37.466171501Z image tag sha256:c176d18fbf6591f3dfbd29fcd76b3267a1677c3366432aad925f520d7f698667 (name=aws_beanstalk/staging-app)
2024-01-30T05:38:41.103347667Z container prune  (reclaimed=0)
2024-01-30T05:38:41.194170077Z container create 2c6d5f24290baf8141b5221b7cb1e7839e419936246cb4dc05588ab018dad009 (image=c176d18fbf65, name=vigorous_thompson)
2024-01-30T05:38:41.244811601Z network connect ad102e99c840515763a3d7dc5dcf2052f18fbac3590ad2df2a63584c82cee1b0 (container=2c6d5f24290baf8141b5221b7cb1e7839e419936246cb4dc05588ab018dad009, name=bridge, type=bridge)
2024-01-30T05:38:41.552246050Z container start 2c6d5f24290baf8141b5221b7cb1e7839e419936246cb4dc05588ab018dad009 (image=c176d18fbf65, name=vigorous_thompson)
2024-01-30T05:38:41.936533299Z network disconnect ad102e99c840515763a3d7dc5dcf2052f18fbac3590ad2df2a63584c82cee1b0 (container=2c6d5f24290baf8141b5221b7cb1e7839e419936246cb4dc05588ab018dad009, name=bridge, type=bridge)
2024-01-30T05:38:41.942592902Z container die 2c6d5f24290baf8141b5221b7cb1e7839e419936246cb4dc05588ab018dad009 (execDuration=0, exitCode=1, image=c176d18fbf65, name=vigorous_thompson)
2024-01-30T06:38:52.326081127Z container destroy 2c6d5f24290baf8141b5221b7cb1e7839e419936246cb4dc05588ab018dad009 (image=c176d18fbf65, name=vigorous_thompson)
2024-01-30T06:38:52.326148738Z container prune  (reclaimed=0)
2024-01-30T06:38:53.464677868Z image pull 471947097906.dkr.ecr.eu-west-1.amazonaws.com/hisab-backend/hisab-backend:660d597673dec46251de14dcd7450f2fa9199a26 (name=471947097906.dkr.ecr.eu-west-1.amazonaws.com/hisab-backend/hisab-backend)
2024-01-30T06:38:53.697404827Z image tag sha256:c176d18fbf6591f3dfbd29fcd76b3267a1677c3366432aad925f520d7f698667 (name=aws_beanstalk/staging-app)
2024-01-30T06:38:57.494281859Z container prune  (reclaimed=0)
2024-01-30T06:38:57.579672162Z container create 4dc3a32eafe2fe449e0d48a45c940c19806bc5ffbd2b6c5a82fbceb896b25af6 (image=c176d18fbf65, name=determined_thompson)
2024-01-30T06:38:57.615316074Z network connect 9c671c8aaac426d0813e1228b9ab24a8bc87188891386123ef251235106165ed (container=4dc3a32eafe2fe449e0d48a45c940c19806bc5ffbd2b6c5a82fbceb896b25af6, name=bridge, type=bridge)
2024-01-30T06:38:57.980170123Z container start 4dc3a32eafe2fe449e0d48a45c940c19806bc5ffbd2b6c5a82fbceb896b25af6 (image=c176d18fbf65, name=determined_thompson)
2024-01-30T06:38:58.356609462Z network disconnect 9c671c8aaac426d0813e1228b9ab24a8bc87188891386123ef251235106165ed (container=4dc3a32eafe2fe449e0d48a45c940c19806bc5ffbd2b6c5a82fbceb896b25af6, name=bridge, type=bridge)
2024-01-30T06:38:58.363789677Z container die 4dc3a32eafe2fe449e0d48a45c940c19806bc5ffbd2b6c5a82fbceb896b25af6 (execDuration=0, exitCode=1, image=c176d18fbf65, name=determined_thompson)
2024-01-30T07:39:08.881582542Z container destroy 4dc3a32eafe2fe449e0d48a45c940c19806bc5ffbd2b6c5a82fbceb896b25af6 (image=c176d18fbf65, name=determined_thompson)
2024-01-30T07:39:08.881644913Z container prune  (reclaimed=0)
2024-01-30T07:39:10.204733805Z image pull 471947097906.dkr.ecr.eu-west-1.amazonaws.com/hisab-backend/hisab-backend:660d597673dec46251de14dcd7450f2fa9199a26 (name=471947097906.dkr.ecr.eu-west-1.amazonaws.com/hisab-backend/hisab-backend)
2024-01-30T07:39:10.489333869Z image tag sha256:c176d18fbf6591f3dfbd29fcd76b3267a1677c3366432aad925f520d7f698667 (name=aws_beanstalk/staging-app)
2024-01-30T07:39:14.676846479Z container prune  (reclaimed=0)
2024-01-30T07:39:14.794048906Z container create b4b2ea15cf685685ca5ac99d20a2be41a6935af0777714f2331c7efecc97dee0 (image=c176d18fbf65, name=peaceful_cori)
2024-01-30T07:39:14.852394111Z network connect 65cb7028beaaa762b534b809b565737de3783221a03fcca9674866eab054a648 (container=b4b2ea15cf685685ca5ac99d20a2be41a6935af0777714f2331c7efecc97dee0, name=bridge, type=bridge)
2024-01-30T07:39:15.203773336Z container start b4b2ea15cf685685ca5ac99d20a2be41a6935af0777714f2331c7efecc97dee0 (image=c176d18fbf65, name=peaceful_cori)
2024-01-30T07:39:15.597918076Z network disconnect 65cb7028beaaa762b534b809b565737de3783221a03fcca9674866eab054a648 (container=b4b2ea15cf685685ca5ac99d20a2be41a6935af0777714f2331c7efecc97dee0, name=bridge, type=bridge)
2024-01-30T07:39:15.605379023Z container die b4b2ea15cf685685ca5ac99d20a2be41a6935af0777714f2331c7efecc97dee0 (execDuration=0, exitCode=1, image=c176d18fbf65, name=peaceful_cori)
2024-01-30T08:39:25.562000051Z container destroy b4b2ea15cf685685ca5ac99d20a2be41a6935af0777714f2331c7efecc97dee0 (image=c176d18fbf65, name=peaceful_cori)
2024-01-30T08:39:25.562058421Z container prune  (reclaimed=0)
2024-01-30T08:39:26.835186465Z image pull 471947097906.dkr.ecr.eu-west-1.amazonaws.com/hisab-backend/hisab-backend:660d597673dec46251de14dcd7450f2fa9199a26 (name=471947097906.dkr.ecr.eu-west-1.amazonaws.com/hisab-backend/hisab-backend)
2024-01-30T08:39:27.064017149Z image tag sha256:c176d18fbf6591f3dfbd29fcd76b3267a1677c3366432aad925f520d7f698667 (name=aws_beanstalk/staging-app)
2024-01-30T08:39:31.428507109Z container prune  (reclaimed=0)
2024-01-30T08:39:31.545725972Z container create 3d87b990f170dbeefecd78d559a229643e81365ae9b2837bd82e0f0f16531def (image=c176d18fbf65, name=nice_lumiere)
2024-01-30T08:39:31.593210789Z network connect 1308495c5f3c1f764ac6440043c8f1a6f6e976b0cd9c8dfb3476ef9b11c693c9 (container=3d87b990f170dbeefecd78d559a229643e81365ae9b2837bd82e0f0f16531def, name=bridge, type=bridge)
2024-01-30T08:39:31.884977598Z container start 3d87b990f170dbeefecd78d559a229643e81365ae9b2837bd82e0f0f16531def (image=c176d18fbf65, name=nice_lumiere)
2024-01-30T08:39:32.278394988Z network disconnect 1308495c5f3c1f764ac6440043c8f1a6f6e976b0cd9c8dfb3476ef9b11c693c9 (container=3d87b990f170dbeefecd78d559a229643e81365ae9b2837bd82e0f0f16531def, name=bridge, type=bridge)
2024-01-30T08:39:32.291611328Z container die 3d87b990f170dbeefecd78d559a229643e81365ae9b2837bd82e0f0f16531def (execDuration=0, exitCode=1, image=c176d18fbf65, name=nice_lumiere)
2024-01-30T09:39:42.593685839Z container destroy 3d87b990f170dbeefecd78d559a229643e81365ae9b2837bd82e0f0f16531def (image=c176d18fbf65, name=nice_lumiere)
2024-01-30T09:39:42.593739322Z container prune  (reclaimed=0)
2024-01-30T09:39:43.739342428Z image pull 471947097906.dkr.ecr.eu-west-1.amazonaws.com/hisab-backend/hisab-backend:660d597673dec46251de14dcd7450f2fa9199a26 (name=471947097906.dkr.ecr.eu-west-1.amazonaws.com/hisab-backend/hisab-backend)
2024-01-30T09:39:43.984700362Z image tag sha256:c176d18fbf6591f3dfbd29fcd76b3267a1677c3366432aad925f520d7f698667 (name=aws_beanstalk/staging-app)
2024-01-30T09:39:48.139537317Z container prune  (reclaimed=0)
2024-01-30T09:39:48.210717135Z container create 3125f59a9ec90f3ff49c50c19f53cb2e115ace1907e7420145a0b9b6dacc9b22 (image=c176d18fbf65, name=busy_cohen)
2024-01-30T09:39:48.248335673Z network connect 37dec8ba3f3a461a6334e769de0f6b29cb495fa4167678921a7beab3dc8e27da (container=3125f59a9ec90f3ff49c50c19f53cb2e115ace1907e7420145a0b9b6dacc9b22, name=bridge, type=bridge)
2024-01-30T09:39:48.619472034Z container start 3125f59a9ec90f3ff49c50c19f53cb2e115ace1907e7420145a0b9b6dacc9b22 (image=c176d18fbf65, name=busy_cohen)
2024-01-30T09:39:49.147549334Z network disconnect 37dec8ba3f3a461a6334e769de0f6b29cb495fa4167678921a7beab3dc8e27da (container=3125f59a9ec90f3ff49c50c19f53cb2e115ace1907e7420145a0b9b6dacc9b22, name=bridge, type=bridge)
2024-01-30T09:39:49.154511045Z container die 3125f59a9ec90f3ff49c50c19f53cb2e115ace1907e7420145a0b9b6dacc9b22 (execDuration=0, exitCode=1, image=c176d18fbf65, name=busy_cohen)
2024-01-30T10:39:58.998562316Z container destroy 3125f59a9ec90f3ff49c50c19f53cb2e115ace1907e7420145a0b9b6dacc9b22 (image=c176d18fbf65, name=busy_cohen)
2024-01-30T10:39:58.998627332Z container prune  (reclaimed=0)
2024-01-30T10:40:00.583086676Z image pull 471947097906.dkr.ecr.eu-west-1.amazonaws.com/hisab-backend/hisab-backend:660d597673dec46251de14dcd7450f2fa9199a26 (name=471947097906.dkr.ecr.eu-west-1.amazonaws.com/hisab-backend/hisab-backend)
2024-01-30T10:40:00.874682163Z image tag sha256:c176d18fbf6591f3dfbd29fcd76b3267a1677c3366432aad925f520d7f698667 (name=aws_beanstalk/staging-app)
2024-01-30T10:40:06.185539232Z container prune  (reclaimed=0)
2024-01-30T10:40:06.260030369Z container create d951c1e814aa6d93cdee2dfadf2f0fc46f8a21c983c14ab9df0eff6f6a172fd2 (image=c176d18fbf65, name=priceless_goodall)
2024-01-30T10:40:06.319242168Z network connect 35f178b0bd4a78d21a6dbe04cd86b6ab1d2c81cf1d65890cb1e1f02c5ce644b0 (container=d951c1e814aa6d93cdee2dfadf2f0fc46f8a21c983c14ab9df0eff6f6a172fd2, name=bridge, type=bridge)
2024-01-30T10:40:06.678205181Z container start d951c1e814aa6d93cdee2dfadf2f0fc46f8a21c983c14ab9df0eff6f6a172fd2 (image=c176d18fbf65, name=priceless_goodall)
2024-01-30T10:40:07.129206241Z network disconnect 35f178b0bd4a78d21a6dbe04cd86b6ab1d2c81cf1d65890cb1e1f02c5ce644b0 (container=d951c1e814aa6d93cdee2dfadf2f0fc46f8a21c983c14ab9df0eff6f6a172fd2, name=bridge, type=bridge)
2024-01-30T10:40:07.138990873Z container die d951c1e814aa6d93cdee2dfadf2f0fc46f8a21c983c14ab9df0eff6f6a172fd2 (execDuration=0, exitCode=1, image=c176d18fbf65, name=priceless_goodall)
2024-01-30T11:40:17.209722529Z container destroy d951c1e814aa6d93cdee2dfadf2f0fc46f8a21c983c14ab9df0eff6f6a172fd2 (image=c176d18fbf65, name=priceless_goodall)
2024-01-30T11:40:17.209796341Z container prune  (reclaimed=0)
2024-01-30T11:40:18.435802278Z image pull 471947097906.dkr.ecr.eu-west-1.amazonaws.com/hisab-backend/hisab-backend:660d597673dec46251de14dcd7450f2fa9199a26 (name=471947097906.dkr.ecr.eu-west-1.amazonaws.com/hisab-backend/hisab-backend)
2024-01-30T11:40:18.720112314Z image tag sha256:c176d18fbf6591f3dfbd29fcd76b3267a1677c3366432aad925f520d7f698667 (name=aws_beanstalk/staging-app)
2024-01-30T11:40:23.070429737Z container prune  (reclaimed=0)
2024-01-30T11:40:23.190729763Z container create 5bc0667e8bd3b440c074519c346158f0d00276ea6a8b0781389ebf76e09a5316 (image=c176d18fbf65, name=silly_neumann)
2024-01-30T11:40:23.249413916Z network connect 61ff2322ae5b6f72d8ad1e41cf7cc22bc80da270dcda9b76de2ac42117a4f914 (container=5bc0667e8bd3b440c074519c346158f0d00276ea6a8b0781389ebf76e09a5316, name=bridge, type=bridge)
2024-01-30T11:40:23.621606176Z container start 5bc0667e8bd3b440c074519c346158f0d00276ea6a8b0781389ebf76e09a5316 (image=c176d18fbf65, name=silly_neumann)
2024-01-30T11:40:24.058845274Z network disconnect 61ff2322ae5b6f72d8ad1e41cf7cc22bc80da270dcda9b76de2ac42117a4f914 (container=5bc0667e8bd3b440c074519c346158f0d00276ea6a8b0781389ebf76e09a5316, name=bridge, type=bridge)
2024-01-30T11:40:24.066492663Z container die 5bc0667e8bd3b440c074519c346158f0d00276ea6a8b0781389ebf76e09a5316 (execDuration=0, exitCode=1, image=c176d18fbf65, name=silly_neumann)
2024-01-30T12:40:33.651003230Z container destroy 5bc0667e8bd3b440c074519c346158f0d00276ea6a8b0781389ebf76e09a5316 (image=c176d18fbf65, name=silly_neumann)
2024-01-30T12:40:33.651070371Z container prune  (reclaimed=0)
2024-01-30T12:40:34.820868541Z image pull 471947097906.dkr.ecr.eu-west-1.amazonaws.com/hisab-backend/hisab-backend:660d597673dec46251de14dcd7450f2fa9199a26 (name=471947097906.dkr.ecr.eu-west-1.amazonaws.com/hisab-backend/hisab-backend)
2024-01-30T12:40:35.104026508Z image tag sha256:c176d18fbf6591f3dfbd29fcd76b3267a1677c3366432aad925f520d7f698667 (name=aws_beanstalk/staging-app)
2024-01-30T12:40:39.313489989Z container prune  (reclaimed=0)
2024-01-30T12:40:39.387337677Z container create bfd04c77fd34cf5e806cc4ec544e7bd64d2b1e8d8d4477d05fbe5f990a477d88 (image=c176d18fbf65, name=beautiful_payne)
2024-01-30T12:40:39.428500825Z network connect fbb42a7b5ebf2d789f40023413ea6a7bccd37f260f4dd83f7406edb2b56cd33d (container=bfd04c77fd34cf5e806cc4ec544e7bd64d2b1e8d8d4477d05fbe5f990a477d88, name=bridge, type=bridge)
2024-01-30T12:40:39.760579129Z container start bfd04c77fd34cf5e806cc4ec544e7bd64d2b1e8d8d4477d05fbe5f990a477d88 (image=c176d18fbf65, name=beautiful_payne)
2024-01-30T12:40:40.167141080Z network disconnect fbb42a7b5ebf2d789f40023413ea6a7bccd37f260f4dd83f7406edb2b56cd33d (container=bfd04c77fd34cf5e806cc4ec544e7bd64d2b1e8d8d4477d05fbe5f990a477d88, name=bridge, type=bridge)
2024-01-30T12:40:40.208112475Z container die bfd04c77fd34cf5e806cc4ec544e7bd64d2b1e8d8d4477d05fbe5f990a477d88 (execDuration=0, exitCode=1, image=c176d18fbf65, name=beautiful_payne)
2024-01-30T13:40:50.424278660Z container destroy bfd04c77fd34cf5e806cc4ec544e7bd64d2b1e8d8d4477d05fbe5f990a477d88 (image=c176d18fbf65, name=beautiful_payne)
2024-01-30T13:40:50.424327559Z container prune  (reclaimed=0)
2024-01-30T13:40:51.718438932Z image pull 471947097906.dkr.ecr.eu-west-1.amazonaws.com/hisab-backend/hisab-backend:660d597673dec46251de14dcd7450f2fa9199a26 (name=471947097906.dkr.ecr.eu-west-1.amazonaws.com/hisab-backend/hisab-backend)
2024-01-30T13:40:51.944440840Z image tag sha256:c176d18fbf6591f3dfbd29fcd76b3267a1677c3366432aad925f520d7f698667 (name=aws_beanstalk/staging-app)
2024-01-30T13:40:56.000786858Z container prune  (reclaimed=0)
2024-01-30T13:40:56.086934148Z container create c38277fa59ee8cc5d14b96f52e9e0aa477b9cab4654d8f2f56966166362048c4 (image=c176d18fbf65, name=distracted_jackson)
2024-01-30T13:40:56.128511084Z network connect c4e38b7919867ae156e7053cedbd539e38264e7e78f16f66a784d78500e92f64 (container=c38277fa59ee8cc5d14b96f52e9e0aa477b9cab4654d8f2f56966166362048c4, name=bridge, type=bridge)
2024-01-30T13:40:56.438291388Z container start c38277fa59ee8cc5d14b96f52e9e0aa477b9cab4654d8f2f56966166362048c4 (image=c176d18fbf65, name=distracted_jackson)
2024-01-30T13:40:56.808273289Z network disconnect c4e38b7919867ae156e7053cedbd539e38264e7e78f16f66a784d78500e92f64 (container=c38277fa59ee8cc5d14b96f52e9e0aa477b9cab4654d8f2f56966166362048c4, name=bridge, type=bridge)
2024-01-30T13:40:56.815455213Z container die c38277fa59ee8cc5d14b96f52e9e0aa477b9cab4654d8f2f56966166362048c4 (execDuration=0, exitCode=1, image=c176d18fbf65, name=distracted_jackson)
2024-01-30T14:41:07.593735402Z container destroy c38277fa59ee8cc5d14b96f52e9e0aa477b9cab4654d8f2f56966166362048c4 (image=c176d18fbf65, name=distracted_jackson)
2024-01-30T14:41:07.593792915Z container prune  (reclaimed=0)
2024-01-30T14:41:08.719786720Z image pull 471947097906.dkr.ecr.eu-west-1.amazonaws.com/hisab-backend/hisab-backend:660d597673dec46251de14dcd7450f2fa9199a26 (name=471947097906.dkr.ecr.eu-west-1.amazonaws.com/hisab-backend/hisab-backend)
2024-01-30T14:41:08.969730307Z image tag sha256:c176d18fbf6591f3dfbd29fcd76b3267a1677c3366432aad925f520d7f698667 (name=aws_beanstalk/staging-app)
2024-01-30T14:41:13.331817725Z container prune  (reclaimed=0)
2024-01-30T14:41:13.413925334Z container create 1dabc1b2da6e96e3af4ffe0566b669722e1ab9661f2b9a659212035c670e05f1 (image=c176d18fbf65, name=keen_jones)
2024-01-30T14:41:13.452883615Z network connect 9a36085fc48bf2bf2508790974c1d27b2dce85362264c5daf044b29dc8f270ee (container=1dabc1b2da6e96e3af4ffe0566b669722e1ab9661f2b9a659212035c670e05f1, name=bridge, type=bridge)
2024-01-30T14:41:13.717651943Z container start 1dabc1b2da6e96e3af4ffe0566b669722e1ab9661f2b9a659212035c670e05f1 (image=c176d18fbf65, name=keen_jones)
2024-01-30T14:41:14.096822305Z network disconnect 9a36085fc48bf2bf2508790974c1d27b2dce85362264c5daf044b29dc8f270ee (container=1dabc1b2da6e96e3af4ffe0566b669722e1ab9661f2b9a659212035c670e05f1, name=bridge, type=bridge)
2024-01-30T14:41:14.103555994Z container die 1dabc1b2da6e96e3af4ffe0566b669722e1ab9661f2b9a659212035c670e05f1 (execDuration=0, exitCode=1, image=c176d18fbf65, name=keen_jones)
2024-01-30T15:41:24.208663644Z container destroy 1dabc1b2da6e96e3af4ffe0566b669722e1ab9661f2b9a659212035c670e05f1 (image=c176d18fbf65, name=keen_jones)
2024-01-30T15:41:24.208708753Z container prune  (reclaimed=0)
2024-01-30T15:41:25.514819831Z image pull 471947097906.dkr.ecr.eu-west-1.amazonaws.com/hisab-backend/hisab-backend:660d597673dec46251de14dcd7450f2fa9199a26 (name=471947097906.dkr.ecr.eu-west-1.amazonaws.com/hisab-backend/hisab-backend)
2024-01-30T15:41:25.742749717Z image tag sha256:c176d18fbf6591f3dfbd29fcd76b3267a1677c3366432aad925f520d7f698667 (name=aws_beanstalk/staging-app)
2024-01-30T15:41:29.888536866Z container prune  (reclaimed=0)
2024-01-30T15:41:29.970495398Z container create 28ee3317e47eea17614b678ca5e4f6474919c4a38b2bf06a493ec691b9cfdac6 (image=c176d18fbf65, name=relaxed_taussig)
2024-01-30T15:41:30.013729025Z network connect 3224da91831c5431716a6eeb0b3a000c40836117d60d3e63b2e8c244ecb29837 (container=28ee3317e47eea17614b678ca5e4f6474919c4a38b2bf06a493ec691b9cfdac6, name=bridge, type=bridge)
2024-01-30T15:41:30.369221905Z container start 28ee3317e47eea17614b678ca5e4f6474919c4a38b2bf06a493ec691b9cfdac6 (image=c176d18fbf65, name=relaxed_taussig)
2024-01-30T15:41:30.778192020Z network disconnect 3224da91831c5431716a6eeb0b3a000c40836117d60d3e63b2e8c244ecb29837 (container=28ee3317e47eea17614b678ca5e4f6474919c4a38b2bf06a493ec691b9cfdac6, name=bridge, type=bridge)
2024-01-30T15:41:30.786952405Z container die 28ee3317e47eea17614b678ca5e4f6474919c4a38b2bf06a493ec691b9cfdac6 (execDuration=0, exitCode=1, image=c176d18fbf65, name=relaxed_taussig)
2024-01-30T16:41:41.223535375Z container destroy 28ee3317e47eea17614b678ca5e4f6474919c4a38b2bf06a493ec691b9cfdac6 (image=c176d18fbf65, name=relaxed_taussig)
2024-01-30T16:41:41.223604924Z container prune  (reclaimed=0)
2024-01-30T16:41:42.559232779Z image pull 471947097906.dkr.ecr.eu-west-1.amazonaws.com/hisab-backend/hisab-backend:660d597673dec46251de14dcd7450f2fa9199a26 (name=471947097906.dkr.ecr.eu-west-1.amazonaws.com/hisab-backend/hisab-backend)
2024-01-30T16:41:42.821194099Z image tag sha256:c176d18fbf6591f3dfbd29fcd76b3267a1677c3366432aad925f520d7f698667 (name=aws_beanstalk/staging-app)
2024-01-30T16:41:47.424080468Z container prune  (reclaimed=0)
2024-01-30T16:41:47.561217547Z container create 6467cb1897fe5da547b60b6998fbc3d8e5d9fc35b9f394f03407706ef838571e (image=c176d18fbf65, name=tender_mclaren)
2024-01-30T16:41:47.615374822Z network connect 5fc1267efa10f183f18320b33505c88d2d231402ef0835b0afc3a053a2cd0f08 (container=6467cb1897fe5da547b60b6998fbc3d8e5d9fc35b9f394f03407706ef838571e, name=bridge, type=bridge)
2024-01-30T16:41:47.960817494Z container start 6467cb1897fe5da547b60b6998fbc3d8e5d9fc35b9f394f03407706ef838571e (image=c176d18fbf65, name=tender_mclaren)
2024-01-30T16:41:48.477302223Z network disconnect 5fc1267efa10f183f18320b33505c88d2d231402ef0835b0afc3a053a2cd0f08 (container=6467cb1897fe5da547b60b6998fbc3d8e5d9fc35b9f394f03407706ef838571e, name=bridge, type=bridge)
2024-01-30T16:41:48.484785206Z container die 6467cb1897fe5da547b60b6998fbc3d8e5d9fc35b9f394f03407706ef838571e (execDuration=0, exitCode=1, image=c176d18fbf65, name=tender_mclaren)
2024-01-30T17:41:58.650887809Z container destroy 6467cb1897fe5da547b60b6998fbc3d8e5d9fc35b9f394f03407706ef838571e (image=c176d18fbf65, name=tender_mclaren)
2024-01-30T17:41:58.651159423Z container prune  (reclaimed=0)
2024-01-30T17:41:59.837380463Z image pull 471947097906.dkr.ecr.eu-west-1.amazonaws.com/hisab-backend/hisab-backend:660d597673dec46251de14dcd7450f2fa9199a26 (name=471947097906.dkr.ecr.eu-west-1.amazonaws.com/hisab-backend/hisab-backend)
2024-01-30T17:42:00.176020836Z image tag sha256:c176d18fbf6591f3dfbd29fcd76b3267a1677c3366432aad925f520d7f698667 (name=aws_beanstalk/staging-app)
2024-01-30T17:42:05.695629682Z container prune  (reclaimed=0)
2024-01-30T17:42:05.786926054Z container create 7a06874c78c42e023a816723000800c3125bac3b87670faf439a5fdffe402a39 (image=c176d18fbf65, name=focused_satoshi)
2024-01-30T17:42:05.833569366Z network connect ebf96e767aa52b174735b2c7cf3ffa6a6be35d744fc0bd7e9f28fd016e9ba88e (container=7a06874c78c42e023a816723000800c3125bac3b87670faf439a5fdffe402a39, name=bridge, type=bridge)
2024-01-30T17:42:06.169095095Z container start 7a06874c78c42e023a816723000800c3125bac3b87670faf439a5fdffe402a39 (image=c176d18fbf65, name=focused_satoshi)
2024-01-30T17:42:06.577473581Z network disconnect ebf96e767aa52b174735b2c7cf3ffa6a6be35d744fc0bd7e9f28fd016e9ba88e (container=7a06874c78c42e023a816723000800c3125bac3b87670faf439a5fdffe402a39, name=bridge, type=bridge)
2024-01-30T17:42:06.585027269Z container die 7a06874c78c42e023a816723000800c3125bac3b87670faf439a5fdffe402a39 (execDuration=0, exitCode=1, image=c176d18fbf65, name=focused_satoshi)
2024-01-30T18:42:17.069915637Z container destroy 7a06874c78c42e023a816723000800c3125bac3b87670faf439a5fdffe402a39 (image=c176d18fbf65, name=focused_satoshi)
2024-01-30T18:42:17.069977559Z container prune  (reclaimed=0)
2024-01-30T18:42:18.439550467Z image pull 471947097906.dkr.ecr.eu-west-1.amazonaws.com/hisab-backend/hisab-backend:660d597673dec46251de14dcd7450f2fa9199a26 (name=471947097906.dkr.ecr.eu-west-1.amazonaws.com/hisab-backend/hisab-backend)
2024-01-30T18:42:18.672013631Z image tag sha256:c176d18fbf6591f3dfbd29fcd76b3267a1677c3366432aad925f520d7f698667 (name=aws_beanstalk/staging-app)
2024-01-30T18:42:23.392982295Z container prune  (reclaimed=0)
2024-01-30T18:42:23.505583048Z container create 768c0a61e4d2da9c839b23ed7ac6ccfd242385183baef418b86e68a70661d952 (image=c176d18fbf65, name=lucid_heisenberg)
2024-01-30T18:42:23.545959870Z network connect aa0006e98fbafa77bef5f7b6c38fe71f777bc1a49f50d3ba99da51950129bb28 (container=768c0a61e4d2da9c839b23ed7ac6ccfd242385183baef418b86e68a70661d952, name=bridge, type=bridge)
2024-01-30T18:42:23.953139408Z container start 768c0a61e4d2da9c839b23ed7ac6ccfd242385183baef418b86e68a70661d952 (image=c176d18fbf65, name=lucid_heisenberg)
2024-01-30T18:42:24.386884148Z network disconnect aa0006e98fbafa77bef5f7b6c38fe71f777bc1a49f50d3ba99da51950129bb28 (container=768c0a61e4d2da9c839b23ed7ac6ccfd242385183baef418b86e68a70661d952, name=bridge, type=bridge)
2024-01-30T18:42:24.393529797Z container die 768c0a61e4d2da9c839b23ed7ac6ccfd242385183baef418b86e68a70661d952 (execDuration=0, exitCode=1, image=c176d18fbf65, name=lucid_heisenberg)
2024-01-30T19:42:34.563457659Z container destroy 768c0a61e4d2da9c839b23ed7ac6ccfd242385183baef418b86e68a70661d952 (image=c176d18fbf65, name=lucid_heisenberg)
2024-01-30T19:42:34.563516811Z container prune  (reclaimed=0)
2024-01-30T19:42:35.697380198Z image pull 471947097906.dkr.ecr.eu-west-1.amazonaws.com/hisab-backend/hisab-backend:660d597673dec46251de14dcd7450f2fa9199a26 (name=471947097906.dkr.ecr.eu-west-1.amazonaws.com/hisab-backend/hisab-backend)
2024-01-30T19:42:35.923803544Z image tag sha256:c176d18fbf6591f3dfbd29fcd76b3267a1677c3366432aad925f520d7f698667 (name=aws_beanstalk/staging-app)
2024-01-30T19:42:40.046376450Z container prune  (reclaimed=0)
2024-01-30T19:42:40.171472570Z container create 47fa331660115bc257589ed26464c185796fc044081136ab87b83a5e989f6e59 (image=c176d18fbf65, name=gallant_torvalds)
2024-01-30T19:42:40.222664754Z network connect 0dfdd1b47e89dbd3669d0f05ec2ad67280d8364400c2364d83418fcb5fbe07d0 (container=47fa331660115bc257589ed26464c185796fc044081136ab87b83a5e989f6e59, name=bridge, type=bridge)
2024-01-30T19:42:40.538996736Z container start 47fa331660115bc257589ed26464c185796fc044081136ab87b83a5e989f6e59 (image=c176d18fbf65, name=gallant_torvalds)
2024-01-30T19:42:41.080873732Z network disconnect 0dfdd1b47e89dbd3669d0f05ec2ad67280d8364400c2364d83418fcb5fbe07d0 (container=47fa331660115bc257589ed26464c185796fc044081136ab87b83a5e989f6e59, name=bridge, type=bridge)
2024-01-30T19:42:41.087348652Z container die 47fa331660115bc257589ed26464c185796fc044081136ab87b83a5e989f6e59 (execDuration=0, exitCode=1, image=c176d18fbf65, name=gallant_torvalds)
2024-01-30T20:42:50.943486916Z container destroy 47fa331660115bc257589ed26464c185796fc044081136ab87b83a5e989f6e59 (image=c176d18fbf65, name=gallant_torvalds)
2024-01-30T20:42:50.943542983Z container prune  (reclaimed=0)
2024-01-30T20:42:52.190442262Z image pull 471947097906.dkr.ecr.eu-west-1.amazonaws.com/hisab-backend/hisab-backend:660d597673dec46251de14dcd7450f2fa9199a26 (name=471947097906.dkr.ecr.eu-west-1.amazonaws.com/hisab-backend/hisab-backend)
2024-01-30T20:42:52.423852198Z image tag sha256:c176d18fbf6591f3dfbd29fcd76b3267a1677c3366432aad925f520d7f698667 (name=aws_beanstalk/staging-app)
2024-01-30T20:42:56.996892478Z container prune  (reclaimed=0)
2024-01-30T20:42:57.098649930Z container create dc03d8f3427d9d7c5392e299195ee9b3de7d3f6b3a144386dd61f31acbc80472 (image=c176d18fbf65, name=sweet_hofstadter)
2024-01-30T20:42:57.129523592Z network connect 5ae302e386c7f91326b12e4630ee510e5f1bf2abbff6a276abab5a63776f4daa (container=dc03d8f3427d9d7c5392e299195ee9b3de7d3f6b3a144386dd61f31acbc80472, name=bridge, type=bridge)
2024-01-30T20:42:57.444828599Z container start dc03d8f3427d9d7c5392e299195ee9b3de7d3f6b3a144386dd61f31acbc80472 (image=c176d18fbf65, name=sweet_hofstadter)
2024-01-30T20:42:57.788627548Z network disconnect 5ae302e386c7f91326b12e4630ee510e5f1bf2abbff6a276abab5a63776f4daa (container=dc03d8f3427d9d7c5392e299195ee9b3de7d3f6b3a144386dd61f31acbc80472, name=bridge, type=bridge)
2024-01-30T20:42:57.795205808Z container die dc03d8f3427d9d7c5392e299195ee9b3de7d3f6b3a144386dd61f31acbc80472 (execDuration=0, exitCode=1, image=c176d18fbf65, name=sweet_hofstadter)
2024-01-30T21:43:08.349499398Z container destroy dc03d8f3427d9d7c5392e299195ee9b3de7d3f6b3a144386dd61f31acbc80472 (image=c176d18fbf65, name=sweet_hofstadter)
2024-01-30T21:43:08.349549953Z container prune  (reclaimed=0)
2024-01-30T21:43:09.528790171Z image pull 471947097906.dkr.ecr.eu-west-1.amazonaws.com/hisab-backend/hisab-backend:660d597673dec46251de14dcd7450f2fa9199a26 (name=471947097906.dkr.ecr.eu-west-1.amazonaws.com/hisab-backend/hisab-backend)
2024-01-30T21:43:09.763539694Z image tag sha256:c176d18fbf6591f3dfbd29fcd76b3267a1677c3366432aad925f520d7f698667 (name=aws_beanstalk/staging-app)
2024-01-30T21:43:13.774585461Z container prune  (reclaimed=0)
2024-01-30T21:43:13.864411471Z container create cad6b6c4c9d1294afe3739d35911891e51df318467e128bbcfa2f238b15c027e (image=c176d18fbf65, name=sleepy_margulis)
2024-01-30T21:43:13.907872978Z network connect 3fb70af4569a0c587fb1cb9a140726237d18050e3be5dc12effa4a3acb433fbb (container=cad6b6c4c9d1294afe3739d35911891e51df318467e128bbcfa2f238b15c027e, name=bridge, type=bridge)
2024-01-30T21:43:14.225474670Z container start cad6b6c4c9d1294afe3739d35911891e51df318467e128bbcfa2f238b15c027e (image=c176d18fbf65, name=sleepy_margulis)
2024-01-30T21:43:14.717424889Z network disconnect 3fb70af4569a0c587fb1cb9a140726237d18050e3be5dc12effa4a3acb433fbb (container=cad6b6c4c9d1294afe3739d35911891e51df318467e128bbcfa2f238b15c027e, name=bridge, type=bridge)
2024-01-30T21:43:14.778102562Z container die cad6b6c4c9d1294afe3739d35911891e51df318467e128bbcfa2f238b15c027e (execDuration=0, exitCode=1, image=c176d18fbf65, name=sleepy_margulis)
2024-01-30T22:43:24.683968208Z container destroy cad6b6c4c9d1294afe3739d35911891e51df318467e128bbcfa2f238b15c027e (image=c176d18fbf65, name=sleepy_margulis)
2024-01-30T22:43:24.684045146Z container prune  (reclaimed=0)
2024-01-30T22:43:25.867714513Z image pull 471947097906.dkr.ecr.eu-west-1.amazonaws.com/hisab-backend/hisab-backend:660d597673dec46251de14dcd7450f2fa9199a26 (name=471947097906.dkr.ecr.eu-west-1.amazonaws.com/hisab-backend/hisab-backend)
2024-01-30T22:43:26.096176230Z image tag sha256:c176d18fbf6591f3dfbd29fcd76b3267a1677c3366432aad925f520d7f698667 (name=aws_beanstalk/staging-app)
2024-01-30T22:43:29.973840779Z container prune  (reclaimed=0)
2024-01-30T22:43:30.066894901Z container create 1fd99e671deb52474fec7d574ed211b2bbc2fa8ecbc6ed7afe3c8587370154ed (image=c176d18fbf65, name=funny_yalow)
2024-01-30T22:43:30.104382243Z network connect 735f380ea56f57f1c1defc1cc72a375943c0b143afb5a1060d7682c076a2a308 (container=1fd99e671deb52474fec7d574ed211b2bbc2fa8ecbc6ed7afe3c8587370154ed, name=bridge, type=bridge)
2024-01-30T22:43:30.482402602Z container start 1fd99e671deb52474fec7d574ed211b2bbc2fa8ecbc6ed7afe3c8587370154ed (image=c176d18fbf65, name=funny_yalow)
2024-01-30T22:43:30.817570533Z network disconnect 735f380ea56f57f1c1defc1cc72a375943c0b143afb5a1060d7682c076a2a308 (container=1fd99e671deb52474fec7d574ed211b2bbc2fa8ecbc6ed7afe3c8587370154ed, name=bridge, type=bridge)
2024-01-30T22:43:30.824490907Z container die 1fd99e671deb52474fec7d574ed211b2bbc2fa8ecbc6ed7afe3c8587370154ed (execDuration=0, exitCode=1, image=c176d18fbf65, name=funny_yalow)
2024-01-30T23:43:41.288507697Z container destroy 1fd99e671deb52474fec7d574ed211b2bbc2fa8ecbc6ed7afe3c8587370154ed (image=c176d18fbf65, name=funny_yalow)
2024-01-30T23:43:41.288590806Z container prune  (reclaimed=0)
2024-01-30T23:43:42.747905904Z image pull 471947097906.dkr.ecr.eu-west-1.amazonaws.com/hisab-backend/hisab-backend:660d597673dec46251de14dcd7450f2fa9199a26 (name=471947097906.dkr.ecr.eu-west-1.amazonaws.com/hisab-backend/hisab-backend)
2024-01-30T23:43:42.990274083Z image tag sha256:c176d18fbf6591f3dfbd29fcd76b3267a1677c3366432aad925f520d7f698667 (name=aws_beanstalk/staging-app)
2024-01-30T23:43:47.224307157Z container prune  (reclaimed=0)
2024-01-30T23:43:47.300570768Z container create 295d500210d0dec7cda6d0f1668d477dffff51036e797c04887292a1154e3717 (image=c176d18fbf65, name=affectionate_easley)
2024-01-30T23:43:47.337954990Z network connect 193227fefec2cc14b40d89756db4fd4a57c5d9642d0a36f51f77423e879accc2 (container=295d500210d0dec7cda6d0f1668d477dffff51036e797c04887292a1154e3717, name=bridge, type=bridge)
2024-01-30T23:43:47.690898478Z container start 295d500210d0dec7cda6d0f1668d477dffff51036e797c04887292a1154e3717 (image=c176d18fbf65, name=affectionate_easley)
2024-01-30T23:43:48.067476680Z network disconnect 193227fefec2cc14b40d89756db4fd4a57c5d9642d0a36f51f77423e879accc2 (container=295d500210d0dec7cda6d0f1668d477dffff51036e797c04887292a1154e3717, name=bridge, type=bridge)
2024-01-30T23:43:48.075351523Z container die 295d500210d0dec7cda6d0f1668d477dffff51036e797c04887292a1154e3717 (execDuration=0, exitCode=1, image=c176d18fbf65, name=affectionate_easley)
2024-01-31T00:43:58.090643334Z container destroy 295d500210d0dec7cda6d0f1668d477dffff51036e797c04887292a1154e3717 (image=c176d18fbf65, name=affectionate_easley)
2024-01-31T00:43:58.090723197Z container prune  (reclaimed=0)
2024-01-31T00:43:59.216622181Z image pull 471947097906.dkr.ecr.eu-west-1.amazonaws.com/hisab-backend/hisab-backend:660d597673dec46251de14dcd7450f2fa9199a26 (name=471947097906.dkr.ecr.eu-west-1.amazonaws.com/hisab-backend/hisab-backend)
2024-01-31T00:43:59.427865756Z image tag sha256:c176d18fbf6591f3dfbd29fcd76b3267a1677c3366432aad925f520d7f698667 (name=aws_beanstalk/staging-app)
2024-01-31T00:44:04.124233644Z container prune  (reclaimed=0)
2024-01-31T00:44:04.237526779Z container create 85057277cd249060e7075dcbc4545861acb6c9a19bb3756eae03547d1a073d09 (image=c176d18fbf65, name=nifty_mayer)
2024-01-31T00:44:04.280747155Z network connect 4c948ae107d8b61473c8f531187094e73a80f2ddb1c1f6ccb0e561d39c9c50d7 (container=85057277cd249060e7075dcbc4545861acb6c9a19bb3756eae03547d1a073d09, name=bridge, type=bridge)
2024-01-31T00:44:04.651665223Z container start 85057277cd249060e7075dcbc4545861acb6c9a19bb3756eae03547d1a073d09 (image=c176d18fbf65, name=nifty_mayer)
2024-01-31T00:44:05.007962492Z network disconnect 4c948ae107d8b61473c8f531187094e73a80f2ddb1c1f6ccb0e561d39c9c50d7 (container=85057277cd249060e7075dcbc4545861acb6c9a19bb3756eae03547d1a073d09, name=bridge, type=bridge)
2024-01-31T00:44:05.015444595Z container die 85057277cd249060e7075dcbc4545861acb6c9a19bb3756eae03547d1a073d09 (execDuration=0, exitCode=1, image=c176d18fbf65, name=nifty_mayer)
2024-01-31T01:44:15.293889258Z container destroy 85057277cd249060e7075dcbc4545861acb6c9a19bb3756eae03547d1a073d09 (image=c176d18fbf65, name=nifty_mayer)
2024-01-31T01:44:15.293945654Z container prune  (reclaimed=0)
2024-01-31T01:44:16.488284546Z image pull 471947097906.dkr.ecr.eu-west-1.amazonaws.com/hisab-backend/hisab-backend:660d597673dec46251de14dcd7450f2fa9199a26 (name=471947097906.dkr.ecr.eu-west-1.amazonaws.com/hisab-backend/hisab-backend)
2024-01-31T01:44:16.731642616Z image tag sha256:c176d18fbf6591f3dfbd29fcd76b3267a1677c3366432aad925f520d7f698667 (name=aws_beanstalk/staging-app)
2024-01-31T01:44:20.592697022Z container prune  (reclaimed=0)
2024-01-31T01:44:20.680164314Z container create 89205de3eac4bf5600599f91b44b3350bd7d23cc077970de2ee41bf73333efb3 (image=c176d18fbf65, name=elegant_torvalds)
2024-01-31T01:44:20.720562718Z network connect ee825913614a8118e6db19ef115a7499c70ad0ee4fa8ca6c303c4a48fffbb3db (container=89205de3eac4bf5600599f91b44b3350bd7d23cc077970de2ee41bf73333efb3, name=bridge, type=bridge)
2024-01-31T01:44:21.092937051Z container start 89205de3eac4bf5600599f91b44b3350bd7d23cc077970de2ee41bf73333efb3 (image=c176d18fbf65, name=elegant_torvalds)
2024-01-31T01:44:21.466619099Z network disconnect ee825913614a8118e6db19ef115a7499c70ad0ee4fa8ca6c303c4a48fffbb3db (container=89205de3eac4bf5600599f91b44b3350bd7d23cc077970de2ee41bf73333efb3, name=bridge, type=bridge)
2024-01-31T01:44:21.472957568Z container die 89205de3eac4bf5600599f91b44b3350bd7d23cc077970de2ee41bf73333efb3 (execDuration=0, exitCode=1, image=c176d18fbf65, name=elegant_torvalds)
2024-01-31T02:44:31.871582176Z container destroy 89205de3eac4bf5600599f91b44b3350bd7d23cc077970de2ee41bf73333efb3 (image=c176d18fbf65, name=elegant_torvalds)
2024-01-31T02:44:31.871642712Z container prune  (reclaimed=0)
2024-01-31T02:44:33.063375203Z image pull 471947097906.dkr.ecr.eu-west-1.amazonaws.com/hisab-backend/hisab-backend:660d597673dec46251de14dcd7450f2fa9199a26 (name=471947097906.dkr.ecr.eu-west-1.amazonaws.com/hisab-backend/hisab-backend)
2024-01-31T02:44:33.283334455Z image tag sha256:c176d18fbf6591f3dfbd29fcd76b3267a1677c3366432aad925f520d7f698667 (name=aws_beanstalk/staging-app)
2024-01-31T02:44:37.574591907Z container prune  (reclaimed=0)
2024-01-31T02:44:37.648577670Z container create a16968d69a867e3a486288b3c9cd71e8aa44dad2307ed67bc29426cd7058f1c7 (image=c176d18fbf65, name=clever_euclid)
2024-01-31T02:44:37.697219116Z network connect d37533a72e3ec13a8bb8e27246a86abd927ce1d9e9a4bf6d43394acc05c6d337 (container=a16968d69a867e3a486288b3c9cd71e8aa44dad2307ed67bc29426cd7058f1c7, name=bridge, type=bridge)
2024-01-31T02:44:37.990761950Z container start a16968d69a867e3a486288b3c9cd71e8aa44dad2307ed67bc29426cd7058f1c7 (image=c176d18fbf65, name=clever_euclid)
2024-01-31T02:44:38.547532786Z network disconnect d37533a72e3ec13a8bb8e27246a86abd927ce1d9e9a4bf6d43394acc05c6d337 (container=a16968d69a867e3a486288b3c9cd71e8aa44dad2307ed67bc29426cd7058f1c7, name=bridge, type=bridge)
2024-01-31T02:44:38.553836285Z container die a16968d69a867e3a486288b3c9cd71e8aa44dad2307ed67bc29426cd7058f1c7 (execDuration=0, exitCode=1, image=c176d18fbf65, name=clever_euclid)
2024-01-31T03:44:48.493932996Z container destroy a16968d69a867e3a486288b3c9cd71e8aa44dad2307ed67bc29426cd7058f1c7 (image=c176d18fbf65, name=clever_euclid)
2024-01-31T03:44:48.493984731Z container prune  (reclaimed=0)
2024-01-31T03:44:49.800457801Z image pull 471947097906.dkr.ecr.eu-west-1.amazonaws.com/hisab-backend/hisab-backend:660d597673dec46251de14dcd7450f2fa9199a26 (name=471947097906.dkr.ecr.eu-west-1.amazonaws.com/hisab-backend/hisab-backend)
2024-01-31T03:44:50.025348108Z image tag sha256:c176d18fbf6591f3dfbd29fcd76b3267a1677c3366432aad925f520d7f698667 (name=aws_beanstalk/staging-app)
2024-01-31T03:44:53.862245715Z container prune  (reclaimed=0)
2024-01-31T03:44:53.952543550Z container create 5b4899042eed4c58e03cb190f392b51e16fdea69a52020652a8c36e246f86bbc (image=c176d18fbf65, name=quizzical_mestorf)
2024-01-31T03:44:54.008455889Z network connect eb6173273ffddabf00d4f7b9068ec610c5c45cfd265a640718eec13ee42ed531 (container=5b4899042eed4c58e03cb190f392b51e16fdea69a52020652a8c36e246f86bbc, name=bridge, type=bridge)
2024-01-31T03:44:54.332536893Z container start 5b4899042eed4c58e03cb190f392b51e16fdea69a52020652a8c36e246f86bbc (image=c176d18fbf65, name=quizzical_mestorf)
2024-01-31T03:44:54.677564821Z network disconnect eb6173273ffddabf00d4f7b9068ec610c5c45cfd265a640718eec13ee42ed531 (container=5b4899042eed4c58e03cb190f392b51e16fdea69a52020652a8c36e246f86bbc, name=bridge, type=bridge)
2024-01-31T03:44:54.737005509Z container die 5b4899042eed4c58e03cb190f392b51e16fdea69a52020652a8c36e246f86bbc (execDuration=0, exitCode=1, image=c176d18fbf65, name=quizzical_mestorf)
2024-01-31T04:45:05.295708648Z container destroy 5b4899042eed4c58e03cb190f392b51e16fdea69a52020652a8c36e246f86bbc (image=c176d18fbf65, name=quizzical_mestorf)
2024-01-31T04:45:05.295762965Z container prune  (reclaimed=0)
2024-01-31T04:45:06.632665220Z image pull 471947097906.dkr.ecr.eu-west-1.amazonaws.com/hisab-backend/hisab-backend:660d597673dec46251de14dcd7450f2fa9199a26 (name=471947097906.dkr.ecr.eu-west-1.amazonaws.com/hisab-backend/hisab-backend)
2024-01-31T04:45:06.879296302Z image tag sha256:c176d18fbf6591f3dfbd29fcd76b3267a1677c3366432aad925f520d7f698667 (name=aws_beanstalk/staging-app)
2024-01-31T04:45:11.382934813Z container prune  (reclaimed=0)
2024-01-31T04:45:11.487629283Z container create 07b75d05c83199d20c380dbaaf718b9a7da7f44024e8aac71a9bbd730ca13371 (image=c176d18fbf65, name=trusting_grothendieck)
2024-01-31T04:45:11.529481972Z network connect 4ba60fe8ffc8774a4e920e591f0e30a473253233820b670347fd1d077fc76286 (container=07b75d05c83199d20c380dbaaf718b9a7da7f44024e8aac71a9bbd730ca13371, name=bridge, type=bridge)
2024-01-31T04:45:11.908229756Z container start 07b75d05c83199d20c380dbaaf718b9a7da7f44024e8aac71a9bbd730ca13371 (image=c176d18fbf65, name=trusting_grothendieck)
2024-01-31T04:45:12.337272252Z network disconnect 4ba60fe8ffc8774a4e920e591f0e30a473253233820b670347fd1d077fc76286 (container=07b75d05c83199d20c380dbaaf718b9a7da7f44024e8aac71a9bbd730ca13371, name=bridge, type=bridge)
2024-01-31T04:45:12.344096157Z container die 07b75d05c83199d20c380dbaaf718b9a7da7f44024e8aac71a9bbd730ca13371 (execDuration=0, exitCode=1, image=c176d18fbf65, name=trusting_grothendieck)
2024-01-31T05:45:22.782135999Z container destroy 07b75d05c83199d20c380dbaaf718b9a7da7f44024e8aac71a9bbd730ca13371 (image=c176d18fbf65, name=trusting_grothendieck)
2024-01-31T05:45:22.782203780Z container prune  (reclaimed=0)
2024-01-31T05:45:24.134418451Z image pull 471947097906.dkr.ecr.eu-west-1.amazonaws.com/hisab-backend/hisab-backend:660d597673dec46251de14dcd7450f2fa9199a26 (name=471947097906.dkr.ecr.eu-west-1.amazonaws.com/hisab-backend/hisab-backend)
2024-01-31T05:45:24.375816807Z image tag sha256:c176d18fbf6591f3dfbd29fcd76b3267a1677c3366432aad925f520d7f698667 (name=aws_beanstalk/staging-app)
2024-01-31T05:45:28.888117162Z container prune  (reclaimed=0)
2024-01-31T05:45:28.996026694Z container create daec4f6adfc3b1f25fd6901a4332a3a368622329abe425acd6846fd8a5506658 (image=c176d18fbf65, name=affectionate_galileo)
2024-01-31T05:45:29.050904634Z network connect 749326e6f431f3633e6b4296b3e4ff38d8265f6fa6afbeaf2fdd3b408f76a31e (container=daec4f6adfc3b1f25fd6901a4332a3a368622329abe425acd6846fd8a5506658, name=bridge, type=bridge)
2024-01-31T05:45:29.437213964Z container start daec4f6adfc3b1f25fd6901a4332a3a368622329abe425acd6846fd8a5506658 (image=c176d18fbf65, name=affectionate_galileo)
2024-01-31T05:45:29.987480676Z network disconnect 749326e6f431f3633e6b4296b3e4ff38d8265f6fa6afbeaf2fdd3b408f76a31e (container=daec4f6adfc3b1f25fd6901a4332a3a368622329abe425acd6846fd8a5506658, name=bridge, type=bridge)
2024-01-31T05:45:29.998479698Z container die daec4f6adfc3b1f25fd6901a4332a3a368622329abe425acd6846fd8a5506658 (execDuration=0, exitCode=1, image=c176d18fbf65, name=affectionate_galileo)
2024-01-31T06:45:39.902736932Z container destroy daec4f6adfc3b1f25fd6901a4332a3a368622329abe425acd6846fd8a5506658 (image=c176d18fbf65, name=affectionate_galileo)
2024-01-31T06:45:39.902916953Z container prune  (reclaimed=0)
2024-01-31T06:45:41.052400165Z image pull 471947097906.dkr.ecr.eu-west-1.amazonaws.com/hisab-backend/hisab-backend:660d597673dec46251de14dcd7450f2fa9199a26 (name=471947097906.dkr.ecr.eu-west-1.amazonaws.com/hisab-backend/hisab-backend)
2024-01-31T06:45:41.304673975Z image tag sha256:c176d18fbf6591f3dfbd29fcd76b3267a1677c3366432aad925f520d7f698667 (name=aws_beanstalk/staging-app)
2024-01-31T06:45:45.281940288Z container prune  (reclaimed=0)
2024-01-31T06:45:45.395374929Z container create c270ebf2a9c352f4a9095d4f193218bc8420b70f35449b388b14c6b401cc2272 (image=c176d18fbf65, name=distracted_ardinghelli)
2024-01-31T06:45:45.437304600Z network connect ec4078e41034fb8336b8f0ca61d2e8c05be7edcb06d4af7bbe1680a4d78be460 (container=c270ebf2a9c352f4a9095d4f193218bc8420b70f35449b388b14c6b401cc2272, name=bridge, type=bridge)
2024-01-31T06:45:45.743193477Z container start c270ebf2a9c352f4a9095d4f193218bc8420b70f35449b388b14c6b401cc2272 (image=c176d18fbf65, name=distracted_ardinghelli)
2024-01-31T06:45:46.046671747Z network disconnect ec4078e41034fb8336b8f0ca61d2e8c05be7edcb06d4af7bbe1680a4d78be460 (container=c270ebf2a9c352f4a9095d4f193218bc8420b70f35449b388b14c6b401cc2272, name=bridge, type=bridge)
2024-01-31T06:45:46.053461123Z container die c270ebf2a9c352f4a9095d4f193218bc8420b70f35449b388b14c6b401cc2272 (execDuration=0, exitCode=1, image=c176d18fbf65, name=distracted_ardinghelli)
2024-01-31T07:45:56.362219756Z container destroy c270ebf2a9c352f4a9095d4f193218bc8420b70f35449b388b14c6b401cc2272 (image=c176d18fbf65, name=distracted_ardinghelli)
2024-01-31T07:45:56.362281153Z container prune  (reclaimed=0)
2024-01-31T07:45:57.542205646Z image pull 471947097906.dkr.ecr.eu-west-1.amazonaws.com/hisab-backend/hisab-backend:660d597673dec46251de14dcd7450f2fa9199a26 (name=471947097906.dkr.ecr.eu-west-1.amazonaws.com/hisab-backend/hisab-backend)
2024-01-31T07:45:57.771622232Z image tag sha256:c176d18fbf6591f3dfbd29fcd76b3267a1677c3366432aad925f520d7f698667 (name=aws_beanstalk/staging-app)
2024-01-31T07:46:02.779183971Z container prune  (reclaimed=0)
2024-01-31T07:46:02.903362046Z container create b1993c4a277eb2a370724356c465d2a22d2dd2375740097c508efd4093818f57 (image=c176d18fbf65, name=interesting_goldberg)
2024-01-31T07:46:02.966877261Z network connect cb428b442c4fdc58d4b2b383001fde12adb849f7d08f47f68b9e50f5fcbb7897 (container=b1993c4a277eb2a370724356c465d2a22d2dd2375740097c508efd4093818f57, name=bridge, type=bridge)
2024-01-31T07:46:03.365280163Z container start b1993c4a277eb2a370724356c465d2a22d2dd2375740097c508efd4093818f57 (image=c176d18fbf65, name=interesting_goldberg)
2024-01-31T07:46:03.787467653Z network disconnect cb428b442c4fdc58d4b2b383001fde12adb849f7d08f47f68b9e50f5fcbb7897 (container=b1993c4a277eb2a370724356c465d2a22d2dd2375740097c508efd4093818f57, name=bridge, type=bridge)
2024-01-31T07:46:03.794705254Z container die b1993c4a277eb2a370724356c465d2a22d2dd2375740097c508efd4093818f57 (execDuration=0, exitCode=1, image=c176d18fbf65, name=interesting_goldberg)
2024-01-31T08:46:14.053725301Z container destroy b1993c4a277eb2a370724356c465d2a22d2dd2375740097c508efd4093818f57 (image=c176d18fbf65, name=interesting_goldberg)
2024-01-31T08:46:14.053774163Z container prune  (reclaimed=0)
2024-01-31T08:46:15.410542525Z image pull 471947097906.dkr.ecr.eu-west-1.amazonaws.com/hisab-backend/hisab-backend:660d597673dec46251de14dcd7450f2fa9199a26 (name=471947097906.dkr.ecr.eu-west-1.amazonaws.com/hisab-backend/hisab-backend)
2024-01-31T08:46:15.636873625Z image tag sha256:c176d18fbf6591f3dfbd29fcd76b3267a1677c3366432aad925f520d7f698667 (name=aws_beanstalk/staging-app)
2024-01-31T08:46:20.150051516Z container prune  (reclaimed=0)
2024-01-31T08:46:20.243286809Z container create 38d449079acd56edb98092bb71bcca750a35ac1057e70114947dd333389a56e4 (image=c176d18fbf65, name=upbeat_ritchie)
2024-01-31T08:46:20.293636291Z network connect 05cc7ed73b3092ee55f62bf0d998a67305a42e5cf9d26944b8fca404b21f7690 (container=38d449079acd56edb98092bb71bcca750a35ac1057e70114947dd333389a56e4, name=bridge, type=bridge)
2024-01-31T08:46:20.661539477Z container start 38d449079acd56edb98092bb71bcca750a35ac1057e70114947dd333389a56e4 (image=c176d18fbf65, name=upbeat_ritchie)
2024-01-31T08:46:21.057343543Z network disconnect 05cc7ed73b3092ee55f62bf0d998a67305a42e5cf9d26944b8fca404b21f7690 (container=38d449079acd56edb98092bb71bcca750a35ac1057e70114947dd333389a56e4, name=bridge, type=bridge)
2024-01-31T08:46:21.064063067Z container die 38d449079acd56edb98092bb71bcca750a35ac1057e70114947dd333389a56e4 (execDuration=0, exitCode=1, image=c176d18fbf65, name=upbeat_ritchie)
2024-01-31T09:46:31.332330296Z container destroy 38d449079acd56edb98092bb71bcca750a35ac1057e70114947dd333389a56e4 (image=c176d18fbf65, name=upbeat_ritchie)
2024-01-31T09:46:31.332380245Z container prune  (reclaimed=0)
2024-01-31T09:46:32.460363460Z image pull 471947097906.dkr.ecr.eu-west-1.amazonaws.com/hisab-backend/hisab-backend:660d597673dec46251de14dcd7450f2fa9199a26 (name=471947097906.dkr.ecr.eu-west-1.amazonaws.com/hisab-backend/hisab-backend)
2024-01-31T09:46:32.708159408Z image tag sha256:c176d18fbf6591f3dfbd29fcd76b3267a1677c3366432aad925f520d7f698667 (name=aws_beanstalk/staging-app)
2024-01-31T09:46:37.076965939Z container prune  (reclaimed=0)
2024-01-31T09:46:37.161664574Z container create 559ea07afecf5b4c5167b412dcd1d4ba936abd2875b66017778b99aabcd4fb90 (image=c176d18fbf65, name=happy_hoover)
2024-01-31T09:46:37.210526395Z network connect c65b3f638a37c969ceedf8c7b99156fdf50ff0d024fc84af4dab75d98366b23c (container=559ea07afecf5b4c5167b412dcd1d4ba936abd2875b66017778b99aabcd4fb90, name=bridge, type=bridge)
2024-01-31T09:46:37.545134622Z container start 559ea07afecf5b4c5167b412dcd1d4ba936abd2875b66017778b99aabcd4fb90 (image=c176d18fbf65, name=happy_hoover)
2024-01-31T09:46:37.907399443Z network disconnect c65b3f638a37c969ceedf8c7b99156fdf50ff0d024fc84af4dab75d98366b23c (container=559ea07afecf5b4c5167b412dcd1d4ba936abd2875b66017778b99aabcd4fb90, name=bridge, type=bridge)
2024-01-31T09:46:37.914367074Z container die 559ea07afecf5b4c5167b412dcd1d4ba936abd2875b66017778b99aabcd4fb90 (execDuration=0, exitCode=1, image=c176d18fbf65, name=happy_hoover)
2024-01-31T10:46:47.829750255Z container destroy 559ea07afecf5b4c5167b412dcd1d4ba936abd2875b66017778b99aabcd4fb90 (image=c176d18fbf65, name=happy_hoover)
2024-01-31T10:46:47.829812234Z container prune  (reclaimed=0)
2024-01-31T10:46:49.179735234Z image pull 471947097906.dkr.ecr.eu-west-1.amazonaws.com/hisab-backend/hisab-backend:660d597673dec46251de14dcd7450f2fa9199a26 (name=471947097906.dkr.ecr.eu-west-1.amazonaws.com/hisab-backend/hisab-backend)
2024-01-31T10:46:49.408628538Z image tag sha256:c176d18fbf6591f3dfbd29fcd76b3267a1677c3366432aad925f520d7f698667 (name=aws_beanstalk/staging-app)
2024-01-31T10:46:53.712058072Z container prune  (reclaimed=0)
2024-01-31T10:46:53.849081588Z container create c3ba7df087d821a6ce71cff7fe474c5f4fde70623b08b527b96503e2fa6b14be (image=c176d18fbf65, name=unruffled_lumiere)
2024-01-31T10:46:53.904769816Z network connect 130d7492d610a80aaf5a40a23436d684921e13248dedba55f5a9581ccbc4bfe1 (container=c3ba7df087d821a6ce71cff7fe474c5f4fde70623b08b527b96503e2fa6b14be, name=bridge, type=bridge)
2024-01-31T10:46:54.271302589Z container start c3ba7df087d821a6ce71cff7fe474c5f4fde70623b08b527b96503e2fa6b14be (image=c176d18fbf65, name=unruffled_lumiere)
2024-01-31T10:46:54.707348227Z network disconnect 130d7492d610a80aaf5a40a23436d684921e13248dedba55f5a9581ccbc4bfe1 (container=c3ba7df087d821a6ce71cff7fe474c5f4fde70623b08b527b96503e2fa6b14be, name=bridge, type=bridge)
2024-01-31T10:46:54.714520983Z container die c3ba7df087d821a6ce71cff7fe474c5f4fde70623b08b527b96503e2fa6b14be (execDuration=0, exitCode=1, image=c176d18fbf65, name=unruffled_lumiere)
2024-01-31T11:47:05.361003555Z container destroy c3ba7df087d821a6ce71cff7fe474c5f4fde70623b08b527b96503e2fa6b14be (image=c176d18fbf65, name=unruffled_lumiere)
2024-01-31T11:47:05.361069665Z container prune  (reclaimed=0)
2024-01-31T11:47:06.744206566Z image pull 471947097906.dkr.ecr.eu-west-1.amazonaws.com/hisab-backend/hisab-backend:660d597673dec46251de14dcd7450f2fa9199a26 (name=471947097906.dkr.ecr.eu-west-1.amazonaws.com/hisab-backend/hisab-backend)
2024-01-31T11:47:07.029267173Z image tag sha256:c176d18fbf6591f3dfbd29fcd76b3267a1677c3366432aad925f520d7f698667 (name=aws_beanstalk/staging-app)
2024-01-31T11:47:11.450987015Z container prune  (reclaimed=0)
2024-01-31T11:47:11.575719600Z container create 0888697abd4ea5ebff06c9e3d600e55183bcdf3076ea8bb99346700049bed073 (image=c176d18fbf65, name=jovial_sammet)
2024-01-31T11:47:11.618703408Z network connect 937870ce83ef4e77c0f8ca54d8b63cab72c776d04adefa0b7d00b5a037f65e66 (container=0888697abd4ea5ebff06c9e3d600e55183bcdf3076ea8bb99346700049bed073, name=bridge, type=bridge)
2024-01-31T11:47:11.956487091Z container start 0888697abd4ea5ebff06c9e3d600e55183bcdf3076ea8bb99346700049bed073 (image=c176d18fbf65, name=jovial_sammet)
2024-01-31T11:47:12.507302777Z network disconnect 937870ce83ef4e77c0f8ca54d8b63cab72c776d04adefa0b7d00b5a037f65e66 (container=0888697abd4ea5ebff06c9e3d600e55183bcdf3076ea8bb99346700049bed073, name=bridge, type=bridge)
2024-01-31T11:47:12.514063190Z container die 0888697abd4ea5ebff06c9e3d600e55183bcdf3076ea8bb99346700049bed073 (execDuration=0, exitCode=1, image=c176d18fbf65, name=jovial_sammet)
2024-01-31T12:47:22.294639806Z container destroy 0888697abd4ea5ebff06c9e3d600e55183bcdf3076ea8bb99346700049bed073 (image=c176d18fbf65, name=jovial_sammet)
2024-01-31T12:47:22.294700877Z container prune  (reclaimed=0)
2024-01-31T12:47:23.697137506Z image pull 471947097906.dkr.ecr.eu-west-1.amazonaws.com/hisab-backend/hisab-backend:660d597673dec46251de14dcd7450f2fa9199a26 (name=471947097906.dkr.ecr.eu-west-1.amazonaws.com/hisab-backend/hisab-backend)
2024-01-31T12:47:23.950145719Z image tag sha256:c176d18fbf6591f3dfbd29fcd76b3267a1677c3366432aad925f520d7f698667 (name=aws_beanstalk/staging-app)
2024-01-31T12:47:28.348746888Z container prune  (reclaimed=0)
2024-01-31T12:47:28.442127952Z container create ff68c3032a626ffddd8f8564f84108012ddc6a16a717b6993feb99a8ab816ca9 (image=c176d18fbf65, name=optimistic_carson)
2024-01-31T12:47:28.478728245Z network connect 97d1dcb596552e3e5cf2b7c4dd21911be9c88ed5231e83676333f61cd0cf29f2 (container=ff68c3032a626ffddd8f8564f84108012ddc6a16a717b6993feb99a8ab816ca9, name=bridge, type=bridge)
2024-01-31T12:47:28.825960015Z container start ff68c3032a626ffddd8f8564f84108012ddc6a16a717b6993feb99a8ab816ca9 (image=c176d18fbf65, name=optimistic_carson)
2024-01-31T12:47:29.246809539Z network disconnect 97d1dcb596552e3e5cf2b7c4dd21911be9c88ed5231e83676333f61cd0cf29f2 (container=ff68c3032a626ffddd8f8564f84108012ddc6a16a717b6993feb99a8ab816ca9, name=bridge, type=bridge)
2024-01-31T12:47:29.254028771Z container die ff68c3032a626ffddd8f8564f84108012ddc6a16a717b6993feb99a8ab816ca9 (execDuration=0, exitCode=1, image=c176d18fbf65, name=optimistic_carson)
2024-01-31T13:47:39.488297268Z container destroy ff68c3032a626ffddd8f8564f84108012ddc6a16a717b6993feb99a8ab816ca9 (image=c176d18fbf65, name=optimistic_carson)
2024-01-31T13:47:39.488373259Z container prune  (reclaimed=0)
2024-01-31T13:47:40.821409061Z image pull 471947097906.dkr.ecr.eu-west-1.amazonaws.com/hisab-backend/hisab-backend:660d597673dec46251de14dcd7450f2fa9199a26 (name=471947097906.dkr.ecr.eu-west-1.amazonaws.com/hisab-backend/hisab-backend)
2024-01-31T13:47:41.026049357Z image tag sha256:c176d18fbf6591f3dfbd29fcd76b3267a1677c3366432aad925f520d7f698667 (name=aws_beanstalk/staging-app)
2024-01-31T13:47:45.335164680Z container prune  (reclaimed=0)
2024-01-31T13:47:45.459905367Z container create f662e8747a110d4b322d36e1b55617fcd9936ed97ca4d52bfa7d4687303fb3ba (image=c176d18fbf65, name=zen_aryabhata)
2024-01-31T13:47:45.496711717Z network connect a5576dbf75f1435b18b1fbf313550b121bd2b58e667d0194bda5a9545068fc4c (container=f662e8747a110d4b322d36e1b55617fcd9936ed97ca4d52bfa7d4687303fb3ba, name=bridge, type=bridge)
2024-01-31T13:47:45.826542268Z container start f662e8747a110d4b322d36e1b55617fcd9936ed97ca4d52bfa7d4687303fb3ba (image=c176d18fbf65, name=zen_aryabhata)
2024-01-31T13:47:46.327888290Z network disconnect a5576dbf75f1435b18b1fbf313550b121bd2b58e667d0194bda5a9545068fc4c (container=f662e8747a110d4b322d36e1b55617fcd9936ed97ca4d52bfa7d4687303fb3ba, name=bridge, type=bridge)
2024-01-31T13:47:46.336027604Z container die f662e8747a110d4b322d36e1b55617fcd9936ed97ca4d52bfa7d4687303fb3ba (execDuration=0, exitCode=1, image=c176d18fbf65, name=zen_aryabhata)
2024-01-31T14:47:56.341493281Z container destroy f662e8747a110d4b322d36e1b55617fcd9936ed97ca4d52bfa7d4687303fb3ba (image=c176d18fbf65, name=zen_aryabhata)
2024-01-31T14:47:56.341548336Z container prune  (reclaimed=0)
2024-01-31T14:47:57.650320010Z image pull 471947097906.dkr.ecr.eu-west-1.amazonaws.com/hisab-backend/hisab-backend:660d597673dec46251de14dcd7450f2fa9199a26 (name=471947097906.dkr.ecr.eu-west-1.amazonaws.com/hisab-backend/hisab-backend)
2024-01-31T14:47:57.899626575Z image tag sha256:c176d18fbf6591f3dfbd29fcd76b3267a1677c3366432aad925f520d7f698667 (name=aws_beanstalk/staging-app)
2024-01-31T14:48:02.894419621Z container prune  (reclaimed=0)
2024-01-31T14:48:02.990187642Z container create 61aa84534bae900e7658880e8618aa78057985aa1a845f4018977164086be14b (image=c176d18fbf65, name=cool_mcnulty)
2024-01-31T14:48:03.030507231Z network connect 7fb556a83b786b5fb9fc8ba0dcd4922c5af5add4fef5a431ab7f39567d4934b8 (container=61aa84534bae900e7658880e8618aa78057985aa1a845f4018977164086be14b, name=bridge, type=bridge)
2024-01-31T14:48:03.426524937Z container start 61aa84534bae900e7658880e8618aa78057985aa1a845f4018977164086be14b (image=c176d18fbf65, name=cool_mcnulty)
2024-01-31T14:48:03.837688337Z network disconnect 7fb556a83b786b5fb9fc8ba0dcd4922c5af5add4fef5a431ab7f39567d4934b8 (container=61aa84534bae900e7658880e8618aa78057985aa1a845f4018977164086be14b, name=bridge, type=bridge)
2024-01-31T14:48:03.845348274Z container die 61aa84534bae900e7658880e8618aa78057985aa1a845f4018977164086be14b (execDuration=0, exitCode=1, image=c176d18fbf65, name=cool_mcnulty)
2024-01-31T15:48:13.863806689Z container destroy 61aa84534bae900e7658880e8618aa78057985aa1a845f4018977164086be14b (image=c176d18fbf65, name=cool_mcnulty)
2024-01-31T15:48:13.863903126Z container prune  (reclaimed=0)
2024-01-31T15:48:15.106556392Z image pull 471947097906.dkr.ecr.eu-west-1.amazonaws.com/hisab-backend/hisab-backend:660d597673dec46251de14dcd7450f2fa9199a26 (name=471947097906.dkr.ecr.eu-west-1.amazonaws.com/hisab-backend/hisab-backend)
2024-01-31T15:48:15.374618138Z image tag sha256:c176d18fbf6591f3dfbd29fcd76b3267a1677c3366432aad925f520d7f698667 (name=aws_beanstalk/staging-app)
2024-01-31T15:48:19.859284354Z container prune  (reclaimed=0)
2024-01-31T15:48:19.952437829Z container create f5c92d7547b745cb2a91a68925b1df271a7f4e238442e98a9b5078a5bd11cd31 (image=c176d18fbf65, name=cranky_kowalevski)
2024-01-31T15:48:19.985538374Z network connect 7fa6e316a9470db5199df8c1a3b6329bbedf4965063e66020b0219ee13207d47 (container=f5c92d7547b745cb2a91a68925b1df271a7f4e238442e98a9b5078a5bd11cd31, name=bridge, type=bridge)
2024-01-31T15:48:20.290143195Z container start f5c92d7547b745cb2a91a68925b1df271a7f4e238442e98a9b5078a5bd11cd31 (image=c176d18fbf65, name=cranky_kowalevski)
2024-01-31T15:48:20.717282913Z network disconnect 7fa6e316a9470db5199df8c1a3b6329bbedf4965063e66020b0219ee13207d47 (container=f5c92d7547b745cb2a91a68925b1df271a7f4e238442e98a9b5078a5bd11cd31, name=bridge, type=bridge)
2024-01-31T15:48:20.724193674Z container die f5c92d7547b745cb2a91a68925b1df271a7f4e238442e98a9b5078a5bd11cd31 (execDuration=0, exitCode=1, image=c176d18fbf65, name=cranky_kowalevski)
2024-01-31T16:48:31.173402829Z container destroy f5c92d7547b745cb2a91a68925b1df271a7f4e238442e98a9b5078a5bd11cd31 (image=c176d18fbf65, name=cranky_kowalevski)
2024-01-31T16:48:31.173448151Z container prune  (reclaimed=0)
2024-01-31T16:48:32.475106976Z image pull 471947097906.dkr.ecr.eu-west-1.amazonaws.com/hisab-backend/hisab-backend:660d597673dec46251de14dcd7450f2fa9199a26 (name=471947097906.dkr.ecr.eu-west-1.amazonaws.com/hisab-backend/hisab-backend)
2024-01-31T16:48:32.731692050Z image tag sha256:c176d18fbf6591f3dfbd29fcd76b3267a1677c3366432aad925f520d7f698667 (name=aws_beanstalk/staging-app)
2024-01-31T16:48:36.933567265Z container prune  (reclaimed=0)
2024-01-31T16:48:37.039850243Z container create f8d5094190ac76b86aa544b15ecb1dcd4c8278cc7656e8233c928cb661aa8e27 (image=c176d18fbf65, name=eager_noether)
2024-01-31T16:48:37.085437252Z network connect 75b1886ed2cd95ee5e30fc3a967445f1567af1a8de4b5b87ee09d901e4158144 (container=f8d5094190ac76b86aa544b15ecb1dcd4c8278cc7656e8233c928cb661aa8e27, name=bridge, type=bridge)
2024-01-31T16:48:37.389229469Z container start f8d5094190ac76b86aa544b15ecb1dcd4c8278cc7656e8233c928cb661aa8e27 (image=c176d18fbf65, name=eager_noether)
2024-01-31T16:48:37.797455380Z network disconnect 75b1886ed2cd95ee5e30fc3a967445f1567af1a8de4b5b87ee09d901e4158144 (container=f8d5094190ac76b86aa544b15ecb1dcd4c8278cc7656e8233c928cb661aa8e27, name=bridge, type=bridge)
2024-01-31T16:48:37.806049411Z container die f8d5094190ac76b86aa544b15ecb1dcd4c8278cc7656e8233c928cb661aa8e27 (execDuration=0, exitCode=1, image=c176d18fbf65, name=eager_noether)
2024-01-31T17:48:47.930652821Z container destroy f8d5094190ac76b86aa544b15ecb1dcd4c8278cc7656e8233c928cb661aa8e27 (image=c176d18fbf65, name=eager_noether)
2024-01-31T17:48:47.930701245Z container prune  (reclaimed=0)
2024-01-31T17:48:49.259378976Z image pull 471947097906.dkr.ecr.eu-west-1.amazonaws.com/hisab-backend/hisab-backend:660d597673dec46251de14dcd7450f2fa9199a26 (name=471947097906.dkr.ecr.eu-west-1.amazonaws.com/hisab-backend/hisab-backend)
2024-01-31T17:48:49.479852011Z image tag sha256:c176d18fbf6591f3dfbd29fcd76b3267a1677c3366432aad925f520d7f698667 (name=aws_beanstalk/staging-app)
2024-01-31T17:48:54.088478801Z container prune  (reclaimed=0)
2024-01-31T17:48:54.170015482Z container create 4159176d9a46eeb5d6de852a14cd63cb6e3c23d6b3c32ffcd8f0ee9d20ed6a35 (image=c176d18fbf65, name=inspiring_williams)
2024-01-31T17:48:54.209230923Z network connect 781a061ced6d58f20b9952f1520f5394cf0b6fd6ed558b21cd450a28d5e06b5e (container=4159176d9a46eeb5d6de852a14cd63cb6e3c23d6b3c32ffcd8f0ee9d20ed6a35, name=bridge, type=bridge)
2024-01-31T17:48:54.543112104Z container start 4159176d9a46eeb5d6de852a14cd63cb6e3c23d6b3c32ffcd8f0ee9d20ed6a35 (image=c176d18fbf65, name=inspiring_williams)
2024-01-31T17:48:54.888806179Z network disconnect 781a061ced6d58f20b9952f1520f5394cf0b6fd6ed558b21cd450a28d5e06b5e (container=4159176d9a46eeb5d6de852a14cd63cb6e3c23d6b3c32ffcd8f0ee9d20ed6a35, name=bridge, type=bridge)
2024-01-31T17:48:54.897062752Z container die 4159176d9a46eeb5d6de852a14cd63cb6e3c23d6b3c32ffcd8f0ee9d20ed6a35 (execDuration=0, exitCode=1, image=c176d18fbf65, name=inspiring_williams)
2024-01-31T18:49:05.845775814Z container destroy 4159176d9a46eeb5d6de852a14cd63cb6e3c23d6b3c32ffcd8f0ee9d20ed6a35 (image=c176d18fbf65, name=inspiring_williams)
2024-01-31T18:49:05.845831682Z container prune  (reclaimed=0)
2024-01-31T18:49:07.303245470Z image pull 471947097906.dkr.ecr.eu-west-1.amazonaws.com/hisab-backend/hisab-backend:660d597673dec46251de14dcd7450f2fa9199a26 (name=471947097906.dkr.ecr.eu-west-1.amazonaws.com/hisab-backend/hisab-backend)
2024-01-31T18:49:07.534904682Z image tag sha256:c176d18fbf6591f3dfbd29fcd76b3267a1677c3366432aad925f520d7f698667 (name=aws_beanstalk/staging-app)
2024-01-31T18:49:11.729894043Z container prune  (reclaimed=0)
2024-01-31T18:49:11.807399812Z container create e3f9cc2de7d5f7bf73465b7d2c4eaac4415ead4b4352dda063a27860da05fa13 (image=c176d18fbf65, name=relaxed_margulis)
2024-01-31T18:49:11.843908438Z network connect 867a3f273f9b53776220d006d5d7f9986b7670e5d521a65a42e04a933af237ea (container=e3f9cc2de7d5f7bf73465b7d2c4eaac4415ead4b4352dda063a27860da05fa13, name=bridge, type=bridge)
2024-01-31T18:49:12.190065938Z container start e3f9cc2de7d5f7bf73465b7d2c4eaac4415ead4b4352dda063a27860da05fa13 (image=c176d18fbf65, name=relaxed_margulis)
2024-01-31T18:49:12.589536513Z network disconnect 867a3f273f9b53776220d006d5d7f9986b7670e5d521a65a42e04a933af237ea (container=e3f9cc2de7d5f7bf73465b7d2c4eaac4415ead4b4352dda063a27860da05fa13, name=bridge, type=bridge)
2024-01-31T18:49:12.596411948Z container die e3f9cc2de7d5f7bf73465b7d2c4eaac4415ead4b4352dda063a27860da05fa13 (execDuration=0, exitCode=1, image=c176d18fbf65, name=relaxed_margulis)
